ip_shales
4
i
j
k
ip
95408.000000 99043.000000 68589.000000 7754.670294
79975.000000 37851.000000 87888.000000 8258.329962
4175.000000 33715.000000 4682.000000 8248.043766
46442.000000 41745.000000 75352.000000 7514.433923
69662.000000 40681.000000 34163.000000 7821.554255
15375.000000 82082.000000 62741.000000 8074.910666
83813.000000 7754.000000 91917.000000 7987.995330
89779.000000 83050.000000 12052.000000 8251.728654
95770.000000 51506.000000 56448.000000 8039.908546
66787.000000 36585.000000 67411.000000 7913.253143
96032.000000 89477.000000 53368.000000 7497.553333
80897.000000 37315.000000 59780.000000 8267.859206
6524.000000 32748.000000 89246.000000 7917.766489
66293.000000 18586.000000 18297.000000 8060.114106
92642.000000 37079.000000 80742.000000 7486.761479
34150.000000 77272.000000 93103.000000 7710.496696
27726.000000 36261.000000 75166.000000 7658.466907
68088.000000 65976.000000 44444.000000 8036.261425
45897.000000 18196.000000 50390.000000 7831.231632
40126.000000 32974.000000 67241.000000 7615.708851
62287.000000 87079.000000 28014.000000 7789.251966
33090.000000 65448.000000 36983.000000 7444.748690
13155.000000 78794.000000 64890.000000 8308.068167
39893.000000 63130.000000 37048.000000 7926.879133
5423.000000 24617.000000 68581.000000 8674.924644
60318.000000 74905.000000 5996.000000 8203.702221
7101.000000 73310.000000 40972.000000 8383.340318
37912.000000 58216.000000 21262.000000 7856.520222
72430.000000 79519.000000 22036.000000 7328.933911
4327.000000 52126.000000 58060.000000 8316.186535
72397.000000 54926.000000 62040.000000 7744.268353
66475.000000 63607.000000 77997.000000 7961.259914
26701.000000 26213.000000 34631.000000 7576.226799
52842.000000 77614.000000 88007.000000 8118.907012
85075.000000 76522.000000 95034.000000 7462.217170
83919.000000 96179.000000 23926.000000 8039.473433
88992.000000 19404.000000 69121.000000 8474.943564
95071.000000 47133.000000 6029.000000 8471.018084
87681.000000 22554.000000 42707.000000 7073.799082
61105.000000 5771.000000 57614.000000 7910.477199
62326.000000 1431.000000 83634.000000 8347.978268
32815.000000 32893.000000 61729.000000 8057.108401
98863.000000 41269.000000 72452.000000 8346.329706
29881.000000 32359.000000 59360.000000 7799.392853
88767.000000 72208.000000 72383.000000 7981.581114
22731.000000 47081.000000 43265.000000 8636.992780
59708.000000 20042.000000 95286.000000 8100.373637
59262.000000 91091.000000 66897.000000 6733.702017
21587.000000 70741.000000 8338.000000 7216.292572
42494.000000 73899.000000 20602.000000 8115.849875
89083.000000 98507.000000 16678.000000 7974.309363
17243.000000 55967.000000 92813.000000 8185.615319
70123.000000 83360.000000 64067.000000 7305.757353
71183.000000 82778.000000 19772.000000 7777.586358
78819.000000 3537.000000 42683.000000 8320.231937
37525.000000 43125.000000 16938.000000 8689.268951
76956.000000 1970.000000 81352.000000 8005.651314
57789.000000 18331.000000 75953.000000 7040.905406
54745.000000 27540.000000 24672.000000 8238.672849
27075.000000 61795.000000 21567.000000 7921.980090
89578.000000 70475.000000 2053.000000 8420.592470
28764.000000 64039.000000 34304.000000 8387.828489
71198.000000 84134.000000 83024.000000 8059.696401
41988.000000 87628.000000 70346.000000 8155.992190
53467.000000 67466.000000 37569.000000 8639.575556
28822.000000 5117.000000 23364.000000 7385.491415
68940.000000 66329.000000 22775.000000 7724.217015
65756.000000 63784.000000 75762.000000 8159.250045
47051.000000 5600.000000 52932.000000 7975.350152
43729.000000 81458.000000 89230.000000 7815.138426
27386.000000 53259.000000 50793.000000 7963.912040
59848.000000 14642.000000 67662.000000 8082.534479
79049.000000 30177.000000 53751.000000 8381.063448
22383.000000 15429.000000 14806.000000 8066.254684
31298.000000 39603.000000 10415.000000 7949.259157
35283.000000 45010.000000 95686.000000 8803.895836
52562.000000 97958.000000 76046.000000 8942.727079
87958.000000 55045.000000 37479.000000 8565.135517
29189.000000 35352.000000 96700.000000 7630.118448
56174.000000 6965.000000 31606.000000 8510.803690
7234.000000 82487.000000 59873.000000 7687.399476
60773.000000 82535.000000 12742.000000 7309.027269
77625.000000 47089.000000 78304.000000 7819.744858
5424.000000 21095.000000 23000.000000 7815.564013
75357.000000 56613.000000 43526.000000 7275.664457
27375.000000 88468.000000 23650.000000 8289.069692
42791.000000 13830.000000 5282.000000 7403.235397
4293.000000 17934.000000 76036.000000 8121.201383
15785.000000 97264.000000 51301.000000 7330.625808
41554.000000 54506.000000 56132.000000 7540.937571
71903.000000 4271.000000 3602.000000 8815.564263
62773.000000 71802.000000 37761.000000 8665.727944
6754.000000 77198.000000 87142.000000 7971.227794
16500.000000 67064.000000 88812.000000 8257.990837
40408.000000 27822.000000 32471.000000 8732.898495
67811.000000 41023.000000 76260.000000 8250.786604
46640.000000 8385.000000 62027.000000 7396.677206
13398.000000 39929.000000 10901.000000 8457.182899
96353.000000 57824.000000 34407.000000 8229.462090
43812.000000 71307.000000 26259.000000 7515.264379
