Ip_zone1
4
x
y
z
Ip
674.000000 2599.000000 1414.000000 5360.383385
1085.000000 2023.000000 444.000000 5176.749573
287.000000 1626.000000 1648.000000 5779.502056
1663.000000 2944.000000 265.000000 6947.544832
1680.000000 1259.000000 758.000000 6425.478816
70.000000 533.000000 431.000000 5984.667054
1985.000000 873.000000 1185.000000 5863.201682
1783.000000 2097.000000 2760.000000 5982.305852
206.000000 2412.000000 2259.000000 4864.194936
1950.000000 1325.000000 330.000000 6053.574300
1544.000000 1002.000000 2701.000000 6052.943117
580.000000 6.000000 1632.000000 5641.995569
2360.000000 2452.000000 2234.000000 5783.716982
2816.000000 2794.000000 624.000000 6644.379273
662.000000 2307.000000 1576.000000 6294.234965
2966.000000 2520.000000 916.000000 6499.986501
1438.000000 842.000000 247.000000 5344.116132
1903.000000 552.000000 1766.000000 6183.815569
330.000000 1732.000000 286.000000 5463.760317
273.000000 2144.000000 647.000000 5586.891148
1363.000000 2924.000000 2075.000000 5639.610102
2096.000000 1392.000000 1477.000000 5449.970002
675.000000 2785.000000 1280.000000 6786.205204
1654.000000 942.000000 2647.000000 6613.207508
1423.000000 108.000000 235.000000 5112.100735
188.000000 1168.000000 1533.000000 6431.204904
858.000000 2200.000000 264.000000 5332.427799
2031.000000 2563.000000 797.000000 6410.316776
2936.000000 328.000000 1166.000000 6062.678544
2388.000000 2890.000000 845.000000 5416.428593
1433.000000 163.000000 260.000000 6217.878156
2892.000000 225.000000 21.000000 6306.345960
16.000000 1985.000000 131.000000 5474.504678
2186.000000 1037.000000 405.000000 5061.398014
2676.000000 450.000000 1397.000000 6121.577732
2874.000000 469.000000 1761.000000 5498.729728
1480.000000 1841.000000 992.000000 5232.488649
2916.000000 2238.000000 246.000000 6227.807387
1439.000000 2694.000000 1397.000000 5163.548016
823.000000 760.000000 335.000000 6486.817462
1897.000000 212.000000 35.000000 6366.622993
644.000000 1636.000000 735.000000 6571.430707
1411.000000 1576.000000 1638.000000 5297.751991
2476.000000 435.000000 1150.000000 6117.299684
932.000000 306.000000 1143.000000 5234.520064
1850.000000 1161.000000 2369.000000 6270.629225
1951.000000 1901.000000 1681.000000 5816.520139
842.000000 2280.000000 1936.000000 6128.564308
1540.000000 900.000000 1234.000000 6159.141972
239.000000 1158.000000 679.000000 5384.876766
2555.000000 853.000000 168.000000 6635.919392
2360.000000 1297.000000 2375.000000 5183.485454
249.000000 1050.000000 2118.000000 6635.050189
2471.000000 80.000000 1142.000000 5898.830687
2829.000000 111.000000 344.000000 5643.446497
936.000000 2538.000000 2728.000000 6504.250863
450.000000 328.000000 1556.000000 6401.916025
2840.000000 344.000000 2635.000000 5982.196572
733.000000 1930.000000 1558.000000 6522.452801
449.000000 323.000000 297.000000 6476.010966
905.000000 2119.000000 2381.000000 6320.563897
2419.000000 2963.000000 33.000000 6449.096871
2758.000000 1211.000000 2256.000000 5600.998545
2070.000000 387.000000 1259.000000 5973.734157
2182.000000 2501.000000 1683.000000 6204.979745
775.000000 925.000000 2903.000000 5522.152559
2679.000000 1663.000000 575.000000 6265.090762
954.000000 1600.000000 115.000000 6117.818921
1789.000000 342.000000 1566.000000 6910.202056
1426.000000 947.000000 330.000000 5440.281238
135.000000 294.000000 700.000000 6706.910415
407.000000 660.000000 814.000000 5832.257834
2653.000000 1879.000000 1018.000000 6244.441528
863.000000 2363.000000 2517.000000 5979.121576
2910.000000 1124.000000 2137.000000 5354.092535
1348.000000 957.000000 2818.000000 6606.731386
2443.000000 834.000000 61.000000 5882.278653
47.000000 18.000000 423.000000 5547.281792
2487.000000 2822.000000 1331.000000 5678.353014
424.000000 1764.000000 1024.000000 5807.079301
601.000000 2256.000000 2963.000000 5530.855563
2629.000000 1889.000000 647.000000 6277.754859
1165.000000 1185.000000 1851.000000 6320.095365
1160.000000 393.000000 1412.000000 6965.688125
551.000000 342.000000 445.000000 5744.169090
1651.000000 714.000000 1291.000000 5647.143132
2773.000000 960.000000 1950.000000 6015.730119
1932.000000 1036.000000 386.000000 5678.317182
921.000000 1760.000000 2991.000000 6706.626963
2942.000000 2000.000000 24.000000 4492.487975
1301.000000 386.000000 1663.000000 6434.271411
970.000000 1185.000000 464.000000 6045.308736
219.000000 870.000000 2550.000000 6195.586012
496.000000 2813.000000 418.000000 5902.245861
1165.000000 935.000000 741.000000 6116.739960
1293.000000 1015.000000 590.000000 6209.791838
457.000000 935.000000 1671.000000 5757.987896
2580.000000 557.000000 985.000000 6563.813215
2732.000000 2285.000000 1512.000000 5737.436070
2197.000000 1126.000000 290.000000 5839.510167
