Ip_zone0
4
x
y
z
Ip
908.000000 650.000000 2497.000000 7754.670294
1438.000000 1388.000000 1151.000000 8258.329962
1677.000000 1831.000000 848.000000 8248.043766
1851.000000 398.000000 905.000000 7514.433923
2966.000000 2789.000000 680.000000 7821.554255
1462.000000 401.000000 1829.000000 8074.910666
1241.000000 1504.000000 2403.000000 7987.995330
729.000000 635.000000 2667.000000 8251.728654
1741.000000 713.000000 374.000000 8039.908546
294.000000 2652.000000 747.000000 7913.253143
1920.000000 979.000000 688.000000 7497.553333
1911.000000 2894.000000 2983.000000 8267.859206
89.000000 218.000000 2897.000000 7917.766489
1033.000000 1966.000000 4.000000 8060.114106
1234.000000 2883.000000 192.000000 7486.761479
1646.000000 2513.000000 315.000000 7710.496696
1344.000000 1899.000000 2436.000000 7658.466907
502.000000 2396.000000 2410.000000 8036.261425
2656.000000 1144.000000 1053.000000 7831.231632
393.000000 1755.000000 1922.000000 7615.708851
1986.000000 2541.000000 2845.000000 7789.251966
1532.000000 2039.000000 324.000000 7444.748690
1864.000000 237.000000 149.000000 8308.068167
1392.000000 2609.000000 452.000000 7926.879133
2508.000000 1252.000000 2108.000000 8674.924644
1387.000000 1304.000000 1865.000000 8203.702221
1231.000000 207.000000 2979.000000 8383.340318
2532.000000 1907.000000 1179.000000 7856.520222
386.000000 584.000000 928.000000 7328.933911
2621.000000 915.000000 678.000000 8316.186535
1421.000000 77.000000 2067.000000 7744.268353
183.000000 2447.000000 1111.000000 7961.259914
48.000000 587.000000 1656.000000 7576.226799
1450.000000 522.000000 2449.000000 8118.907012
241.000000 909.000000 2228.000000 7462.217170
2990.000000 1291.000000 1965.000000 8039.473433
514.000000 943.000000 2276.000000 8474.943564
485.000000 2533.000000 1918.000000 8471.018084
165.000000 1823.000000 1554.000000 7073.799082
1475.000000 1814.000000 149.000000 7910.477199
2839.000000 2652.000000 1498.000000 8347.978268
975.000000 2043.000000 729.000000 8057.108401
369.000000 391.000000 2399.000000 8346.329706
2701.000000 2058.000000 2397.000000 7799.392853
1185.000000 2488.000000 495.000000 7981.581114
2656.000000 303.000000 2608.000000 8636.992780
2101.000000 627.000000 1058.000000 8100.373637
1396.000000 2529.000000 725.000000 6733.702017
2173.000000 2733.000000 1326.000000 7216.292572
788.000000 2930.000000 2380.000000 8115.849875
1370.000000 2648.000000 2785.000000 7974.309363
400.000000 2768.000000 1064.000000 8185.615319
1048.000000 1540.000000 1371.000000 7305.757353
1451.000000 1193.000000 907.000000 7777.586358
1527.000000 1518.000000 2719.000000 8320.231937
1183.000000 2820.000000 487.000000 8689.268951
2576.000000 2524.000000 2961.000000 8005.651314
143.000000 2723.000000 723.000000 7040.905406
2348.000000 1234.000000 1897.000000 8238.672849
1779.000000 1460.000000 378.000000 7921.980090
1554.000000 1909.000000 402.000000 8420.592470
2253.000000 257.000000 2229.000000 8387.828489
1465.000000 627.000000 484.000000 8059.696401
1808.000000 1190.000000 2478.000000 8155.992190
2473.000000 199.000000 1470.000000 8639.575556
203.000000 1617.000000 2039.000000 7385.491415
18.000000 2647.000000 279.000000 7724.217015
1977.000000 216.000000 1615.000000 8159.250045
2119.000000 1159.000000 1193.000000 7975.350152
582.000000 2132.000000 1502.000000 7815.138426
392.000000 2301.000000 1115.000000 7963.912040
2884.000000 11.000000 617.000000 8082.534479
2294.000000 955.000000 2190.000000 8381.063448
641.000000 2084.000000 819.000000 8066.254684
2140.000000 2656.000000 2951.000000 7949.259157
835.000000 86.000000 1767.000000 8803.895836
972.000000 1037.000000 2942.000000 8942.727079
493.000000 408.000000 2522.000000 8565.135517
2845.000000 2937.000000 1863.000000 7630.118448
1098.000000 1420.000000 2527.000000 8510.803690
290.000000 2464.000000 2482.000000 7687.399476
2968.000000 263.000000 1238.000000 7309.027269
127.000000 2401.000000 2455.000000 7819.744858
1850.000000 1867.000000 2643.000000 7815.564013
298.000000 1471.000000 1969.000000 7275.664457
887.000000 938.000000 1187.000000 8289.069692
2356.000000 2309.000000 55.000000 7403.235397
715.000000 66.000000 2141.000000 8121.201383
509.000000 1336.000000 2454.000000 7330.625808
2367.000000 1830.000000 2027.000000 7540.937571
1893.000000 448.000000 2800.000000 8815.564263
2083.000000 2691.000000 2964.000000 8665.727944
1590.000000 1811.000000 2840.000000 7971.227794
1036.000000 2795.000000 2117.000000 8257.990837
2404.000000 2900.000000 883.000000 8732.898495
91.000000 1485.000000 815.000000 8250.786604
2481.000000 406.000000 1455.000000 7396.677206
147.000000 1028.000000 2594.000000 8457.182899
2451.000000 2961.000000 1920.000000 8229.462090
1288.000000 1390.000000 2053.000000 7515.264379
