/Real_seismic_DSS0
1
Seis
228.168274
187.215042
-78.520607
-40.550961
-137.621048
31.730852
46.231579
-71.319244
-111.130760
-88.680313
6.859717
161.888062
151.835892
340.471771
534.143982
886.883240
892.423401
977.532654
1152.616089
1080.756836
885.531372
855.171082
689.023560
83.556450
39.797329
22.655050
126.748886
121.483070
217.791931
315.089935
324.253265
466.458954
577.235107
640.545410
563.874573
310.471893
221.782303
72.104584
161.504776
43.025867
-141.844284
-242.406418
-135.002228
-53.541691
-3.634867
94.008232
229.439896
147.191574
152.693222
161.975479
122.940598
335.958984
415.965881
369.063446
389.635590
458.893646
460.982239
541.949768
585.165405
561.028992
424.510284
319.083923
218.666656
181.049988
235.504257
199.445801
-44.741947
-35.890503
-146.034180
28.034786
47.599991
-54.058960
-84.224457
-27.319843
110.229935
318.582855
333.002808
539.567505
782.342468
1204.734009
1301.163574
1403.396851
1584.484253
1585.208008
1418.982300
1373.177368
1145.160156
538.541565
459.097351
364.229584
443.182953
388.297729
420.777527
468.079071
481.343781
589.506287
734.525940
762.386230
666.135437
411.949829
297.772583
130.522049
195.669449
73.903038
-131.444138
-251.693588
-186.813828
-127.777885
-90.993202
-1.746105
132.300446
60.115421
50.578518
66.643021
26.005638
223.945480
317.215332
288.953094
231.180542
247.051086
187.892410
263.977783
296.135925
312.763794
176.067932
64.985954
-22.330185
-105.360237
199.660400
182.547211
-13.928573
-34.427361
-126.467102
27.424526
67.162369
-4.917857
-21.699926
56.541515
212.402786
458.748566
509.114899
706.238220
968.933411
1393.424561
1585.908325
1710.373779
1898.774658
1957.100220
1858.386475
1797.914673
1544.023315
990.951294
858.808411
678.209534
700.697083
619.814270
581.247009
576.999390
592.603943
645.651306
798.077454
795.038940
689.426636
469.105530
345.431946
188.373886
225.247253
110.608086
-97.356178
-223.197693
-214.714508
-183.420975
-172.725708
-104.367859
13.704597
-33.775517
-62.300755
-44.330044
-101.161797
41.162956
122.518410
111.898201
-24.318733
-78.349632
-212.219177
-143.454483
-141.941040
-73.000656
-185.940063
-284.963013
-353.821869
-455.618774
128.540710
125.932220
-8.742560
-44.374866
-91.723938
33.766121
99.814537
61.796513
56.859291
143.074707
292.877167
541.576660
614.787354
759.631775
1015.318481
1387.225586
1644.893433
1815.632812
2005.638672
2081.444336
2053.015625
1997.208618
1763.381958
1290.530273
1126.022095
904.843567
872.396667
780.270081
666.696533
624.386414
634.021423
624.024536
771.566589
734.378662
623.296509
462.854431
364.520660
235.183655
237.161926
145.763565
-50.640957
-182.853241
-217.623398
-212.005981
-223.156647
-178.072403
-100.545174
-122.750900
-160.613739
-165.228409
-245.113708
-184.014236
-134.298233
-147.741638
-364.406525
-473.836975
-683.756897
-620.967285
-651.579285
-525.296631
-599.089050
-662.231384
-706.971619
-814.838684
24.378227
34.173317
-24.710932
-59.761360
-54.331425
51.689735
118.336952
119.586281
127.624001
201.258087
314.203339
519.145813
577.948853
667.102966
886.320740
1179.931396
1443.310547
1654.389404
1807.495117
1884.819458
1916.723633
1898.008423
1700.184448
1343.433105
1186.909302
978.470581
915.960510
841.889465
689.271179
615.929626
612.764099
540.187866
654.667786
586.468872
478.765076
398.727631
343.276367
270.149109
226.481247
169.578247
-1.357995
-136.325363
-200.136368
-224.540405
-248.060257
-237.388321
-213.912827
-195.473526
-240.548843
-261.485779
-365.549500
-399.346100
-398.583160
-432.921082
-731.461243
-866.445923
-1127.067749
-1092.132935
-1153.227783
-961.092041
-982.950012
-1000.019348
-1006.535645
-1110.693970
-102.673233
-69.871338
-49.561405
-81.210663
-25.320549
51.424049
98.926613
134.112793
157.758118
204.094452
249.813950
378.729980
409.033203
454.750183
599.585632
786.176208
1009.670593
1239.653198
1325.777954
1385.347168
1472.352539
1516.630737
1373.062866
1139.991089
1011.456238
855.646912
782.009644
783.153503
630.594727
541.043213
531.659912
408.246918
462.226715
372.697723
291.708618
297.382324
294.529175
283.237671
206.049927
171.359421
38.071735
-87.062485
-169.140472
-210.243423
-236.620438
-269.433319
-305.434204
-250.917938
-295.327362
-326.976379
-443.404816
-555.770325
-592.051392
-668.110107
-1014.649048
-1152.720581
-1436.490356
-1459.610229
-1554.176514
-1299.186890
-1257.989258
-1218.811523
-1186.350464
-1263.141235
-217.213409
-175.268402
-97.943390
-110.730812
-20.637587
5.660146
22.910648
84.802422
119.500511
150.917084
110.946404
138.675430
136.432297
139.883682
195.545532
260.123108
414.749268
644.786987
650.187927
667.698669
805.781311
931.561890
861.008484
747.624634
669.701355
585.445862
526.803467
616.077698
487.189728
392.307678
392.360504
250.200806
235.424942
148.783737
106.291138
206.228775
250.595978
287.011261
179.286728
146.362213
69.343796
-43.659466
-134.245956
-165.599030
-191.737228
-253.645218
-341.447083
-278.230347
-301.160828
-338.845947
-444.880920
-604.411743
-644.933655
-768.734985
-1124.416382
-1243.796509
-1520.576416
-1606.107910
-1743.704590
-1451.801636
-1348.168945
-1251.980469
-1190.076538
-1215.931763
-291.476013
-252.768661
-139.507355
-125.133575
-31.638376
-56.112438
-77.811783
-0.722508
44.012398
58.164333
-72.129517
-156.996246
-202.387543
-238.017960
-281.367035
-327.372009
-255.725250
-40.045097
-123.965149
-158.023331
20.883698
234.596237
234.872467
225.566193
221.838013
220.923920
204.653046
369.506378
279.571442
191.580261
204.174545
67.809921
-13.568144
-75.699364
-60.110142
125.993111
202.974319
260.603302
133.793091
124.563919
105.049034
20.965036
-74.529434
-88.916100
-107.528107
-181.573090
-311.490723
-248.051422
-232.783417
-262.383667
-345.759918
-523.703247
-565.146057
-701.280029
-1018.220154
-1078.785034
-1307.451050
-1441.736084
-1616.582397
-1330.119141
-1183.203979
-1050.325806
-972.214905
-938.894409
-307.560028
-264.743469
-132.156464
-114.237282
-40.650616
-104.553452
-178.818878
-97.305344
-45.695702
-56.359440
-268.616638
-470.170319
-555.661865
-623.636047
-761.381226
-915.351196
-932.445251
-741.908447
-894.068787
-981.295227
-798.071167
-513.873108
-442.954773
-365.852142
-263.961212
-170.585800
-120.659958
112.245369
74.844368
5.987501
1.153005
-126.626793
-257.075989
-286.812775
-199.569687
33.409557
141.770889
199.771790
73.566055
93.128242
128.473083
92.481224
4.664120
8.449967
4.871828
-67.482262
-226.318802
-160.626938
-108.860649
-125.216316
-154.533249
-310.507446
-339.129730
-467.571167
-694.771484
-651.056763
-781.689026
-980.929749
-1161.099854
-913.703369
-761.795776
-593.157898
-513.377197
-437.428162
-263.637177
-220.649460
-92.262108
-90.098969
-46.925468
-146.399185
-269.380219
-200.235703
-150.048645
-185.633789
-457.269165
-762.943054
-887.551086
-958.617554
-1164.662354
-1409.557983
-1517.843628
-1372.221924
-1564.238525
-1700.920166
-1550.834961
-1223.068848
-1077.443481
-925.672241
-714.164246
-539.481995
-412.217590
-131.126572
-95.529755
-144.072220
-175.601746
-281.424713
-441.605164
-435.815979
-292.123444
-54.526913
60.860653
120.785004
18.526800
58.283066
139.554398
160.593124
83.999603
101.235481
104.381149
44.141968
-103.003738
-43.200546
33.027973
37.202400
76.896538
-13.782868
-1.478709
-101.157272
-197.247223
-66.987511
-61.530491
-321.001587
-447.421997
-249.065826
-117.301346
72.327881
163.449173
240.645981
-175.887589
-143.270477
-34.951572
-47.873119
-53.898220
-180.086929
-334.566406
-291.895874
-254.840454
-309.061737
-590.065308
-967.220520
-1127.558716
-1191.896973
-1431.442749
-1732.756714
-1926.318237
-1843.966309
-2060.553955
-2221.667725
-2138.709717
-1797.166870
-1592.772827
-1353.207275
-1061.440918
-836.442261
-640.013428
-350.672882
-245.947861
-251.237183
-306.266357
-372.288696
-539.321289
-505.594055
-335.821686
-125.549713
-37.965057
18.487757
-35.178913
19.531975
138.705200
230.425858
157.090500
183.874268
189.008133
157.072937
42.190746
70.788757
165.727173
190.576477
295.898010
286.515991
352.485413
342.727142
412.784851
578.031128
717.763489
469.454773
406.781128
536.743835
659.715393
826.676575
934.164307
979.407288
-64.171173
-48.623661
28.987625
7.581982
-51.743355
-187.919327
-366.090424
-350.161499
-327.895416
-378.604584
-643.906799
-1037.490112
-1217.832520
-1275.158569
-1512.428345
-1802.200928
-2048.078125
-2037.786011
-2247.317627
-2437.537354
-2423.155029
-2150.107666
-1912.131104
-1604.316040
-1262.625366
-1025.015991
-772.332520
-512.102417
-367.386169
-320.951324
-399.419556
-412.451508
-538.472290
-495.501434
-336.622345
-192.140121
-134.484360
-79.731621
-79.376793
-41.191761
101.224548
263.417908
211.193588
239.041397
249.360107
248.205978
156.728638
156.480576
246.563828
290.934906
444.376740
521.579468
642.915833
771.524292
1007.434143
1157.960693
1419.120728
1250.756714
1242.248901
1284.964844
1412.285278
1544.247681
1657.620605
1658.296265
52.351898
42.988049
93.055809
63.309120
-45.449673
-173.200928
-356.852783
-364.609406
-349.285126
-383.204895
-581.837708
-937.693359
-1116.857056
-1164.424316
-1372.535522
-1577.101562
-1835.835327
-1904.296875
-2075.096191
-2268.951904
-2320.272705
-2186.064697
-1953.575195
-1602.536987
-1243.299805
-1016.388550
-737.652039
-588.723633
-435.599396
-359.204102
-439.606567
-402.593597
-456.104004
-406.287872
-290.102356
-237.963516
-230.210480
-187.658920
-141.171982
-128.546982
8.630440
230.821686
224.904221
235.782990
235.075516
261.535675
197.831299
178.625687
235.784836
269.531952
445.694122
609.505188
786.581299
1020.178162
1403.730225
1542.138672
1882.210205
1852.897583
1920.966064
1888.124512
1987.517822
2064.002441
2192.391846
2108.737305
162.235291
130.385056
162.517441
115.703613
-27.910589
-142.220245
-305.055054
-338.318970
-332.005005
-352.596863
-421.679810
-671.277954
-815.628113
-850.773315
-1007.186096
-1151.220581
-1369.549927
-1526.142212
-1651.335327
-1779.217163
-1895.071045
-1890.798950
-1667.846436
-1289.562988
-970.256958
-778.774353
-546.045227
-578.022644
-459.130066
-366.001221
-422.456848
-355.513672
-331.042755
-278.899139
-231.887924
-282.205444
-348.379272
-328.667297
-244.065659
-239.607758
-129.292328
143.988937
165.817230
167.596802
147.741257
185.908463
158.042664
111.224190
110.043610
128.132172
296.363037
517.210388
723.030640
1000.721802
1488.441162
1626.271973
2015.940674
2151.862793
2314.552246
2226.267578
2277.615234
2264.776367
2384.860352
2196.913330
240.789810
191.403702
205.440475
148.075851
-3.950952
-108.274643
-226.227783
-276.945984
-275.354767
-279.129150
-247.730286
-314.760101
-391.033112
-420.050049
-501.453857
-605.841614
-757.008179
-977.570679
-1048.937988
-1095.015259
-1251.402710
-1355.466187
-1155.496826
-786.534790
-554.573303
-454.015167
-332.117462
-500.563965
-450.009399
-359.542358
-377.404449
-306.196594
-208.361664
-163.703445
-196.469101
-334.107727
-460.843872
-447.062836
-326.398407
-312.963501
-238.456039
29.249823
63.262714
64.401726
32.218952
62.948601
59.447411
-25.512869
-105.139610
-75.029961
58.999386
295.236694
465.052338
736.264282
1239.151245
1346.391479
1742.465088
2030.709961
2276.376465
2143.983887
2163.171387
2095.847168
2187.385010
1932.519897
268.739227
203.962265
206.970352
163.203705
33.524273
-47.021511
-105.819016
-169.010056
-175.669037
-157.603012
-44.427490
40.109295
51.576214
0.273141
24.578314
10.317753
-79.308952
-354.961548
-361.051178
-345.531433
-505.588776
-721.170349
-559.592651
-242.376129
-126.886040
-145.291519
-123.335464
-380.399414
-403.291870
-325.749023
-309.436981
-263.523041
-108.771744
-71.550476
-179.872330
-376.160309
-518.881897
-487.013794
-339.578430
-314.499420
-287.411285
-75.188156
-43.302402
-38.719959
-75.054192
-61.215523
-41.589096
-159.170273
-324.136078
-281.800476
-210.477737
-0.582693
58.313427
264.858917
708.705017
756.899841
1078.160889
1464.558838
1746.367676
1596.290283
1605.520630
1526.229614
1607.464966
1340.731567
245.968323
174.464600
180.346024
152.660614
66.542648
30.638741
46.921364
-28.412279
-49.544315
-17.259352
167.811508
356.627045
450.324402
386.988708
496.171692
572.213684
541.933716
240.596878
295.602936
359.056030
215.037598
-91.678764
26.249537
257.276855
256.741913
138.637848
75.535507
-247.214249
-331.098541
-267.878082
-216.381622
-220.031433
-44.286041
-11.810624
-158.022171
-377.844055
-496.046387
-434.250153
-283.411743
-245.886703
-272.649506
-139.414520
-126.762672
-116.630653
-143.456772
-163.850006
-111.882187
-246.255722
-483.431915
-445.987701
-454.609863
-306.930939
-412.019470
-324.742432
-1.740665
-23.820555
171.938568
589.801086
852.065979
704.052063
708.670410
627.881775
695.577026
478.039307
178.563492
102.377655
120.509132
120.100533
85.506935
98.889557
201.776123
126.307785
81.905586
111.467979
335.117676
616.154114
756.521057
702.115417
845.553040
978.166260
1003.766785
752.594971
846.478638
949.379089
839.627258
485.319061
510.999542
628.381714
514.832092
352.236237
195.393494
-148.035477
-267.503845
-230.343933
-131.055405
-179.633301
-27.789215
15.921495
-118.921898
-332.809753
-393.809113
-302.732025
-177.534058
-120.313858
-191.641571
-164.509018
-180.156937
-158.298050
-154.735138
-222.681503
-139.778320
-274.026611
-545.054993
-517.176453
-602.823547
-542.553467
-846.207947
-911.668762
-752.227539
-854.649780
-815.189819
-437.871033
-227.781799
-372.791534
-380.630127
-454.370056
-401.895599
-506.595703
73.590256
-4.659240
30.493793
65.374069
95.519913
142.528687
309.183685
253.300613
181.805328
192.115845
428.312561
760.357788
928.088684
874.572815
1041.091064
1185.689087
1259.562500
1091.399536
1199.783569
1351.098755
1277.402100
924.171692
840.602661
837.906921
610.722900
433.450287
208.101578
-98.763077
-238.708588
-235.662674
-90.284500
-152.849533
-56.238110
3.830658
-80.797508
-248.007919
-233.113113
-128.790482
-51.492283
29.372587
-56.493179
-142.626648
-183.326950
-151.319504
-107.223068
-209.107330
-103.656525
-215.784988
-466.244934
-457.985626
-605.044556
-656.026245
-1147.751099
-1378.911987
-1398.829834
-1568.040039
-1705.039673
-1454.242065
-1323.900269
-1461.422607
-1500.941284
-1549.188354
-1514.698730
-1453.497314
-63.445030
-127.986382
-75.802536
-17.700840
65.936722
139.026031
340.813904
309.990997
220.318039
212.150085
437.703522
773.038818
972.854492
918.028809
1072.816162
1203.130615
1317.404419
1218.840332
1324.868164
1518.923706
1478.676025
1170.769775
1025.480347
918.790833
588.695557
420.786621
166.158371
-69.510170
-214.795731
-267.950165
-97.811806
-155.010864
-132.229050
-45.256668
-48.751236
-123.882523
-21.318180
63.746830
81.574547
178.409592
96.352554
-84.151695
-135.176666
-97.375374
-3.118405
-125.841789
-8.163507
-76.334839
-261.299438
-261.958679
-446.745331
-616.321899
-1244.252563
-1622.871338
-1818.722900
-2034.921021
-2332.528564
-2264.979736
-2238.108887
-2382.180420
-2473.262451
-2497.159668
-2498.655273
-2232.949219
-186.422134
-233.653183
-171.606232
-112.988556
-4.786605
89.309853
292.330536
276.886047
190.865143
187.777634
385.423309
691.394470
897.837830
861.288025
973.086121
1069.385498
1218.851807
1185.884033
1265.146240
1469.496216
1481.557373
1258.260742
1081.061401
902.625793
509.243469
376.763092
121.211281
-37.475628
-171.029282
-299.268555
-129.557663
-177.556839
-226.639526
-117.040215
-37.377705
1.544535
187.937073
233.840622
183.994064
284.673798
222.372055
-32.730495
-73.397812
-26.109333
112.454285
-7.069551
106.997978
98.420273
22.859795
10.516888
-151.857254
-410.876251
-1097.829102
-1566.731445
-1921.714478
-2157.421631
-2576.375000
-2719.211670
-2808.141357
-2979.504639
-3140.268311
-3153.010742
-3210.582275
-2724.130859
-265.540344
-309.983307
-248.906525
-204.980087
-95.268021
5.108293
182.675385
183.266495
102.541199
119.972748
293.570160
539.877075
723.722717
708.188171
774.164246
842.410156
1026.042480
1047.747437
1079.367432
1274.630249
1354.261108
1241.318237
1055.317627
842.691345
434.012329
348.675598
106.388321
27.395105
-100.471992
-293.596069
-148.890015
-176.766403
-298.145721
-193.269104
-35.528076
105.175041
336.830170
340.086853
234.639999
327.976074
298.228607
5.802440
2.784681
40.169102
184.281342
94.724373
169.567154
218.602509
280.112427
243.588852
178.819244
-117.953323
-754.731384
-1216.874756
-1683.105103
-1924.100830
-2396.419189
-2749.561035
-2945.609863
-3146.150391
-3398.969482
-3420.156006
-3543.343994
-2890.891846
-286.621033
-325.363159
-280.894440
-258.671692
-171.425659
-82.399399
55.792171
64.466331
-8.980494
32.788914
171.609299
331.917786
482.688080
498.029877
514.170166
564.559448
749.565735
812.368225
814.994995
994.694275
1135.335083
1147.240601
979.678955
771.120422
405.044006
383.465759
167.788010
173.732239
53.288593
-197.231674
-112.253746
-96.579285
-306.707214
-222.789688
-16.497757
198.202896
415.388245
364.074585
210.797760
292.336578
298.702087
15.653096
70.753639
66.831047
174.779053
114.107704
121.071175
220.959503
422.051331
372.398987
418.606842
154.186111
-302.578430
-661.596619
-1170.354492
-1405.045410
-1856.215210
-2383.673584
-2648.564453
-2897.066406
-3214.358398
-3269.929443
-3450.870850
-2711.871338
-264.343842
-280.009827
-253.199524
-269.895752
-227.056503
-152.248611
-71.273514
-55.706032
-109.218201
-60.046028
27.624750
97.198418
202.713211
268.561096
240.735275
263.028992
418.190521
512.419678
522.151855
680.902893
864.385925
997.753662
869.720337
685.620178
433.943695
470.971252
329.091400
391.470856
292.541565
11.066056
3.669266
74.677155
-222.686615
-187.220947
18.199558
258.406250
398.885315
273.860504
86.841599
144.407944
184.890793
-49.336662
63.071903
-3.657778
43.706440
26.210102
-40.694946
113.415451
443.341949
376.984009
484.026459
300.904449
139.270447
-41.462887
-516.620178
-679.835144
-1070.137451
-1714.323975
-2005.697998
-2321.786621
-2649.004639
-2730.765869
-2911.145020
-2165.311523
-236.348999
-213.594543
-200.954727
-257.335266
-265.891693
-217.234650
-192.035980
-152.015762
-183.705643
-140.748703
-111.271111
-121.835320
-69.190979
29.283993
-14.494648
-20.441292
86.740273
209.730148
223.271088
355.291168
568.277771
795.588135
724.062439
575.265747
497.790619
564.096375
516.908630
590.161438
511.399414
259.136932
153.208817
258.952454
-64.622307
-99.153603
50.754387
254.090393
276.869598
72.627647
-131.894531
-123.790184
-47.143875
-203.337753
-49.164387
-186.400940
-211.436859
-167.684891
-299.304779
-101.917412
318.892090
211.045547
323.024872
232.503845
414.409912
490.590942
156.328568
94.752869
-181.458954
-834.579895
-1125.854492
-1498.263306
-1801.422363
-1899.984253
-2010.185547
-1375.753296
-227.791138
-178.719803
-171.879044
-241.665207
-279.157318
-265.193481
-284.263489
-227.081940
-230.376129
-204.198639
-215.204269
-290.935638
-297.939636
-189.817429
-227.778366
-267.265381
-210.445541
-73.418579
-58.968609
25.745739
239.417480
526.076904
506.912323
399.188416
527.459412
592.713440
617.747375
698.551819
645.955627
494.186127
304.187531
416.074707
111.187759
-7.806156
34.991386
175.640152
68.379288
-188.402176
-410.778198
-472.807739
-377.054077
-425.448395
-253.750046
-464.262939
-565.620789
-454.244293
-636.798279
-409.918671
41.898598
-131.349380
-58.995937
-52.791836
441.814514
805.075195
696.635071
729.455566
643.330627
121.588303
-138.345612
-493.489410
-743.949219
-870.092712
-919.005493
-465.223450
-225.260406
-159.494858
-160.895142
-208.963043
-251.283432
-271.907013
-325.872223
-260.442810
-213.009033
-221.255402
-265.854614
-391.277283
-459.166290
-354.205872
-390.082001
-473.062714
-462.881744
-319.589203
-301.032959
-286.751556
-94.376785
207.429153
237.350388
168.896667
490.476257
520.178345
608.584961
696.075317
697.015686
685.195984
429.449707
521.665588
256.864410
22.936720
-53.858551
11.042394
-205.455841
-476.161926
-709.141113
-830.811829
-756.895874
-692.075745
-512.083862
-779.523071
-949.330933
-796.330444
-1007.339783
-768.763733
-340.066803
-581.532349
-574.062073
-497.081177
272.248169
848.549438
968.205566
1109.501343
1257.411743
982.582642
801.651306
548.970093
362.918182
243.784760
224.642044
418.562622
-211.076813
-137.373688
-158.990417
-159.495178
-185.216278
-221.957306
-283.314941
-207.003876
-92.231400
-145.103317
-228.806458
-382.926300
-514.577637
-442.689789
-492.222870
-616.394470
-663.135498
-520.175476
-483.195160
-547.729248
-393.228088
-118.826317
-56.625351
-101.224167
360.580750
345.115448
479.228455
564.907654
649.528992
780.282532
502.707245
543.308289
357.401733
4.042720
-206.025162
-238.862686
-528.557983
-765.507080
-982.650818
-1146.968628
-1125.800537
-966.100830
-797.153931
-1069.691650
-1305.319580
-1134.127686
-1350.623047
-1141.833618
-781.084656
-1044.055054
-1123.730713
-1020.551453
-44.497520
615.241943
952.099792
1213.106323
1576.575317
1629.162964
1578.959229
1441.044678
1373.256592
1296.938599
1278.119019
1121.128540
-189.742096
-106.046913
-152.249557
-108.587204
-94.233353
-116.977730
-163.981415
-82.867790
97.549095
1.227830
-107.272957
-273.295990
-459.352631
-449.367371
-520.251709
-687.188782
-790.595032
-662.773804
-600.292542
-742.723145
-666.036072
-440.479736
-375.204437
-440.341125
85.142982
36.017952
195.407455
297.888458
463.417877
728.661011
471.778473
447.511536
391.471680
-58.383549
-394.580322
-537.157349
-858.639587
-1016.897766
-1181.297241
-1372.446167
-1418.231323
-1174.329712
-1057.599731
-1307.980835
-1581.220337
-1372.983765
-1575.006714
-1443.448853
-1216.292969
-1461.244995
-1657.619629
-1518.944580
-459.183533
199.811844
699.016296
1058.763428
1565.976929
1948.197754
2070.866699
2051.118408
2171.411133
2127.247559
2079.891113
1618.313477
-160.313995
-68.668343
-126.709274
-48.935417
16.511806
15.744557
-17.923716
53.169647
278.488373
155.771301
41.792778
-116.670784
-330.056305
-394.359344
-477.210510
-669.286011
-803.786743
-692.363159
-622.174072
-836.616394
-864.788269
-722.463989
-689.816406
-800.416809
-309.801117
-390.721100
-219.800171
-101.422729
139.982101
511.372925
288.705536
220.703186
308.693665
-191.981262
-577.562378
-808.554138
-1110.236816
-1158.092041
-1247.172852
-1462.529785
-1537.689697
-1248.309570
-1215.549438
-1413.473267
-1665.049194
-1443.164795
-1609.778564
-1589.482300
-1548.144287
-1721.130127
-2025.479126
-1839.456543
-843.577087
-239.506485
319.168213
719.787903
1307.399536
1898.660889
2172.157959
2289.424561
2561.109375
2537.987549
2493.539307
1836.036499
-121.867447
-29.966629
-92.045380
7.523349
128.040955
149.197784
136.905060
184.245773
429.256317
300.193451
189.480499
73.564293
-127.900833
-264.228912
-349.630219
-533.988953
-682.662415
-591.526672
-515.406982
-808.071960
-946.456848
-934.813477
-978.027649
-1146.771973
-796.427002
-904.225647
-747.565430
-613.577209
-297.396545
139.677902
-37.021267
-128.573013
42.546356
-412.269196
-759.784180
-1026.369263
-1268.641357
-1192.176147
-1173.669800
-1394.089722
-1459.958740
-1187.068481
-1241.910767
-1348.998413
-1535.815552
-1361.191895
-1438.204224
-1514.721802
-1658.250977
-1676.308228
-2042.792358
-1862.637817
-1064.977295
-592.025452
-33.600498
311.722717
907.997437
1586.204102
1915.718262
2162.659912
2514.658203
2501.463135
2488.318359
1770.900513
-47.070221
45.068535
-25.745731
79.526672
238.704453
279.864319
294.193970
326.696503
553.686035
436.486877
337.856567
289.903687
149.577194
-37.947388
-121.148170
-289.310822
-436.835449
-371.342834
-296.282349
-657.313477
-916.770996
-1061.425293
-1207.247314
-1428.528687
-1302.035645
-1424.027710
-1300.288086
-1160.779907
-801.794922
-357.698761
-488.360199
-591.072815
-375.069855
-713.745789
-969.510620
-1199.572021
-1318.396729
-1130.724854
-983.711243
-1146.386719
-1202.906982
-1012.138367
-1148.293823
-1138.760132
-1223.723267
-1141.968140
-1069.495605
-1197.837646
-1490.561279
-1384.054077
-1717.960083
-1592.609009
-1057.901123
-804.403259
-316.783569
-72.650108
445.798431
1126.930664
1445.574829
1791.149536
2179.667725
2218.467285
2213.814941
1523.535767
78.352615
149.874496
75.405434
167.539993
346.759827
407.169464
434.535431
450.813538
616.985168
542.773804
468.957642
497.798126
440.392059
250.144897
185.397141
51.134502
-73.704643
-52.031921
-15.353884
-414.905365
-780.302185
-1092.836670
-1346.727539
-1591.847046
-1750.724609
-1870.041382
-1809.971802
-1677.402466
-1304.216431
-921.930786
-1005.076538
-1091.225952
-843.000122
-1032.909912
-1177.081177
-1322.313599
-1240.090332
-943.726135
-692.355103
-765.108093
-825.199890
-718.870239
-942.449341
-800.344971
-755.414490
-761.407288
-544.782471
-676.356018
-1087.005127
-919.320129
-1143.097168
-1082.320801
-903.448425
-882.465881
-529.218994
-368.006195
7.986651
589.528748
870.999084
1284.443726
1677.088257
1802.568604
1797.744751
1168.053101
215.354630
255.775833
190.095810
242.342087
410.210419
485.653168
515.032043
503.356567
591.240234
584.159485
539.838989
623.546204
657.701416
509.905029
458.185822
402.025635
305.505798
276.546692
244.472321
-153.327240
-599.683716
-1076.863892
-1406.014404
-1619.698975
-2065.206055
-2147.257080
-2200.649414
-2077.802002
-1728.079956
-1440.363037
-1465.925781
-1513.358276
-1244.514526
-1260.166992
-1286.647339
-1337.853394
-1039.228638
-669.764954
-334.161194
-332.409912
-388.012573
-332.150665
-577.302490
-346.824127
-200.175446
-230.809677
57.563103
-54.825317
-534.440002
-332.829803
-402.402344
-407.266266
-623.455994
-798.346008
-573.344849
-510.104767
-317.956573
103.749107
323.007324
766.605408
1112.227905
1292.227173
1292.071899
793.585754
336.612793
349.567627
287.081848
279.514984
392.926361
480.737915
490.774353
463.966644
452.169922
516.050537
487.680145
601.098083
727.896912
659.540283
620.775513
658.914429
624.435242
525.169556
445.562683
78.451256
-418.472961
-1006.946228
-1342.665527
-1462.833618
-2131.868652
-2186.354248
-2335.857666
-2242.087402
-1964.315552
-1825.753418
-1772.568359
-1752.224365
-1459.707764
-1285.757324
-1191.498657
-1153.208618
-743.859741
-324.764496
47.019547
104.952278
87.134445
87.044533
-101.801773
177.419632
355.958160
331.752899
635.404724
538.093018
41.862469
280.078552
399.430908
351.788757
-127.331383
-475.333221
-404.871033
-450.981720
-444.834290
-230.493881
-102.509270
327.903534
587.467834
794.607788
779.224365
472.691711
428.437958
411.971069
357.691986
283.087585
307.070679
379.455017
363.176819
325.095856
196.878174
326.276245
301.306305
429.338379
627.158875
654.805725
661.844116
788.165344
856.326294
678.322327
544.729919
267.181183
-195.637650
-793.385986
-1111.636963
-1124.790405
-1932.841919
-1987.081299
-2181.972412
-2132.609863
-1994.628906
-2033.403320
-1885.299927
-1777.374023
-1492.769531
-1114.968994
-924.007202
-780.234558
-384.601868
67.000076
435.291199
571.148804
591.079285
523.281250
399.306000
707.851990
869.996521
835.291138
1097.849609
998.605530
553.959534
839.093872
1139.454102
1085.329834
481.581482
31.525932
-77.051727
-221.642105
-374.561676
-391.754333
-346.434113
15.025253
165.651840
370.406067
345.060120
229.844131
496.350372
442.832184
406.986755
275.856659
193.535843
207.281235
150.102661
89.672028
-143.436218
33.808510
8.429782
108.102051
345.567596
465.872528
542.226990
743.144165
858.814331
655.800537
464.721924
331.407990
4.539355
-521.114685
-795.155029
-704.113403
-1541.906982
-1557.063843
-1761.549194
-1790.725098
-1832.921021
-1993.348755
-1783.550781
-1616.737183
-1359.029541
-788.831970
-557.361328
-312.253937
49.111198
445.581390
777.989197
993.160339
1055.761841
936.749695
905.783386
1177.922974
1302.266235
1247.077637
1410.937378
1299.286987
993.478210
1262.433472
1715.919189
1645.858276
1011.433838
572.834229
335.028076
120.865547
-165.994583
-372.392151
-400.594238
-139.407150
-117.357040
46.732178
29.833492
73.745583
522.372925
427.837372
407.431213
252.049408
78.354935
-1.723403
-114.889374
-199.592422
-515.658447
-329.876251
-367.887695
-325.931458
-99.294518
106.091690
245.902267
499.707092
594.658203
379.746155
164.514771
173.171600
37.656818
-321.489807
-469.029297
-291.734558
-1039.874146
-983.585999
-1151.994019
-1284.595947
-1467.566650
-1725.649048
-1452.414917
-1272.907593
-1034.375488
-339.298920
-94.456627
200.753433
500.162567
745.862976
1016.211792
1296.386230
1396.879272
1257.230469
1330.280640
1516.508545
1588.105469
1520.500366
1568.591919
1482.511230
1332.809082
1509.504883
2050.157471
1987.513672
1398.091797
1033.979614
701.124146
458.362457
95.517448
-238.370636
-329.704071
-184.934540
-250.481522
-149.985840
-161.975464
2.489211
468.740753
345.858429
341.780457
192.941483
-47.698986
-227.888092
-384.010864
-488.404022
-853.956299
-703.134644
-764.799133
-795.738464
-623.552551
-363.163757
-186.228836
98.897163
142.914566
-104.914139
-324.573578
-169.798065
-134.237106
-268.672791
-216.462204
53.138996
-481.332642
-389.285370
-511.321503
-698.294067
-988.083862
-1289.824097
-954.519165
-778.927612
-572.070435
162.435944
412.095856
728.834595
910.962708
951.403015
1176.041138
1493.218872
1588.239014
1445.380981
1570.385376
1679.319458
1692.091064
1620.862549
1567.587769
1538.960938
1518.375732
1578.643311
2138.143066
2104.349365
1624.393188
1329.122803
937.498291
713.743225
341.640259
-48.392006
-186.140930
-151.186462
-277.859100
-235.150116
-238.573074
-16.209391
339.977966
212.419205
213.955048
102.142654
-172.341568
-437.035248
-618.289917
-724.598572
-1101.822266
-1014.194885
-1095.150391
-1220.681152
-1125.430664
-861.125061
-671.566528
-392.733398
-411.582672
-659.580322
-873.769348
-599.832275
-436.874207
-402.045105
-144.694412
220.259628
42.332218
107.417931
87.288773
-104.755424
-458.927826
-716.773071
-368.566864
-180.279495
0.586485
678.978333
899.837097
1206.329590
1274.461792
1149.682373
1286.462036
1573.494995
1634.712891
1499.579590
1600.299683
1650.638306
1623.053711
1546.321289
1443.929199
1465.938843
1548.510498
1529.316772
2027.380249
2002.305542
1656.554321
1442.476807
1055.522583
874.214539
545.904968
159.103638
-4.521769
-57.234638
-232.861053
-243.172379
-239.877518
-9.894434
180.468063
55.841465
64.688599
12.231299
-260.411224
-576.409912
-737.920105
-836.100281
-1203.424805
-1200.693848
-1307.240845
-1522.910400
-1535.001953
-1319.764771
-1129.890259
-870.833496
-964.858887
-1172.812500
-1364.898682
-1005.993896
-722.169128
-575.382507
-207.492126
212.994583
456.909302
480.857300
636.897827
455.055786
145.174133
-61.864151
293.812286
477.292206
618.374084
1155.379761
1338.647095
1573.767090
1555.275879
1326.946045
1316.924683
1499.848511
1524.437256
1404.707275
1465.535156
1456.250977
1411.743408
1343.973511
1222.944824
1263.948608
1465.227783
1407.434204
1734.793579
1711.921875
1504.340942
1389.982544
1047.397217
925.650940
661.716125
346.076385
192.552078
60.602112
-122.632744
-193.432770
-174.194412
19.931871
27.048014
-96.952606
-71.966850
-63.546654
-293.886536
-623.490234
-721.054504
-796.827698
-1108.176025
-1204.790649
-1327.453979
-1602.949585
-1744.125122
-1613.437744
-1443.181763
-1260.549927
-1431.886597
-1593.424683
-1724.011108
-1292.917725
-901.598022
-624.370544
-195.205139
211.163742
773.667297
808.718506
1121.911011
965.514465
754.595520
602.996216
960.121338
1080.335571
1150.899536
1489.877441
1651.549561
1772.709229
1679.263184
1374.361816
1229.426636
1270.033936
1267.150146
1176.887817
1214.745117
1171.650757
1118.025757
1061.815430
943.586548
974.079773
1294.428223
1211.921509
1316.171021
1297.339844
1229.370972
1196.943970
924.250793
865.159973
698.671814
488.751221
359.372162
160.649521
1.324570
-141.145615
-96.247032
33.385834
-108.364212
-220.708466
-193.225128
-142.550156
-304.981140
-618.139954
-647.784851
-686.320312
-837.916992
-1022.973328
-1114.627075
-1377.718506
-1651.227417
-1640.282837
-1510.166626
-1478.413818
-1688.150757
-1785.107056
-1833.835938
-1379.803833
-927.888611
-507.858276
-31.387505
280.918152
982.156372
1072.974365
1458.863892
1394.701660
1262.488281
1178.747803
1489.172974
1524.565918
1518.149170
1627.617188
1751.119995
1758.960449
1601.314209
1262.770020
1028.666748
969.466553
950.206116
898.638733
914.552612
860.635864
825.202881
764.672241
677.909363
688.457458
1050.362549
977.335327
882.587952
870.722229
898.207153
930.492126
741.265869
721.998962
671.042480
550.788879
432.021942
198.548996
58.266529
-136.958664
-75.847839
0.262611
-218.859543
-298.746613
-275.983093
-186.747589
-271.445587
-547.012817
-521.584717
-528.530762
-470.282623
-680.285461
-688.784668
-912.726990
-1268.873901
-1412.448853
-1318.288086
-1397.722412
-1620.824341
-1652.614136
-1614.539307
-1184.857300
-713.161621
-232.967468
227.069046
423.547729
1112.872192
1249.872070
1637.118896
1700.213501
1639.932373
1606.910034
1800.716675
1776.350952
1681.037720
1561.595581
1626.694214
1541.150879
1361.412964
1040.779419
779.380981
669.488525
648.495789
634.066650
619.507690
573.266235
588.508484
515.190002
459.343445
448.961029
785.640991
760.392151
502.800598
496.185760
565.683716
635.237183
513.574097
521.699585
552.249329
504.697479
385.722839
144.249451
3.527478
-204.856934
-133.208206
-97.302574
-279.924866
-320.382172
-295.452209
-177.438812
-177.379807
-384.551453
-319.892090
-301.639069
-84.952629
-245.060165
-153.162369
-318.432709
-671.640991
-940.948486
-907.395142
-1027.659180
-1231.625488
-1222.722778
-1063.803955
-714.834106
-260.490417
168.559540
549.824219
649.304993
1225.407104
1382.165894
1710.087280
1836.180420
1863.187988
1858.179321
1906.042358
1830.298828
1652.542847
1330.809937
1350.561157
1189.638550
1019.630127
763.652832
524.120667
375.859741
369.868011
393.014862
357.441101
337.376892
396.743011
310.985107
284.694763
256.259918
537.136108
562.946594
184.831772
185.330551
263.770782
329.691986
267.002502
300.675934
371.171387
380.949402
260.725708
34.285553
-111.434479
-297.698212
-236.363403
-229.152573
-275.664459
-265.749084
-236.386993
-106.667953
-28.605688
-129.489243
-35.005695
9.923298
308.084229
204.556259
369.672119
320.208710
36.732956
-275.258270
-347.581635
-472.129639
-601.997437
-540.692810
-277.322662
-45.330326
336.126190
686.125000
901.570312
897.656250
1314.139038
1462.656982
1691.745117
1812.065063
1936.577026
1927.172852
1850.312744
1705.128052
1467.007690
1031.201294
1005.702332
782.428162
644.016541
470.751160
283.020569
112.925797
126.511765
187.896133
148.125946
149.246536
241.194305
157.450043
160.326294
117.997688
307.413361
373.385284
-55.644867
-33.695347
21.818939
59.141834
45.980431
89.448784
170.634140
228.162842
109.782394
-83.133606
-220.145859
-351.409698
-310.611603
-311.613922
-221.168015
-170.568771
-125.549004
1.694136
151.941956
219.176575
321.803833
382.598755
687.877747
613.457397
800.154602
889.095398
726.934448
446.161835
301.730042
187.972076
165.139114
307.267792
621.162231
723.859863
977.232361
1236.057617
1237.636719
1111.632568
1381.050293
1489.895752
1589.259521
1704.440430
1864.447510
1842.755737
1639.279175
1438.772827
1171.812256
701.458557
634.107117
375.691071
286.906342
201.469284
71.500259
-90.906883
-54.991676
39.878742
-3.473556
7.529669
119.596428
59.149109
81.413757
31.278570
110.610207
192.931107
-213.903198
-172.223312
-162.957733
-156.074188
-123.628052
-82.256660
-7.810803
77.110558
-20.029366
-156.045135
-278.872650
-333.903503
-295.260468
-297.533752
-128.201263
-33.296368
11.926436
103.435425
291.940643
548.810852
644.244263
710.867004
977.148132
950.757507
1139.591064
1323.354736
1305.984253
1108.293335
939.197632
839.364441
927.317322
1148.241821
1487.628906
1445.604126
1532.124634
1709.134521
1549.880493
1324.344604
1442.749146
1508.184082
1434.195557
1542.768921
1658.540283
1626.031250
1311.221680
1090.379272
829.772217
377.612823
291.316742
34.406563
-21.605404
-24.303141
-116.923195
-233.311234
-177.500229
-64.074455
-98.088470
-88.403717
22.610437
-16.743526
13.333526
-30.053974
-56.221523
9.042707
-329.813385
-278.468140
-311.904755
-324.012970
-239.699860
-202.573593
-133.150482
-44.975498
-91.190056
-149.674515
-250.081833
-228.500504
-189.074722
-187.002197
1.256868
146.707947
167.077774
199.366928
383.268158
759.226929
837.863892
911.060486
1134.395264
1177.931396
1339.406738
1567.955444
1677.265015
1607.158203
1436.990112
1365.374756
1550.010986
1825.992554
2150.346436
1988.076172
1920.768188
2042.534546
1794.255859
1530.342407
1475.107056
1490.932495
1236.719971
1317.671143
1364.130127
1305.760864
958.461792
737.206238
514.192444
137.911118
5.417697
-213.923584
-255.310135
-202.897125
-279.383270
-340.970184
-268.236359
-156.492035
-166.290955
-166.807587
-79.522041
-95.642204
-67.209030
-89.642830
-196.343353
-173.769028
-415.264282
-359.744324
-406.866821
-422.251740
-302.755676
-272.493103
-214.310516
-124.302292
-100.503036
-87.536667
-132.070923
-37.236191
2.212078
13.312280
72.279297
221.058197
249.086746
246.645508
419.927765
851.487305
907.922302
988.594299
1154.049927
1252.164185
1357.919312
1593.558472
1797.552734
1851.170532
1702.566528
1671.280029
1938.740234
2229.980957
2488.771973
2255.257324
2090.397461
2139.513672
1863.955078
1608.568481
1430.706299
1384.219360
1013.934875
1046.685303
1020.732483
950.066956
627.136902
419.868652
248.181488
-22.365587
-193.360168
-358.625946
-409.378387
-341.692657
-404.582092
-417.462952
-336.768860
-238.795517
-215.307800
-232.717377
-191.247284
-175.175522
-162.754807
-155.608856
-302.793457
-340.755829
-456.584717
-408.374695
-443.352905
-455.922668
-325.614594
-294.594025
-258.352631
-170.335159
-68.425117
9.832045
44.223370
196.171555
252.076828
271.247894
69.996941
199.090530
257.065430
239.389664
387.245667
830.958862
881.706116
961.892151
1037.107788
1157.024170
1203.641724
1412.001831
1670.811035
1836.301392
1716.202759
1725.743774
2036.658936
2304.884033
2458.768555
2198.057373
1989.183838
1958.507446
1713.593018
1491.065308
1266.082275
1178.962036
763.370361
746.819092
655.078674
594.285583
324.342163
143.372955
26.189245
-133.748734
-304.283142
-409.293518
-477.728394
-430.873138
-480.433258
-448.453186
-380.094818
-299.546448
-254.714478
-294.308929
-298.681732
-261.773987
-259.323578
-216.036499
-370.811432
-480.194977
-465.507629
-433.668579
-446.706390
-447.086029
-310.753632
-288.166687
-266.335846
-183.032578
-5.228139
131.547119
263.300171
419.373871
488.376892
525.283386
49.958775
153.332977
224.135132
197.526260
304.049377
712.861389
758.432434
830.663818
816.355896
937.150635
936.687927
1091.415161
1354.865234
1608.426270
1515.945435
1546.519409
1853.644775
2078.783203
2122.835938
1881.117676
1646.188843
1573.339844
1384.271240
1204.721802
986.625244
875.759338
495.602936
441.642273
304.825775
270.363647
74.492546
-69.126114
-141.432938
-206.571136
-351.915894
-392.394623
-475.021515
-462.673523
-504.440002
-444.089844
-411.400024
-351.065430
-309.151093
-382.563354
-422.706604
-373.296661
-363.117218
-271.120819
-407.049561
-579.005615
-451.805176
-441.304321
-427.904022
-411.560944
-286.279663
-275.144470
-264.757751
-188.753265
50.800194
218.930252
463.091064
582.603943
649.961426
721.136536
13.256413
76.197235
145.223541
121.505524
185.112976
522.580994
558.365417
613.712708
529.434021
648.221313
619.112000
711.045837
940.982605
1210.722168
1151.707153
1192.977783
1465.128296
1634.185181
1578.661133
1391.479248
1153.392456
1045.292847
937.473999
813.187500
643.666870
521.023804
233.890182
153.855911
3.000296
2.597793
-112.531425
-210.643875
-249.688278
-236.275497
-345.366943
-333.385681
-432.388458
-447.792511
-484.225647
-420.127106
-433.388306
-405.158447
-370.985870
-477.567810
-553.555603
-500.404205
-477.165527
-337.543457
-431.799164
-622.930603
-414.624329
-415.957794
-375.135529
-347.610352
-256.664520
-262.531158
-269.543976
-205.704971
50.879688
206.052734
544.072876
601.571716
689.639771
789.920105
-45.956249
-21.282204
40.543266
6.452794
38.420025
274.544098
310.589111
347.295258
219.000534
329.409393
275.315948
315.253510
486.360382
716.111206
699.664307
740.006775
951.962158
1047.326782
911.246033
795.059570
574.534119
438.826935
433.339111
372.034821
275.987701
162.574219
-10.978668
-92.921730
-228.180832
-193.958054
-230.367874
-272.429291
-301.878693
-226.403229
-301.522491
-253.840179
-357.163025
-391.477783
-424.188385
-385.151306
-438.051941
-455.089630
-436.101532
-553.678284
-656.058105
-606.724609
-572.134216
-400.652832
-433.005798
-605.055115
-355.522369
-357.416351
-300.167847
-261.805084
-221.541214
-240.697205
-255.770508
-225.608490
-4.963739
93.528519
497.315887
475.077087
582.947327
697.006836
-113.528580
-120.623100
-75.371582
-121.776726
-110.979935
5.118662
48.802464
77.023689
-63.113808
23.185753
-48.255562
-40.342911
49.361591
204.409286
236.336411
253.108871
396.595795
413.696320
226.566544
190.521362
5.583644
-129.344055
-51.027630
-58.502781
-85.796486
-159.687531
-207.674713
-263.461304
-367.249023
-302.099579
-289.042877
-263.816589
-300.492096
-197.871704
-242.467667
-174.050095
-254.402359
-297.617798
-327.289246
-337.380219
-420.843506
-476.033264
-485.041748
-600.926636
-702.976074
-657.125732
-604.017700
-420.250000
-395.172211
-522.070557
-266.068176
-270.819977
-218.065079
-156.274048
-176.439560
-212.592285
-228.501251
-247.618134
-103.725060
-76.608604
339.190155
235.664017
335.051514
445.846100
-176.116028
-216.133591
-198.029556
-235.736084
-242.693527
-254.898712
-196.533997
-172.985046
-279.859131
-225.783463
-293.380341
-313.588165
-313.724731
-246.229691
-179.213348
-195.722641
-123.142899
-170.785843
-370.080170
-337.499969
-457.680725
-580.546143
-452.949707
-413.825012
-397.495850
-422.242798
-359.654938
-372.900482
-430.278076
-348.025208
-308.926849
-220.086945
-260.657898
-164.736557
-175.322525
-100.475479
-140.449661
-177.421005
-194.884003
-244.823212
-349.226349
-439.260254
-474.305511
-575.881409
-662.053040
-627.222900
-549.580627
-382.611023
-325.042206
-390.138153
-163.666397
-186.213028
-134.855148
-55.426861
-118.898819
-169.396408
-190.744415
-269.628937
-237.179062
-270.441895
77.287392
-81.356667
-18.653540
50.760208
-215.253281
-283.764008
-296.652496
-323.578979
-350.371704
-475.659943
-402.943573
-387.601257
-424.638824
-405.295135
-452.257812
-487.825409
-560.439087
-581.223694
-493.906647
-540.969910
-532.931213
-634.110474
-820.364746
-736.314880
-784.398499
-884.436035
-747.909058
-677.448181
-641.382690
-619.577942
-481.163086
-449.311920
-455.937256
-360.144318
-300.410522
-163.694809
-198.279724
-126.815125
-107.169495
-39.106594
-46.537891
-46.615398
-45.062298
-104.144920
-216.120056
-328.267090
-382.891510
-452.596924
-520.274414
-499.948975
-413.896179
-296.470673
-231.166977
-234.321182
-77.066444
-115.721931
-59.670193
24.420479
-60.887451
-115.357758
-153.680832
-287.838165
-385.116638
-466.089691
-239.722305
-425.822571
-435.937988
-422.664062
-206.815506
-286.161926
-332.440491
-357.310486
-407.142365
-627.028992
-555.394714
-557.866577
-511.380707
-509.130524
-530.515381
-553.700928
-668.932556
-773.816528
-675.531006
-752.259155
-791.090088
-920.775757
-1073.420166
-955.725952
-941.911743
-1003.780457
-895.957153
-816.782043
-777.086243
-712.627808
-537.203796
-482.036285
-439.259705
-337.121277
-276.050720
-114.672157
-124.186028
-85.661133
-39.187389
11.519432
36.740086
81.400253
110.585320
52.762455
-39.807343
-151.449585
-210.721466
-244.572693
-286.776337
-288.009644
-231.484406
-186.845718
-125.469177
-75.305603
-1.165740
-37.720165
6.718695
83.317070
-18.626032
-66.558601
-122.167549
-290.701050
-503.756561
-627.113770
-562.746704
-750.403076
-855.763367
-915.040039
-163.701859
-233.949493
-317.644958
-342.453949
-412.852997
-700.010315
-653.263367
-677.627502
-555.213989
-550.684021
-540.132751
-540.789795
-668.057434
-834.058411
-734.154663
-816.629333
-894.330383
-1034.802979
-1124.850830
-1005.153992
-943.500366
-957.429565
-894.332092
-809.168396
-773.459900
-678.763245
-506.079041
-452.838684
-379.005157
-287.681274
-225.708450
-67.771339
-53.481258
-34.551414
24.963303
55.369759
110.693115
192.575668
258.254669
197.879959
132.384506
41.047874
-13.719766
-13.199431
-21.788425
-29.788641
-12.025208
-49.241623
-21.443695
83.588760
75.393837
47.129341
59.447178
124.627831
32.602055
-7.271320
-77.201706
-262.442535
-566.576660
-722.434082
-856.875977
-1024.451050
-1222.886230
-1357.733154
-102.346794
-147.491470
-261.956573
-292.793182
-370.815521
-682.630310
-680.446289
-728.915405
-548.626953
-539.347717
-510.560730
-490.666809
-595.925049
-772.429810
-685.914856
-763.906738
-880.812866
-1008.257629
-1026.165527
-926.180298
-840.744751
-793.945862
-782.756470
-695.677490
-652.585388
-550.078613
-415.179688
-368.966827
-291.677368
-220.352631
-154.066818
-10.933208
31.320839
34.467491
93.076477
108.927658
186.425919
282.992279
377.219971
326.616852
287.891357
213.150085
185.909012
217.302490
242.512466
229.440094
210.429260
98.083305
72.807007
213.864334
146.332077
113.710220
114.578773
157.738785
98.241196
69.447823
6.135541
-160.614899
-520.503479
-680.076904
-1039.038818
-1148.066650
-1428.562988
-1626.135376
-24.805105
-40.995979
-172.485596
-203.739914
-265.678314
-561.049683
-616.403625
-694.087036
-491.537872
-481.747345
-459.719177
-418.853577
-472.287201
-612.672058
-552.065125
-627.956604
-779.003906
-868.339539
-814.486755
-760.052795
-664.740540
-556.348633
-597.344604
-515.202698
-457.021210
-382.797058
-297.273865
-270.424103
-180.343414
-138.763611
-83.768814
40.903812
122.671562
117.140465
162.865097
175.231705
268.381012
351.047821
454.111969
424.052826
424.474548
360.926941
357.773071
424.151978
473.677826
452.215973
404.770844
228.023270
153.454712
308.457947
210.170151
165.536179
160.308472
167.867157
140.140976
138.076324
103.751656
-12.707422
-354.416260
-490.076355
-1038.463501
-1055.647095
-1405.379395
-1669.668945
56.813030
73.940834
-62.756760
-83.092346
-116.773979
-366.365997
-473.289093
-582.561157
-385.431488
-382.032257
-381.361664
-337.807007
-339.583038
-430.063446
-401.667969
-452.004333
-626.887024
-662.892517
-553.001404
-566.816040
-462.593140
-316.788574
-404.931061
-324.940247
-258.423859
-223.235901
-180.615402
-187.948273
-89.091888
-80.486122
-34.675014
64.893997
177.890213
178.401062
207.101471
215.190247
311.592896
364.068939
466.433411
468.000214
504.278351
457.914886
462.053406
558.139343
626.545532
613.126953
551.204041
316.297882
201.399918
353.032257
233.085587
177.620682
157.998901
135.180740
150.310211
166.456589
146.348663
73.409119
-156.191803
-222.892334
-899.713867
-793.810730
-1188.609619
-1510.667358
124.726578
170.251663
38.219734
28.241638
14.223823
-165.639053
-299.262390
-422.081238
-246.109665
-261.405670
-284.953339
-258.216278
-227.087219
-258.924377
-259.706207
-275.351135
-464.958374
-450.529449
-302.012360
-370.132904
-281.511444
-131.941193
-248.427399
-164.691376
-90.912575
-84.829933
-76.372749
-113.794601
-31.571587
-50.224957
1.567331
75.232735
204.469513
208.177658
220.214890
221.747055
303.712555
328.353699
413.527405
436.462646
501.331451
472.970459
484.655548
599.037170
672.498047
677.217712
608.183044
342.563538
211.434082
337.330353
214.294800
152.764999
129.987427
83.142746
144.891098
166.047226
148.750229
118.933968
0.316597
43.809299
-681.031128
-468.811707
-864.295471
-1187.914307
156.593353
214.286911
105.575958
102.712700
103.348679
-2.825653
-137.060898
-251.831680
-118.135284
-145.431885
-185.737854
-176.201736
-126.177467
-104.758949
-124.210762
-116.778404
-289.578918
-249.261505
-97.386627
-195.925491
-133.283646
-1.020559
-111.831863
-39.740093
34.412384
11.714666
-3.725947
-53.680576
5.992424
-32.969181
26.794912
72.179893
200.300812
202.427383
206.309601
203.485519
260.319000
261.569305
318.524017
351.385986
423.857971
413.551575
428.105621
544.016052
612.561096
626.212341
563.532166
319.800690
193.929871
284.630341
173.870941
117.232689
95.154655
35.270805
123.277626
148.630402
145.698746
157.397919
133.785995
247.524551
-405.156738
-151.993805
-488.411377
-764.470886
