/Real_Ip0_1.out
1
Ip
7717.495605
7550.924316
7541.206055
7591.268555
7428.253906
7341.556641
7416.661133
7508.727539
7589.678711
7585.045410
7541.949219
7342.495117
7366.076660
7292.399414
7107.285156
6896.914062
6833.535645
6867.765137
6709.073730
6541.913574
6689.527832
6767.056152
7170.795410
7743.073242
8116.677246
8731.851562
8771.040039
8859.692383
8857.639648
8865.699219
8861.885742
8865.699219
8860.733398
8863.673828
8865.699219
8861.748047
8863.085938
8864.586914
8855.468750
8843.213867
8799.546875
8780.333984
8815.344727
8755.268555
8803.913086
8795.037109
8766.723633
8792.437500
8721.735352
8645.127930
8610.040039
8652.289062
8529.315430
8553.384766
8400.285156
8451.323242
8512.998047
8495.959961
8391.638672
8431.829102
8489.415039
8504.371094
8384.049805
8440.207031
7887.496094
7824.545410
7770.296875
7610.193848
7543.535156
7606.688477
7491.951660
7535.416504
7724.627441
7668.057129
7657.175293
7456.662109
7452.353516
7283.440918
7098.677246
6909.792480
6914.905273
6961.687012
6844.034668
6713.656738
6639.331055
6652.654297
6954.749512
7078.157715
7170.795410
7170.795410
7170.795410
7134.654297
8861.583984
8858.925781
8856.746094
8865.699219
8865.699219
8864.330078
8865.699219
8861.291016
8861.139648
8856.501953
8865.319336
8865.699219
8837.713867
8811.738281
8744.076172
8668.305664
8727.180664
8691.103516
8598.066406
8706.008789
8678.919922
8592.676758
8562.832031
8557.938477
8308.862305
8390.874023
8351.780273
8269.490234
8205.863281
8235.268555
8238.419922
8427.270508
8453.357422
8315.635742
8251.882812
8312.508789
7849.940430
7761.644531
7881.195312
7867.724121
7810.006836
7889.847168
7802.502441
7770.243164
7806.403809
7840.752930
7776.480957
7652.819824
7621.575195
7561.937988
7426.410156
7275.026855
7064.682129
7044.205566
7170.795410
6807.492188
6744.711914
6765.093262
6878.839844
7170.795410
7170.795410
8179.264648
8495.122070
8865.699219
8853.219727
8865.699219
8863.593750
8863.343750
8865.699219
8861.991211
8865.699219
8854.939453
8865.699219
8846.166992
8865.699219
8807.356445
8745.650391
8677.966797
8660.343750
8670.515625
8604.567383
8667.009766
8614.382812
8584.560547
8524.071289
8554.095703
8442.992188
8342.632812
8101.724609
7905.163574
7938.289551
8007.778320
8175.197754
8261.511719
8207.091797
8189.254395
8279.224609
8254.061523
8423.275391
8374.565430
7930.058594
7860.183594
7823.645508
7904.713867
7928.570312
7951.187988
7956.357422
8001.368652
8060.844238
8061.174805
7949.307129
7914.267578
7807.938477
7723.514160
7594.212402
7514.142090
7418.084473
7314.829102
7170.795410
7102.950684
7170.795410
7120.675293
7167.957031
8133.474609
8408.944336
8555.966797
8701.026367
8798.787109
8804.369141
8860.876953
8857.742188
8844.899414
8836.042969
8853.619141
8865.699219
8865.699219
8865.699219
8860.485352
8863.136719
8863.810547
8865.699219
8795.958984
8784.011719
8798.924805
8682.408203
8359.944336
8328.680664
8382.862305
8410.485352
8396.036133
8309.383789
8221.000000
8228.798828
8089.768066
7927.049805
7927.068848
7928.032227
7858.756836
7916.239258
8048.679688
8074.081543
8101.242676
8096.456543
8256.330078
8069.620605
8042.323242
8167.017090
8031.307617
8165.657715
8064.202637
8120.282227
8039.651855
8147.499512
8090.507324
8082.434082
8077.235840
8024.301270
7970.117188
8134.348633
8055.750488
7988.591309
7935.457520
7898.773926
8087.211426
8191.114258
8235.807617
8476.244141
8606.321289
8705.654297
8806.834961
8836.447266
8860.942383
8865.699219
8865.699219
8865.699219
8856.140625
8863.974609
8860.650391
8838.846680
8865.699219
8856.200195
8865.699219
8862.200195
8860.752930
8860.926758
8813.103516
8789.148438
8706.848633
8803.956055
8742.131836
8565.898438
8588.545898
8503.328125
8541.056641
8488.882812
8375.463867
8253.886719
8065.333496
7899.048340
7888.492676
7765.279297
7776.390137
7933.657227
7886.949219
7993.623047
8014.525391
7990.020996
8291.810547
8192.980469
8199.390625
8244.365234
8246.463867
8248.412109
8230.438477
8155.496094
8218.015625
8219.935547
8202.727539
8098.979004
8072.432129
8221.452148
8252.496094
8312.806641
8278.891602
8281.727539
8304.784180
8446.447266
8395.288086
8592.118164
8667.878906
8738.375977
8765.448242
8718.999023
8809.621094
8835.544922
8847.105469
8778.453125
8858.868164
8853.753906
8860.836914
8865.699219
8865.699219
8865.699219
8865.699219
8864.751953
8858.562500
8865.699219
8860.142578
8841.470703
8796.375000
8621.359375
8618.613281
8609.430664
8660.763672
8594.244141
8606.104492
8516.270508
8423.333008
8367.640625
8384.575195
8301.568359
8227.738281
8108.506836
8046.505859
7931.117188
8011.044434
8129.828613
8249.267578
8194.974609
8156.639160
8177.875977
8130.333008
8284.388672
8419.354492
8522.264648
8370.645508
8511.233398
8432.285156
8451.470703
8413.904297
8283.957031
8359.493164
8244.268555
8356.957031
8429.808594
8514.987305
8594.131836
8447.886719
8582.160156
8534.474609
8509.480469
8551.184570
8733.843750
8748.371094
8803.186523
8821.906250
8862.139648
8865.699219
8858.247070
8865.699219
8865.699219
8864.671875
8835.246094
8753.112305
8814.243164
8865.699219
8865.699219
8865.699219
8861.062500
8861.579102
8816.582031
8741.253906
8745.721680
8736.904297
8725.183594
8715.400391
8794.208984
8742.534180
8598.694336
8600.019531
8583.479492
8544.887695
8580.047852
8512.488281
8358.685547
8196.495117
8077.536133
7933.582520
8035.665039
7997.182129
8039.859863
8081.610840
8192.464844
8210.128906
8149.415039
8244.636719
8357.933594
8348.130859
8396.970703
8403.923828
8512.123047
8476.293945
8332.310547
8260.832031
8190.598633
8295.050781
8372.177734
8460.070312
8484.880859
8331.853516
8271.569336
8446.647461
8523.160156
8446.627930
8694.391602
8762.705078
8687.681641
8811.912109
8751.361328
8818.644531
8836.099609
8863.173828
8864.390625
8855.877930
8856.640625
8865.699219
8863.349609
8801.945312
8854.248047
8852.827148
8865.229492
8865.699219
8865.699219
8863.602539
8859.371094
8862.253906
8844.690430
8855.787109
8827.772461
8849.875977
8816.713867
8731.180664
8737.160156
8737.352539
8563.958984
8586.003906
8538.259766
8334.620117
8187.246094
8259.070312
8060.602051
7973.476562
7911.902832
7863.655273
7900.406250
8078.931152
8021.021484
8160.542969
8154.701660
8031.293945
8509.689453
8568.969727
8513.504883
8472.541992
8307.697266
8344.036133
8273.277344
8285.508789
8319.668945
8405.783203
8337.049805
8343.684570
8434.454102
8449.929688
8363.779297
8492.083008
8569.333008
8569.969727
8541.064453
8516.853516
8588.074219
8596.743164
8726.195312
8632.797852
8767.057617
8796.826172
8819.084961
8826.403320
8803.428711
8865.699219
8860.860352
8865.699219
8865.699219
8865.699219
8864.798828
8857.931641
8850.349609
8864.254883
8815.110352
8841.517578
8862.155273
8832.821289
8845.375000
8747.832031
8623.209961
8559.505859
8571.597656
8609.080078
8539.119141
8514.607422
8488.357422
8283.851562
8222.958984
8099.062500
7721.422363
7170.795410
7116.060059
7170.795410
7170.795410
7834.917969
8174.672363
8074.649414
7886.605469
7879.816895
8375.276367
8332.542969
8155.765137
8275.691406
8277.785156
8423.537109
8382.116211
8275.599609
8113.756836
8090.499023
8189.954102
8248.568359
8312.586914
8290.646484
8299.216797
8340.197266
8284.552734
8237.880859
8238.286133
8282.065430
8347.717773
8492.297852
8579.212891
8593.922852
8609.142578
8604.329102
8631.776367
8663.892578
8761.476562
8825.696289
8860.002930
8847.398438
8850.756836
8862.933594
8842.036133
8803.654297
8793.812500
8721.343750
8650.597656
8602.495117
8769.066406
8731.982422
8709.062500
8678.327148
8565.342773
8592.393555
8480.435547
8265.287109
8319.171875
8175.083008
8131.919922
8224.021484
8084.390625
7822.211426
7480.640625
7247.377930
7170.795410
6931.143555
7060.936523
6990.371582
7099.859863
7136.256348
7156.480957
7146.816406
8424.633789
8296.704102
8183.664551
8243.671875
8265.783203
8207.364258
7968.893066
7998.614258
7961.189941
7935.820801
8007.794922
7958.746582
7923.904785
7924.466309
7956.946777
8062.379395
8067.778809
8134.565918
8233.468750
8211.966797
8120.552734
8182.322266
8223.156250
8234.182617
8343.192383
8388.506836
8511.469727
8445.024414
8487.738281
8582.514648
8525.470703
8697.387695
8664.126953
8743.620117
8643.345703
8705.009766
8745.503906
8846.130859
8795.676758
8767.993164
8612.287109
8581.721680
8582.001953
8493.453125
8403.866211
8503.195312
8415.301758
8477.204102
8466.374023
8417.573242
8227.830078
8056.353516
7858.226562
7501.054199
7042.924805
6791.669434
6736.716797
6942.484375
6707.580078
6617.414551
6612.520996
6706.745117
6983.670898
7025.301758
8446.858398
8482.142578
8477.461914
8419.010742
8359.843750
8248.445312
7985.385742
7986.791016
7923.335449
7911.166504
7741.186523
7739.681641
7783.710449
7668.514648
7668.557617
7561.727539
7715.087891
7834.659668
7838.294434
7732.533203
7771.529297
7906.738770
7874.419922
8008.497559
8136.329590
8050.675293
8174.151367
8152.710449
8272.082031
8211.096680
8253.490234
8418.901367
8560.396484
8569.091797
8590.737305
8719.786133
8789.700195
8825.944336
8803.161133
8783.868164
8728.887695
8747.456055
8615.358398
8555.536133
8365.481445
8435.408203
8419.146484
8436.695312
8352.679688
8211.613281
8172.303223
7816.367676
7526.241211
7121.758789
7003.500977
6631.910156
6627.355469
6581.021973
6586.137207
6470.979492
6685.465332
6891.619629
6898.216797
7170.795410
8344.154297
8403.941406
8269.584961
8263.998047
8127.087891
8148.671387
7930.449219
7788.376953
7824.870605
7605.165527
7485.019043
7399.570801
7412.602051
7429.985840
7283.880859
7083.171875
6986.810059
6932.322754
7062.630371
7054.914551
7034.077148
7310.819336
7427.033203
7319.281250
7384.730957
7496.419922
7600.497070
7708.285645
7860.184082
7915.801270
8030.131836
8136.609375
8091.460449
8361.137695
8506.191406
8731.720703
8741.131836
8751.930664
8742.119141
8660.158203
8626.907227
8575.632812
8585.601562
8601.030273
8571.288086
8472.337891
8434.551758
8482.240234
8417.229492
8240.268555
8183.301758
7944.340820
7712.778320
7353.246094
6913.023438
6719.742188
6575.171387
6617.926270
6693.164062
6739.458496
6672.540039
6878.247070
7142.518555
7075.889648
8476.089844
8425.639648
8251.439453
8135.696777
8046.237305
8014.358887
8006.588379
7818.831543
7741.347656
7601.703613
7163.959473
7019.470703
7032.785645
6907.038086
6958.162598
6781.581055
6914.948730
6887.166016
7170.795410
7005.041504
6914.255371
7170.795410
6913.228027
6537.839355
6416.353516
6652.179199
6895.256348
7211.651855
7447.330566
7538.427246
7741.076172
7938.889160
8192.638672
8244.146484
8241.854492
8386.273438
8439.427734
8483.044922
8462.808594
8590.205078
8629.194336
8550.413086
8555.357422
8553.634766
8516.908203
8457.924805
8493.149414
8522.607422
8336.608398
8247.874023
8194.353516
7967.671387
7805.835938
7507.417969
7339.729980
7143.121094
6680.744141
6870.003418
6757.283691
6727.254883
6915.673340
7254.615234
7451.054688
7503.290527
8078.976562
8033.380371
8074.027832
8128.103516
8195.644531
8116.834473
8013.041992
7931.877930
7715.369141
7475.955566
7245.284180
7018.822266
7022.426270
6935.668945
7015.059082
6713.949707
6638.375488
6735.481934
6669.714355
6624.648926
6643.797363
6645.298828
6591.042480
6450.522461
6463.600586
6636.717285
6961.961426
7382.455078
7529.589844
7583.363770
7545.795898
7631.991211
7809.886719
7919.357910
7926.199219
8202.111328
8212.878906
8302.732422
8417.328125
8504.789062
8612.035156
8582.607422
8606.607422
8646.431641
8713.528320
8731.145508
8725.283203
8535.188477
8531.962891
8294.059570
8275.955078
8069.182129
7967.194824
7747.239258
7474.084473
7301.813965
7502.321289
7567.134277
7104.729980
7478.642578
7845.442871
7919.456543
7936.299805
7905.523438
8028.568848
7995.740723
8015.585938
7981.161621
7958.100586
7982.624023
7979.655273
7931.070312
7847.501953
7704.225098
7561.069824
7506.760254
7170.795410
7030.158691
6831.234863
6548.998047
6546.541016
6508.420898
6766.341797
6486.838379
6404.184082
6429.166504
6620.298828
6583.331055
6717.789551
7108.955566
7181.858398
7322.650391
7591.465332
7685.095215
7687.392090
7658.333984
7790.715332
7814.391113
7882.223145
8058.801758
8223.466797
8416.055664
8461.211914
8507.057617
8490.281250
8594.227539
8735.954102
8657.494141
8632.036133
8663.539062
8485.251953
8574.588867
8571.520508
8483.152344
8428.250977
8335.977539
8110.760254
7896.120605
7841.877930
7893.963867
7743.448242
7863.037598
7934.546875
8058.777832
8209.654297
8220.636719
8188.144043
8131.262695
7882.050781
7800.375977
7700.485840
7826.430176
7877.696777
7949.071777
7898.511719
7967.539551
7887.228516
7829.859375
7689.790527
7557.328125
7365.592773
7191.202148
6914.689941
6744.456543
6617.713379
6569.738770
6567.723145
6434.925293
6470.799316
6434.659180
6588.179688
6847.064453
7049.938965
7251.091309
7360.496094
7411.361816
7481.460938
7661.409668
7719.495117
7769.375000
7841.704590
7836.759277
7904.734863
7984.247070
8077.753418
8209.357422
8379.734375
8476.521484
8597.267578
8695.981445
8580.803711
8571.097656
8546.563477
8597.518555
8501.912109
8480.367188
8454.309570
8394.990234
8356.391602
8358.813477
8308.017578
8196.721680
8066.203613
8109.183594
8034.679199
7970.891113
8168.787109
8054.939941
8078.448242
8155.500977
8188.557129
8209.806641
7826.742188
7820.577148
7862.527832
7955.343262
7971.832520
7906.787598
7961.485352
7938.708496
7833.864746
7786.020020
7727.437500
7685.415039
7653.378418
7495.991699
7356.597168
7209.708008
7034.429688
6775.077637
6654.360840
6638.571289
6743.756348
6623.946777
6772.938965
7103.624512
7306.489746
7329.432129
7317.684570
7613.385742
7793.069336
7764.980957
7824.457520
7906.355957
7938.586426
7924.133301
8008.916504
8009.710938
8261.684570
8469.458984
8484.969727
8509.670898
8507.161133
8685.191406
8660.576172
8740.345703
8702.207031
8701.154297
8565.155273
8469.899414
8488.672852
8465.943359
8488.277344
8314.687500
8232.390625
8251.853516
8210.116211
8143.064941
8107.116699
8163.385254
8111.411621
8200.236328
8276.869141
8242.471680
8318.581055
8227.127930
7879.106934
7941.981445
7923.481445
7969.046875
7963.896484
7926.052246
8089.489746
7982.731934
7944.061035
7944.228516
7768.455566
7658.289551
7600.573730
7532.547852
7480.320312
7450.366211
7322.895508
7181.947266
6890.331055
7011.879883
6817.668457
6879.853516
7091.513672
7163.363770
7377.202637
7543.297852
7620.455566
7723.106445
7674.051270
7756.106445
7844.876953
7977.193848
8051.912109
8023.286133
8127.302734
8245.414062
8265.081055
8301.418945
8412.739258
8485.857422
8642.947266
8682.179688
8633.972656
8672.967773
8576.843750
8513.447266
8542.962891
8543.410156
8484.736328
8374.585938
8311.270508
8220.125977
8163.844727
8072.541016
8034.844727
8148.931641
8147.387207
8159.466797
8206.449219
8213.690430
8207.964844
8186.558594
8191.031250
8223.515625
7807.186035
7888.493164
7883.754883
7876.811035
7910.750488
7878.457031
8054.442383
8163.274902
8018.896973
7902.202148
7827.724609
7741.781738
7638.636230
7448.261230
7485.148926
7428.427246
7257.757812
7200.669434
7109.090820
6963.427734
7170.362305
7201.071289
7357.394043
7500.216309
7611.854492
7654.614258
7756.073242
7735.076660
7808.074219
7841.859375
7855.562988
7766.277344
7843.091309
7963.709961
8012.041016
8178.822266
8262.015625
8236.012695
8300.560547
8442.442383
8506.420898
8563.759766
8564.069336
8627.749023
8663.870117
8692.743164
8619.681641
8591.188477
8497.296875
8527.625977
8329.797852
8235.066406
8116.955566
8032.392578
8134.918457
8082.240234
8202.587891
8236.738281
8218.733398
8243.279297
8254.750977
8237.230469
8124.984863
8147.115723
7757.750000
7689.906250
7808.365234
7777.839355
7862.407715
7832.652344
7829.966797
7852.671387
7802.672852
7772.499023
7835.205566
7822.265625
7852.079102
7734.393066
7743.015625
7765.566406
7662.765625
7647.620117
7534.356934
7561.367676
7563.336914
7621.033203
7722.331055
7770.443848
7849.703613
7896.142090
7759.421875
7918.395508
7928.995117
7976.966797
8108.333984
8014.591309
8107.675293
8121.486816
8220.070312
8473.732422
8551.023438
8506.117188
8503.882812
8478.466797
8458.875000
8596.653320
8584.241211
8622.333984
8685.854492
8656.931641
8621.311523
8597.517578
8596.833008
7143.232910
7170.121582
7146.444336
7137.181152
7170.795410
7567.848145
7653.449707
7759.211914
7877.593262
7866.748535
7938.857910
7904.979492
7884.248535
7852.441895
7921.080566
7743.159180
7665.907715
7581.711426
7586.931152
7656.390137
7529.182129
7539.737305
7459.630371
7469.096680
7586.119629
7663.937500
7763.679688
7670.462402
7570.756836
7607.357422
7860.414062
7830.982910
7861.359863
7911.763184
7912.173828
7893.203125
7936.658691
7903.356445
7963.162598
7977.468262
7987.879883
7934.117676
7930.172363
8020.488281
8150.202637
8189.484863
8213.888672
8276.836914
8304.277344
8405.680664
8497.954102
8578.554688
8593.444336
8614.054688
8611.548828
8641.879883
8738.875000
8763.520508
8726.541992
8742.367188
8701.054688
8632.507812
8484.537109
8248.748047
7838.650879
7079.735840
6812.750488
6786.802734
7123.860840
7096.133789
6997.970703
7020.602051
7044.716797
7058.860352
7170.795410
7083.232910
7031.374023
7481.068848
7623.546387
7518.017578
7346.035645
7501.163574
7562.001465
7405.758789
7364.584473
7431.004883
7578.451660
7559.947754
7586.228516
7666.662598
7814.287598
7861.732910
8028.170410
8029.791016
8118.868164
7974.096191
8129.384766
8169.224121
8016.810059
7976.863770
8038.603027
8115.841309
8074.210938
8086.225586
8208.044922
8213.822266
8129.901855
7984.546387
8250.982422
8266.813477
8536.375977
8463.435547
8325.732422
8554.213867
8583.870117
8604.213867
8695.457031
8606.723633
8736.250977
8757.369141
8651.487305
8732.252930
8802.437500
8789.486328
8776.956055
8711.005859
8612.150391
8424.477539
7832.449707
7170.795410
6786.541016
6645.454590
6638.434082
6669.131348
6633.035645
6519.569824
6790.487793
6887.905273
6871.709961
6903.070801
6886.473145
7048.726562
7202.841797
7406.681152
7557.210449
7447.026367
7370.792969
7439.161133
7433.442383
7361.326660
7388.742188
7520.485352
7490.987305
7628.272461
7824.452637
7865.803711
7999.908691
8103.723633
8210.978516
8222.340820
8246.922852
8233.482422
8133.857422
8090.261230
8145.960449
8231.176758
8236.972656
8355.294922
8405.790039
8449.142578
8506.586914
8499.689453
8512.110352
8262.166016
8485.246094
8477.016602
8508.375000
8593.600586
8742.018555
8731.838867
8815.082031
8798.327148
8783.881836
8649.739258
8599.291992
8643.250977
8715.710938
8817.301758
8752.631836
8496.028320
8497.632812
8170.072754
7892.773926
7562.082520
7038.765625
6726.206055
6677.103027
6507.135742
6462.264648
6320.277832
6326.136719
6679.883789
7170.795410
6853.041016
6636.663574
6730.407227
6914.805176
7473.198730
7455.886230
7533.629883
7401.591309
7374.186523
7315.061523
7408.705566
7405.875000
7347.418945
7337.671387
7399.399414
7593.302246
7770.795898
7958.505371
8018.336914
8169.352051
8357.754883
8260.790039
8235.207031
8332.314453
8526.254883
8401.101562
8436.122070
8446.953125
8498.337891
8497.121094
8492.257812
8570.693359
8593.128906
8557.553711
8503.250000
8470.945312
8661.495117
8767.949219
8813.689453
8859.714844
8855.320312
8865.699219
8847.453125
8859.088867
8784.148438
8793.208008
8740.061523
8725.322266
8664.327148
8586.901367
8452.793945
8363.204102
8370.460938
7987.055664
7734.261719
7433.088379
6931.691895
6633.701172
6612.264648
6321.069336
6296.026367
6106.787598
6190.900391
6496.452637
6548.154297
6615.186523
6634.398438
6893.251953
7327.524902
7468.517090
7385.746582
7340.869141
7347.602539
7453.923828
7437.540527
7462.107910
7495.130371
7718.611816
7724.340332
7592.229004
7606.885742
7723.288574
7917.921387
7961.384766
8006.417480
8017.003906
8178.942383
8233.715820
8256.324219
8280.536133
8315.036133
8441.126953
8433.800781
8440.074219
8502.405273
8515.395508
8571.185547
8702.645508
8674.042969
8573.954102
8690.452148
8715.291992
8785.796875
8838.816406
8836.013672
8848.419922
8836.401367
8853.058594
8865.699219
8795.158203
8729.201172
8589.614258
8555.443359
8484.684570
8237.600586
8208.474609
8042.565918
7861.401855
7698.418945
7340.479492
6974.790039
6827.055664
6453.057617
6355.487305
6129.707520
6124.221191
6310.509766
6478.284668
6369.810547
6385.023926
6568.643066
6667.361816
7486.992188
7532.323730
7318.693848
7299.726562
7339.605469
7330.465820
7420.891602
7516.550293
7452.309082
7472.578613
7515.537109
7746.566406
7814.495117
7833.406250
7884.545410
7943.562500
7956.696777
7913.546875
7988.818848
8170.898438
8226.839844
8258.093750
8380.187500
8487.290039
8577.629883
8453.710938
8290.023438
8345.253906
8506.274414
8487.982422
8412.818359
8511.345703
8522.499023
8595.410156
8586.365234
8589.329102
8689.114258
8584.153320
8587.345703
8576.173828
8588.574219
8469.206055
8584.536133
8571.145508
8449.616211
8266.949219
8134.990723
7935.006348
7823.297363
7547.347656
7629.760254
7429.673828
7178.126465
6881.154297
6715.083496
6755.105957
6397.791016
6221.572266
6290.003906
6302.444824
6382.777832
6395.433105
6695.309570
6559.371094
7426.256836
7479.360840
7473.961914
7519.750000
7457.547852
7517.860352
7497.664551
7410.488770
7344.489258
7417.913086
7613.728027
7724.149414
7778.695801
7825.965332
7902.922363
7894.713379
7760.789551
7665.567383
7623.854492
7812.837402
7958.527832
8061.540039
8017.884766
8178.056152
8206.594727
8223.842773
8093.986816
8200.404297
8120.177246
8170.063965
8245.329102
8249.780273
8165.433594
8182.299805
8059.304688
8174.318848
8322.501953
8219.261719
8007.219238
8103.099121
8192.577148
8220.837891
8273.574219
8212.623047
8171.101562
7922.493652
7877.469727
7788.416504
7758.777344
7599.204590
7331.594238
7239.969727
7195.058105
7284.548340
7228.211426
6754.809082
6757.114746
6455.797363
6357.273438
6233.509277
6247.649902
6376.697754
6368.852051
6394.549805
7440.458496
7439.956055
7508.641113
7463.915527
7623.534668
7727.677734
7734.595215
7697.881348
7770.088867
7727.750488
7712.436523
7731.139160
7877.139648
7910.493164
7763.901855
7726.368652
7718.731445
7811.646484
7741.903320
7656.608887
7724.756836
7726.564941
7919.343262
7897.415527
7876.969238
8018.827148
7925.872070
8001.254395
8052.608887
7921.340820
7726.916016
7398.768555
7170.795410
7170.795410
7426.113770
7629.666992
7677.426758
7675.467285
7430.952148
7332.305664
7409.202637
7352.958008
7438.938965
7503.904785
7658.036621
7599.354004
7571.708984
7601.699219
7433.819336
7470.849121
7264.670898
7309.045898
7223.863770
7254.142578
7176.006836
7206.340332
7201.777344
6856.383789
6474.792480
6398.389160
6439.312012
6631.497559
6421.205078
6646.520508
7496.512207
7601.006836
7575.694336
7594.044922
7679.622070
7783.077148
7636.684570
7767.686523
7787.000000
7842.925781
7827.402344
7778.715820
7754.066406
7814.980469
7755.000488
7742.034668
7724.029297
7807.422852
7771.999023
7748.595703
7807.557617
7738.479004
7732.936035
7807.567871
7739.879395
7835.624512
7878.826660
7876.530273
7692.975098
7684.384766
7576.145508
7389.934082
7036.134766
7059.317383
7035.039551
7090.520996
6956.833008
6888.464355
6879.735352
6699.558594
6715.365234
6784.161133
6973.251465
6878.803711
6882.759766
6978.176758
6943.308105
7092.212402
7085.885254
7060.873047
7115.501465
7213.787109
7144.013184
7078.562012
7161.605469
7116.918457
7063.446289
7030.936035
6755.180664
6643.587402
6466.164551
6438.221680
6431.656250
6680.407227
7545.424805
7547.847656
7610.827148
7661.612793
7657.283691
7771.266113
7741.927246
7724.504883
7773.340820
7870.716309
7777.590332
7809.175781
7752.012207
7631.605469
7712.966797
7720.505371
7612.842285
7525.451660
7620.014648
7736.066406
7693.481445
7710.143066
7697.282715
7534.116211
7582.731445
7657.849121
7581.173340
7687.867188
7618.950195
7471.340820
7493.606934
7562.501465
7388.570801
7170.795410
6921.193359
6747.117188
6679.375000
6526.565918
6393.070801
6371.517090
6311.006836
6355.858398
6275.291992
6277.249512
6258.495117
6473.667969
6387.572266
6423.892578
6587.712891
6518.704102
6456.160645
6500.083008
6478.495605
6559.758301
6665.689941
6956.776367
6956.776367
7011.156738
7035.790527
6956.776367
7040.707031
7012.737305
7038.750000
7056.056641
7754.165527
7747.612305
7762.751465
7691.550293
7543.929688
7543.468262
7593.388184
7754.206543
7671.408203
7646.326660
7640.585938
7571.459473
7474.330566
7415.845703
7326.954102
7469.793457
7525.895020
7424.076172
7480.280273
7344.225098
7512.102539
7507.658691
7358.409180
7375.008301
7368.846191
7459.416504
7378.913086
7236.068359
7253.200684
7224.763672
7278.951660
7160.153809
7089.172852
6956.776367
6652.902832
6659.294922
6799.401367
6473.542480
6354.409180
6445.659180
6156.190430
6127.462891
6008.125977
5944.420898
5880.577148
6104.344727
6378.874023
6188.668945
6080.562012
6114.108398
6124.663574
6241.004395
6271.295410
6327.357422
6542.732422
6956.776367
7090.722656
7134.625488
7162.592285
7027.791992
7066.887695
7114.329102
7141.873047
7178.790039
7583.141602
7575.861328
7617.320801
7386.436523
7427.801270
7604.069336
7612.934570
7618.459961
7519.065430
7495.213379
7435.268555
7399.785645
7283.407227
7212.693359
7027.479004
6982.460449
6988.882812
7129.826172
7304.803223
7289.321777
7372.043457
7285.121094
7317.548828
7175.646484
7122.944336
7030.879883
7052.401367
7053.603516
7094.848145
6956.776367
7044.226074
7085.463867
7035.065430
6978.148438
7022.916504
6496.825684
6344.541504
6486.467773
6228.140137
5941.906250
5914.306641
5899.968262
5890.250000
5811.290039
5892.572754
6011.547852
6067.169922
6047.002441
6101.645020
6193.436035
6341.248535
6284.068848
6346.198242
6442.424805
6985.172852
6956.776367
7117.342285
6983.747559
6972.331055
6958.814453
6956.776367
7023.058105
7093.572754
7098.183594
7521.880859
7533.624023
7497.426270
7537.937988
7415.052734
7458.168945
7570.837891
7468.376465
7558.805176
7404.515625
7479.018066
7343.742188
7399.942871
7171.581055
6960.189453
7023.116699
7185.797363
7147.785156
7185.727051
7203.707520
7122.774902
7084.837402
7122.404785
7165.820801
7141.267578
7040.128418
7005.748535
6970.685059
7068.615234
7121.895508
6990.127441
7042.932617
6956.776367
7045.065918
6956.776367
6956.776367
6358.876465
6395.929199
6129.276367
6028.234375
6036.307617
6105.411133
5970.716309
5960.856445
6035.561523
5947.253418
6035.768066
6147.287109
6059.869629
6224.826172
6346.345215
6606.371582
6986.883301
6956.776367
7000.482422
7048.212891
7186.899414
7211.422363
7119.508789
7113.518066
7057.269531
7071.547363
7086.108887
7173.028320
7365.728027
7376.277832
7454.032715
7466.777832
7526.742676
7647.728027
7552.332520
7539.094238
7453.641602
7333.029785
7338.220215
7254.983887
7321.813965
7245.567871
7197.267090
7152.617188
7158.611328
7109.447266
7051.608398
7101.605957
7065.649414
6956.776367
6963.039062
6552.770020
6295.807617
6141.854492
6076.490723
6022.654785
5979.059570
6149.192383
6242.708008
6411.039062
6699.495605
6750.045410
7170.795410
6742.045410
6427.572754
6259.847656
6369.879395
6629.549316
6256.863281
6120.602539
6216.759277
6059.161133
6334.166504
6498.787598
6235.382324
6247.420898
6127.471680
6269.105469
6612.005859
6410.272461
6435.245117
6514.543457
6521.075195
6762.558105
7228.495605
7224.218750
7202.204590
7170.942871
7191.740723
7176.006836
7125.253906
7197.840820
7355.852051
7358.152832
7435.579102
7481.438477
7451.449707
7550.879883
7450.934570
7304.347168
7337.405273
7473.486328
7256.527344
7419.277344
7414.229004
7309.982422
7267.091309
7116.131348
6921.825684
6790.551758
6690.817383
6593.856445
6545.100098
6306.122559
6152.610352
6061.481934
6127.364746
5730.002930
5781.118164
5920.756836
5738.571289
5691.442871
5962.479980
6120.079102
6431.657715
6421.747559
6449.788574
6459.792480
6429.750000
6330.058105
6432.615234
6377.979004
6346.487793
6304.577148
6129.465332
6155.583984
6041.020020
6121.133789
6034.899902
6023.016113
5972.389648
6060.561035
6127.755859
6259.566895
6290.258301
6170.420898
6139.639160
6418.835938
6662.165039
7035.915527
7145.214844
7090.642578
6991.602539
7088.805664
7049.579590
7007.705078
7316.997070
7358.545410
7268.821777
7400.314941
7422.998047
7481.398438
7535.468262
7475.244141
7370.194336
7414.758301
7281.558105
7347.427246
7199.665039
7158.893555
7065.898438
6956.776367
7037.024414
7054.718750
7110.687500
6728.614746
6457.040039
6356.033691
6049.476074
5775.641602
5677.144531
5621.483398
5618.724121
5620.654785
5706.065430
5656.490234
5832.613770
5927.681152
6071.167480
6196.125977
6501.560547
6454.051758
6615.475098
6442.125977
6422.063965
6652.952637
6482.804688
6356.206055
6528.849121
6239.914062
6070.618164
6040.170410
6038.498535
6226.776855
6216.551758
6004.512207
6078.175781
5991.083008
5977.886230
6016.818848
6076.823730
6184.895020
6487.191406
6956.776367
6956.776367
6991.175781
6956.776367
6994.265137
7103.135742
7043.180664
7470.449707
7512.431152
7441.867188
7503.508789
7566.047363
7430.076660
7270.784180
7288.168945
7267.706055
7289.573242
7183.929199
7213.025391
7159.110840
7055.673828
7050.178223
7083.697266
7055.792969
7240.909668
7190.695312
7079.368652
6638.173340
6390.416992
6218.138184
5935.417969
5852.800293
5733.690918
5711.455078
5622.704102
5619.751953
5800.742188
6092.642090
6041.574219
6060.168945
6417.916504
6852.210449
6540.312012
6502.742188
6625.751465
6640.249512
7037.107910
6611.534180
6528.237305
6324.102539
6078.716309
6189.774414
6394.796875
6319.226562
6170.856445
6311.704102
6306.736328
6243.898926
6281.017090
6353.268555
6188.835449
6288.365723
6572.348633
6956.776367
7306.793945
7208.843262
7191.127930
7203.362793
7186.230957
7090.320801
7136.166992
7613.692383
7575.357422
7576.783203
7639.538086
7563.558105
7360.904297
7405.971680
7401.210449
7314.819336
7219.089355
7182.527344
7182.272461
7217.855957
7149.838867
7102.376953
7127.438477
7082.321289
6966.387207
6995.331543
6956.776367
6956.776367
6599.334961
6477.653320
6187.071777
6026.496094
6195.570801
5780.093262
5653.396973
5869.848633
5626.751953
5837.250000
5866.247070
5892.364746
6136.776367
6176.002441
6114.247070
6248.774414
6184.244629
6516.097656
6685.092285
6443.554199
6411.670898
6284.516113
6195.181152
6371.163574
6596.242188
6480.128906
6625.017090
6949.742188
6655.427246
6463.464355
6477.579102
6469.262695
6470.575684
7017.158691
7160.277832
7216.655273
7285.974609
7301.417969
7226.504883
7186.921875
7220.811035
7237.108398
7226.854492
7540.109863
7557.209473
7557.999512
7516.742676
7464.285156
7579.806152
7596.507812
7489.711426
7331.816406
7293.646973
7209.838379
7062.511230
7225.839844
7204.132324
7213.668945
7207.475586
7149.788574
7097.572754
7170.516602
7164.571289
7228.400391
7323.511230
6715.016602
6568.784180
6300.535156
6154.490723
6151.772461
5947.129883
6091.956055
5855.732422
5934.507324
5856.815430
5888.037598
6144.337402
6420.503906
6116.867676
6021.268555
6277.338379
6709.948242
6592.899902
6543.883301
6464.158691
6533.942383
6613.361328
6620.794434
6640.940430
6708.966797
6755.157715
6892.822266
6711.454590
6730.145020
6970.889160
6907.904785
7192.443848
7252.802246
7307.472168
7333.645508
7211.171387
7151.939453
7192.583008
7188.064453
7202.040039
7328.251465
7297.830078
7701.069824
7564.560059
7526.522461
7511.408691
7593.425293
7703.773926
7775.683105
7755.554199
7754.883789
7651.835938
7622.724121
7661.420410
7566.796387
7421.559082
7320.888672
7317.910645
7195.675293
7110.642090
7013.922363
7145.726562
7133.674805
7057.381348
6956.776367
6956.776367
6535.877441
6575.236328
6202.676270
6077.437500
5924.763672
6078.154297
6015.539062
6022.930664
6362.756348
6322.827148
6263.981445
6149.930176
6402.391602
6412.952148
6560.926270
6699.379395
6647.447266
6835.326172
6956.776367
6994.516113
7056.991211
7184.997070
7089.496582
7096.394531
6985.833496
6928.478516
7071.262695
7126.083984
7320.437988
7400.198730
7451.617676
7577.966309
7458.537109
7330.235352
7336.746582
7318.447266
7270.159668
7499.264648
7519.706055
7534.017090
7548.829590
7507.790527
7450.548828
7457.619629
7433.644043
7457.987305
7091.791504
7126.362305
7269.269531
7448.856934
7404.041504
7444.577637
7487.238770
7575.864746
7452.221191
7364.884277
7288.808105
7216.373047
7255.523438
7289.279297
7170.795410
6868.436523
6660.548340
6675.046875
6425.628418
6310.665039
6226.848633
6153.768066
6069.564453
6407.426758
6320.622559
6229.248047
6431.999023
6295.103027
6371.723633
6594.135254
6552.520020
6650.513672
7015.840820
7044.795410
7044.707031
7057.384277
7162.981934
7218.551758
7349.920898
7416.568848
7490.288574
7598.127930
7170.795410
7030.556152
7669.228027
7752.963379
7602.046875
7647.553223
7710.683594
7655.547363
7763.492188
7716.598145
7690.699219
7440.953613
7542.924316
7593.048340
7657.650879
7724.762207
7558.712891
7525.284180
7512.979004
7657.717285
7648.178223
7492.113281
7582.414062
7236.095703
7073.029785
6960.529297
6915.797852
6901.121094
7019.969727
6960.548340
7051.821777
7410.967285
7340.813965
7296.040039
7236.540527
7195.082031
7063.624023
6684.485840
6447.810547
6368.603027
6335.433105
6332.133789
6509.866699
6439.467773
6283.181152
6446.973145
6631.399414
6654.467285
6939.190430
6727.738281
6668.143066
6707.895508
6967.616211
7008.742676
7157.243164
7226.526855
7269.089355
7219.036621
7333.444824
7350.548828
7542.340820
7588.543945
7598.002930
7504.832520
7408.313477
7473.705566
7677.708984
7706.950684
7754.348145
7733.646484
7715.529297
7819.172363
7729.145996
7553.058594
7361.251953
7494.765625
7579.047363
7731.002930
7736.663574
7646.576660
7522.828613
7430.550781
7370.697266
7388.887695
7381.216309
7452.436035
7469.149414
7416.279785
7105.926270
6880.034668
6874.501465
6835.496582
6682.402344
6741.356934
7047.398438
6962.086426
6781.306641
6784.200195
6844.438965
6837.104492
6661.293457
6646.974121
6444.627441
6353.482422
6378.431641
6291.160645
6519.627930
6846.366699
6504.673828
6551.182617
6606.148438
6844.989258
6903.082520
6959.004395
7217.947754
7366.202637
7432.320312
7417.325195
7398.044922
7416.952148
7320.592773
7328.699707
7382.425781
7365.091797
7433.714355
7400.722168
7370.402344
7440.677734
7553.971680
7472.642578
7653.697754
7605.223145
7679.244629
7621.506836
7589.676758
7554.212891
7520.503906
7587.604492
7469.119141
7502.180664
7565.135742
7639.366211
7704.289551
7814.461914
7546.349609
7557.174805
7594.922852
7583.870117
7564.633789
7592.293945
7564.726562
7687.213867
7455.960449
7170.795410
6861.894043
6616.759766
6678.731445
6532.843750
6474.475098
6666.813965
6680.004395
6626.461914
6664.559082
6607.907715
6701.283691
6790.226074
6646.174805
6483.530762
6327.894531
6346.887207
6414.430664
6417.134277
6474.907715
6467.427734
6666.385742
6938.495117
7065.354004
7468.036621
7381.900879
7432.110352
7459.910645
7294.928223
7340.995117
7252.400879
7405.970215
7309.083008
7405.689941
7416.092773
7375.296387
7467.533203
7534.287109
7722.544922
7570.628906
7580.166504
7667.502930
7574.346680
7711.126465
7614.131836
7599.985840
7476.361328
7445.191895
7467.368164
7449.416016
7592.001465
7596.593262
7745.575684
7710.977539
7821.988281
7685.626953
7563.869629
7420.339355
7261.294922
7309.188965
7291.750488
7359.535156
7338.635742
7197.922852
7056.168945
6957.746582
6656.391113
6483.370605
6365.444824
6430.919922
6609.796387
6628.841797
6882.826172
6639.106934
6709.850098
7055.270508
6695.619141
6451.115723
6437.054199
6541.916992
6631.429688
6440.846191
6362.649902
6433.007324
6622.362793
6649.391113
6911.454590
7232.227051
7281.415039
7374.701660
7416.355469
7575.360840
7526.083008
7420.266602
7367.958496
7318.460938
7350.106445
7213.194336
7417.138672
7494.912598
7483.168945
7411.586914
7591.560059
7684.828125
7610.022461
7625.374023
7622.581055
7680.355957
7545.474121
7538.567871
7534.642578
7531.145996
7675.091797
7734.453125
7828.683105
7735.960449
7729.929688
7828.333984
7900.830566
7430.467773
7353.813477
7311.115723
7312.416992
7161.817383
6897.393066
6771.337402
6774.973633
6870.093750
7003.846680
7040.423340
6877.783203
6664.384766
6506.464355
6452.250488
6530.568359
6604.831543
6585.628906
6637.237305
6687.217285
6644.805176
6645.921875
6456.343262
6424.019531
6362.550781
6340.871094
6475.024414
6452.454102
6710.161133
6678.125977
6912.908691
7191.441895
7251.747070
7378.122559
7442.323242
7478.534668
7574.872559
7689.089355
7712.187988
7623.357910
7541.588867
7498.096191
7494.000977
7385.722656
7544.375000
7517.987305
7531.292480
7658.380859
7611.674316
7562.340332
7690.428223
7638.857422
7612.298340
7546.831543
7652.200684
7572.878906
7590.183594
7630.851562
7564.245117
7517.823730
7672.635254
7764.215332
7880.138184
7960.408203
7571.784668
7358.686035
7375.370117
7412.569336
7191.095703
6970.178223
6831.782715
6843.241699
7077.137207
7130.636230
7180.002930
7170.795410
6924.146973
6765.086426
6926.350098
6742.313477
6848.907227
6857.007812
6736.490234
6887.397949
6701.878906
6755.299316
6631.937988
6419.046387
6435.464355
6615.323730
6625.629883
6837.881348
7042.231934
7088.408203
7314.319824
7471.507324
7479.761230
7561.413086
7649.202637
7512.555664
7677.573730
7740.651367
7749.265137
7841.088867
7884.815430
7767.299316
7755.689941
7531.579102
7643.784668
7614.005371
7565.889648
7498.867676
7654.119141
7817.185059
7599.166992
7626.088379
7508.486328
7625.199707
7701.432617
7716.697754
7747.698242
7766.133789
7703.826172
7824.665039
7880.988770
7960.754395
7963.017090
7905.543457
7691.456543
7170.795410
7609.859863
7544.529297
7476.637695
7435.885254
7437.252930
7428.233887
7402.185547
7402.993652
7312.524414
7382.478027
7318.401367
7170.795410
7050.194336
7042.921387
7020.012695
7170.795410
7028.390625
6939.353516
7170.795410
6950.333008
6821.797363
6621.160645
6660.600098
6876.348145
7159.955078
7076.072266
7333.585449
7692.268555
7658.110840
7687.133789
7699.986328
7817.800781
7884.601562
7881.147461
7918.988281
7886.478516
7873.726074
7802.010742
7864.277832
7861.690430
7857.143066
7785.452637
7799.842773
7755.696289
7710.276367
7764.659668
7812.967773
7733.138672
7780.062012
7799.964355
7822.814941
7691.415039
7601.286133
7698.971191
7749.821777
7692.306152
7868.959473
7931.009277
7944.404297
7949.978027
7828.033691
7900.855957
7761.590820
7721.035156
7738.196777
7578.172852
7590.801270
7623.510742
7579.269043
7459.274414
7436.460938
7536.393555
7734.946777
7699.652344
7739.709473
7587.626953
7641.034668
7433.750977
7170.795410
7139.213379
7093.960938
7170.795410
6984.773438
7040.736328
7170.795410
7008.875488
7033.635742
7170.795410
7523.413574
7556.583984
7597.861328
7716.256836
7766.485840
7786.244629
7810.697266
7920.066406
7975.042969
7979.517578
7922.300293
7876.948730
7926.915039
7948.579590
7883.094727
7974.714844
7911.574219
7944.544434
7886.651367
7882.119629
7918.448242
7855.083008
7838.766602
7675.725586
7743.547363
7804.862305
7805.373535
7683.091309
7742.426270
7656.304688
7691.021484
7887.000488
7842.026367
7902.538574
7796.841797
7865.662598
7863.934082
7817.468750
7606.056152
7739.511719
7671.776855
7750.059082
7835.179199
7804.218262
7809.709961
7912.956543
7896.971191
7878.667969
8085.679688
8052.049805
8221.869141
8242.566406
8190.909180
8187.843750
8075.735352
7978.914062
7974.867676
7922.574219
7879.659668
7758.441406
7644.114746
7580.144043
7680.208008
7626.640625
7655.672363
7782.541992
7739.298828
7830.155762
7933.687500
7998.097656
7905.405273
7957.201660
7926.776855
7969.583496
8000.399414
7920.882812
7926.860840
7910.413574
7864.297363
7850.163086
7844.502930
7920.747070
7890.691406
7908.081543
7929.548340
7986.067871
8015.220703
7936.082031
7928.068848
7963.323242
7876.092773
7860.200195
7863.756348
7895.734863
7842.340332
7789.819336
7686.164062
7789.349609
7856.233887
7800.462402
7860.474121
7965.601074
7714.870117
7804.832031
7824.769043
7934.388672
7928.100586
8052.194336
8110.952148
8057.255371
8195.048828
8093.688965
8263.727539
8227.272461
8229.988281
8282.298828
8309.046875
8388.974609
8249.308594
8229.053711
8077.730469
8073.616699
8070.534668
8051.733887
8000.691406
7964.308594
8044.754395
8134.016113
8103.386719
7920.493164
8063.714355
8025.936035
8107.324219
8277.746094
8321.922852
8246.365234
8256.156250
8084.914551
8055.297852
8035.143066
7914.132812
7966.696289
7885.813965
7764.609863
7779.534668
7885.938965
7921.868164
7830.818848
7925.961426
7916.719238
7925.476562
8046.028809
8077.790527
8157.167480
8043.452148
8010.994629
8060.501465
8125.891602
8201.941406
7930.931152
7944.342773
7961.607910
7992.371582
7990.393555
7988.111816
7917.491699
7809.977051
7846.247070
7925.516602
7932.291016
7904.311035
7919.376465
7938.551758
8005.198730
8235.650391
8240.145508
8196.705078
8302.061523
8441.751953
8422.722656
8445.178711
8375.488281
8384.375977
8406.608398
8365.831055
8363.522461
8156.799805
8140.206055
8218.267578
8243.739258
8262.453125
8323.220703
8337.273438
8235.568359
8210.059570
8211.528320
8489.005859
8358.967773
8391.950195
8229.057617
8189.529297
8138.921387
8114.742676
8165.030762
7976.241699
8063.139160
7890.960938
7880.695312
7812.329102
7784.294434
7825.034180
7845.271484
7946.875000
7981.743652
7924.832520
7962.945801
8122.798828
8183.613770
8258.136719
8328.582031
8265.009766
8197.345703
8047.089844
8178.861816
8063.021973
7991.706543
7958.497559
8124.179199
7934.761230
7972.486328
7687.068359
7840.571289
7907.770996
7929.448730
7878.932617
8000.013672
7966.389648
8040.879883
8015.964844
8092.119629
8216.371094
8244.806641
8238.294922
8295.005859
8297.901367
8396.361328
8428.326172
8613.608398
8567.123047
8426.502930
8309.549805
8329.546875
8411.223633
8326.362305
8223.236328
8247.479492
8259.233398
8241.238281
8229.344727
8090.228027
8151.430176
8157.534180
8119.640625
7927.592773
7964.081055
8018.200195
8216.345703
8263.277344
8087.302734
8150.319824
8082.578613
7818.648926
7839.632324
7931.493652
7923.276367
7886.717285
7988.312012
7992.429199
7965.232910
8001.367676
8242.843750
8169.903320
8252.708008
8279.951172
8375.888672
8276.118164
8337.536133
8451.535156
8268.081055
8263.561523
8278.029297
8313.966797
8300.375977
8189.681641
7831.095703
7713.828613
7724.367676
7679.676758
7767.896973
7784.332520
7958.549805
8036.251953
8065.602539
8163.993652
8160.382812
8226.144531
8294.131836
8392.323242
8403.269531
8325.831055
8418.056641
8458.598633
8420.366211
8580.577148
8383.944336
8361.458984
8395.105469
8356.038086
8180.050781
8245.206055
8269.749023
8278.504883
8221.105469
8064.868652
8050.472656
7985.099609
8061.803711
8030.088867
8052.134277
7964.433594
7958.423340
8121.632324
8186.499512
8114.211426
8138.965820
8021.854004
8078.210938
7949.188477
7948.389648
7965.016602
8092.742188
8148.347168
8181.451172
8173.644531
8076.199219
7938.880371
7962.015137
8173.785156
8202.284180
8281.568359
8443.835938
8448.048828
8516.226562
8420.116211
8212.615234
8405.602539
8375.762695
8226.494141
8158.740723
8227.095703
8196.892578
8122.122559
7961.912598
7906.187988
7951.035645
8031.841309
8073.483887
8068.147461
8144.119141
8407.722656
8422.234375
8490.845703
8474.264648
8548.151367
8547.787109
8502.072266
8434.261719
8360.410156
8357.276367
8393.883789
8343.843750
8281.573242
8227.035156
8248.091797
8283.473633
8201.595703
8175.512695
8114.312012
8107.226562
8098.729492
8136.156738
8028.727051
7898.252441
7942.038574
7865.585449
7972.726562
7960.827637
8170.993652
8195.522461
8236.068359
8249.965820
8293.042969
8024.255859
8229.403320
8151.270508
8224.249023
8208.000000
8084.655273
8236.063477
8213.202148
8151.841797
8223.871094
8143.993652
8212.136719
8357.185547
8362.175781
8355.704102
8399.804688
8261.411133
8194.185547
8237.651367
8097.469238
8258.950195
8204.801758
8176.402344
8142.099121
8092.010254
8010.639648
7914.905762
7909.258789
7961.532715
8165.015137
8253.235352
8231.959961
8238.864258
8268.130859
8436.960938
8420.544922
8401.208984
8473.186523
8275.640625
8319.283203
8252.249023
8200.544922
8289.398438
8312.699219
8407.015625
8278.582031
8390.393555
8260.124023
8321.791992
8215.742188
8224.390625
8255.467773
8125.587891
8099.035645
8146.431152
8067.649902
7993.858887
7963.433594
7995.153809
8108.001953
7982.827148
8089.801758
8040.839355
8036.092773
8117.662598
8024.303223
8051.030762
8061.009766
8208.785156
8295.748047
8251.943359
8267.156250
8331.503906
8372.524414
8284.719727
8253.208008
8374.581055
8340.933594
8339.131836
8124.173828
8158.825684
7960.460938
7943.150879
8017.251465
8385.613281
8262.736328
8260.457031
8341.302734
8272.169922
8164.054199
8067.747070
8020.345215
8046.149414
8229.306641
8268.156250
8231.441406
8258.434570
8470.953125
8443.293945
8538.090820
8381.414062
8206.022461
8227.220703
8240.945312
8111.944824
8008.396973
8048.320801
8153.266602
8340.099609
8273.183594
8240.706055
8168.680664
8211.713867
8195.236328
8212.558594
8201.181641
8210.576172
8198.626953
8151.851074
8049.999023
8009.708496
8140.273926
8165.492188
8192.054688
8224.667969
8288.883789
8314.860352
8312.024414
8273.911133
8189.693848
8153.704102
7928.166016
8048.256836
8204.275391
8275.101562
8220.596680
8266.906250
8263.822266
8238.365234
8169.406250
8166.205566
8028.982910
7977.389648
8009.385254
8000.792480
7936.175293
7960.137695
7812.707520
8386.670898
8486.613281
8368.768555
8417.375000
8424.024414
8411.104492
8387.187500
8286.361328
8204.600586
8246.405273
8144.230957
8007.015625
8180.427734
8188.398438
8243.192383
8204.450195
8273.861328
8198.962891
8213.949219
8305.159180
8226.066406
8220.590820
8277.839844
8326.243164
8381.551758
8258.327148
8154.097656
8164.259277
8220.646484
8143.590332
8133.185547
8010.472168
7945.252441
8157.319824
8148.114746
8143.623535
8170.191895
8232.455078
8196.176758
8359.933594
8208.290039
8269.661133
8230.979492
8151.654297
8271.688477
8262.945312
8207.109375
8140.020508
8031.993652
8052.589355
8197.962891
8062.250000
7925.850098
7968.117676
7904.486328
7904.856445
7933.079590
7948.125488
7945.568359
7992.993164
7909.988770
7832.228027
7821.562988
7813.207520
8553.790039
8522.461914
8392.562500
8431.568359
8455.400391
8538.245117
8556.777344
8481.006836
8506.647461
8393.785156
8266.352539
8204.593750
8267.015625
8418.211914
8365.701172
8418.611328
8290.874023
8330.048828
8366.889648
8238.157227
8246.958008
8217.443359
8216.719727
8244.958984
8139.866211
8329.189453
8218.091797
8156.802734
8092.872559
8039.846680
8181.513184
8243.542969
8342.875000
8206.752930
8260.717773
8270.006836
8214.695312
8046.906738
7960.145996
8230.083984
8174.868164
8089.272949
7953.124512
8041.082031
7956.166992
8014.528320
7849.670410
7909.502930
7789.737793
7914.942871
8017.330566
7950.220703
7774.148438
7705.205078
7689.639160
7345.427246
7363.081543
7468.393555
7550.268555
7379.021973
7458.645020
7524.094727
7627.295410
7599.173828
8423.776367
8459.497070
8332.490234
8313.014648
8355.162109
8379.779297
8530.341797
8482.393555
8385.003906
8426.492188
8507.642578
8429.208008
8322.096680
8384.565430
8478.423828
8464.755859
8311.927734
8316.653320
8378.233398
8320.507812
8299.661133
8282.331055
8343.469727
8373.220703
8236.509766
8239.621094
8145.708984
8214.649414
8089.988770
8089.679688
8222.025391
8418.437500
8431.675781
8491.789062
8301.830078
8319.422852
8342.051758
8292.341797
8191.393066
7984.715820
7965.708984
7898.407227
7844.458496
7837.198730
7837.412109
7576.847656
7710.844238
7742.137695
7739.520996
7799.255859
7851.482910
7857.470703
7804.430664
7645.414062
7730.964844
7538.738281
7297.254395
6959.987305
7050.318359
6901.456543
6885.962402
7012.369629
7033.895508
7168.116699
8574.956055
8699.852539
8607.232422
8581.083008
8456.936523
8349.020508
8306.061523
8499.235352
8383.309570
8388.319336
8421.824219
8386.788086
8417.755859
8443.980469
8331.236328
8416.526367
8568.470703
8602.452148
8583.928711
8495.894531
8498.041992
8446.275391
8431.678711
8474.864258
8428.125000
8272.000977
8401.407227
8334.542969
8374.675781
8465.953125
8487.804688
8605.980469
8614.465820
8582.090820
8484.823242
8372.033203
8273.496094
8029.508301
7966.250977
7981.079590
7936.027832
7899.922363
7862.668457
7735.032227
7691.731934
7687.950684
7633.913574
7600.375000
7701.490234
7554.261719
7469.792480
7513.245605
7578.748047
7632.704590
7557.122559
7453.176270
7366.371094
7287.197266
7170.795410
6865.687988
6853.824707
6840.668945
6904.107910
7002.773438
8726.919922
8718.249023
8623.535156
8664.749023
8506.028320
8511.431641
8471.808594
8488.505859
8473.242188
8469.624023
8325.192383
8514.158203
8522.195312
8510.710938
8485.604492
8482.501953
8589.581055
8589.101562
8725.692383
8596.837891
8553.237305
8613.796875
8538.012695
8591.029297
8594.099609
8643.848633
8675.878906
8601.612305
8600.347656
8555.299805
8560.640625
8535.865234
8518.109375
8530.617188
8544.171875
8543.258789
8513.951172
8491.898438
8358.316406
8228.701172
8052.206055
7964.093750
7937.113281
7950.278809
7956.911621
7998.604980
7906.880859
7843.125488
7805.583008
7703.730957
7611.441895
7646.516113
7694.139160
7725.097168
7498.480469
7482.745117
7364.531250
7310.318359
7156.293457
6873.918457
6719.965820
6764.623047
7031.392578
6877.888672
8793.222656
8731.888672
8638.220703
8619.742188
8601.822266
8685.462891
8671.533203
8612.629883
8598.587891
8619.029297
8609.459961
8551.227539
8556.844727
8604.228516
8543.436523
8501.519531
8564.709961
8650.207031
8619.229492
8669.420898
8661.406250
8600.212891
8635.218750
8658.881836
8569.976562
8546.000000
8683.904297
8754.180664
8660.155273
8730.588867
8776.814453
8678.328125
8587.281250
8586.862305
8672.554688
8570.230469
8499.826172
8547.747070
8391.383789
8275.668945
8209.476562
8124.970215
8024.063965
7925.030273
7879.324707
7893.051270
7903.707031
7896.625488
7881.076172
7818.293457
7631.932617
7704.336426
7780.382812
7683.588867
7648.918457
7569.191895
7449.853516
7304.719727
7155.753418
7055.055176
6910.488770
6696.269043
6735.666504
6884.455078
