/Real_seismic_DSS3
1
Seis
-982.621277
-1057.419678
-1328.196655
-1173.095215
-1629.235840
-1441.195801
-1612.784912
-1433.372925
-1173.017334
-1290.565796
-1312.830811
-1009.804321
-913.562317
-955.508972
-811.100342
-561.356812
-503.728485
-114.683411
265.783997
550.428650
514.783142
684.711121
662.058228
595.012573
635.742554
649.902527
689.580078
777.892639
641.133118
629.033691
86.827011
97.768822
-14.952722
-124.526260
43.680553
-121.589661
432.274963
-369.637665
-529.454163
-533.632019
-560.669128
-481.459778
-544.674988
-549.684692
-580.398987
-470.509399
-466.463837
-314.358398
-292.069244
-282.645721
-196.824493
-137.457550
-448.513275
-531.100342
-368.678619
-483.413910
-559.915283
-600.256836
-615.843262
-827.754578
-707.281311
-1142.147461
-943.447083
-955.944214
-1521.914917
-1647.759644
-1945.357910
-1803.999878
-2155.873535
-1824.074585
-1925.833374
-1665.216553
-1293.973145
-1324.417480
-1205.422363
-900.580994
-758.470764
-683.183655
-489.199951
-195.883072
-65.725105
327.131927
599.028748
751.610413
670.139648
813.375122
755.058350
673.314758
699.490601
702.768494
746.835205
814.547302
665.965942
669.992737
172.678589
183.506348
85.594856
-50.651615
106.031929
-71.574699
396.453064
-368.242554
-573.370117
-611.158569
-668.340881
-643.595276
-793.567139
-893.649963
-1055.926758
-1028.213745
-1047.652222
-980.575989
-909.826111
-890.175049
-720.889832
-526.610168
-848.641846
-1002.113037
-854.988098
-1003.235962
-1069.410522
-1146.053833
-1189.662476
-1540.013062
-1446.707275
-1857.353760
-1603.095703
-1527.430054
-1939.488281
-2104.764404
-2397.198242
-2279.558594
-2442.632568
-1991.557251
-1986.566284
-1678.691895
-1224.080933
-1156.514893
-863.488708
-614.908630
-441.987366
-240.697021
-4.538359
281.930267
474.844910
818.802490
918.215271
894.023315
744.038513
830.997070
746.211731
655.152527
670.426941
674.755554
712.951355
761.880798
625.935425
633.530396
247.089554
262.643158
183.414764
45.066425
182.776688
13.815015
351.937042
-291.464996
-510.352753
-597.367737
-711.176392
-749.624084
-994.419678
-1194.113281
-1501.554443
-1569.345825
-1607.149658
-1658.388428
-1561.792236
-1526.979980
-1282.556274
-957.091492
-1252.519409
-1467.414673
-1355.547363
-1525.956421
-1553.857056
-1646.060425
-1736.284058
-2204.983643
-2165.398193
-2488.883301
-2194.679932
-2030.586060
-2156.133057
-2342.381592
-2572.474365
-2494.969971
-2396.826904
-1875.001343
-1742.987793
-1430.376221
-945.564331
-785.630066
-383.154755
-228.583878
-51.791782
244.827301
486.943451
751.738525
974.544983
1270.478149
1182.748901
980.297791
741.830505
741.484985
645.228821
559.041809
570.535583
581.326233
617.100220
657.244080
544.919556
564.317017
319.625977
347.170441
294.200165
192.801758
297.589661
161.409866
343.706390
-137.286469
-330.756409
-457.279846
-613.652100
-728.220947
-1065.493896
-1376.903931
-1826.286255
-1994.940430
-2043.046265
-2205.263672
-2098.878662
-2046.140381
-1759.593750
-1324.762329
-1562.563232
-1811.166260
-1756.513916
-1959.724487
-1932.309814
-2033.194336
-2175.255859
-2715.608643
-2750.342529
-2926.131104
-2612.969238
-2381.941650
-2174.683350
-2364.275635
-2450.759277
-2419.887939
-1991.762451
-1471.957642
-1227.161011
-943.771973
-533.111206
-304.094574
109.625969
170.334900
309.075104
625.387085
850.770752
1091.575684
1300.350830
1562.250488
1303.054443
967.440552
675.549438
584.719482
492.378632
420.011719
435.447266
466.340820
504.035767
522.432312
443.741119
473.323151
382.035858
421.607697
412.586853
378.109497
433.834442
333.227509
356.567688
63.710606
-74.410828
-200.765945
-355.345581
-553.712952
-960.106873
-1372.217163
-1928.614502
-2197.148682
-2252.724121
-2512.498779
-2414.466553
-2339.596680
-2049.742676
-1553.266846
-1707.740601
-1943.963867
-1960.419067
-2193.563965
-2120.601318
-2223.078125
-2412.502686
-2975.220459
-3071.741211
-3040.242432
-2766.198242
-2489.019775
-2009.572632
-2187.916016
-2046.694580
-2025.545898
-1322.636353
-884.980042
-571.848694
-343.672913
-89.973900
168.117630
519.118896
479.712830
548.824036
819.420593
1021.931641
1215.928467
1397.503662
1585.863403
1231.648071
843.003174
550.108337
399.350983
326.150299
261.863556
284.830627
350.041321
394.987946
387.272522
351.437408
378.339813
424.284241
462.832184
505.156891
528.582397
540.540894
482.418274
380.602051
298.461975
223.987030
100.017433
-40.909550
-290.015900
-672.879211
-1154.211670
-1751.172363
-2105.313232
-2158.055176
-2502.453613
-2438.200684
-2351.563477
-2135.468506
-1666.566772
-1724.911377
-1886.955322
-1965.981079
-2172.024902
-2070.188721
-2131.770264
-2360.903564
-2878.576904
-3026.670410
-2781.979980
-2603.766846
-2339.572998
-1631.990601
-1779.427368
-1438.779297
-1412.923584
-544.866333
-275.038055
68.137016
217.976273
299.983734
525.373718
754.184570
637.302246
653.964050
860.558838
1014.102966
1131.085205
1287.368896
1386.972412
1007.353516
633.795471
390.230865
214.049271
170.060135
100.295013
135.109665
234.333221
281.233551
260.569824
257.457489
288.313293
439.723602
459.898254
544.006287
597.257385
568.816772
572.415649
388.899567
509.874512
513.310791
403.631012
286.953674
27.181692
-214.620880
-696.958862
-1293.845947
-1696.484619
-1727.917114
-2125.926270
-2107.342529
-2049.650146
-1974.174438
-1635.436401
-1608.739746
-1648.467529
-1775.192627
-1904.799316
-1766.411743
-1771.222412
-2020.038330
-2392.780762
-2603.902588
-2192.168213
-2151.834961
-1963.631226
-1140.511963
-1172.906494
-736.351807
-723.645203
181.471085
227.777496
564.025269
631.915039
549.465820
700.746460
804.284119
650.026062
631.851807
771.143921
862.262207
896.702148
1018.462891
1047.682251
690.955139
377.502045
204.501434
39.979008
29.958969
-34.224636
-1.678255
123.746315
155.267441
129.392609
159.192322
186.334457
404.912048
395.883514
506.358795
589.555969
517.174561
580.496521
369.343262
637.671753
718.221741
660.938843
591.475891
361.753113
277.818604
-103.973312
-627.960632
-1025.775635
-1022.264160
-1424.478760
-1468.697021
-1468.078613
-1536.612305
-1425.859131
-1310.677979
-1233.890259
-1405.480835
-1436.165527
-1253.990112
-1209.988770
-1438.434692
-1606.529053
-1853.497681
-1344.088745
-1473.936035
-1418.371338
-636.347778
-530.779602
-66.010139
-49.092426
735.074524
577.802002
845.284241
854.621887
656.014404
714.790039
703.875854
546.675415
509.395325
570.107300
608.049377
562.801453
640.786499
628.329407
342.158630
120.784508
27.533253
-98.404663
-90.808243
-138.256943
-113.394905
18.624590
21.159342
1.071794
58.977665
63.797249
298.007599
261.522125
389.403687
499.746460
400.550629
519.289673
320.797363
674.814148
809.210999
818.424744
797.073853
644.078857
706.847046
473.577301
129.314514
-220.616974
-213.646118
-525.995789
-640.540039
-698.477356
-919.747803
-1058.869019
-871.453491
-680.676270
-882.471985
-801.165833
-612.050598
-541.634277
-734.005066
-660.196350
-862.890259
-359.009735
-616.836487
-753.615601
-175.256271
-2.349735
406.925354
506.709381
1033.984985
709.545105
859.373108
858.731567
613.088318
580.972961
478.000153
361.470337
329.392822
311.143127
301.661560
187.877090
226.190216
189.071777
9.637998
-107.218430
-95.412689
-168.520813
-160.696396
-208.035980
-202.614975
-74.817497
-94.689629
-113.133583
-36.948574
-48.020111
170.294098
99.221268
227.259567
334.912842
228.802765
397.835114
247.441879
627.626770
797.428467
866.119263
889.240479
830.872620
1042.145630
986.541382
859.967468
590.963745
585.618042
418.875946
243.173416
131.440048
-201.847687
-530.649536
-344.311310
-22.087969
-215.029968
-63.202789
81.147331
152.265030
11.753182
332.120605
206.254150
604.026306
306.233459
6.649784
178.813522
361.956604
639.649353
860.598328
1041.194824
614.115601
625.979126
675.521973
432.851776
335.272308
174.187592
132.180161
106.713448
28.671803
-16.999880
-167.150436
-165.041580
-197.249939
-266.727112
-268.568909
-154.695160
-164.479568
-167.590805
-216.212616
-248.750595
-140.340393
-184.240112
-193.970795
-98.537880
-125.041557
57.005569
-51.618908
59.060116
146.400208
42.088161
238.795959
153.389755
502.610168
681.585266
788.503845
839.292114
883.061890
1220.065552
1346.119385
1457.975708
1309.662476
1296.481567
1288.299805
1080.684448
945.593933
538.700684
64.478447
227.048599
647.192017
504.155182
694.264954
743.796570
823.566284
793.656677
1279.227295
1218.556885
1457.606079
1164.195801
781.835388
455.634064
580.263489
729.129028
1003.171570
792.054138
357.582214
247.980804
381.860504
210.685394
80.071976
-102.873642
-73.376953
-104.779976
-215.103058
-286.761169
-441.084473
-462.282013
-474.513184
-443.401886
-338.725677
-155.273300
-99.565430
-120.907883
-163.102478
-225.773590
-162.602234
-221.044495
-213.463028
-108.617729
-153.805405
-28.061314
-157.370361
-83.153366
-31.543100
-127.861809
76.817383
46.173035
318.368713
478.063599
610.271851
669.480225
802.811768
1209.643921
1478.245972
1825.518433
1851.895874
1827.853882
1969.508545
1789.897339
1650.410278
1199.931152
633.759644
781.998474
1233.166138
1172.139526
1383.185547
1306.508545
1402.233154
1500.255737
2050.539551
2062.335449
2158.857910
1866.041870
1481.126831
683.734192
746.310303
761.716125
1013.410339
435.063293
55.162857
-141.957565
82.905342
25.539661
-116.923935
-274.665924
-201.996719
-238.101456
-362.856445
-444.816193
-573.903442
-609.419556
-617.974670
-501.884094
-319.102631
-95.245934
5.318879
-26.509085
-65.299042
-136.906113
-126.959602
-181.915878
-161.686859
-67.798859
-111.767563
-65.044830
-196.717163
-171.182846
-168.708786
-245.690369
-58.720154
-52.825649
122.006210
249.677475
391.242798
450.905396
635.499817
1038.153320
1408.059448
1911.724609
2131.658203
2122.249512
2380.227295
2265.697754
2124.903320
1720.246948
1157.008667
1288.220825
1672.962402
1708.489136
1892.376709
1702.697510
1804.580566
1991.336792
2541.198242
2626.073242
2619.498535
2344.284912
2014.008179
848.320984
897.189575
785.511963
981.735107
93.232338
-194.238434
-416.905853
-101.852936
-60.501896
-180.780640
-290.308929
-225.987274
-272.972107
-404.819855
-476.793060
-549.210693
-603.417725
-618.273621
-451.655548
-229.717117
3.177742
125.926506
105.368286
82.531319
12.235585
-28.226265
-68.866714
-30.066933
34.897976
2.309333
-42.521400
-158.531479
-189.136154
-226.634857
-276.880859
-137.502258
-119.682091
-40.531513
45.326954
171.990646
221.504684
417.650604
745.687927
1165.896851
1749.946777
2095.065430
2122.669189
2468.085205
2423.977051
2299.168213
2003.768799
1560.963501
1669.634033
1893.856079
2005.185547
2131.011230
1897.632690
1976.355225
2228.499756
2707.013916
2871.603516
2755.872070
2565.294922
2321.516113
996.416382
1041.507446
840.162659
919.485718
-116.092705
-266.373566
-456.874115
-138.937286
-45.768230
-87.214127
-140.270615
-112.420235
-188.170609
-326.605927
-373.900757
-376.856781
-441.066467
-481.481659
-305.912567
-80.657776
109.671791
239.525818
239.500107
245.970032
197.085999
113.643059
94.871841
149.785904
173.955597
132.626678
24.089533
-68.309509
-143.469879
-223.202332
-242.176331
-164.931900
-151.751434
-147.300735
-114.893509
-20.730158
4.335184
177.767532
391.033142
798.356812
1408.056763
1808.845337
1865.366577
2240.268555
2258.602295
2177.861328
2015.924072
1767.524170
1839.163696
1883.040405
2023.211426
2099.456055
1869.321899
1905.457520
2212.582275
2554.209473
2778.101074
2563.024658
2503.000977
2409.029053
1170.062134
1189.879517
913.882568
837.988831
-85.718719
-75.138680
-208.811615
-34.866653
52.106590
96.520515
115.266266
88.782875
-2.448195
-137.965012
-170.577423
-115.739418
-175.325989
-262.575317
-122.396370
79.592079
198.055679
316.171204
339.678955
389.432098
375.282196
253.906143
271.790466
322.909180
290.296417
238.526581
106.284927
43.386719
-55.066566
-184.108551
-167.689072
-163.479675
-177.075226
-227.375702
-229.816681
-173.373764
-169.815063
-35.689651
36.236950
379.417877
950.696777
1376.491455
1444.007935
1801.674438
1861.809814
1847.316040
1825.910645
1758.810425
1791.530151
1691.663940
1842.616577
1872.021973
1653.283203
1658.080322
1957.593262
2150.956299
2379.166260
2135.347900
2189.527344
2272.754883
1330.094971
1318.459106
985.901062
792.934082
154.189575
295.974060
227.265167
222.410294
259.536499
353.939911
412.531281
315.411621
224.048416
109.794075
70.376015
169.457016
120.599258
-32.024185
46.361015
187.635361
230.634491
319.427643
365.614563
471.271698
495.555023
353.292999
415.080780
447.994934
359.940338
303.727600
173.320908
161.913757
46.586716
-115.647324
-75.111748
-139.013306
-184.242920
-254.054871
-272.570465
-263.685394
-268.457672
-187.585114
-247.124817
-2.677195
473.016357
875.604004
942.150146
1253.733643
1332.022705
1380.605225
1483.084351
1566.988770
1584.028931
1377.276855
1528.642822
1511.131958
1340.785767
1313.087769
1550.483276
1612.901611
1808.697388
1595.843140
1723.524414
1929.216919
1436.528931
1383.882446
1066.368652
761.213684
500.340515
701.974426
706.237000
528.718201
500.381134
624.556396
689.253540
537.665527
457.254547
363.051819
311.377289
435.362457
384.325287
164.793106
164.074081
234.449615
201.167389
245.928574
309.568542
467.992218
532.047668
386.730865
479.188171
488.417755
359.023529
293.884888
191.173798
236.611877
121.677597
-35.869640
14.355929
-114.381882
-177.731934
-229.284546
-258.765015
-287.203766
-286.630249
-268.724945
-417.703827
-292.927094
59.780659
399.004883
446.560577
684.325806
765.707397
863.727478
1065.139648
1270.407104
1273.973267
1001.472534
1123.797974
1073.363647
986.741333
930.991638
1087.293945
1040.263428
1174.882935
1014.682861
1173.072510
1446.450317
1459.722656
1386.361694
1144.873779
732.196899
840.485229
1064.457153
1123.017822
765.133240
664.688171
804.231323
860.064941
679.634460
638.694336
560.664368
485.831146
609.890198
540.063354
272.933258
196.785492
223.810684
127.329811
113.065559
182.675888
388.636871
478.994324
354.802734
451.684540
416.643616
263.478363
209.302704
154.566116
255.760742
158.268951
33.500130
79.745667
-100.652405
-168.464203
-189.822006
-213.045380
-253.256104
-223.666962
-267.723480
-484.644775
-478.016663
-259.570526
-8.691459
17.640917
169.277557
245.077118
386.306732
654.670044
936.560486
903.578491
614.911438
687.064758
614.616699
614.877869
552.635254
617.527893
493.411743
555.263000
458.691406
614.395691
918.955627
1327.994141
1303.875000
1174.730103
731.980347
1082.912354
1281.240356
1357.703003
880.489624
704.402771
826.185974
861.394226
691.436096
707.350708
653.675903
543.612488
647.360840
570.133545
275.579987
153.347000
153.922775
25.733192
-56.533619
-0.989058
241.356842
326.728027
249.466385
319.850983
233.559540
86.068382
56.569817
68.713097
221.600815
148.947891
69.428741
113.423607
-92.074562
-147.515244
-143.390259
-149.671707
-180.964737
-123.555832
-207.937943
-442.455994
-539.099670
-467.020569
-328.449768
-313.384430
-242.867630
-174.421509
-5.831588
289.369843
580.148987
516.889832
255.222748
277.874237
206.147385
284.012360
227.245819
209.140182
49.480957
42.099335
7.529546
135.583130
423.866394
1040.352051
1089.476074
1082.613892
694.109375
1138.053711
1264.947388
1333.113159
819.313354
582.263367
669.875671
685.414307
565.638855
647.804016
624.182129
482.080353
533.153564
462.046478
180.130661
44.697308
25.949434
-93.763489
-230.385574
-218.490814
25.949226
63.737522
47.807812
74.551941
-45.733551
-146.286530
-144.228561
-55.706776
114.284050
78.539558
53.114468
109.447128
-91.831032
-128.129761
-93.553558
-93.163139
-115.417549
-25.774889
-123.589211
-321.527618
-478.068634
-523.557129
-512.693115
-514.880493
-497.810211
-421.909302
-258.393982
10.279902
249.147034
168.555176
-34.654320
-52.364822
-103.619713
28.227781
-11.568842
-91.069359
-240.722214
-304.893433
-297.916840
-224.199707
7.576298
681.630859
788.577271
848.695129
539.024475
969.797424
1019.553894
1051.188599
565.823914
309.794830
348.376038
348.885956
318.204865
466.661469
463.444580
313.943970
272.863098
206.385605
-13.699967
-122.367317
-151.140808
-235.855606
-409.146088
-459.813080
-255.118820
-289.217346
-255.469681
-272.946106
-401.801483
-430.433838
-375.626129
-210.306381
-61.399208
-51.803413
-22.040556
45.093189
-120.447609
-116.490616
-45.683125
-44.612206
-62.576668
56.405445
-29.698656
-161.246384
-334.479248
-462.743744
-559.655823
-575.981201
-603.061462
-532.121765
-389.398407
-190.697510
-31.812643
-117.911537
-245.088226
-294.002747
-315.565674
-165.714584
-173.774597
-293.473999
-398.450714
-496.146667
-468.981201
-454.116272
-301.403625
280.754791
416.258850
501.712830
290.254364
615.185242
580.280945
561.299866
160.340851
-48.420662
-73.255600
-93.577980
-8.918173
185.230545
191.105652
43.371807
-107.596176
-180.306244
-288.416809
-342.729950
-365.788788
-399.865723
-587.355408
-708.813599
-587.703247
-695.756775
-627.328369
-683.000183
-805.258667
-749.214661
-642.522766
-404.917236
-286.757172
-230.167496
-142.099442
-73.710693
-172.029953
-122.721237
-39.417130
-39.286831
-40.598820
86.103989
34.573662
-22.419960
-170.217865
-358.490570
-523.124695
-547.876953
-606.789917
-538.919067
-446.252380
-325.311188
-266.866180
-349.045258
-389.847168
-450.306274
-441.277252
-303.610352
-280.200256
-404.095581
-465.721222
-566.841125
-541.317566
-572.497803
-510.714874
-119.697639
5.344927
77.127632
-15.757643
126.849724
20.881113
-40.948273
-310.760712
-424.949829
-516.121460
-556.392639
-363.533722
-160.314728
-144.048523
-289.322235
-528.454102
-613.861877
-583.730164
-561.337524
-596.136292
-584.030151
-770.321167
-954.330627
-951.916504
-1126.538330
-1032.381592
-1116.931152
-1215.383789
-1060.744873
-902.082886
-610.719421
-512.143433
-427.210297
-296.811493
-214.156784
-223.236420
-149.736176
-75.942299
-72.625404
-58.005882
62.468231
50.119312
66.652138
-21.011497
-259.823883
-441.733093
-474.403656
-551.232544
-488.528290
-453.874268
-410.899811
-441.511963
-509.876831
-465.352722
-518.944397
-506.056152
-400.191589
-353.953278
-441.525879
-472.863892
-570.162292
-557.241943
-611.397339
-638.746582
-443.150818
-365.075928
-336.183136
-315.254242
-390.040497
-540.099670
-631.307495
-744.137146
-743.275513
-897.498169
-957.681702
-695.174194
-512.178101
-477.596558
-607.615723
-896.686340
-1012.906433
-843.675171
-747.103577
-807.657410
-764.355835
-949.339233
-1173.787598
-1315.345581
-1535.840820
-1427.799316
-1519.626953
-1562.503906
-1316.471558
-1105.507690
-790.793335
-711.141418
-599.386780
-444.874359
-345.787842
-259.354584
-159.613297
-88.066589
-90.558441
-82.067917
7.710196
25.136190
97.630280
73.531509
-184.390472
-346.413239
-372.884918
-470.488525
-417.135071
-455.652679
-479.774811
-566.047180
-606.683655
-503.878510
-535.315491
-530.660461
-472.885712
-412.351776
-461.730164
-474.691162
-550.813354
-548.983337
-605.263367
-691.695496
-646.708679
-625.285156
-647.822632
-537.561157
-809.210449
-976.694275
-1077.520508
-1051.522705
-953.197266
-1163.213257
-1247.104492
-964.860718
-832.975403
-779.175293
-867.979858
-1168.181763
-1291.565674
-1004.723816
-852.870239
-950.492188
-889.593567
-1063.966187
-1307.586182
-1615.401733
-1847.352051
-1736.120117
-1819.745117
-1783.395752
-1466.777710
-1227.603638
-928.628601
-860.487427
-727.616150
-554.583130
-440.481079
-267.346558
-147.871613
-94.918610
-101.037086
-105.430222
-80.073257
-37.647598
63.447544
91.526184
-149.264893
-278.128937
-297.922455
-416.056793
-380.493225
-487.820190
-557.965881
-658.907776
-665.063538
-536.341248
-546.434082
-550.166321
-533.139771
-478.752686
-493.576721
-491.212006
-533.863159
-537.728943
-565.901428
-675.996399
-667.469604
-704.310974
-764.777649
-606.564026
-1002.625244
-1167.743286
-1265.362671
-1144.733154
-980.907898
-1217.454468
-1349.071777
-1087.917480
-1061.447144
-1007.392456
-1033.340088
-1289.821045
-1383.345337
-1023.993347
-838.602356
-973.661743
-909.192139
-1059.645874
-1289.689087
-1755.161377
-1948.276611
-1845.770630
-1919.971436
-1787.038574
-1455.359375
-1212.926636
-982.623413
-926.379639
-797.640137
-604.738647
-491.398407
-252.326019
-128.978378
-91.642296
-108.856697
-133.474411
-179.793137
-128.075150
-36.081284
38.770859
-168.698608
-253.041016
-273.028839
-393.665863
-384.231567
-535.266968
-636.201538
-714.346191
-685.243835
-550.002136
-551.494507
-580.895264
-597.827148
-553.417664
-538.131409
-541.886780
-529.978821
-512.404480
-501.456268
-610.809448
-499.031860
-594.240784
-663.377441
-486.205902
-892.699402
-1051.277832
-1132.582153
-964.172668
-771.575867
-1011.565796
-1178.661255
-1018.747070
-1146.843018
-1119.876221
-1067.911621
-1256.900513
-1334.225342
-946.761963
-747.396301
-919.103699
-875.639954
-977.358398
-1149.232300
-1668.713135
-1766.419922
-1693.861816
-1744.699951
-1524.991577
-1243.247192
-1019.043762
-915.214539
-876.966309
-784.796509
-588.411072
-483.739502
-221.501328
-97.801170
-82.134163
-102.564659
-148.100662
-262.951630
-220.570068
-154.973801
-55.858444
-224.874710
-259.679871
-268.170319
-397.635101
-420.670380
-590.715088
-687.593323
-720.725708
-667.806152
-556.039612
-564.139648
-603.241333
-650.524597
-626.088074
-596.246460
-619.465332
-542.834900
-486.486633
-428.823914
-528.559326
-258.192688
-367.334564
-401.491272
-214.916763
-529.796082
-674.894958
-709.135193
-544.555176
-382.946198
-639.242371
-805.933960
-840.419128
-1134.743042
-1160.590942
-1043.024048
-1155.982422
-1217.015625
-834.233337
-650.999084
-846.752197
-871.240112
-872.030396
-931.487305
-1391.104126
-1365.464844
-1329.509033
-1318.661133
-1064.913940
-868.379700
-705.672180
-745.664978
-727.121887
-675.184326
-490.875549
-419.861694
-169.500961
-58.077995
-66.704399
-80.365097
-132.530853
-295.625641
-295.608582
-261.184662
-177.065323
-285.389343
-270.568756
-270.305817
-410.859924
-460.534821
-625.230896
-692.594543
-678.435791
-615.921143
-553.045776
-562.631592
-612.336731
-680.156128
-669.289978
-633.065735
-675.270996
-546.909851
-468.328583
-371.838348
-448.258087
-33.076733
-123.485283
-84.119614
87.367653
-36.212448
-144.475174
-136.017502
-13.626514
72.198914
-162.816559
-374.976074
-598.747375
-1007.434448
-1091.559326
-917.349548
-964.387634
-991.744080
-674.761719
-575.573120
-781.664795
-858.081055
-753.495483
-667.717896
-1016.359131
-844.685242
-821.259338
-739.037048
-485.959564
-409.940887
-360.237305
-522.198486
-515.008911
-480.963989
-316.036133
-306.331451
-104.550865
-31.498260
-39.015152
-56.230553
-107.628021
-286.301300
-332.599670
-329.164612
-280.507080
-305.462128
-241.317505
-242.859634
-406.304535
-477.811066
-612.382812
-640.531372
-587.632812
-522.245789
-506.485016
-529.026245
-576.651062
-646.442932
-653.118225
-628.102173
-678.696167
-526.759399
-432.374084
-325.962769
-384.700439
175.116333
112.939934
188.117752
321.924011
439.476349
381.294098
407.374207
458.103638
463.061615
317.065948
93.269630
-262.786621
-703.789062
-808.731567
-621.305359
-624.155579
-607.138611
-429.508118
-478.418701
-667.363281
-760.149353
-589.338074
-361.464569
-556.490845
-257.600494
-234.460129
-80.511169
137.574265
72.741348
-18.084372
-268.937592
-262.892761
-246.942291
-109.671082
-157.571198
-37.560825
2.591211
-4.806796
-29.898504
-71.439117
-230.410721
-304.610687
-337.156189
-321.915649
-250.509430
-147.884354
-150.944199
-342.098541
-433.766144
-540.265869
-542.336487
-453.640045
-393.415741
-421.520294
-453.996307
-474.166992
-525.758118
-549.611694
-560.308044
-606.614075
-458.458679
-356.021942
-260.792755
-308.185303
369.778564
336.729889
424.216583
509.555511
792.432190
783.204529
812.419495
796.498596
726.089844
694.647278
560.791565
130.363068
-273.867737
-352.871582
-214.574631
-161.576935
-89.426498
-89.685791
-248.080887
-399.106445
-512.963074
-308.083374
29.971888
11.850587
373.894745
384.848846
579.389954
720.542297
523.255554
332.151672
22.336769
25.531200
13.657766
102.394287
-3.569245
17.947813
33.926025
22.284134
1.191006
-12.223545
-126.694611
-214.413330
-283.248077
-295.698730
-130.131866
-15.035631
-12.968241
-195.686462
-305.615631
-377.518555
-369.017670
-264.685883
-232.795547
-291.167786
-341.866791
-337.945709
-354.802490
-386.544312
-414.654083
-430.025726
-322.182800
-230.049850
-167.142456
-203.434082
524.879456
501.203796
591.790710
624.239685
1008.337891
1041.432251
1064.686768
1003.410339
876.569946
925.440247
896.784241
484.656006
177.843246
154.644287
245.818176
351.309387
477.499786
323.040588
100.953331
11.619165
-123.038757
105.470169
472.323669
643.963013
1000.362671
1007.981201
1168.994873
1202.389404
905.380615
665.046021
346.263214
327.006500
291.128418
300.421906
144.985428
70.361427
61.844166
37.619930
31.746479
73.044418
25.066723
-63.069180
-150.978806
-175.531189
37.868988
128.826874
146.763718
18.498306
-102.950722
-132.928040
-115.325432
-19.035257
-41.601433
-127.308372
-189.261154
-159.888794
-155.889542
-178.935150
-206.331680
-200.392181
-133.832291
-76.679604
-56.535374
-69.532501
563.560303
554.965881
644.900635
645.707214
1058.224243
1116.088257
1134.634766
1040.784546
892.475830
1004.863159
1079.497192
761.022156
592.278320
626.903564
683.623901
826.611755
995.031250
740.477478
483.565277
504.041290
367.009857
605.721802
921.902588
1254.191772
1550.598511
1547.042480
1622.366943
1546.497925
1219.505371
959.834412
671.650574
611.228333
553.500366
485.738861
309.535156
152.605804
117.421738
68.674927
62.565826
138.635452
175.778137
133.184036
56.728600
27.997772
239.152771
257.603149
302.517365
257.255371
145.801483
157.106934
156.137268
211.054855
136.095154
28.556150
-22.853825
43.183498
60.931011
67.730072
52.253422
71.285141
99.906509
102.512009
80.710381
88.055603
492.821594
497.294983
586.936829
570.973145
920.990784
993.798767
999.665283
913.372986
779.098938
957.793274
1132.014893
958.541626
956.735229
1038.785645
1055.937500
1211.257202
1396.015625
1114.302368
847.507141
990.124207
925.027527
1137.576538
1385.434082
1766.724121
1948.301025
1924.190552
1918.622070
1764.477661
1458.008789
1223.171509
969.920105
855.006409
783.887085
641.377808
464.446716
247.750854
182.178543
101.689766
102.659004
187.944321
292.242737
317.377838
296.523041
260.551361
422.320923
363.204865
427.229248
489.562500
421.777283
463.194489
396.254700
367.815460
272.146790
166.236282
150.058350
244.903641
268.550690
306.513794
316.930298
367.393188
336.910797
277.905457
228.342819
243.910751
349.381592
361.872040
432.256958
393.536407
633.013489
710.703735
696.866211
654.427185
560.189697
795.911438
1052.456665
1063.557495
1225.158813
1366.387085
1348.609497
1499.570312
1687.471313
1431.482056
1180.598267
1418.041992
1482.017822
1620.154175
1787.307861
2119.105469
2144.543945
2105.681152
2060.783936
1850.775513
1600.028076
1416.749268
1220.997925
1041.986206
965.613342
751.992126
584.001282
324.580536
218.727386
99.478279
141.123001
208.083847
349.492188
441.105377
495.114166
469.702820
547.291748
426.030548
499.525604
665.654297
649.029602
690.588135
576.558838
456.597229
369.239471
280.749146
324.312500
437.571777
453.374908
487.486694
531.637878
596.801086
508.860199
397.361969
333.811737
372.407806
153.976242
174.381317
205.243729
147.283218
250.198318
329.093719
300.240570
317.626770
287.373596
561.894653
857.085693
1047.021606
1338.757812
1532.027588
1504.770752
1672.876343
1847.744507
1658.331055
1457.801025
1767.492676
1925.738770
1988.549194
2046.257080
2289.463867
2190.072510
2118.306396
2039.870605
1794.030518
1620.052124
1480.954102
1353.787842
1143.315308
1063.088989
812.224121
660.096802
381.412903
230.628098
72.053535
158.065262
157.526657
302.276978
468.649628
602.026855
588.595764
577.540894
403.024048
462.710541
717.430420
724.301331
769.907959
641.990784
461.918976
420.670624
347.215912
461.867920
582.469055
580.138550
585.186890
649.951782
714.067993
595.746826
450.935547
397.487427
465.534637
-57.438316
-52.415241
-56.558552
-119.589813
-152.675797
-84.547516
-109.302330
-26.846102
11.135628
288.285278
577.135376
898.774841
1284.398315
1502.618286
1505.750977
1695.510986
1849.783569
1743.861938
1627.151123
1971.133057
2183.227051
2206.311523
2142.562744
2274.234619
2101.247314
1990.613770
1868.892578
1606.420166
1505.387451
1407.809082
1341.160889
1134.008667
1050.717651
780.891357
656.695312
400.468262
221.689819
34.507656
144.347961
50.770641
163.986877
370.418243
565.809692
565.371155
458.990356
245.240265
283.146606
598.941772
619.752686
684.783752
577.228638
380.094025
409.974762
357.557922
519.794067
633.560913
609.344299
571.385559
632.167725
700.013245
569.147034
433.098969
420.635712
513.529053
-262.608276
-275.815186
-317.800964
-386.706696
-504.007812
-452.962067
-452.517334
-322.107330
-241.422440
3.532465
257.984894
650.902344
1055.934448
1271.797974
1321.989014
1531.607300
1664.943848
1638.507690
1631.967773
1966.761230
2214.020508
2212.878174
2027.139526
2054.938477
1832.796875
1696.246216
1533.941772
1284.590698
1259.745117
1207.851196
1186.732422
1005.103027
937.120972
671.265808
590.308350
379.227753
182.074997
-22.977219
69.839600
-116.846779
-64.967171
149.407043
376.088898
399.407288
198.527069
-24.845619
-24.958008
312.370911
369.041199
456.175476
375.854584
212.821930
325.706482
300.041962
490.148590
572.836914
534.267639
456.106934
503.248016
573.566772
446.521515
360.375366
389.059753
490.176636
-435.312286
-468.596436
-530.309631
-594.303406
-748.607605
-711.612244
-672.184875
-524.692993
-423.567230
-241.139465
-69.445862
323.582489
672.523193
860.466797
953.235840
1167.255371
1273.880859
1304.878906
1411.076050
1704.598999
1959.171509
1958.025269
1682.301758
1644.426147
1404.111816
1250.068848
1065.948364
855.146484
906.562500
889.204895
917.636169
781.899292
725.137695
494.727051
467.297699
319.403961
103.732216
-102.642273
-84.687187
-350.599518
-384.507141
-180.223511
47.512554
107.896584
-156.479111
-366.496643
-437.461029
-127.984612
-16.158699
101.499924
58.004227
-27.487755
170.499115
185.244659
388.180084
427.871552
385.864746
271.846405
299.611115
361.308807
268.049500
253.829849
310.700989
396.346954
-541.147522
-587.045715
-647.300598
-689.886047
-841.028381
-825.113892
-763.930359
-622.440369
-525.879578
-437.961182
-378.471527
-57.625656
196.350250
325.173218
445.958282
629.834106
704.920471
759.156738
962.670959
1172.415283
1387.827271
1406.491455
1107.974365
1059.487305
837.629333
693.571899
512.283569
351.084839
474.536407
485.323853
558.632507
477.351654
422.460388
243.485611
266.323639
187.508652
-29.275009
-203.162827
-300.982635
-604.031860
-745.743408
-600.778564
-403.797577
-308.458435
-597.048889
-762.958923
-908.221008
-671.931030
-493.018677
-328.871674
-309.409424
-284.714142
-13.593266
54.330647
221.011398
233.496170
186.350204
55.148338
41.414467
87.502182
50.274277
118.076683
205.953140
270.630646
-578.226807
-631.896118
-663.863037
-678.889771
-802.425049
-809.716309
-736.760925
-615.623535
-558.218628
-575.252869
-626.140625
-441.136658
-311.919037
-276.853516
-158.519287
-36.319614
-2.590176
55.627937
335.897308
426.828857
555.654175
584.971497
343.563141
333.783112
164.922012
49.645481
-106.497055
-197.237976
-8.777804
23.528444
131.834900
116.236725
67.652847
-50.500748
9.487519
-9.205665
-204.902634
-319.079193
-554.370667
-836.459106
-1068.797974
-1027.008667
-895.474792
-799.224731
-1061.621460
-1169.893188
-1372.048218
-1232.887817
-996.068604
-778.843750
-666.058594
-499.917572
-196.913986
-74.361427
-3.791597
-6.475599
-41.323822
-153.664047
-213.323792
-179.187759
-141.287155
10.465262
125.496902
140.420319
-536.953369
-592.669189
-585.165955
-583.533020
-664.300964
-678.282837
-614.291077
-528.572754
-524.209839
-631.257874
-785.994751
-780.088501
-804.949890
-877.149170
-785.566406
-737.641663
-755.053345
-714.831604
-387.374207
-444.119995
-440.219879
-412.805237
-535.232300
-457.667664
-554.964478
-626.773499
-737.598389
-739.238220
-502.246033
-455.272675
-302.277740
-248.738876
-291.387817
-349.268677
-262.635834
-217.413925
-372.460083
-406.349854
-783.731628
-984.985901
-1257.674683
-1340.955933
-1288.565430
-1232.265625
-1428.993164
-1481.505249
-1707.710693
-1716.986450
-1455.887939
-1200.684082
-973.133728
-652.912842
-374.898102
-196.505341
-244.931915
-269.502869
-268.883759
-331.721039
-407.684204
-385.242554
-275.274139
-49.515953
57.371552
10.677066
-430.764526
-482.264252
-429.705566
-423.990662
-446.359772
-451.938995
-415.916443
-394.124268
-453.709412
-641.356079
-874.737366
-1044.553223
-1212.569946
-1382.793091
-1331.234375
-1380.792847
-1454.820435
-1454.497437
-1118.826050
-1335.758301
-1469.094971
-1463.635010
-1444.120850
-1249.508789
-1269.991333
-1271.760376
-1316.613647
-1221.852539
-962.010742
-890.820374
-691.882935
-599.277344
-628.962280
-632.513916
-535.844604
-444.292175
-545.222961
-502.541626
-974.539612
-1054.088257
-1312.886719
-1511.760986
-1567.709717
-1574.660645
-1650.352295
-1640.415405
-1867.226196
-2031.982056
-1766.429932
-1503.202515
-1195.933105
-769.887146
-572.752930
-359.089142
-506.264771
-562.231934
-488.644653
-476.946808
-557.549744
-536.241882
-359.639343
-98.867226
-49.784637
-126.851631
-302.229431
-328.079468
-245.194016
-232.992050
-197.931290
-184.204132
-175.947388
-236.522308
-355.209473
-592.264587
-874.176880
-1191.912964
-1478.139282
-1727.784546
-1732.474731
-1887.748901
-2013.226562
-2062.354492
-1748.536987
-2120.821289
-2387.898438
-2434.829346
-2288.375488
-1995.952148
-1937.968384
-1855.349365
-1821.777344
-1628.459106
-1366.536499
-1264.286865
-1030.216187
-924.025269
-951.292114
-916.994751
-827.252380
-705.535278
-738.346558
-639.391235
-1138.484131
-1058.707031
-1252.099976
-1546.119629
-1711.146729
-1787.302490
-1723.198975
-1641.538574
-1856.383179
-2146.346191
-1896.233887
-1654.858276
-1331.192627
-896.788574
-824.830750
-612.353821
-837.897949
-921.752075
-752.451782
-630.578674
-690.876160
-653.020325
-418.677155
-163.057007
-181.376999
-270.403320
-138.511795
-137.496887
-45.250900
-31.081690
46.099434
56.886856
36.235493
-86.990585
-220.481216
-468.872864
-756.869568
-1165.896606
-1536.164429
-1858.754517
-1939.444702
-2184.215088
-2358.712646
-2441.406494
-2190.636963
-2668.147217
-3042.102051
-3167.041748
-2943.583740
-2589.222412
-2467.478516
-2311.473877
-2208.568359
-1929.215332
-1697.962891
-1570.743530
-1330.970581
-1219.394409
-1261.373291
-1192.694702
-1121.354736
-974.546570
-925.655884
-789.410889
-1265.608032
-994.918213
-1074.956909
-1442.535156
-1694.633057
-1790.010498
-1628.417480
-1501.600098
-1673.513916
-2052.450684
-1832.147949
-1672.691284
-1407.174438
-1044.488770
-1102.614868
-885.855835
-1173.035522
-1262.936646
-1011.547119
-783.790222
-790.241577
-737.616699
-486.967712
-284.557220
-354.182709
-457.375122
39.220203
57.540382
141.744125
164.952316
247.608337
248.741470
192.256531
26.461384
-84.789604
-309.956818
-572.442017
-991.010437
-1385.251709
-1752.891235
-1915.805786
-2230.029297
-2434.218262
-2545.869141
-2370.625977
-2889.762207
-3325.871826
-3547.067139
-3278.350342
-2933.447754
-2798.253906
-2589.932129
-2439.448486
-2102.261475
-1947.519775
-1778.855591
-1575.370239
-1472.516357
-1532.833374
-1414.964355
-1371.246582
-1213.469482
-1100.976929
-969.441528
-1320.430908
-876.517212
-806.651672
-1197.382935
-1515.101562
-1582.554688
-1384.671021
-1252.502319
-1326.294312
-1735.354614
-1647.080322
-1603.875366
-1442.785767
-1185.687134
-1342.993286
-1128.268677
-1445.138916
-1548.032593
-1246.451294
-932.834900
-883.910767
-826.174622
-600.442932
-498.133545
-600.216003
-703.307617
183.793808
230.925812
284.869537
310.225006
382.019318
381.095764
286.376007
93.317429
25.885416
-154.295563
-353.663910
-707.187988
-1052.084961
-1406.165527
-1661.167725
-1997.308472
-2236.455078
-2340.078613
-2247.919434
-2728.031250
-3188.294434
-3501.283691
-3214.464600
-2982.537598
-2884.062744
-2652.041260
-2471.352051
-2124.781494
-2091.025391
-1877.789673
-1750.630005
-1670.238159
-1744.187134
-1592.623291
-1567.147583
-1404.706421
-1235.016113
-1115.427002
-1210.561157
-641.460754
-460.369720
-790.261963
-1099.081177
-1196.063354
-1017.923157
-880.377747
-832.974731
-1191.807373
-1332.292725
-1440.902588
-1343.994141
-1244.191772
-1486.567505
-1285.531250
-1584.871826
-1736.500977
-1437.974365
-1070.636353
-969.991089
-917.174622
-740.538574
-764.646179
-879.885193
-953.779114
262.315735
345.029938
365.371307
382.979187
426.156830
419.583557
304.670990
106.262215
104.670677
-18.437080
-127.604317
-377.744659
-599.821716
-867.957947
-1175.822876
-1480.959106
-1778.612427
-1824.769165
-1842.447998
-2207.813232
-2615.750488
-2967.764160
-2742.111084
-2682.860840
-2624.555908
-2413.928223
-2235.448486
-1932.970581
-2055.827393
-1835.127563
-1831.028442
-1767.643433
-1850.970215
-1686.500732
-1667.158813
-1485.915894
-1232.144897
-1116.713135
-914.875366
-328.894379
-61.228119
-304.041595
-501.640228
-677.078674
-530.292725
-409.338257
-259.295929
-484.677094
-772.220825
-1047.206665
-1024.757080
-1122.601807
-1454.733643
-1266.078491
-1494.155029
-1705.475220
-1455.950928
-1108.612915
-962.516052
-912.477417
-832.447937
-1031.913330
-1136.118530
-1164.389282
266.187469
379.078827
371.515778
381.564026
385.234283
374.631683
257.327881
90.737869
144.725891
78.118156
53.833347
-56.747528
-124.125977
-261.336273
-508.681244
-729.610046
-1030.542725
-1041.218384
-1188.805176
-1439.783569
-1694.299927
-2044.243042
-1950.400879
-2081.551270
-2040.716431
-1908.206909
-1759.177979
-1533.532837
-1830.938477
-1655.665894
-1767.940552
-1737.440674
-1786.462280
-1597.259155
-1579.840942
-1388.307373
-1055.327148
-927.818848
-487.816040
-8.410594
346.552673
153.895615
137.268768
-87.642159
25.290524
87.300804
330.110596
271.460663
-119.522308
-484.374146
-569.407166
-857.625671
-1239.472656
-1137.786743
-1216.611816
-1462.133179
-1293.031372
-1020.338440
-881.232971
-864.907837
-900.744080
-1271.618164
-1354.606323
-1311.447266
212.288101
348.038055
313.090973
327.510040
294.611298
281.704315
169.594467
84.804962
176.443970
167.198700
221.704971
254.282990
333.117493
328.673431
191.369736
101.241898
-118.391769
-112.641029
-376.392151
-527.250122
-594.100769
-910.994995
-998.944153
-1280.774902
-1245.856201
-1216.660156
-1110.541504
-1003.397400
-1453.276855
-1367.779419
-1563.567261
-1574.421997
-1543.667603
-1325.337524
-1285.911255
-1117.180176
-759.626587
-630.553284
3.459816
334.750122
682.445007
584.950378
718.424561
498.623871
559.811829
581.156860
873.885010
969.832458
504.187683
113.475990
-34.520470
-492.289795
-875.742004
-917.996277
-822.621826
-1054.025513
-996.161560
-886.022217
-814.592773
-870.103149
-995.189453
-1461.147461
-1516.508545
-1400.741943
133.367310
278.582642
216.074249
243.090729
177.618225
164.808731
76.938911
103.294685
215.596939
276.895447
399.392822
545.991150
742.883789
861.747498
810.095764
844.056824
754.393250
769.653503
435.287415
409.742798
525.679688
285.782288
-5.436056
-368.048492
-339.760773
-378.325928
-356.776855
-415.190979
-975.148987
-969.596802
-1221.347656
-1228.928833
-1159.069824
-891.084900
-833.941772
-694.587708
-373.798615
-303.580780
499.637878
665.641357
924.667786
966.460571
1188.411743
1010.502380
996.682922
1028.271484
1296.003418
1530.865601
1066.004272
703.239258
534.684998
-42.795017
-370.202118
-503.030212
-314.812042
-522.580872
-637.875610
-760.531921
-748.701538
-855.923157
-1059.815308
-1538.096802
-1539.306641
-1384.505371
49.113388
177.667542
101.538414
145.051743
61.181656
64.177162
7.593437
136.742554
253.465775
376.992706
555.056335
776.382141
1061.196899
1269.000488
1303.622314
1418.522217
1471.938965
1489.176758
1102.772827
1238.103394
1532.162231
1412.255371
972.304077
540.095764
563.203308
480.278931
420.398712
173.923538
-421.208862
-505.351013
-746.024841
-711.180725
-629.505371
-307.543915
-253.988235
-154.683350
58.377190
102.075127
964.011108
932.801392
1111.711060
1245.505127
1512.749268
1402.208984
1317.885376
1389.897339
1586.441162
1884.540527
1501.226440
1192.170898
1054.213257
447.746307
237.223038
53.273113
291.380157
109.387192
-239.306549
-530.717346
-574.314209
-735.843018
-999.397583
-1419.898804
-1357.174438
-1178.362671
-9.028335
75.330788
-3.925568
44.896969
-34.429874
-4.136364
-15.406811
201.094482
285.299042
436.489044
645.910217
901.706238
1240.781250
1491.853760
1633.445068
1794.085571
1950.724487
1956.620972
1592.459961
1863.909790
2278.653076
2327.612061
1820.162476
1391.532837
1376.416504
1198.898926
1119.533813
727.576477
202.820969
27.057602
-170.318375
-85.016930
32.170395
320.772827
387.917633
425.624084
503.321106
568.667603
1333.429077
1121.472656
1221.754517
1409.623657
1643.176270
1642.594482
1542.560425
1661.677612
1769.049072
2025.480347
1775.715942
1535.235596
1429.790649
927.705261
850.564514
603.368225
897.909485
795.870728
303.382843
-85.830986
-218.054901
-442.559479
-757.315552
-1103.683228
-992.652222
-795.610413
-25.992609
11.009335
-66.095688
-22.900578
-76.582428
-28.639015
7.807627
273.496216
303.928040
443.555359
652.178894
918.195618
1264.875366
1537.749634
1756.489868
1950.566650
2165.169922
2160.830566
1890.435913
2246.745117
2692.756592
2916.473389
2444.445312
2102.122314
2007.498779
1731.486816
1644.068237
1196.197510
831.327271
599.374695
472.982849
579.282715
718.721497
916.901367
989.703247
969.523315
958.385864
1058.432983
1580.891846
1237.577881
1218.162476
1450.116577
1580.851318
1687.094482
1622.862183
1782.637329
1843.139404
2027.530762
1897.987305
1764.810669
1631.205566
1354.500244
1379.954102
1092.854980
1384.133179
1423.042725
922.442261
483.029205
271.553406
-3.951322
-366.438171
-604.404236
-502.722626
-328.468384
6.084664
-17.496593
-83.804779
-51.183929
-82.057945
-26.699749
38.364143
305.797455
295.263550
409.644348
604.641541
858.847839
1170.247437
1433.200928
1673.170044
1883.171265
2131.644287
2134.027100
1970.402466
2352.866699
2783.056641
3115.605713
2787.037109
2547.233643
2387.169189
2107.675781
1978.261108
1507.806641
1372.796631
1122.479980
1115.447876
1195.809692
1336.044800
1412.144409
1505.439941
1421.779297
1366.129150
1497.645142
1687.779053
1274.332764
1119.494751
1390.566528
1425.987793
1583.821655
1561.664062
1708.846191
1761.175415
1875.062744
1894.885010
1870.710693
1727.663330
1689.437378
1778.536865
1486.266602
1707.818604
1904.934082
1456.421875
1032.328491
794.871704
505.363159
120.292900
23.543032
103.779045
175.545120
68.635483
-12.848452
-74.706245
-62.233536
-81.107582
-31.360306
58.067108
290.541046
257.491089
344.016266
528.759705
740.943909
979.483154
1191.035645
1420.541504
1607.437866
1869.013794
1878.387939
1822.707642
2185.348389
2547.171631
2915.699219
2779.397949
2675.466064
2519.201904
2291.354736
2124.926514
1666.986206
1785.194702
1561.908325
1665.484131
1700.121582
1834.963135
1759.878296
1882.705322
1749.132568
1666.763916
1785.723022
1647.610352
1232.371094
998.161194
1275.478149
1222.406616
1404.898804
1419.953247
1495.826172
1504.906372
1552.577881
1752.803833
1843.467529
1723.695801
1855.830811
1992.327515
1713.227051
1841.145996
2141.793213
1780.603394
1433.556641
1250.200806
1030.397461
690.931152
713.165955
762.367493
731.046875
132.102158
16.878614
-32.279442
-44.750660
-53.146698
-21.476107
80.161781
247.769348
207.139725
268.485107
429.337006
579.629395
718.142700
856.420471
1044.361206
1181.747803
1415.099731
1429.957642
1466.090454
1784.764404
2031.755615
2387.027588
2436.406982
2461.559326
2362.469727
2208.544678
2064.109375
1729.949829
2054.332275
1893.043213
2058.809082
2055.931885
2173.246582
1982.961792
2056.725342
1899.387695
1788.144043
1866.225830
1491.396240
1126.836426
874.112549
1121.752197
964.141235
1161.098145
1210.571899
1219.351562
1182.784180
1158.503906
1460.431641
1652.607178
1561.103271
1792.583618
1964.916260
1739.766968
1751.135742
2090.730469
1872.462158
1623.770508
1554.395386
1444.734985
1237.561035
1383.422241
1349.751831
1244.439087
182.078339
53.593231
30.943367
-4.591457
8.027931
12.174389
116.004898
182.075897
147.699066
191.055664
295.697266
381.939056
416.036682
477.806000
595.560913
673.007935
850.722717
881.423523
977.053406
1241.367554
1353.922729
1663.923218
1874.731567
1971.851685
1911.963623
1858.198364
1793.432861
1657.268188
2117.854248
2024.549438
2223.204834
2190.258789
2261.359863
2003.264526
1993.179443
1829.491821
1686.384033
1708.328735
1212.115723
938.385803
707.290039
902.008179
673.723267
864.517883
926.250732
891.613953
845.033875
740.912170
1069.366577
1292.280029
1227.990845
1506.997925
1688.715088
1567.252563
1495.347290
1836.089600
1799.063232
1666.056763
1683.601318
1649.577148
1597.807739
1871.657593
1785.195312
1600.449097
203.924606
81.485023
85.896187
33.354836
69.230301
42.069870
143.271164
95.479141
78.034187
119.687584
153.731842
173.877136
108.853622
98.547997
128.561661
161.977783
271.100647
326.770081
461.286285
668.315613
641.581177
878.389832
1217.206177
1346.887085
1309.422607
1354.516724
1363.937988
1422.602173
1948.198853
1931.761475
2115.358643
2054.697998
2061.310059
1778.289673
1706.169312
1548.767700
1400.277710
1371.477661
832.337036
666.756531
493.619812
626.794006
373.737946
545.489014
609.143433
545.354553
497.873352
331.101166
643.961304
847.065369
787.495483
1063.207397
1234.749756
1230.354492
1125.687012
1423.781006
1559.435425
1563.061890
1638.105713
1673.001221
1727.709717
2081.214355
1962.082275
1725.368774
196.884079
100.110901
118.891693
67.570099
129.598297
80.402275
170.101334
17.649158
16.598389
45.844204
10.080005
-23.705799
-159.422318
-211.967300
-269.994720
-266.853027
-229.033966
-139.455292
8.045831
159.493103
11.133514
158.181900
571.034912
701.328552
693.263306
824.215820
875.584412
1087.227051
1603.488403
1654.356079
1778.212524
1697.804443
1649.613770
1372.240601
1254.476807
1115.627197
992.920471
925.866272
426.336792
364.625671
273.958191
350.190643
106.051506
249.000626
299.021240
227.976944
176.482437
-15.825800
246.899323
405.412231
338.598511
583.615417
734.374512
814.010254
692.903015
914.857544
1182.880005
1301.778687
1424.971558
1534.854492
1664.182129
2023.120239
1860.252686
1593.342651
164.998306
107.142204
139.996597
93.114952
173.163528
105.906227
184.852036
-54.971008
-29.893913
-9.049818
-112.287628
-192.656723
-365.930450
-421.689545
-557.749207
-565.481934
-590.287231
-477.963440
-332.910034
-227.242340
-469.347290
-410.531586
18.767971
129.878418
131.880783
318.795898
390.502441
699.700928
1138.678345
1234.065552
1281.788696
1198.217773
1120.767334
885.196838
731.827820
628.069031
535.616028
430.821869
37.008610
50.168167
65.275986
88.026230
-104.237526
-5.065570
14.566904
-59.751133
-105.117279
-271.299286
-74.096931
25.269943
-38.406204
154.776215
275.844116
402.211578
281.939026
383.155701
733.787231
932.442810
1077.415527
1242.118530
1431.420532
1758.825928
1563.899414
1295.122681
106.928673
89.302551
130.783447
89.132767
172.593369
100.728706
157.681778
-125.373985
-67.296936
-41.987656
-193.976105
-307.990295
-484.351135
-537.058289
-715.922974
-720.591919
-795.265991
-668.064331
-549.107849
-486.763763
-778.412048
-789.342346
-400.632996
-319.684998
-311.205170
-107.924889
-43.628860
311.327026
626.646912
740.062378
706.510071
644.001892
558.370789
395.008331
224.647095
167.821381
104.989632
-19.332405
-270.207672
-223.176743
-124.980019
-140.257690
-248.284195
-207.829865
-219.608627
-295.231812
-326.610474
-436.434875
-310.572571
-252.253021
-309.884460
-193.790146
-106.976082
41.600731
-60.596527
-92.608513
277.465881
506.105957
656.395081
856.333191
1070.899292
1349.122559
1143.808228
910.130554
36.348255
51.962864
94.251625
63.258091
136.594391
69.775192
102.812729
-172.112885
-100.692200
-77.128540
-241.763428
-363.010895
-515.475403
-555.758057
-738.961609
-739.028381
-835.092529
-718.116150
-641.200623
-623.886902
-901.513733
-962.889893
-670.468811
-625.771667
-609.117126
-416.827393
-362.399841
-19.690742
148.572525
260.939240
166.960968
125.700478
44.546116
-38.670250
-199.865402
-212.185471
-244.536697
-368.750183
-465.974579
-398.916382
-257.864807
-304.721039
-325.980927
-335.831879
-375.210907
-439.741455
-461.775574
-513.806335
-458.457764
-438.423126
-477.447266
-445.679260
-394.539368
-245.096497
-311.901611
-440.425537
-112.126930
99.580826
229.857498
426.122406
636.151672
838.708313
660.132263
487.398468
