/Real_seismic_DSS1
1
Seis
-0.950636
-0.950636
-1.069455
-1.069455
-1.176311
-1.108312
-1.064890
-1.064890
-1.064890
-1.038071
-1.038071
-1.038071
-1.436352
-1.436352
-1.436352
-1.301848
-1.301848
-1.424979
-1.495220
-1.528906
-1.545442
-1.147161
-0.113574
-0.178061
-0.393289
-0.690692
-0.607681
-0.303545
-0.010708
-0.010708
0.389889
0.788170
0.788170
1.026481
-0.005320
0.011134
0.016589
0.019877
0.025855
0.023090
0.017112
0.017112
0.006867
0.006867
0.006867
0.006867
0.017112
0.017112
0.017112
0.012031
0.012031
0.012031
0.017112
0.017112
0.017112
0.017112
0.017112
0.017112
0.017112
0.017112
0.012031
0.012031
0.012031
0.012031
-0.989934
-0.989934
-1.296468
-1.296468
-1.406313
-1.513169
-1.506593
-1.506593
-1.506593
-1.445170
-1.445170
-1.445170
-1.669343
-1.669343
-1.669343
-1.599102
-1.599102
-1.657910
-1.732776
-1.799363
-1.815877
-1.591704
-0.775490
-0.657896
-0.424748
-0.565910
-0.297567
0.009639
0.425697
0.425697
0.823978
1.048151
1.048151
0.840433
0.031100
0.047682
0.024136
0.027349
0.054183
0.042227
0.015393
0.015393
0.012031
0.012031
0.012031
0.012031
0.015393
0.015393
0.015393
0.017112
0.017112
0.017112
0.015393
0.015393
0.015393
0.015393
0.015393
0.015393
0.015393
0.015393
0.017112
0.017112
0.017112
0.017112
-0.856939
-0.856939
-1.164206
-1.164206
-1.459367
-1.569212
-1.737342
-1.737342
-1.737342
-1.676068
-1.676068
-1.676068
-1.451895
-1.451895
-1.451895
-1.383896
-1.383896
-1.455474
-1.353782
-1.420137
-1.421706
-1.645879
-1.227871
-1.100107
-0.690453
-0.197937
0.036473
0.448503
0.862170
0.862170
1.086343
0.862170
0.862170
0.473603
0.062470
0.069128
0.052389
0.046411
0.073230
0.040418
0.013600
0.013600
0.017112
0.017112
0.017112
0.017112
0.013600
0.013600
0.013600
0.015393
0.015393
0.015393
0.013600
0.013600
0.013600
0.013600
0.013600
0.013600
0.013600
0.013600
0.015393
0.015393
0.015393
0.015393
-0.125238
-0.125238
-0.529123
-0.529123
-0.824957
-1.120118
-1.345039
-1.345039
-1.345039
-1.229963
-1.229963
-1.229963
-0.831682
-0.831682
-0.831682
-0.945405
-0.945405
-0.840500
-0.735736
-0.849093
-0.850513
-1.248794
-1.224232
-0.908723
-0.496693
0.135998
0.475322
0.876891
1.159199
1.159199
0.935026
0.536745
0.536745
0.137642
0.120306
0.119656
0.064285
0.058307
0.119731
0.066079
0.004655
0.004655
0.015393
0.015393
0.015393
0.015393
0.004655
0.004655
0.004655
0.013600
0.013600
0.013600
0.004655
0.004655
0.004655
0.004655
0.004655
0.004655
0.004655
0.004655
0.013600
0.013600
0.013600
0.013600
0.787072
0.787072
0.385578
0.385578
-0.015020
-0.310853
-0.721838
-0.721838
-0.721838
-0.606015
-0.606015
-0.606015
-0.205417
-0.205417
-0.212284
-0.327293
-0.327293
-0.228507
0.068373
-0.045657
-0.030734
-0.431332
-0.702574
-0.383934
-0.084812
0.655109
0.938314
1.165700
0.999588
0.999588
0.601307
0.200710
0.200710
-0.100855
0.177568
0.160897
0.103889
0.077056
0.145197
0.056955
-0.004319
-0.004319
0.013600
0.013600
0.013600
0.013600
-0.004319
-0.004319
-0.004319
0.004655
0.004655
0.004655
-0.004319
-0.004319
-0.004319
-0.004319
-0.004319
-0.004319
-0.004319
-0.004319
0.004655
0.004655
0.004655
0.004655
1.536408
1.536408
1.318213
1.318213
0.919932
0.519334
0.089744
0.089744
0.089744
0.223501
0.223501
0.223501
0.512467
0.512467
0.507304
0.207061
0.207061
0.497963
0.795590
0.670778
0.685731
0.389897
-0.174108
0.241210
0.539585
1.118624
1.226974
0.996823
0.719596
0.719596
0.318998
0.023165
0.023165
-0.286949
0.279484
0.260340
0.121793
0.094975
0.222081
0.099383
-0.015692
-0.015692
0.004655
0.004655
0.004655
0.004655
-0.015692
-0.015692
-0.015692
-0.004319
-0.004319
-0.004319
-0.015692
-0.015692
-0.015692
-0.015692
-0.015692
-0.015692
-0.015692
-0.015692
-0.004319
-0.004319
-0.004319
-0.004319
1.742573
1.742573
1.972724
1.972724
1.748551
1.350270
0.815168
0.815168
0.815168
0.949672
0.949672
0.942805
1.232803
1.232803
1.227722
0.933606
0.933606
1.204400
1.613942
1.488413
1.526619
1.231458
0.557668
0.962450
1.066317
1.469829
1.111899
0.707640
0.428843
0.428843
0.133009
-0.162152
-0.162152
-0.289348
0.386900
0.339690
0.193536
0.132113
0.258180
0.088698
-0.027125
-0.027125
-0.004319
-0.004319
-0.004319
-0.004319
-0.027125
-0.027125
-0.027125
-0.015692
-0.015692
-0.015692
-0.027125
-0.027125
-0.027125
-0.027125
-0.027125
-0.027125
-0.027125
-0.027125
-0.015692
-0.015692
-0.015692
-0.015692
1.688838
1.688838
2.113953
2.113953
2.338126
2.113953
1.645431
1.645431
1.638564
1.708805
1.708805
1.703641
1.808405
1.808405
1.810123
1.411319
1.411319
1.794043
2.201298
2.142430
2.180682
2.070837
1.282046
1.503455
1.604332
1.356248
0.823463
0.396032
0.260788
0.260788
-0.034373
-0.144218
-0.144218
-0.289340
0.491365
0.452284
0.246366
0.185092
0.322212
0.096477
-0.030413
-0.030413
-0.015692
-0.015692
-0.015692
-0.015692
-0.030413
-0.030413
-0.030413
-0.027125
-0.027125
-0.027125
-0.030413
-0.030413
-0.030413
-0.030413
-0.030413
-0.030413
-0.030413
-0.030413
-0.027125
-0.027125
-0.027125
-0.027125
1.466100
1.466100
1.893516
1.893516
2.291797
2.509103
2.216930
2.223798
2.211767
2.279766
2.279766
2.274685
2.383259
2.383259
2.385053
1.995716
1.995716
2.341548
2.577095
2.520528
2.585239
2.478384
1.757517
1.521388
1.426556
1.000627
0.529788
0.207136
0.073297
0.073297
-0.036548
-0.143404
-0.143404
-0.105511
0.607136
0.531126
0.317429
0.202354
0.333345
0.088847
-0.040493
-0.040493
-0.033992
-0.033992
-0.033992
-0.033992
-0.040493
-0.033626
-0.033626
-0.030413
-0.037280
-0.037280
-0.040493
-0.040493
-0.033626
-0.033626
-0.033626
-0.040493
-0.040493
-0.033626
-0.030413
-0.030413
-0.030413
-0.030413
1.128794
1.128794
1.486051
1.486051
1.886649
2.279766
2.610795
2.615959
2.605714
2.498858
2.498858
2.500577
2.434371
2.434371
2.443315
2.228117
2.228117
2.402389
2.189649
2.299792
2.364279
2.432279
1.772462
1.341370
1.244310
0.705473
0.341640
-0.014945
0.006875
0.006875
-0.099981
-0.031982
-0.031982
-0.026378
0.624173
0.557444
0.351780
0.235957
0.295460
0.025481
-0.039679
-0.039679
-0.042443
-0.042443
-0.042443
-0.042443
-0.039679
-0.034515
-0.034515
-0.040493
-0.045657
-0.045657
-0.039679
-0.039679
-0.034515
-0.034515
-0.034515
-0.039679
-0.039679
-0.034515
-0.033626
-0.033626
-0.033626
-0.033626
0.650775
0.650775
1.007210
1.007210
1.303044
1.698560
2.206686
2.211767
2.208404
2.098560
2.098560
2.100353
2.039057
2.039057
2.048031
2.283577
2.283577
1.955761
1.560768
1.673826
1.782924
1.853165
1.327852
0.873603
0.677675
0.243601
0.055296
-0.115823
-0.093405
-0.093405
-0.025406
0.044835
0.044835
0.124042
0.640164
0.527778
0.321150
0.187394
0.237474
0.030936
-0.038782
-0.038782
-0.050738
-0.050738
-0.050738
-0.050738
-0.038782
-0.033701
-0.033701
-0.039679
-0.044760
-0.044760
-0.038782
-0.038782
-0.033701
-0.033701
-0.033701
-0.038782
-0.038782
-0.033701
-0.034515
-0.027648
-0.027648
-0.027648
0.116645
0.116645
0.341565
0.341565
0.636726
0.934279
1.630038
1.628319
1.631831
1.336670
1.336670
1.345614
1.220085
1.220085
1.231458
1.641172
1.641172
1.130356
0.732971
1.022155
1.132000
1.266504
0.854092
0.470016
0.274986
-0.047824
-0.047824
-0.269755
-0.193536
-0.193536
-0.123295
0.011209
0.011209
0.035868
0.427423
0.335221
0.293600
0.159096
0.031892
-0.115292
-0.010230
-0.010230
-0.043041
-0.043041
-0.043041
-0.043041
-0.010230
-0.011948
-0.011948
-0.038782
-0.037063
-0.037063
-0.010230
-0.010230
-0.011948
-0.011948
-0.011948
-0.010230
-0.010230
-0.011948
-0.033701
-0.028537
-0.021670
-0.021670
-0.419577
-0.419577
-0.196899
-0.196899
-0.087054
0.209901
0.801568
0.799775
0.810513
0.514679
0.514679
0.523654
0.401270
0.401270
0.412703
0.816588
0.816588
0.285447
-0.016365
0.273491
0.380414
0.514171
0.217597
-0.200261
-0.431160
-0.564916
-0.376611
-0.424434
-0.348216
-0.348216
-0.213712
-0.079955
-0.079955
-0.053122
0.222611
0.121651
0.090491
0.020250
-0.112400
-0.082518
0.018382
0.018382
-0.035270
-0.035270
-0.035270
-0.035270
0.018382
0.016589
0.016589
-0.010230
-0.008436
-0.008436
0.018382
0.018382
0.016589
0.016589
0.016589
0.018382
0.018382
0.016589
-0.011948
-0.006867
-0.001704
-0.001704
-0.902073
-0.902073
-0.836315
-0.836315
-0.729459
-0.610670
0.085089
0.076144
0.094063
-0.306534
-0.306534
-0.295161
-0.399551
-0.399551
-0.396263
-0.097216
-0.097216
-0.533532
-0.834671
-0.460907
-0.353222
-0.237399
-0.453502
-0.739697
-0.970595
-0.898112
-0.534279
-0.597795
-0.624696
-0.624696
-0.490939
-0.375116
-0.375116
-0.366979
-0.185466
-0.252568
-0.024883
-0.092882
-0.402764
-0.197437
0.088750
0.088750
0.000508
0.000508
0.000508
0.000508
0.088750
0.079806
0.079806
0.018382
0.027327
0.027327
0.088750
0.088750
0.079806
0.079806
0.079806
0.088750
0.088750
0.079806
0.016589
0.014870
0.019951
0.019951
-1.337738
-1.337738
-1.273475
-1.273475
-1.341475
-1.225644
-0.717518
-0.726493
-0.706145
-1.104426
-1.104426
-1.092994
-1.204781
-1.204781
-1.201568
-0.912385
-0.912385
-1.283765
-1.420443
-1.048981
-1.040163
-0.925088
-1.079767
-1.417522
-1.612552
-1.363795
-0.892956
-0.892956
-0.920530
-0.920530
-0.804707
-0.689631
-0.689631
-0.701438
-0.581214
-0.563347
-0.323557
-0.216701
-0.519036
-0.125462
0.158999
0.158999
0.036301
0.036301
0.036301
0.036301
0.158999
0.150024
0.150024
0.088750
0.097725
0.097725
0.158999
0.158999
0.150024
0.150024
0.150024
0.158999
0.158999
0.150024
0.079806
0.078012
0.076294
0.076294
-1.469246
-1.469246
-1.533509
-1.533509
-1.603750
-1.660376
-1.329347
-1.340720
-1.317914
-1.542087
-1.542087
-1.538799
-1.596860
-1.596860
-1.602838
-1.498971
-1.498971
-1.703649
-1.837323
-1.674573
-1.667848
-1.606574
-1.753632
-1.935212
-2.131139
-1.721575
-1.188790
-1.125274
-1.339808
-1.339808
-1.224733
-1.163459
-1.163459
-1.111002
-1.017597
-0.943702
-0.403437
-0.293592
-0.691425
-0.103717
0.285447
0.285447
0.109098
0.109098
0.109098
0.109098
0.285447
0.274074
0.274074
0.158999
0.170372
0.170372
0.285447
0.285447
0.274074
0.274074
0.274074
0.285447
0.285447
0.274074
0.150024
0.141080
0.139286
0.139286
-1.158975
-1.158975
-1.224733
-1.224733
-1.359237
-1.418045
-1.710217
-1.721650
-1.706929
-1.482756
-1.482756
-1.479543
-1.546944
-1.546944
-1.552922
-1.472900
-1.472900
-1.499718
-1.493143
-1.778590
-2.000521
-1.939098
-2.060084
-2.258104
-2.355163
-1.883802
-1.525872
-1.478048
-1.693255
-1.693255
-1.631981
-1.570557
-1.570557
-1.496662
-1.430225
-1.146123
-0.584345
-0.289183
-0.675508
0.017710
0.412703
0.412703
0.181804
0.181804
0.181804
0.181804
0.412703
0.401270
0.401270
0.285447
0.296880
0.296880
0.412703
0.412703
0.401270
0.401270
0.401270
0.412703
0.412703
0.401270
0.274074
0.265100
0.256155
0.256155
-0.520007
-0.520007
-0.742686
-0.742686
-0.876442
-1.007658
-1.476180
-1.479468
-1.472967
-1.074686
-1.074686
-1.080664
-1.113461
-1.113461
-1.140294
-1.235112
-1.235112
-1.118691
-1.109724
-1.623081
-1.848748
-1.821930
-1.934016
-2.004257
-2.099090
-1.767979
-1.876329
-1.654398
-1.924153
-1.924153
-1.862729
-1.835911
-1.835911
-1.586399
-1.492993
-1.188118
-0.580541
-0.284707
-0.476069
0.328787
0.549747
0.549747
0.300168
0.300168
0.300168
0.300168
0.549747
0.546459
0.546459
0.412703
0.415991
0.415991
0.549747
0.549747
0.546459
0.546459
0.546459
0.549747
0.549747
0.546459
0.401270
0.389897
0.380922
0.380922
-0.024876
-0.024876
-0.249796
-0.249796
-0.365619
-0.496162
-1.031264
-1.034477
-1.037242
-0.636644
-0.636644
-0.642622
-0.696289
-0.696289
-0.723108
-0.854772
-0.854772
-0.550644
-0.531216
-1.047636
-1.476554
-1.449720
-1.556576
-1.561060
-1.460182
-1.595366
-1.878571
-1.707452
-1.531700
-1.531700
-1.498015
-1.471181
-1.471181
-1.221602
-1.133427
-0.588686
-0.394328
0.006269
0.277227
0.905660
0.687464
0.687464
0.419204
0.419204
0.419204
0.419204
0.687464
0.684251
0.684251
0.549747
0.552960
0.552960
0.687464
0.687464
0.684251
0.684251
0.684251
0.687464
0.687464
0.684251
0.546459
0.535027
0.523654
0.523654
0.493928
0.493928
0.137493
0.137493
0.022417
-0.099383
-0.528974
-0.522996
-0.534952
-0.239118
-0.239118
-0.265952
-0.298748
-0.298748
-0.360172
-0.549082
-0.549082
-0.233820
-0.215886
-0.645477
-1.075814
-1.069836
-1.106451
-0.951772
-0.847905
-1.137088
-1.476412
-1.119827
-0.989889
-0.989889
-0.957892
-0.951914
-0.951914
-0.516271
-0.416140
0.065757
0.244423
0.635837
1.117197
1.144030
0.751727
0.751727
0.546982
0.546982
0.546982
0.546982
0.751727
0.757705
0.757705
0.687464
0.681486
0.681486
0.751727
0.751727
0.757705
0.757705
0.757705
0.751727
0.751727
0.757705
0.684251
0.680963
0.669530
0.669530
0.839230
0.839230
0.481972
0.481972
0.420698
0.299645
-0.111339
-0.105361
-0.138173
0.156988
0.156988
0.130170
0.062768
0.062768
0.001494
-0.242174
-0.235307
0.183224
0.165290
-0.264375
-0.735213
-0.729235
-0.766822
-0.435045
-0.136671
-0.481972
-0.716383
-0.393730
-0.262133
-0.262133
-0.251074
-0.245096
-0.245096
0.117766
0.214990
0.817343
1.045925
1.264934
1.783148
1.187512
0.813749
0.813749
0.675508
0.675508
0.675508
0.675508
0.813749
0.819726
0.819726
0.751727
0.745749
0.745749
0.813749
0.813749
0.819726
0.819726
0.819726
0.813749
0.813749
0.819726
0.757705
0.754492
0.751204
0.751204
1.068701
1.068701
0.641285
0.641285
0.579861
0.491754
0.266833
0.293667
0.240015
0.349860
0.349860
0.288436
0.230375
0.230375
0.115300
-0.111265
-0.106101
0.281113
0.261685
0.081599
-0.384681
-0.387894
-0.253913
0.212367
0.511488
0.280291
0.011948
0.439379
0.340594
0.340594
0.344853
0.341640
0.341640
0.800081
0.838034
1.263963
1.441882
1.212627
1.686529
0.949074
0.680059
0.680059
0.718916
0.718916
0.718916
0.718916
0.680059
0.706893
0.706893
0.813749
0.786915
0.786915
0.680059
0.680059
0.706893
0.706893
0.706893
0.680059
0.680059
0.706893
0.819726
0.825704
0.822491
0.822491
1.176453
1.176453
0.751339
0.751339
0.724520
0.636278
0.468148
0.494967
0.406725
0.513581
0.513581
0.452307
0.340519
0.340519
0.224696
-0.025855
-0.020773
0.189135
0.180168
0.012180
-0.105137
-0.108425
0.017112
0.669530
1.081561
0.816506
0.733495
1.137753
1.040612
1.040612
1.035605
1.025450
1.025450
1.300279
1.347505
1.532074
1.281000
0.884438
1.412291
0.777134
0.543396
0.543396
0.760096
0.760096
0.760096
0.760096
0.543396
0.570214
0.570214
0.680059
0.653241
0.653241
0.543396
0.543396
0.570214
0.570214
0.570214
0.543396
0.543396
0.570214
0.706893
0.712871
0.718849
0.718849
0.916793
0.916793
0.686642
0.686642
0.659809
0.571567
0.578143
0.639566
0.516869
0.448869
0.448869
0.333794
0.229404
0.229404
0.095647
-0.101924
-0.103643
-0.331702
-0.338277
-0.158259
0.175759
0.171194
0.470674
1.193924
1.603578
1.531999
1.431121
1.661272
1.543731
1.543731
1.531499
1.508035
1.508035
1.605909
1.496453
1.045118
0.741737
0.342933
0.711301
0.235382
0.186811
0.186811
0.591817
0.591817
0.591817
0.591817
0.186811
0.248234
0.248234
0.543396
0.481972
0.481972
0.186811
0.186811
0.248234
0.248234
0.248234
0.186811
0.186811
0.248234
0.570214
0.597048
0.603026
0.603026
0.354194
0.354194
0.572389
0.572389
0.566411
0.478303
0.521726
0.583000
0.406650
0.336409
0.336409
0.220586
0.098203
0.098203
-0.036301
-0.176910
-0.178703
-0.585279
-0.451604
-0.266437
0.427005
0.420795
0.718841
1.544553
1.777701
1.688196
1.762173
1.534787
1.862528
1.862528
1.835253
1.813635
1.813635
1.287045
1.183649
0.382679
0.013465
-0.273424
0.110667
-0.178517
-0.170297
-0.170297
0.420698
0.420698
0.420698
0.420698
-0.170297
-0.109023
-0.109023
0.186811
0.125537
0.125537
-0.170297
-0.170297
-0.109023
-0.109023
-0.109023
-0.170297
-0.170297
-0.109023
0.248234
0.275053
0.301887
0.301887
-0.007532
-0.007532
0.393962
0.393962
0.387984
0.266930
0.374601
0.489676
0.258778
0.124274
0.124274
-0.009483
-0.135012
-0.135012
-0.205253
-0.309045
-0.317990
-0.586706
-0.450028
-0.022081
0.674350
0.670457
1.062618
1.691050
1.482689
1.565640
1.632668
1.231099
1.549948
1.543081
1.515171
1.502834
1.502834
0.801568
0.528951
-0.382088
-0.648780
-0.934966
-0.786848
-0.869792
-0.685970
-0.685970
0.010461
0.010461
0.010461
0.010461
-0.685970
-0.570894
-0.570894
-0.170297
-0.285372
-0.285372
-0.685970
-0.685970
-0.570894
-0.570894
-0.570894
-0.685970
-0.685970
-0.570894
-0.109023
-0.047599
-0.020781
-0.020781
-0.252994
-0.252994
0.150891
0.150891
0.154104
0.032303
0.160082
0.275905
0.026325
-0.107431
-0.107431
-0.241935
-0.303232
-0.303232
-0.371231
-0.302581
-0.311556
-0.479656
-0.178517
0.249281
0.945712
0.935049
1.323018
1.328996
0.937671
1.013644
1.151727
0.732829
1.051813
1.046649
1.021161
1.015729
1.015729
0.221685
-0.049781
-1.039057
-1.480679
-1.579150
-1.499718
-1.404071
-1.200074
-1.200074
-0.401195
-0.401195
-0.401195
-0.401195
-1.200074
-1.084251
-1.084251
-0.685970
-0.801793
-0.801793
-1.200074
-1.200074
-1.084251
-1.084251
-1.084251
-1.200074
-1.200074
-1.084251
-0.570894
-0.509620
-0.448197
-0.448197
-0.382365
-0.382365
-0.075098
-0.075098
-0.071810
-0.202354
-0.092509
0.041248
-0.227013
-0.342835
-0.342835
-0.413076
-0.479282
-0.479282
-0.372426
-0.279992
-0.291365
-0.294362
0.007450
0.514926
1.208368
1.204781
1.410124
0.784457
0.390659
0.523668
0.651156
0.338785
0.491141
0.486060
0.475546
0.484490
0.484490
-0.202369
-0.574481
-1.389649
-1.769996
-1.865419
-2.035492
-1.827011
-1.558003
-1.558003
-0.935549
-0.935549
-0.935549
-0.935549
-1.558003
-1.424247
-1.424247
-1.200074
-1.333830
-1.333830
-1.558003
-1.558003
-1.424247
-1.424247
-1.424247
-1.558003
-1.558003
-1.424247
-1.084251
-0.962308
-0.901034
-0.901034
-0.640104
-0.640104
-0.333570
-0.333570
-0.322137
-0.453353
-0.335064
-0.200560
-0.405305
-0.520381
-0.520381
-0.588380
-0.479805
-0.479805
-0.369960
-0.084065
-0.095498
0.085096
0.482480
0.986863
1.320880
1.310217
1.072220
0.270054
-0.032580
0.091463
0.200994
-0.108223
0.044237
0.045955
0.042742
0.058943
0.058943
-0.443938
-0.818755
-1.105024
-1.669119
-1.597831
-1.945076
-1.672332
-1.468334
-1.468334
-1.468334
-1.468334
-1.461467
-1.461467
-1.461467
-1.326963
-1.326963
-1.551136
-1.692507
-1.692507
-1.468334
-1.468334
-1.333830
-1.333830
-1.326963
-1.461467
-1.461467
-1.326963
-1.417380
-1.296393
-1.181318
-1.181318
-0.657821
-0.657821
-0.539002
-0.539002
-0.527629
-0.586437
-0.521875
-0.451634
-0.589874
-0.651148
-0.651148
-0.544292
-0.439529
-0.439529
-0.144368
0.151466
0.148178
0.427274
0.822267
1.096341
0.979024
0.975131
0.561038
-0.146826
-0.448944
-0.349576
-0.245193
-0.362264
-0.370035
-0.368242
-0.355038
-0.329609
-0.329609
-0.198685
-0.412703
-0.519559
-1.032168
-0.958714
-1.485521
-1.317249
-1.133427
-1.133427
-1.755881
-1.755881
-1.750718
-1.750718
-1.128263
-1.058023
-1.058023
-1.456303
-1.531708
-1.531708
-1.133427
-1.133427
-1.063186
-1.063186
-1.058023
-1.128263
-1.128263
-1.058023
-1.321800
-1.182962
-1.067139
-1.067139
-0.800522
-0.800522
-0.684722
-0.684722
-0.675748
-0.732374
-0.659517
-0.591518
-0.552662
-0.614085
-0.614085
-0.504240
-0.214242
-0.214242
0.081592
0.491455
0.488242
0.947946
1.160686
0.986504
0.520224
0.514014
0.104442
-0.497926
-0.623582
-0.522645
-0.472109
-0.578965
-0.588903
-0.579958
-0.559925
-0.531955
-0.531955
-0.230375
-0.002989
0.248302
-0.372127
-0.243601
-0.955650
-0.810752
-0.802532
-0.802532
-1.594544
-1.594544
-1.589462
-1.589462
-0.790584
-0.722585
-0.722585
-1.123182
-1.196263
-1.196263
-0.795665
-0.795665
-0.727666
-0.727666
-0.722585
-0.790584
-0.790584
-0.722585
-1.052941
-0.920156
-0.786399
-0.786399
-0.727442
-0.727442
-0.793648
-0.793648
-0.784703
-0.668873
-0.630681
-0.737537
-0.520836
-0.547655
-0.547655
-0.252494
0.036473
0.036473
0.437070
0.852762
0.858740
1.138508
0.902962
0.528212
0.057373
0.052808
-0.254399
-0.668380
-0.784210
-0.738748
-0.688062
-0.612837
-0.737029
-0.728055
-0.684685
-0.663097
-0.663097
-0.191287
0.201016
0.796427
0.371455
0.499234
-0.285305
-0.344487
-0.393058
-0.393058
-1.084326
-1.084326
-1.086044
-1.086044
-0.389613
-0.496469
-0.496469
-0.792303
-0.683728
-0.683728
-0.387894
-0.387894
-0.494750
-0.494750
-0.496469
-0.389613
-0.389613
-0.496469
-0.724303
-0.655856
-0.521352
-0.521352
-0.653764
-0.653764
-0.722286
-0.722286
-0.720492
-0.601703
-0.565895
-0.675740
-0.270734
-0.297567
-0.297567
-0.001734
0.398864
0.398864
0.797145
1.059524
1.065502
0.970438
0.570050
0.193073
-0.237265
-0.240553
-0.547147
-0.779659
-0.723033
-0.663403
-0.647278
-0.562981
-0.689482
-0.678109
-0.632990
-0.619622
-0.619622
-0.259525
0.135094
0.968122
1.163384
1.252373
0.365253
0.244050
0.010312
0.010312
-0.575602
-0.575602
-0.577395
-0.577395
0.013600
-0.096245
-0.096245
-0.391406
-0.279768
-0.279768
0.015393
0.015393
-0.094452
-0.094452
-0.096245
0.013600
0.013600
-0.096245
-0.498262
-0.439208
-0.368967
-0.368967
-0.480553
-0.480553
-0.620138
-0.620138
-0.618419
-0.321464
-0.306542
-0.601703
-0.010708
-0.016686
-0.016686
0.383911
0.782192
0.782192
1.006366
0.817985
0.844819
0.577298
0.172920
-0.104091
-0.533009
-0.536222
-0.649355
-0.695168
-0.636360
-0.611260
-0.590719
-0.439678
-0.594134
-0.582701
-0.517989
-0.515591
-0.515591
-0.091904
0.177097
0.819577
1.591472
1.679729
0.969033
0.689340
0.420325
0.420325
0.013600
0.013600
0.004655
0.004655
0.409661
0.114500
0.114500
0.004655
0.308761
0.308761
0.418606
0.418606
0.123445
0.123445
0.114500
0.409661
0.409661
0.114500
-0.105190
-0.221020
-0.153021
-0.153021
-0.186953
-0.186953
-0.325873
-0.325873
-0.330954
-0.033402
-0.025630
-0.321464
0.374967
0.368989
0.368989
0.767270
0.991443
0.991443
0.767270
0.439357
0.466176
0.199290
-0.093256
-0.364431
-0.590098
-0.584120
-0.694190
-0.562749
-0.431533
-0.399619
-0.399910
-0.247853
-0.408443
-0.405156
-0.340668
-0.347543
-0.347543
-0.130775
0.137568
0.654287
1.595149
1.594999
1.506892
1.187908
0.814145
0.814145
0.595650
0.595650
0.586676
0.586676
0.803377
0.507543
0.507543
0.400687
0.705495
0.705495
0.812351
0.812351
0.516517
0.516517
0.507543
0.803377
0.803377
0.507543
0.105526
-0.015692
-0.122548
-0.122548
0.101027
0.101027
-0.021663
-0.021663
-0.026826
0.368690
0.367196
-0.033402
0.765477
0.768690
0.768690
0.992863
0.768690
0.768690
0.370409
0.032879
0.094302
-0.061431
-0.360030
-0.429142
-0.651074
-0.645096
-0.571118
-0.359574
-0.229030
-0.217889
-0.208332
-0.089221
-0.211022
-0.207809
-0.098711
-0.133241
-0.133241
0.062619
0.111040
0.444334
1.215168
1.215317
1.716718
1.537223
1.144920
1.144920
1.097118
1.097118
1.085745
1.085745
1.124602
0.724005
0.724005
0.792004
1.203974
1.203974
1.135975
1.135975
0.735378
0.735378
0.724005
1.124602
1.124602
0.724005
0.496170
0.189576
0.079731
0.079731
0.504165
0.504165
0.389090
0.389090
0.382223
0.775340
0.766971
0.368690
0.991144
0.994432
0.994432
0.770259
0.371978
0.371978
-0.028619
-0.207659
-0.146385
-0.320568
-0.427125
-0.495057
-0.488331
-0.461498
-0.385279
-0.110062
0.011739
0.024584
0.018158
0.136447
0.015393
0.009415
0.119260
0.063815
0.063815
0.049468
0.095049
0.186953
0.845379
0.757122
1.434200
1.679812
1.461616
1.461616
1.590882
1.590882
1.579449
1.579449
1.441209
1.042928
1.042928
1.113169
1.522883
1.522883
1.452642
1.452642
1.054361
1.054361
1.042928
1.441209
1.441209
1.042928
0.712572
0.413450
0.118289
0.118289
0.860078
0.860078
0.798804
0.798804
0.798804
1.016110
0.999513
0.775340
0.775340
0.786773
0.786773
0.388492
-0.012105
-0.012105
-0.307939
-0.492359
-0.377283
-0.359350
-0.469986
-0.338397
-0.329579
-0.302761
-0.141423
0.123968
0.245021
0.241808
0.244498
0.299794
0.241733
0.235755
0.342679
0.245492
0.245492
0.175251
-0.007824
0.014579
0.445589
0.356600
0.922487
1.321291
1.542251
1.542251
1.735623
1.735623
1.732335
1.732335
1.527591
1.303417
1.303417
1.437921
1.665382
1.665382
1.530878
1.530878
1.306705
1.306705
1.303417
1.527591
1.527591
1.303417
1.039640
0.635830
0.339996
0.339996
1.095773
1.095773
1.034350
1.034350
1.034350
0.810177
0.791936
1.016110
0.393656
0.405029
0.405029
0.004431
-0.291403
-0.291403
-0.586564
-0.567816
-0.451993
-0.411791
-0.345899
-0.221102
-0.113417
-0.051993
0.108582
0.348455
0.436562
0.433274
0.427820
0.483265
0.425129
0.398296
0.505981
0.374309
0.374309
0.186153
0.000090
-0.186280
0.054026
-0.073753
0.386026
0.786101
1.181094
1.181094
1.437921
1.437921
1.434708
1.434708
1.166448
1.390621
1.390621
1.524377
1.303417
1.303417
1.169661
1.169661
1.393834
1.393834
1.390621
1.166448
1.166448
1.390621
1.300204
0.907901
0.507304
0.507304
0.845970
0.845970
0.819151
0.819151
0.819151
0.420870
0.411896
0.810177
0.011298
0.020273
0.020273
-0.275561
-0.570722
-0.570722
-0.680567
-0.659786
-0.526030
-0.308507
-0.249639
-0.013353
0.093570
0.154844
0.332090
0.519813
0.608055
0.596622
0.612082
0.612067
0.596682
0.569863
0.578681
0.390958
0.390958
0.168197
-0.100063
-0.262581
-0.237325
-0.365851
-0.019653
0.266467
0.655632
0.655632
0.901923
0.901923
0.907901
0.907901
0.658322
1.056603
1.056603
1.172426
0.768167
0.768167
0.652344
0.652344
1.050625
1.050625
1.056603
0.658322
0.658322
1.056603
1.396599
1.178404
0.780123
0.780123
0.456648
0.456648
0.429815
0.429815
0.429815
0.029217
0.020273
0.420870
-0.275561
-0.266617
-0.266617
-0.561778
-0.671623
-0.671623
-0.778479
-0.640239
-0.505735
-0.295759
-0.172688
0.052255
0.162100
0.277175
0.453525
0.587655
0.675897
0.664524
0.682368
0.682383
0.666923
0.605499
0.612224
0.369893
0.369893
0.147147
-0.121113
-0.367928
-0.511638
-0.585092
-0.425017
-0.138599
0.145862
0.145862
0.373547
0.373547
0.379525
0.379525
0.148627
0.549224
0.549224
0.664300
0.257724
0.257724
0.142649
0.142649
0.543246
0.543246
0.549224
0.148627
0.148627
0.549224
1.062581
1.313587
1.089414
1.089414
0.036989
0.036989
0.031011
0.031011
0.031011
-0.264823
-0.266617
0.029217
-0.561778
-0.559985
-0.559985
-0.669829
-0.776685
-0.776685
-0.708686
-0.570446
-0.500205
-0.225219
-0.094751
0.125911
0.235008
0.350831
0.527181
0.618710
0.706818
0.697844
0.750322
0.694877
0.697873
0.636599
0.414668
0.161801
0.161801
-0.081801
-0.267864
-0.450939
-0.677063
-0.748350
-0.593663
-0.500646
-0.214459
-0.214459
-0.032131
-0.032131
-0.005298
-0.005298
-0.181648
0.114186
0.114186
0.175460
-0.147207
-0.147207
-0.208481
-0.208481
0.087353
0.087353
0.114186
-0.181648
-0.181648
0.114186
0.576058
1.001157
1.225330
1.225330
-0.257127
-0.257127
-0.263105
-0.263105
-0.263105
-0.558266
-0.559985
-0.264823
-0.669829
-0.668111
-0.668111
-0.774967
-0.706967
-0.706967
-0.636726
-0.609078
-0.541079
-0.340295
-0.227685
-0.010237
0.054250
0.188007
0.365253
0.422118
0.543172
0.534227
0.593708
0.538412
0.541378
0.426303
0.200635
-0.070839
-0.070839
-0.196376
-0.379450
-0.553932
-0.834425
-0.739002
-0.758452
-0.645111
-0.544210
-0.544210
-0.415535
-0.415535
-0.388716
-0.388716
-0.511414
-0.216252
-0.216252
-0.154829
-0.476809
-0.476809
-0.538232
-0.538232
-0.243071
-0.243071
-0.216252
-0.511414
-0.511414
-0.216252
0.141005
0.603026
1.001307
1.001307
-0.566560
-0.566560
-0.563347
-0.563347
-0.563347
-0.673192
-0.668111
-0.558266
-0.774967
-0.780048
-0.780048
-0.712049
-0.641808
-0.641808
-0.507304
-0.483392
-0.590248
-0.409714
-0.288660
-0.185690
-0.120979
0.013525
0.174100
0.200934
0.322735
0.320941
0.434298
0.316009
0.321016
0.205193
-0.223725
-0.422492
-0.422492
-0.555127
-0.509546
-0.627894
-0.911555
-0.813083
-0.720874
-0.779973
-0.674911
-0.674911
-0.559835
-0.559835
-0.498412
-0.498412
-0.586654
-0.476809
-0.476809
-0.449990
-0.621259
-0.621259
-0.648077
-0.648077
-0.538232
-0.538232
-0.476809
-0.586654
-0.586654
-0.476809
-0.154829
0.202279
0.602876
0.602876
-0.681643
-0.681643
-0.678355
-0.678355
-0.678355
-0.785211
-0.780048
-0.673192
-0.712049
-0.717212
-0.717212
-0.646971
-0.512467
-0.512467
-0.378711
-0.558049
-0.667894
-0.671107
-0.603855
-0.496917
-0.458666
-0.388425
-0.227087
-0.221109
-0.090566
-0.092285
0.028619
-0.090491
-0.085485
-0.219241
-0.649579
-0.781841
-0.781841
-0.705092
-0.656670
-0.729392
-0.973367
-0.687180
-0.657888
-0.677444
-0.747162
-0.747162
-0.666691
-0.666691
-0.605417
-0.605417
-0.659069
-0.552213
-0.552213
-0.525380
-0.693510
-0.693510
-0.720343
-0.720343
-0.613487
-0.613487
-0.552213
-0.659069
-0.659069
-0.552213
-0.415535
-0.005298
0.290536
0.290536
-0.803511
-0.803511
-0.792078
-0.792078
-0.792078
-0.724079
-0.717212
-0.785211
-0.646971
-0.653838
-0.653838
-0.519334
-0.385578
-0.385578
-0.269755
-0.450513
-0.745675
-0.805619
-0.717362
-0.812202
-0.773995
-0.705996
-0.629777
-0.653846
-0.522630
-0.517549
-0.378628
-0.523818
-0.517466
-0.651970
-1.122809
-1.057118
-1.057118
-0.985540
-0.717197
-0.734548
-0.949396
-0.662506
-0.516570
-0.593312
-0.658471
-0.658471
-0.564236
-0.564236
-0.449161
-0.449161
-0.481972
-0.549971
-0.549971
-0.543994
-0.591070
-0.591070
-0.597048
-0.597048
-0.665047
-0.665047
-0.549971
-0.481972
-0.481972
-0.549971
-0.437138
-0.211470
0.083691
0.083691
-0.735452
-0.735452
-0.724079
-0.724079
-0.724079
-0.653838
-0.653838
-0.724079
-0.519334
-0.519334
-0.519334
-0.385578
-0.269755
-0.269755
-0.154679
-0.494003
-0.789837
-1.032549
-0.978912
-1.056760
-1.041807
-1.148663
-1.074686
-1.108006
-1.049198
-1.044034
-0.902663
-1.048540
-1.042330
-1.112571
-1.578851
-1.335332
-1.335332
-1.057522
-0.788522
-0.769019
-0.895348
-0.496544
-0.334324
-0.349643
-0.478983
-0.478983
-0.405753
-0.405753
-0.289931
-0.289931
-0.301887
-0.372127
-0.372127
-0.366149
-0.411731
-0.411731
-0.417709
-0.417709
-0.487950
-0.487950
-0.372127
-0.301887
-0.301887
-0.372127
-0.434149
-0.193536
-0.083691
-0.083691
-0.662813
-0.662813
-0.653838
-0.653838
-0.653838
-0.519334
-0.519334
-0.653838
-0.385578
-0.385578
-0.385578
-0.269755
-0.154679
-0.154679
-0.093405
-0.430263
-0.830860
-1.108820
-1.020563
-1.277765
-1.262842
-1.372687
-1.482756
-1.558900
-1.502274
-1.495407
-1.425166
-1.504381
-1.502274
-1.570273
-1.687590
-1.221161
-1.221161
-0.940279
-0.545660
-0.463149
-0.600119
-0.203557
-0.162600
-0.152356
-0.279245
-0.279245
-0.161405
-0.161405
-0.027648
-0.027648
-0.030413
-0.164917
-0.164917
-0.168130
-0.167383
-0.167383
-0.164169
-0.164169
-0.298673
-0.298673
-0.164917
-0.030413
-0.030413
-0.164917
-0.238371
-0.171866
-0.065010
-0.065010
-0.528279
-0.528279
-0.519334
-0.519334
-0.519334
-0.385578
-0.385578
-0.519334
-0.269755
-0.269755
-0.269755
-0.154679
-0.093405
-0.093405
-0.031982
-0.229337
-0.627618
-1.003175
-0.935923
-1.132373
-1.133793
-1.428954
-1.542087
-1.626167
-1.741997
-1.741997
-1.673998
-1.750942
-1.741997
-1.635141
-1.301123
-0.648854
-0.648854
-0.253988
0.138315
0.249654
0.193536
0.422791
0.075920
0.106632
-0.009191
-0.009191
0.100131
0.100131
0.234635
0.234635
0.241136
0.107379
0.107379
0.104091
0.103344
0.103344
0.106632
0.106632
-0.027125
-0.027125
0.107379
0.241136
0.241136
0.107379
-0.030413
-0.030413
-0.098412
-0.098412
-0.387371
-0.387371
-0.385578
-0.385578
-0.385578
-0.269755
-0.269755
-0.385578
-0.154679
-0.154679
-0.154679
-0.093405
-0.031982
-0.031982
-0.005163
0.245843
0.021670
-0.372352
-0.251298
-0.500429
-0.501998
-0.797832
-1.104426
-1.239849
-1.358639
-1.358639
-1.465495
-1.360432
-1.358639
-1.248794
-0.555352
0.256155
0.256155
0.655931
0.883317
1.020810
0.975146
0.756136
0.269613
0.349710
0.234635
0.234635
0.353671
0.353671
0.423911
0.423911
0.438632
0.322809
0.322809
0.311377
0.356958
0.356958
0.368391
0.368391
0.252568
0.252568
0.322809
0.438632
0.438632
0.322809
0.177620
0.111115
0.040874
0.040874
-0.271474
-0.271474
-0.269755
-0.269755
-0.269755
-0.154679
-0.154679
-0.269755
-0.093405
-0.093405
-0.093405
-0.031982
-0.005163
-0.005163
0.021670
0.425929
0.650102
0.436988
0.549598
0.417784
0.401270
0.000673
-0.306534
-0.440276
-0.737231
-0.737231
-0.847076
-0.738949
-0.737231
-0.442069
0.254362
1.169063
1.169063
1.402950
1.182065
1.336236
1.328697
0.937283
0.483033
0.491851
0.430577
0.430577
0.542275
0.542275
0.610274
0.610274
0.633080
0.518004
0.518004
0.506631
0.553708
0.553708
0.565081
0.565081
0.450005
0.450005
0.518004
0.633080
0.633080
0.518004
0.390809
0.150196
0.015692
0.015692
-0.149598
-0.149598
-0.154679
-0.154679
-0.154679
-0.093405
-0.093405
-0.154679
-0.031982
-0.031982
-0.031982
-0.005163
0.021670
0.021670
0.027648
0.434223
0.832504
1.058628
1.189097
1.339068
1.322532
0.924251
0.514679
0.370185
0.072632
0.072632
-0.222529
0.077713
0.072632
0.368466
1.064897
1.821108
1.821108
1.613389
1.226541
1.314208
1.382573
0.981976
0.653330
0.694511
0.633087
0.633087
0.682981
0.682981
0.576125
0.576125
0.596472
0.535198
0.535198
0.526224
0.694354
0.694354
0.703328
0.703328
0.642054
0.642054
0.535198
0.596472
0.596472
0.535198
0.411148
0.185481
0.051724
0.051724
-0.088242
-0.088242
-0.093405
-0.093405
-0.093405
-0.031982
-0.031982
-0.093405
-0.005163
-0.005163
-0.005163
0.021670
0.027648
0.027648
0.033626
0.326247
0.726844
1.128704
1.251775
1.983910
1.968068
1.743895
1.336670
1.198654
0.803138
0.803138
0.507304
0.808301
0.803138
1.203735
1.897177
2.031681
2.031681
1.647538
1.258314
1.353557
1.362300
1.066466
0.759349
0.625660
0.598841
0.598841
0.648921
0.648921
0.539077
0.539077
0.556996
0.495572
0.495572
0.486628
0.657896
0.657896
0.666840
0.666840
0.605417
0.605417
0.495572
0.556996
0.556996
0.495572
0.425354
0.015117
-0.100706
-0.100706
-0.025115
-0.025115
-0.031982
-0.031982
-0.031982
-0.005163
-0.005163
-0.031982
0.021670
0.021670
0.021670
0.027648
0.033626
0.033626
0.030413
0.322286
0.618120
1.007285
1.066153
2.109297
2.100353
2.324526
2.098560
2.031681
1.638564
1.638564
1.237966
1.645431
1.638564
2.036845
2.370863
1.818649
1.818649
1.433864
1.147004
1.053315
1.242891
0.947729
0.835120
0.719297
0.692463
0.692463
0.574870
0.574870
0.279708
0.279708
0.290446
0.263628
0.263628
0.261834
0.583814
0.583814
0.585608
0.585608
0.558789
0.558789
0.263628
0.290446
0.290446
0.263628
0.200411
-0.156697
-0.271773
-0.271773
-0.005163
-0.005163
-0.005163
-0.005163
-0.005163
0.021670
0.021670
-0.005163
0.027648
0.027648
0.027648
0.033626
0.030413
0.030413
0.027125
0.125537
0.420698
0.705159
0.764184
1.879916
1.878123
2.276404
2.498858
2.441104
2.223798
2.223798
1.825517
2.223798
2.223798
2.447971
2.330653
1.599774
1.599774
1.305734
1.019517
0.920365
0.946160
0.836315
0.735960
0.434821
0.428843
0.428843
0.315486
0.315486
0.019653
0.019653
0.023165
-0.003669
-0.003669
-0.005388
0.317280
0.317280
0.318998
0.318998
0.292165
0.292165
-0.003669
0.023165
0.023165
-0.003669
-0.032206
-0.494227
-0.555501
-0.555501
0.021670
0.021670
0.021670
0.021670
0.021670
0.027648
0.027648
0.021670
0.033626
0.033626
0.033626
0.030413
0.027125
0.027125
0.015692
0.111175
0.221020
0.507207
0.391406
1.477525
1.475807
1.876404
2.279766
2.398653
2.622826
2.622826
2.398653
2.622826
2.622826
2.398653
1.932373
1.129085
1.129085
0.835643
0.727591
0.436293
0.641957
0.535101
0.617821
0.325201
0.319223
0.319223
0.027424
0.027424
-0.373174
-0.373174
-0.376536
-0.382514
-0.382514
-0.377433
0.029143
0.029143
0.024061
0.024061
0.018083
0.018083
-0.382514
-0.376536
-0.376536
-0.382514
-0.404266
-0.829366
-0.890789
-0.890789
0.027648
0.027648
0.027648
0.027648
0.027648
0.033626
0.033626
0.027648
0.030413
0.030413
0.030413
0.027125
0.015692
0.015692
0.004319
-0.072655
0.034201
0.135102
0.023463
1.002129
1.007210
1.303044
1.708805
1.825517
2.223798
2.223798
2.447971
2.223798
2.223798
1.825517
1.354678
0.653838
0.653838
0.538912
0.433775
0.134571
0.153163
0.221162
0.314209
-0.083101
-0.079888
-0.079888
-0.365477
-0.365477
-0.763758
-0.763758
-0.774003
-0.779981
-0.779981
-0.774817
-0.370558
-0.370558
-0.375722
-0.375722
-0.381700
-0.381700
-0.779981
-0.774003
-0.774003
-0.779981
-0.780795
-1.031802
-1.058620
-1.058620
0.033626
0.033626
0.033626
0.033626
0.033626
0.030413
0.030413
0.033626
0.027125
0.027125
0.027125
0.015692
0.004319
0.004319
-0.004655
-0.083841
-0.151840
-0.046777
-0.343657
0.346646
0.351810
0.646971
0.949672
1.244833
1.645431
1.645431
2.043712
1.645431
1.645431
1.244833
0.814496
0.114328
0.114328
0.002309
0.065227
-0.340519
-0.225018
-0.154777
0.000075
-0.386773
-0.383486
-0.383486
-0.772052
-0.772052
-0.996225
-0.996225
-1.008256
-1.005043
-1.005043
-0.998176
-0.777216
-0.777216
-0.784083
-0.784083
-0.780870
-0.780870
-1.005043
-1.008256
-1.008256
-1.005043
-1.004154
-0.785959
-0.812792
-0.812792
0.030413
0.030413
0.030413
0.030413
0.030413
0.027125
0.027125
0.030413
0.015692
0.015692
0.015692
0.004319
-0.004655
-0.004655
-0.013600
-0.149897
-0.220138
-0.289856
-0.580608
-0.188373
-0.181506
-0.071661
0.223501
0.519334
0.815168
0.815168
1.215766
0.815168
0.815168
0.519334
0.090417
-0.422118
-0.422118
-0.360986
-0.295909
-0.699271
-0.698075
-0.563571
-0.411896
-0.624696
-0.613263
-0.613263
-1.004677
-1.004677
-0.780504
-0.780504
-0.787371
-0.784083
-0.784083
-0.784083
-1.011544
-1.011544
-1.011544
-1.011544
-1.008256
-1.008256
-0.784083
-0.787371
-0.787371
-0.784083
-0.780870
-0.388567
-0.394545
-0.394545
0.027125
0.027125
0.027125
0.027125
0.027125
0.015692
0.015692
0.027125
0.004319
0.004319
0.004319
-0.004655
-0.013600
-0.013600
-0.015393
-0.150869
-0.285372
-0.350532
-0.745966
-0.822715
-0.822715
-0.715860
-0.606015
-0.205417
0.089744
0.089744
0.385578
0.089744
0.089744
-0.205417
-0.431085
-0.870539
-0.870539
-0.800298
-0.672661
-0.901998
-1.079468
-0.945712
-0.819151
-0.586004
-0.574631
-0.574631
-0.798804
-0.798804
-0.400523
-0.400523
-0.400523
-0.389090
-0.389090
-0.389090
-0.798804
-0.798804
-0.798804
-0.798804
-0.787371
-0.787371
-0.389090
-0.400523
-0.400523
-0.389090
-0.385802
0.018009
0.012031
0.012031
0.015692
0.015692
0.015692
0.015692
0.015692
0.004319
0.004319
0.015692
-0.004655
-0.004655
-0.004655
-0.013600
-0.015393
-0.015393
-0.017112
-0.127853
-0.261610
-0.390950
-0.782364
-1.268820
-1.268820
-1.336819
-1.229963
-0.831682
-0.721838
-0.721838
-0.426676
-0.721838
-0.721838
-0.831682
-1.053614
-1.313655
-1.313655
-1.179151
-1.045394
-0.828088
-1.286679
-1.170856
-1.052269
-0.645043
-0.636069
-0.636069
-0.411896
-0.411896
-0.011298
-0.011298
-0.011298
0.000075
0.000075
0.000075
-0.411896
-0.411896
-0.411896
-0.411896
-0.400523
-0.400523
0.000075
-0.011298
-0.011298
0.000075
0.011508
0.310629
0.313842
0.313842
0.004319
0.004319
0.004319
0.004319
0.004319
-0.004655
-0.004655
0.004319
-0.013600
-0.013600
-0.013600
-0.015393
-0.017112
-0.017112
-0.012031
-0.121943
-0.237766
-0.364655
-0.588828
-1.537828
-1.537828
-1.608069
-1.676068
-1.451895
-1.345039
-1.345039
-1.235194
-1.345039
-1.345039
-1.451895
-1.445170
-1.464598
-1.464598
-1.330841
-1.215018
-0.816737
-1.002876
-0.887800
-0.829889
-0.427498
-0.418554
-0.418554
-0.020273
-0.020273
0.275561
0.275561
0.275561
0.284536
0.284536
0.284536
-0.020273
-0.020273
-0.020273
-0.020273
-0.011298
-0.011298
0.284536
0.275561
0.275561
0.284536
0.295909
0.602503
0.605791
0.605791
-0.004655
-0.004655
-0.004655
-0.004655
-0.004655
-0.013600
-0.013600
-0.004655
-0.015393
-0.015393
-0.015393
-0.017112
-0.012031
-0.012031
-0.006867
-0.061274
-0.176350
-0.292172
-0.067999
-1.240425
-1.240425
-1.374929
-1.445170
-1.669343
-1.737342
-1.737342
-1.630486
-1.737342
-1.737342
-1.669343
-1.660525
-1.168092
-1.168092
-1.052269
-0.937193
-0.536596
-0.545779
-0.484505
-0.433327
-0.135774
-0.133981
-0.133981
0.266617
0.266617
0.561778
0.561778
0.561778
0.570722
0.570722
0.570722
0.266617
0.266617
0.266617
0.266617
0.275561
0.275561
0.570722
0.561778
0.561778
0.570722
0.579697
0.700915
0.712348
0.712348
-0.013600
-0.013600
-0.013600
-0.013600
-0.013600
-0.015393
-0.015393
-0.013600
-0.017112
-0.017112
-0.017112
-0.012031
-0.006867
-0.006867
0.000000
-0.061423
-0.122697
-0.237773
0.160508
-0.769811
-0.769811
-0.903567
-1.038071
-1.436352
-1.506593
-1.506593
-1.574592
-1.506593
-1.506593
-1.436352
-1.328667
-0.680806
-0.680806
-0.565731
-0.504457
-0.208623
-0.103859
-0.042436
-0.027648
0.262432
0.264151
0.264151
0.559985
0.559985
0.669829
0.669829
0.669829
0.671623
0.671623
0.671623
0.559985
0.559985
0.559985
0.559985
0.561778
0.561778
0.671623
0.669829
0.669829
0.671623
0.680567
0.796398
0.807771
0.807771
