/Real_seismic_DSS2
1
Seis
1157.098022
1228.278809
1140.244873
984.867737
1110.840088
901.639099
686.828735
681.127075
1124.804199
1134.015381
1120.226562
1155.100220
407.741882
332.350464
373.105011
493.950287
644.624756
859.498962
1125.543457
958.259155
1153.454468
1102.742554
1368.814819
1555.602417
1526.217651
1348.276978
1448.162476
970.577881
1059.714600
742.617554
331.118103
146.996109
-373.469788
-294.549103
-6.753291
722.300598
1125.865234
1624.999390
1703.259033
1316.204468
690.594116
1084.368896
979.902283
578.534363
672.656921
391.577057
87.208504
-74.027245
-225.622787
-300.960632
-354.012451
-463.620636
-410.630737
-675.627686
-1287.657349
-1345.503784
-916.858154
-734.658997
503.390930
469.252594
214.226425
-23.235071
-176.347702
-1286.611328
1204.428589
1245.084229
1184.638550
1052.684570
1128.831177
947.744873
740.981628
728.423340
1151.800415
1145.526733
1136.032593
1183.189819
482.257660
414.250732
443.097870
559.540710
720.494202
935.041992
1155.154907
1060.760498
1220.433960
1190.691284
1464.540161
1662.188354
1724.897949
1584.476807
1697.233765
1301.088501
1427.991211
1173.554565
778.153076
598.991760
135.147354
175.033005
485.716156
1121.457642
1452.809814
1936.605713
2034.962036
1716.726318
1110.219849
1373.930786
1243.784180
687.825867
589.458923
171.091965
-117.263573
-399.863739
-589.951721
-708.609131
-790.100037
-951.620361
-850.499512
-1120.184448
-1791.337891
-1841.446899
-1431.983398
-1214.618896
-82.810364
76.504707
2.465754
-207.896759
-393.584900
-1086.980713
1100.428955
1115.506226
1078.387817
994.560059
1010.616089
879.358948
703.476501
691.545288
1055.129639
1029.810791
1021.857483
1071.718140
504.692261
443.486572
458.131805
542.788025
696.212341
879.318237
1025.936157
986.372070
1098.702148
1105.489136
1347.536011
1539.349487
1705.606201
1643.529053
1790.048218
1515.155396
1679.033447
1503.945312
1210.565796
1070.936279
710.979309
725.912598
995.340149
1449.744141
1647.893677
2027.941528
2136.153564
1934.491333
1451.352905
1539.632568
1372.070190
722.145447
413.388855
-93.556831
-354.720459
-747.237793
-968.357849
-1125.757568
-1223.735596
-1422.721436
-1286.738892
-1509.676758
-2148.781006
-2182.709961
-1854.999512
-1667.772949
-768.146973
-461.643402
-298.332001
-437.964630
-568.569092
-749.372925
903.830505
904.267639
878.842590
840.950562
811.081665
734.557190
599.337097
594.145142
866.083740
826.160339
810.858215
856.979065
458.968445
415.182922
416.647614
450.475555
586.538513
722.450256
788.909058
782.208008
838.933716
885.718018
1077.727661
1252.946167
1487.768066
1510.730835
1698.045654
1586.725708
1765.910034
1681.316284
1553.732666
1475.797974
1227.032959
1203.953369
1389.739868
1647.016235
1692.572266
1913.738281
2010.966675
1928.622925
1629.336304
1524.712891
1329.695923
670.621277
206.703491
-342.386597
-576.791992
-1029.993774
-1291.770874
-1474.590454
-1592.666992
-1792.270264
-1626.199097
-1770.488892
-2273.887939
-2281.982422
-2063.653076
-1951.917114
-1354.373169
-972.234192
-581.138733
-618.302490
-609.212158
-379.339294
640.850281
636.224670
619.425537
611.226074
546.134644
526.936035
438.258759
450.557220
600.138062
550.601318
529.331482
563.089172
348.365448
323.046692
314.826538
308.180664
412.496063
493.582581
481.181366
521.106750
525.945251
603.937622
739.328796
879.627380
1155.044678
1252.598877
1446.400757
1484.649048
1666.509277
1686.646606
1745.072388
1734.879272
1614.530762
1517.430664
1602.749512
1655.323730
1541.526001
1589.397949
1665.101685
1689.443359
1591.100830
1320.659546
1134.861938
545.637634
-4.689062
-536.997192
-747.710693
-1222.018921
-1508.403320
-1697.417114
-1827.971313
-1988.183228
-1787.115967
-1807.036865
-2083.240234
-2054.752197
-1960.520630
-1946.180054
-1699.733643
-1298.951416
-723.282227
-668.784729
-567.387390
-11.921617
329.943909
318.614227
314.335602
329.580475
245.159042
287.645966
244.869431
259.018494
289.583527
240.645081
224.757858
246.764542
198.310577
186.499557
167.848785
133.442001
213.374161
242.604065
161.334793
256.064850
225.184921
311.043121
380.742889
488.704712
775.000000
942.332397
1120.762329
1256.505859
1420.911865
1526.904053
1727.730347
1796.641846
1804.930542
1651.697144
1601.369019
1463.378540
1235.098022
1115.519897
1164.745483
1257.810791
1332.389160
969.156616
813.218445
368.111298
-211.684250
-655.655090
-852.946716
-1313.724487
-1579.806641
-1735.323242
-1849.743286
-1950.334839
-1802.333008
-1665.707886
-1611.270264
-1573.020874
-1568.346680
-1658.983765
-1768.236450
-1417.270264
-702.054199
-571.501465
-428.288788
316.053284
15.979099
-3.720880
6.746089
40.025101
-42.560146
47.995190
56.499432
47.279446
-16.563328
-71.826790
-81.051620
-64.447716
29.847889
34.907398
6.131876
-47.678833
23.684124
18.011978
-118.156006
25.830696
-27.269516
51.232861
54.071060
147.184372
408.279266
621.243652
773.008118
962.490906
1076.444702
1233.083008
1508.750244
1623.308960
1738.081543
1567.676636
1406.453003
1119.115479
833.040039
574.261292
584.219299
714.374756
927.444702
540.676819
429.022766
177.656494
-368.248505
-669.542114
-852.389648
-1234.140137
-1429.286865
-1526.457275
-1602.031616
-1635.841553
-1623.952026
-1382.222656
-948.064087
-898.806824
-987.773743
-1199.357178
-1575.466553
-1289.655762
-537.966858
-347.772400
-186.584625
579.779968
-261.564240
-279.556641
-258.312256
-217.607910
-282.891785
-166.644043
-108.112549
-141.295197
-277.252808
-331.251678
-340.647095
-340.292999
-135.894669
-118.617928
-149.242065
-209.227722
-154.817017
-177.756607
-320.907501
-145.558975
-191.305954
-135.210449
-179.812469
-94.857048
109.612091
337.478333
433.185883
623.664429
684.610046
866.056335
1166.498657
1282.376221
1475.800415
1310.616821
1068.468750
689.363159
384.351959
34.498177
-12.691270
138.914642
441.613495
86.176819
24.219042
-11.954455
-438.947876
-543.125061
-722.991577
-987.409607
-1068.683960
-1114.791382
-1159.762085
-1108.358643
-1158.370483
-863.138855
-154.748718
-96.379211
-301.321991
-647.231567
-1149.375488
-948.355835
-280.832611
-64.138145
67.991966
747.569092
-468.716736
-480.841675
-448.419037
-405.942963
-447.931244
-332.454041
-246.626373
-293.094604
-471.754028
-513.112122
-522.512146
-546.350708
-281.557465
-259.152740
-280.249664
-333.478088
-299.677094
-325.968781
-433.022552
-243.460297
-254.440521
-230.325317
-291.068237
-210.036606
-91.383804
104.010193
134.693359
295.655304
308.949585
497.700592
770.439575
860.895325
1090.217896
946.237122
648.575378
243.325027
-43.658104
-424.967377
-532.333923
-394.542908
-90.718361
-364.628204
-390.738922
-209.076462
-447.868439
-337.241974
-490.100891
-622.745605
-577.320068
-580.475037
-613.463806
-457.519409
-533.889893
-200.569977
635.046753
671.762695
409.902405
-1.797713
-544.521851
-460.598633
10.342870
238.994232
311.011475
806.886536
-585.320679
-592.367798
-541.803040
-506.749634
-522.832642
-432.199615
-322.848785
-373.457397
-570.698303
-589.376160
-601.974121
-656.754272
-378.049652
-352.805573
-361.483948
-399.780121
-382.272949
-401.501587
-448.847992
-267.995087
-232.617126
-233.677094
-291.661377
-231.779266
-207.750931
-82.513786
-115.916870
-6.606180
-29.017300
166.156494
383.337524
431.702393
635.789490
527.033569
208.384674
-168.647659
-411.176483
-771.441162
-921.242004
-824.035400
-590.481812
-757.454529
-752.113098
-399.195038
-424.666748
-126.962143
-219.230972
-178.721069
-30.289856
24.436680
15.037147
245.888611
125.367126
478.375092
1318.104248
1333.951050
1085.229736
678.917053
181.109299
140.365707
305.642578
512.860962
537.739624
790.694031
-626.254944
-622.743347
-561.437927
-531.588257
-517.068787
-454.900970
-341.745544
-376.599579
-565.541565
-559.025757
-577.468140
-653.150940
-398.157898
-369.481415
-368.999542
-390.083069
-395.423676
-401.588409
-381.741394
-233.704102
-161.212784
-169.051239
-214.729874
-200.610107
-264.341125
-222.015091
-307.169891
-251.701035
-311.860596
-108.889183
43.492138
56.690273
187.807785
115.215096
-205.130692
-522.144775
-700.426086
-993.422485
-1169.814331
-1123.108398
-978.910217
-1049.699219
-1006.180725
-549.324219
-378.190674
55.367188
40.926239
257.432739
498.873138
629.827637
651.613281
918.243042
778.945557
1099.307495
1854.628296
1848.972534
1622.647827
1296.282104
926.449463
764.129761
581.758972
738.793518
731.910034
773.921570
-583.763550
-577.919189
-519.707153
-492.501221
-449.113525
-413.584259
-309.065277
-321.663208
-484.123993
-450.517792
-465.684204
-558.185303
-360.853210
-314.779938
-303.750000
-309.583069
-342.933838
-342.581512
-268.138611
-158.450043
-66.471779
-75.914551
-98.796219
-150.436096
-283.406647
-329.706970
-440.644806
-412.361206
-510.792084
-313.422729
-234.521164
-253.741562
-219.932785
-254.490448
-542.403198
-779.572571
-887.217041
-1075.835449
-1256.753052
-1262.307617
-1217.250854
-1203.817017
-1116.645996
-635.042114
-309.149780
204.229095
302.194275
632.889343
963.421326
1139.406006
1194.682251
1460.141602
1340.295410
1582.701172
2168.887207
2158.423096
1945.593994
1766.029907
1593.686768
1356.398682
884.119568
927.926392
872.093201
744.726074
-454.025269
-459.913757
-404.676300
-387.016357
-339.843658
-326.738403
-233.100281
-213.219604
-346.382416
-276.120728
-282.860687
-383.526886
-271.282654
-206.014114
-182.290665
-185.625580
-250.966095
-253.531174
-137.070297
-86.896576
0.189590
-12.372432
-3.566248
-118.635155
-297.915894
-420.449554
-536.643616
-511.917542
-633.447205
-453.401154
-446.703613
-497.598022
-560.561157
-562.797424
-783.189758
-925.392395
-974.105835
-1032.786377
-1191.443359
-1234.840820
-1271.159058
-1180.558105
-1067.080811
-624.763672
-207.022873
317.531403
531.952087
939.685608
1324.263184
1493.408081
1586.928955
1788.272949
1713.906372
1862.276001
2200.441650
2219.826172
2084.199463
2063.906738
2068.836670
1808.406860
1136.184082
1034.797729
947.965454
701.914307
-270.613525
-283.768005
-226.228073
-213.401108
-186.287689
-189.726120
-114.179100
-56.744896
-166.936157
-49.032764
-50.546494
-148.423798
-124.724068
-53.273907
-14.220577
-30.028847
-131.415085
-154.958160
-39.569870
-57.951744
-0.093080
-12.999908
8.635155
-165.649124
-360.720703
-518.011169
-633.598572
-588.265991
-708.122009
-556.369629
-590.836182
-649.989075
-786.563538
-772.653870
-909.183472
-956.200256
-963.039307
-881.125916
-990.310120
-1045.099609
-1107.613159
-972.199890
-846.277344
-496.821777
-35.717690
415.482635
728.665527
1193.917114
1550.232544
1695.934204
1805.609009
1895.104614
1850.176758
1905.475830
1994.989624
2057.149658
2027.806641
2159.560547
2238.512939
1985.704346
1225.780518
1049.266357
952.018311
664.568848
-52.685135
-61.561394
-5.008275
-1.016919
0.212720
-12.648376
40.434475
128.886551
25.029493
177.008560
198.834854
115.098808
73.269371
126.189812
184.281006
142.999695
5.011632
-69.007668
-8.815707
-83.141388
-77.455307
-79.649963
-77.060654
-298.085846
-472.740021
-632.097412
-735.659790
-652.940247
-743.852356
-642.329285
-673.866577
-704.325806
-876.933167
-855.258423
-904.476562
-876.170593
-851.634827
-644.176880
-657.845459
-689.933655
-733.669495
-578.382446
-440.704468
-222.944199
254.911453
579.923218
963.821655
1408.660034
1653.625732
1757.506836
1870.382080
1846.989258
1819.807983
1793.463257
1644.061157
1757.588989
1789.787476
2029.398315
2158.058594
1923.351196
1179.606689
982.217590
893.916992
621.476746
185.655075
187.994919
219.695389
222.799301
211.897964
193.225906
239.344315
340.531097
228.495010
381.952118
427.699005
352.234711
276.203094
295.758240
357.024719
282.846558
111.632027
-16.416605
-46.025574
-167.235306
-219.696136
-208.735977
-243.976471
-480.744446
-612.413330
-759.856628
-838.719177
-707.257690
-746.232300
-724.315186
-718.247253
-699.226562
-858.490540
-848.439941
-817.043640
-720.455566
-673.155151
-372.343323
-281.185333
-261.435333
-244.946548
-80.202705
81.866066
193.651382
614.264343
799.004822
1199.535400
1548.500854
1669.912231
1725.940552
1843.617188
1727.547852
1712.974365
1609.372925
1252.596558
1400.756226
1454.681396
1752.865723
1891.055054
1693.554077
1050.216431
855.037720
789.229919
587.153015
418.104706
427.356995
417.477966
423.006409
411.319153
400.081146
444.157532
534.136536
415.179657
531.025696
594.061157
533.959045
441.124695
416.600922
459.292114
362.411163
179.717758
4.114079
-124.735924
-279.838745
-388.311157
-374.568542
-470.048340
-681.774170
-765.392456
-872.117371
-928.577881
-762.207153
-740.475159
-821.013306
-766.833557
-700.240906
-812.976990
-831.797180
-715.489990
-555.231628
-492.111267
-146.745636
49.930737
143.282806
235.718460
415.753632
601.520142
634.933777
944.835510
1001.262451
1348.041504
1583.934082
1612.556763
1635.983276
1746.202393
1561.984375
1541.221802
1374.441895
881.989441
1044.370239
1097.392578
1406.816040
1491.679688
1348.072632
871.077148
696.646179
669.000488
556.335266
626.820496
641.829590
585.905334
573.511108
574.900879
565.868652
614.012390
668.545105
553.972229
610.284790
681.005920
643.393555
549.729919
458.002930
467.054199
366.160309
213.836487
-1.040567
-219.410065
-393.300934
-551.388611
-545.401245
-708.477722
-872.042480
-898.659607
-947.871399
-985.148254
-822.876404
-752.566772
-953.223755
-863.549744
-763.904480
-807.121521
-845.870178
-651.106750
-444.786743
-357.802826
-20.720493
284.201111
451.347076
620.982300
835.821472
1007.080017
986.387878
1177.473511
1121.512085
1391.126587
1521.510498
1474.219116
1472.498291
1557.085327
1345.084595
1314.207886
1121.925537
584.544495
721.313232
757.493591
1039.148315
1047.055908
952.416931
666.562683
524.990356
552.926270
525.124878
780.167419
800.164307
703.302612
656.956177
682.319275
674.555969
721.538086
722.047607
636.603210
631.590637
687.786438
665.877563
581.004944
417.080139
381.826080
295.234131
213.243652
-29.979265
-304.334778
-481.244934
-670.521118
-677.772400
-903.366577
-1007.646423
-986.562744
-1000.255432
-1034.560913
-902.140564
-803.970154
-1125.707397
-1030.232788
-910.537964
-864.842407
-890.661865
-645.821411
-402.099365
-273.867065
22.304209
406.356598
637.660706
866.579651
1095.410889
1245.292358
1208.787109
1288.272827
1133.396851
1321.690918
1359.289062
1243.378662
1222.056519
1279.638062
1102.529663
1073.554565
890.146362
395.217438
454.958801
468.263977
697.927124
616.343811
563.520020
477.807709
379.590729
450.052612
487.508728
837.567078
870.913879
747.687744
666.351746
715.654968
704.831970
733.064148
681.100037
650.996094
572.313599
607.499817
599.486877
528.451538
311.001251
228.162582
162.263107
173.224243
-70.620399
-349.611633
-517.120483
-716.752014
-752.844543
-1021.005676
-1041.930054
-1004.173462
-1009.010132
-1044.010010
-979.706787
-878.077515
-1302.540894
-1230.533813
-1101.155518
-965.909973
-949.122742
-676.040833
-398.830536
-217.487076
4.653040
418.721710
700.666870
950.083801
1178.940308
1297.110596
1264.585205
1242.302368
1021.530334
1112.252563
1076.787720
925.539551
899.817200
936.643188
848.489197
827.862244
669.933838
290.959229
251.733398
250.398804
402.470490
251.924683
250.095230
338.148438
282.083832
370.690338
435.772614
781.693298
825.759033
695.761108
594.377014
656.669495
643.466858
620.477417
519.365051
574.589600
427.092865
433.761414
424.606384
382.381409
152.348465
25.195587
-15.087005
91.107887
-113.029121
-345.051514
-481.958344
-659.345337
-746.238403
-1024.885376
-953.248535
-915.329834
-930.329407
-955.041138
-1001.955811
-935.020935
-1436.622192
-1425.101562
-1292.346802
-1061.462891
-992.650085
-704.124695
-409.194641
-171.340149
-47.076576
357.491943
638.625549
867.394287
1087.063354
1143.430908
1120.277710
994.505493
766.591675
759.636658
666.317505
514.198181
497.193787
519.993469
549.201782
556.631287
439.954254
223.890305
83.249207
75.393349
146.554825
-22.895636
35.110527
236.034973
214.220657
303.766327
379.052826
598.638611
642.865295
544.197205
436.941376
494.516815
488.800995
383.630676
249.183884
392.877472
204.923630
164.484177
145.901230
148.224274
-41.119125
-202.579819
-218.760452
-32.020756
-146.808640
-289.397064
-361.883057
-496.277008
-628.479248
-890.396362
-762.976929
-736.201294
-767.963318
-791.008240
-970.188232
-963.927979
-1479.617920
-1574.909546
-1455.056763
-1135.909424
-1001.374146
-708.319031
-419.189484
-108.041786
-90.405434
268.059418
500.286682
645.636292
817.515259
803.522583
783.215515
580.369751
384.036621
298.716095
170.616394
24.674046
23.624609
39.440784
188.452759
237.784500
183.722870
149.691635
-60.115906
-70.456673
-62.399261
-198.580475
-84.669731
162.906326
161.944656
231.938934
329.609802
292.132599
330.164673
300.515076
212.274963
227.072296
221.333313
22.032969
-112.776176
102.455353
-97.318443
-204.065399
-222.216629
-163.239044
-262.302765
-444.092743
-439.989227
-205.802719
-189.077026
-200.785583
-186.638168
-283.738953
-449.135559
-657.915405
-527.272461
-540.650513
-594.392944
-604.362366
-896.246460
-968.090149
-1412.610718
-1594.715332
-1524.545654
-1180.159912
-953.547974
-682.956787
-406.139496
-50.534538
-109.356880
172.365341
318.819214
343.775574
434.303497
355.801208
323.291382
75.802528
-82.364388
-215.063293
-351.365265
-475.740479
-463.346558
-456.984039
-214.008896
-114.321838
-111.611977
31.900139
-205.378754
-197.317245
-233.305313
-283.223511
-125.652115
109.753983
111.022224
150.336716
275.572144
-139.600479
-116.643456
-49.739376
-91.916092
-151.820984
-173.443832
-470.135101
-569.776123
-305.399902
-495.115295
-664.636230
-672.658081
-556.277100
-509.750763
-685.569824
-667.489258
-438.930695
-311.970978
-156.247101
-45.210457
-86.326408
-269.980103
-396.156982
-295.723389
-357.847900
-460.077759
-423.964020
-768.213989
-949.222595
-1239.749268
-1450.718750
-1439.466431
-1142.372192
-847.178040
-624.541992
-362.076202
-34.227859
-154.319595
25.104214
80.076340
-7.275298
-9.073965
-140.825317
-192.726486
-455.359222
-570.487366
-725.532349
-852.297302
-945.020325
-936.050354
-943.961487
-644.204651
-487.224823
-436.862610
-160.382034
-388.399109
-332.598358
-389.898743
-336.351288
-163.221481
25.137535
20.918510
39.474251
191.977600
-686.629333
-676.507202
-504.081421
-486.195068
-633.941772
-676.360718
-1053.688721
-1101.515503
-813.492920
-968.489624
-1178.765503
-1167.152344
-999.055359
-777.399048
-900.348267
-859.295532
-678.340881
-468.542053
-197.697708
5.949722
38.163994
-137.605896
-130.705612
-106.791298
-227.772934
-353.195984
-274.046448
-601.816956
-893.270508
-970.777161
-1161.550537
-1186.652222
-986.833862
-672.191772
-508.299652
-318.904053
-60.087761
-254.360443
-202.400925
-221.075546
-379.133484
-468.002991
-629.125671
-714.657898
-963.399109
-1034.893433
-1186.990723
-1287.267822
-1350.727783
-1359.990723
-1373.469238
-1068.661133
-868.252014
-783.795837
-439.562775
-622.654053
-517.967529
-569.148865
-420.065491
-259.357208
-129.302277
-136.310608
-128.396423
58.004677
-1277.179810
-1282.377441
-1032.980469
-958.061829
-1212.360474
-1268.487671
-1663.897827
-1668.415894
-1386.455811
-1480.100220
-1701.110229
-1647.841431
-1429.400024
-1035.405884
-1064.789185
-991.957642
-904.614014
-625.926147
-293.339935
-14.444561
64.049767
-60.093903
103.020935
20.466135
-149.877518
-254.400360
-152.030472
-408.764282
-776.886353
-636.372742
-765.030518
-819.456421
-752.373047
-413.582733
-317.652863
-264.445160
-106.073868
-324.083344
-397.330658
-483.762299
-665.273193
-844.820068
-1024.370361
-1150.100098
-1367.371094
-1409.619019
-1539.782227
-1609.838379
-1648.560059
-1691.369873
-1703.764648
-1441.259888
-1229.447021
-1130.945801
-775.415833
-882.931946
-751.729980
-779.843079
-555.979492
-428.718292
-341.444794
-366.705322
-367.792572
-152.880630
-1831.691528
-1871.399780
-1584.397217
-1483.779053
-1839.506470
-1919.912109
-2259.296387
-2222.052979
-1969.464844
-1981.698364
-2163.352783
-2036.076660
-1775.074707
-1255.008789
-1183.634888
-1087.159424
-1108.171753
-784.465576
-426.640564
-104.911156
9.251357
-41.227863
263.395721
95.462738
-64.903519
-140.831497
-24.828030
-188.426041
-591.822876
-261.415680
-304.583771
-387.810303
-455.383667
-106.200974
-64.482445
-137.453110
-95.173088
-281.136475
-476.352295
-626.307922
-801.102417
-1051.202759
-1240.770996
-1413.314087
-1578.489624
-1612.303345
-1716.539062
-1757.451172
-1783.377075
-1866.617554
-1885.991333
-1703.757202
-1518.194702
-1423.123169
-1106.772705
-1135.460083
-1004.400452
-1018.753784
-753.384521
-673.707153
-613.569275
-659.615234
-669.251648
-452.822632
-2265.586914
-2347.308594
-2085.372070
-1984.666016
-2388.848877
-2512.202148
-2730.648438
-2659.807861
-2477.722412
-2399.087646
-2486.584229
-2257.636719
-1979.752441
-1418.917236
-1253.459961
-1127.852661
-1258.073364
-925.062500
-578.845642
-255.787872
-100.714302
-71.681969
332.761536
128.079590
21.248718
2.020189
108.137581
63.001041
-311.807587
153.221741
205.572571
133.528458
-49.735039
238.023270
211.191956
63.323582
-20.613361
-143.502365
-449.179626
-633.969177
-787.890015
-1066.485596
-1242.343750
-1448.972046
-1551.099243
-1570.507202
-1652.301514
-1673.663574
-1700.174438
-1811.245361
-1843.753052
-1802.574951
-1681.256348
-1616.735352
-1388.200439
-1313.731934
-1207.919189
-1232.343994
-978.798706
-966.950623
-922.498474
-964.364990
-986.885498
-825.573303
-2474.869629
-2604.621826
-2432.012695
-2352.487549
-2734.224854
-2887.688232
-2943.886475
-2858.765625
-2799.026123
-2611.113770
-2576.460205
-2251.943359
-2017.125488
-1480.496216
-1231.619385
-1064.201904
-1293.590820
-1001.226440
-690.562744
-422.297089
-238.890427
-129.414932
305.154510
149.439407
124.092171
180.068008
244.883728
325.116455
52.917603
583.624329
737.915161
696.949646
420.788025
572.504700
464.354462
300.276672
108.504585
45.561783
-331.477264
-527.490234
-649.312195
-910.707947
-1041.020386
-1232.132568
-1262.331421
-1260.699097
-1327.592529
-1339.776245
-1368.539062
-1495.004028
-1544.993896
-1696.453369
-1677.261108
-1674.330078
-1582.082153
-1395.300171
-1336.675537
-1392.755371
-1210.912842
-1279.336182
-1236.369141
-1246.100220
-1281.651001
-1240.932495
-2426.590332
-2624.489502
-2556.499023
-2535.697266
-2832.941650
-2986.433594
-2861.887695
-2786.148926
-2844.844971
-2583.784180
-2401.106445
-2014.884644
-1873.497681
-1434.705078
-1112.781738
-893.503418
-1170.260010
-938.030273
-726.683716
-554.397156
-362.014465
-178.795746
244.342392
184.824615
268.154602
378.228485
382.994751
568.838501
458.714996
990.456482
1215.138550
1184.601929
876.368347
858.966187
719.662170
542.296509
263.138397
243.072571
-154.076828
-336.130951
-417.564972
-620.001587
-686.327698
-826.868225
-782.763489
-775.456055
-824.038269
-845.590210
-857.933228
-999.017212
-1071.169312
-1387.541748
-1482.852417
-1558.316040
-1636.187500
-1435.868774
-1452.859985
-1555.410156
-1479.559204
-1592.189209
-1542.568359
-1501.689331
-1547.295166
-1646.629517
-2148.218018
-2384.371582
-2471.191162
-2500.983887
-2694.704346
-2833.673096
-2472.375977
-2435.518799
-2562.966064
-2290.862305
-1960.926758
-1563.651123
-1526.528442
-1288.523560
-912.061646
-649.332397
-906.484924
-745.358276
-669.222595
-591.314697
-387.745422
-134.227982
249.258789
262.972412
456.213013
608.077087
566.431396
815.801147
869.862427
1320.879150
1552.326660
1532.336548
1256.533081
1104.135986
943.561279
730.934998
390.941956
418.949432
54.269577
-92.700600
-138.301254
-257.169586
-265.118042
-351.357117
-250.388351
-236.271561
-268.091736
-302.846313
-292.739288
-430.672211
-522.409485
-920.899658
-1112.462402
-1270.934692
-1499.447266
-1374.774536
-1484.383545
-1646.911011
-1700.710205
-1849.110840
-1791.947388
-1680.808105
-1724.331177
-1955.682007
-1658.903442
-1895.046143
-2185.762451
-2249.819824
-2294.467773
-2400.847900
-1799.763428
-1826.942017
-1948.445923
-1749.397217
-1313.975464
-929.438721
-990.399292
-994.401123
-626.835266
-342.541840
-509.389832
-432.764648
-465.934906
-485.831543
-271.014893
32.327812
322.672882
411.226776
669.555969
856.096802
789.596985
1043.048950
1249.135376
1556.655884
1723.175781
1721.043823
1510.264526
1260.084473
1068.269653
840.860474
519.629822
580.123779
278.257324
161.653534
143.110123
104.405190
136.102524
114.622452
257.276764
270.315491
242.994293
221.323257
235.219162
164.881836
50.520649
-346.579254
-608.674438
-834.911621
-1177.918945
-1168.350586
-1361.058960
-1575.780396
-1779.217163
-1952.023193
-1883.027710
-1687.077026
-1715.137939
-2074.486084
-997.740723
-1202.578247
-1676.691284
-1828.769409
-1658.853638
-1675.908569
-955.591248
-1039.926270
-1116.873169
-1009.374451
-521.565369
-175.616699
-317.939911
-557.189514
-281.867554
23.468683
-22.513109
-44.449802
-129.365616
-246.890442
-34.952934
281.738617
425.623138
584.073792
870.534607
1059.833130
983.028564
1166.993896
1524.026245
1675.165161
1761.141968
1738.421021
1604.850952
1280.295532
1096.243164
885.373169
631.563721
694.877136
462.903870
368.472717
379.778687
410.690582
467.733093
512.061768
678.746277
686.607361
666.551392
659.976746
687.859070
683.478088
574.368896
242.314926
-44.715794
-296.140228
-719.094971
-838.401794
-1101.222290
-1345.876709
-1689.337280
-1841.036377
-1764.318115
-1512.660889
-1523.729126
-1977.392822
-241.464767
-386.967194
-981.703796
-1251.503906
-884.814148
-768.174988
-65.301964
-177.052231
-216.598526
-122.074867
354.552307
610.618225
406.598724
-43.432381
102.161804
365.707611
470.952393
355.098389
272.052795
72.243332
261.515320
531.404297
522.276245
742.830444
1010.703491
1186.682739
1103.930786
1209.941040
1654.560913
1668.796509
1666.110596
1607.976074
1549.472900
1212.543457
1055.516724
874.252502
706.002136
746.792847
591.125610
504.930115
532.112488
623.632385
693.000000
787.429382
953.340210
962.374390
963.399536
954.873108
994.514221
1017.549011
946.315857
730.114014
463.926666
230.063171
-235.882446
-458.445465
-721.553467
-971.263062
-1429.443848
-1525.830200
-1448.230835
-1179.399780
-1158.976807
-1662.885742
538.421143
446.930389
-165.280853
-504.470428
-7.557593
210.926559
812.423706
707.700867
727.270691
819.595398
1202.921387
1301.173096
1058.703979
497.623932
513.204468
643.874329
916.667664
757.231323
657.098206
392.510315
532.432983
717.279907
571.867615
840.810120
1041.857056
1193.355469
1124.488159
1187.058838
1627.897095
1535.134277
1439.718384
1363.053833
1391.412476
1085.331299
964.081604
829.904602
753.990723
753.024048
683.935547
594.178772
613.914124
744.915894
811.576233
937.042786
1074.187744
1068.135010
1099.942993
1097.197632
1132.926025
1167.398315
1129.353760
1045.337891
822.557129
635.494995
191.582321
-85.783829
-281.585785
-496.498077
-984.046753
-1024.847534
-962.265808
-706.500061
-672.910522
-1132.930542
1229.266113
1187.044800
651.603394
342.227539
877.471497
1162.275635
1569.352905
1510.452881
1627.424316
1701.019653
1937.057495
1841.446777
1596.671875
1050.098267
926.190491
915.592712
1283.324585
1094.247437
953.526550
682.805420
745.084961
841.540100
587.574463
825.103394
945.971680
1061.138916
1029.706909
1058.904663
1442.382080
1296.254028
1146.141602
1078.078491
1196.374878
936.934631
845.304077
753.671082
755.777466
719.525818
724.864807
642.096191
652.689392
776.419312
836.794067
964.521423
1056.485474
1042.409546
1086.010010
1094.004883
1124.121094
1149.353271
1129.299561
1140.262817
995.897400
879.731995
546.835571
295.608337
162.670761
4.444972
-409.514435
-425.461273
-381.265625
-166.344650
-148.725464
-457.710236
1730.931396
1778.623657
1380.100830
1193.966919
1675.923706
1998.888916
2117.292969
2153.253418
2331.788818
2408.623047
2482.163574
2221.344238
1993.071533
1536.852173
1295.862183
1150.374268
1512.916260
1268.987427
1123.439453
903.270386
876.425781
877.542908
566.659058
721.204895
765.380981
852.259888
860.249329
862.982666
1156.445557
1013.978638
835.920044
789.498169
966.637512
775.802734
707.877380
646.003906
700.887329
643.083008
704.044495
641.821472
650.276917
742.701843
787.252380
901.737061
941.757019
942.692688
972.511963
973.953064
989.940552
987.993713
970.250671
1046.937134
998.064636
950.784668
805.439270
654.599915
596.301086
493.662109
206.110703
206.037674
198.279205
391.068878
394.692230
277.443481
2010.335449
2162.489014
2001.500000
1952.114868
2323.246094
2643.736084
2484.122803
2603.828369
2761.814453
2837.689453
2743.420166
2362.823975
2160.914062
1856.127808
1552.792725
1270.515991
1535.370361
1284.476807
1155.474731
992.570251
895.318909
808.096375
494.468811
567.063477
542.882629
595.809692
641.210510
634.160339
826.300903
719.091492
538.226318
518.452942
702.151062
602.213135
558.274292
522.144226
595.965210
531.846619
646.308167
621.942749
635.063782
688.459167
708.198242
793.704590
777.564026
790.431091
806.570801
796.216431
787.370483
757.046753
737.072205
845.577759
885.144714
920.753906
934.441650
919.325806
979.420349
941.844543
807.249756
811.866638
759.313110
898.687561
915.388062
976.082214
2035.808960
2298.218994
2443.096680
2555.004395
2773.916504
3034.768066
2661.841309
2789.628906
2890.155029
2921.857178
2658.142578
2205.274902
2074.686768
1930.360718
1611.457153
1237.515259
1348.487671
1151.868164
1041.111816
938.584534
785.609863
632.390808
364.060242
372.121704
296.877808
316.649017
386.653595
387.852814
486.392822
433.574829
283.905365
294.702637
451.542969
428.982666
409.819916
400.362549
472.218140
419.056732
562.693481
599.523193
616.205933
640.753967
637.271179
679.590210
614.336609
631.536255
626.104553
611.382080
562.227112
508.288086
479.902313
598.662292
704.924683
830.075500
970.557373
1075.895020
1256.677979
1322.926392
1329.507568
1329.182495
1255.122070
1300.637451
1342.559692
1557.825195
1851.059937
2184.232178
2584.947510
2883.497559
2937.067383
3066.445068
2563.299561
2653.376221
2676.408691
2648.402100
2256.549805
1783.558716
1749.962280
1735.390259
1433.949585
1038.671387
1019.099915
866.058044
777.417358
756.369263
559.430237
368.305786
182.082138
145.979996
46.473652
47.298462
127.144882
158.818115
176.920639
173.832214
88.661400
127.383003
239.106857
261.699371
266.344238
291.947815
334.250183
309.931610
449.150482
557.431030
584.198914
585.902893
565.823730
561.029663
464.164520
490.739899
454.232666
435.412781
350.425964
291.810211
253.328049
357.062592
489.999786
699.477600
957.747437
1159.803223
1380.562134
1556.864746
1706.262329
1735.494873
1643.077148
1598.114990
1622.802979
1938.326294
1573.465820
1875.221191
2449.520508
2847.750977
2750.892822
2719.289795
2178.181641
2258.250732
2179.690674
2096.871338
1651.295410
1218.535034
1245.483887
1327.242798
1064.231567
705.969421
592.748413
484.575073
432.011780
481.345093
262.646515
62.275074
-16.666479
-72.273758
-169.584396
-182.963882
-98.911652
-36.198658
-78.018585
-40.658298
-46.858864
14.657647
65.783882
104.264725
117.022102
174.324127
166.138489
176.627884
304.849884
477.637360
514.767090
502.302399
474.635925
433.395050
324.059784
380.821350
306.811890
271.349243
184.952118
141.932846
105.796715
172.246216
309.465302
573.938538
889.675903
1174.229248
1377.952148
1614.243652
1908.518677
1971.951538
1857.105957
1712.728394
1704.866577
2077.190918
1261.810791
1493.277100
2156.696533
2581.312500
2354.026611
2160.531250
1657.896851
1731.004150
1546.555786
1409.771240
976.078857
627.815186
677.858887
803.353638
595.397217
303.471619
115.967072
65.418381
57.636230
156.946854
-45.792828
-230.320847
-201.887772
-248.952896
-322.876068
-346.559326
-269.880341
-185.542328
-261.830475
-200.975113
-138.796997
-63.560345
-72.128494
-57.409618
-52.124866
20.744068
-28.987040
16.103422
121.621277
332.606903
385.896149
377.042999
355.543304
299.222504
194.180466
280.729889
185.261093
129.005753
63.240990
51.701832
19.207403
44.054344
169.759216
440.482147
767.622620
1078.436890
1258.490112
1520.278442
1885.447388
1973.312622
1866.988403
1624.564941
1579.873901
1979.629883
984.837097
1151.615601
1797.387939
2195.414307
1854.218018
1525.134766
1130.602905
1175.204712
885.089844
694.165161
329.568176
90.248985
144.753250
258.494324
120.594139
-90.827065
-323.636475
-334.048737
-303.482483
-156.610916
-317.710236
-452.736511
-345.929474
-363.911255
-391.107910
-426.895264
-370.400024
-287.429535
-369.868256
-325.817047
-213.662415
-142.822556
-197.912903
-223.403198
-228.882202
-147.808456
-221.189865
-150.472672
-80.652412
146.043167
203.907730
206.368607
201.506973
149.296875
72.574440
170.800491
84.599785
19.135794
-27.849937
7.919129
-19.574829
-39.439678
58.130390
310.504486
624.721191
905.241394
1042.566528
1301.358276
1683.493530
1786.580933
1713.905029
1425.806396
1338.473633
1686.433105
772.267212
877.197571
1406.168823
1720.399536
1320.524048
911.240723
665.617676
654.096497
287.876343
46.984768
-222.980560
-352.497070
-306.880646
-231.744308
-293.962921
-407.100983
-651.445740
-632.632874
-571.553650
-391.440308
-497.423492
-564.975403
-415.260040
-395.147156
-380.360657
-439.922211
-402.685974
-351.364777
-419.898468
-422.670990
-284.024567
-226.830109
-311.229462
-373.424744
-389.223114
-309.406677
-392.479095
-309.840668
-276.417175
-65.757347
-17.070992
-0.734373
17.586365
-8.224232
-54.602360
39.928242
-0.456513
-54.699554
-81.474457
14.710387
5.172612
-42.952702
8.609072
219.364441
499.596466
709.095947
787.163574
1014.095398
1370.083130
1471.110474
1429.958740
1161.626099
1052.275635
1290.455444
587.387817
629.244324
996.428528
1202.885376
822.939941
386.862885
276.985992
179.956924
-210.751389
-469.807251
-622.765991
-653.635193
-611.352417
-582.854675
-570.027771
-591.135010
-809.863647
-772.943848
-686.541199
-510.221741
-552.035828
-560.232056
-400.815613
-357.182495
-329.167450
-406.555267
-382.135284
-384.612549
-438.214264
-482.331482
-338.120789
-294.900604
-389.755859
-482.417236
-498.290771
-433.712250
-506.783783
-447.150330
-440.974091
-282.873718
-256.595337
-227.725616
-182.022324
-165.528366
-173.299744
-106.188644
-93.011879
-112.244492
-109.893547
45.963345
75.979927
26.672745
28.558647
182.496552
401.576874
515.568726
526.055359
699.941040
990.650818
1087.402588
1074.483521
846.273560
734.115234
869.414185
419.671539
405.211975
580.502808
664.216553
351.516235
-66.904266
-80.237671
-227.338638
-592.113098
-835.158569
-848.319519
-778.428650
-721.993958
-734.659424
-661.228088
-603.688782
-765.980591
-698.801880
-619.475342
-493.699768
-471.916138
-451.916077
-307.301147
-261.964691
-239.012589
-331.759979
-310.915405
-362.321960
-416.953979
-502.996307
-363.376831
-338.952515
-430.152466
-523.921387
-542.927185
-503.954102
-550.650024
-543.435303
-550.084717
-470.777252
-477.649200
-436.908905
-373.299835
-311.986053
-282.649475
-262.359009
-194.285080
-159.125977
-117.979713
85.315956
165.949432
127.854973
95.104996
200.312775
344.805847
343.216034
292.171478
392.256104
604.925049
697.303223
706.800537
524.756958
433.230347
479.645508
255.168396
198.968414
160.262161
111.815948
-95.497307
-432.688599
-390.660736
-534.697937
-825.520508
-1024.705444
-921.127563
-756.017700
-671.055725
-705.148560
-587.631042
-468.034393
-554.876282
-450.868317
-410.350159
-354.025909
-282.082581
-251.724808
-139.248352
-107.213326
-115.355888
-226.368408
-211.855194
-292.912231
-356.750000
-470.959320
-349.640472
-361.585846
-437.906860
-496.671570
-523.717590
-528.759460
-550.273499
-587.103638
-602.049744
-601.601440
-644.647705
-603.386719
-521.338013
-416.571594
-356.569977
-393.072693
-275.778931
-187.526825
-112.796211
102.764977
244.531189
246.496399
205.311310
255.320526
329.262604
215.474976
125.257385
136.041306
251.566452
321.411102
336.652100
218.108353
161.076447
135.989639
46.263363
-40.016209
-264.241882
-431.703156
-513.557556
-703.434692
-642.657166
-744.282593
-934.082336
-1048.515991
-861.352478
-622.588318
-500.743408
-526.892456
-387.924500
-248.344025
-261.283539
-146.711121
-132.557022
-143.480789
-45.270298
1.413742
69.703491
81.927498
17.797394
-102.725639
-98.127243
-203.011948
-272.864746
-394.669678
-306.650848
-359.495850
-414.536011
-424.114624
-444.003693
-503.646362
-501.489014
-579.197815
-592.911865
-665.184265
-734.945557
-695.804504
-600.772766
-471.478394
-385.534729
-484.153870
-342.072174
-205.607620
-107.239540
78.579102
291.285736
355.942657
313.144104
304.446045
301.595184
125.908783
24.440903
-53.378025
-38.147869
-21.906614
-17.275780
-70.177177
-97.425438
-168.726654
-250.854492
-342.095612
-699.537781
-949.965027
-900.366760
-906.305908
-848.025574
-887.027588
-949.101379
-946.863953
-710.483337
-435.590088
-275.623627
-253.879349
-111.038116
25.846476
59.033085
167.729462
156.141159
88.065788
193.166061
236.513168
260.378601
243.378784
138.196716
23.203630
22.412720
-100.449997
-174.615082
-289.996857
-242.293854
-322.060883
-358.096344
-325.880890
-322.728485
-410.449005
-393.410919
-508.259460
-511.378021
-650.662354
-730.186096
-702.554749
-604.015381
-492.101105
-401.454254
-536.095459
-395.991028
-222.615967
-106.804985
17.254852
275.398773
394.464050
367.235382
317.401031
237.742874
45.578789
-55.816422
-205.895966
-275.066406
-330.480042
-340.052734
-353.494385
-354.593658
-431.622070
-644.540039
-724.377197
-1150.263550
-1443.436035
-1253.191895
-1058.373535
-1010.391541
-959.762512
-892.885437
-785.995483
-534.479492
-252.128448
-59.516834
38.320477
191.766129
307.283203
372.780426
453.323059
408.127716
302.808472
398.013855
430.694519
401.893219
357.386139
233.651306
145.163559
125.374359
3.337026
-71.457100
-160.948593
-162.844055
-246.063553
-259.537781
-193.584885
-178.313217
-278.202850
-255.745163
-390.033569
-373.610504
-550.805115
-637.753906
-633.209961
-544.135803
-476.288544
-390.213837
-542.203735
-418.261200
-232.122009
-108.128006
-72.639465
187.110672
333.218170
340.287231
250.891586
131.282166
-44.385708
-152.583054
-344.560699
-487.805206
-605.685730
-631.192810
-624.969910
-598.256165
-648.008423
-1076.708618
-1146.266357
-1584.255981
-1866.413452
-1537.866211
-1165.471558
-1107.960571
-967.096191
-803.216675
-626.742004
-389.503540
-108.246849
94.265244
269.864136
435.652130
523.303894
616.533752
682.781250
607.087952
480.764526
543.065613
554.269165
485.831299
426.071045
300.117981
253.928421
204.462509
107.541786
35.266270
-18.524281
-69.348625
-133.826401
-122.126427
-30.580507
-14.652703
-126.520584
-96.444916
-221.442978
-193.800980
-389.913818
-463.300079
-489.157257
-427.942169
-416.144501
-344.499817
-493.261902
-404.820740
-240.829071
-116.274734
-173.203354
57.321186
195.130646
236.646027
95.065224
-25.152176
-154.557098
-272.202515
-465.560913
-670.660095
-819.482422
-860.820496
-849.287537
-800.600647
-832.256653
-1487.677124
-1540.209351
-1946.549683
-2163.906982
-1724.261353
-1219.522339
-1127.663574
-942.335022
-701.847656
-458.161560
-252.693863
2.916585
171.871735
407.475403
567.165344
650.797119
742.468201
817.939514
733.547424
599.151245
619.960388
602.233215
514.378235
447.593353
341.212769
334.287506
258.575775
202.716309
148.136093
118.955879
27.639431
-12.229650
19.852707
111.465881
132.320450
22.458735
61.348217
-21.350609
11.624487
-190.938690
-223.724686
-290.221069
-266.799133
-333.159058
-286.167297
-401.237000
-362.242004
-245.085617
-132.261566
-271.824310
-104.079910
5.818295
78.636330
-100.732994
-204.491791
-282.397430
-394.801514
-557.572510
-805.010010
-966.618103
-997.741760
-999.757263
-938.793762
-977.295654
-1807.257935
-1846.654175
-2176.288818
-2296.841797
-1785.770386
-1197.132935
-1060.523193
-847.118591
-549.453430
-266.674255
-108.887184
90.485260
182.116425
443.728821
576.261780
657.162292
741.954956
817.360901
727.458069
605.418884
596.989258
573.168884
492.372406
434.198853
363.903870
380.149780
285.641571
268.706146
246.537384
243.608078
118.152863
84.438210
121.632843
200.782410
237.083450
144.992462
193.096893
166.856705
196.514374
15.500209
36.609955
-69.154999
-87.538773
-239.248947
-211.018906
-267.639954
-285.192413
-250.490448
-162.255417
-360.256866
-281.890900
-207.818939
-108.737877
-301.235107
-376.960388
-406.035431
-504.803406
-617.567566
-893.533081
-1042.102539
-1042.160278
-1057.324829
-986.091309
-1043.843750
-1930.901489
-1964.829102
-2187.659912
-2207.044189
-1682.825562
-1052.344727
-858.524780
-640.893005
-338.206390
-87.080917
-10.750030
114.132530
116.835884
369.492126
459.434479
534.413879
610.159668
680.101807
601.701782
517.984741
487.348541
481.492279
413.652618
383.750671
355.529022
384.779053
280.725006
299.144440
314.992004
335.843658
173.530960
131.601608
162.332031
227.460556
279.036255
214.256561
257.185608
288.195923
313.849335
174.725403
264.180908
127.318504
69.464180
-148.423660
-137.321075
-98.791573
-194.224670
-271.096802
-217.840317
-443.585327
-463.156891
-427.501099
-312.299347
-508.186066
-545.837341
-529.989441
-603.252502
-639.867798
-922.648010
-1026.333252
-991.876099
-1011.404358
-924.045166
-1017.196655
-1795.706665
-1837.647949
-1927.196411
-1864.217163
-1391.220459
-795.114929
-543.679993
-370.163086
-97.106239
88.937866
69.201752
101.356476
15.162397
219.349335
258.688385
328.766998
394.875000
456.153717
416.789307
380.211334
327.862518
340.704132
287.757141
276.507507
287.888580
333.206390
241.456116
276.536102
322.246674
351.513733
163.077835
110.187485
128.666718
165.911255
221.421555
184.649582
226.893188
304.547913
319.030090
202.973969
356.576782
200.248184
118.036850
-126.933853
-130.179703
-5.720552
-158.199585
-323.489929
-306.424194
-516.925293
-632.629333
-627.639893
-518.334961
-701.331177
-694.230530
-644.000061
-692.059204
-635.429565
-889.846619
-927.206543
-850.948792
-871.980835
-768.006042
-901.140991
-1418.148804
-1471.375000
-1416.691406
-1307.148804
-941.037415
-473.353760
-174.266357
-64.473442
152.524963
245.673416
152.588516
94.083725
-69.389175
47.608288
24.670029
81.045570
143.863281
189.651733
192.144791
199.934296
136.857681
164.994949
128.130676
124.301552
158.895447
210.672150
145.270721
182.908569
244.998413
268.860352
76.279343
21.529510
28.740240
28.207254
72.501320
58.841228
105.319809
224.311157
207.785004
90.355255
269.128357
102.225204
-0.828532
-222.987228
-250.225861
-66.492737
-224.205338
-440.655914
-441.811737
-581.831787
-781.103577
-806.420776
-720.686462
-854.853088
-796.838379
-727.286194
-736.049988
-595.577271
-782.098999
-737.609497
-607.957825
-616.810120
-516.412231
-682.433105
-839.357056
-889.674561
-726.646912
-596.788086
-389.525848
-106.587669
216.231049
263.460693
387.516510
385.091614
243.676865
102.985558
-108.705879
-102.070320
-191.212189
-151.752075
-95.340996
-81.762665
-59.510700
-10.280235
-66.175583
-23.674484
-52.565720
-45.286152
-1.207106
38.522465
1.979772
31.420416
91.700363
106.582451
-60.709595
-106.782852
-114.963303
-150.732544
-124.362961
-109.433365
-67.884315
63.044373
-2.160140
-120.814903
41.812229
-133.178894
-253.619171
-421.656311
-477.976074
-243.061905
-370.777649
-596.464050
-603.673950
-638.621582
-900.186890
-970.810059
-914.364563
-972.836426
-875.533691
-777.024719
-715.407227
-500.794861
-593.003967
-466.033508
-271.356140
-257.442169
-176.185913
-365.084930
-132.704193
-186.404099
62.799320
194.845978
224.875961
313.263000
577.535950
560.992676
597.516479
522.328491
360.504028
144.316971
-90.561417
-192.331772
-323.972321
-310.483948
-271.278107
-299.845825
-273.736298
-198.554031
-239.986694
-199.706772
-227.334061
-215.074570
-179.332932
-146.164429
-166.587906
-157.971817
-102.868355
-99.598984
-213.571320
-244.836090
-268.522186
-321.186798
-320.769501
-268.569641
-241.913361
-135.759354
-250.598801
-378.277313
-271.228302
-447.805420
-565.325256
-655.085815
-745.406616
-504.315399
-554.912476
-749.923706
-758.552917
-690.726624
-992.388916
-1094.048950
-1065.551636
-1046.598389
-919.708252
-808.399658
-671.084351
-412.505463
-373.463928
-165.440598
79.155792
120.687454
179.993698
-18.081467
596.382690
555.424377
859.324463
972.354553
831.989929
717.036316
857.963013
789.145569
749.079895
625.709778
471.529510
203.198746
-13.266856
-203.244385
-351.883759
-380.064728
-371.042114
-434.082458
-412.610748
-334.431824
-364.288849
-336.083984
-364.084534
-366.624725
-338.483643
-320.443787
-328.328247
-338.808258
-313.544952
-315.710052
-353.490570
-369.954224
-401.815186
-436.532959
-464.449005
-383.549438
-386.434235
-319.517609
-471.986725
-614.362488
-589.542664
-758.576477
-874.029175
-857.129761
-973.613525
-784.872314
-739.171570
-898.816162
-914.513123
-756.912537
-1042.707642
-1151.713135
-1164.774902
-1061.797974
-920.371704
-807.446350
-604.756592
-340.723816
-151.185913
110.201843
354.716339
443.235291
482.149048
328.772125
1233.111450
1233.067627
1531.534790
1624.956177
1340.244263
1031.194214
1036.599487
934.571838
832.520752
683.181091
543.055786
255.066513
101.755768
-148.418121
-294.164124
-365.117340
-376.686279
-466.005981
-464.714142
-411.124359
-440.264435
-426.060455
-448.387909
-472.576752
-449.477936
-450.819244
-449.480865
-475.520294
-502.683899
-502.806366
-456.710266
-446.087952
-483.826324
-474.841583
-531.551208
-437.817078
-462.107513
-452.835022
-614.295288
-741.949890
-823.705505
-953.168823
-1069.389160
-933.601440
-1064.651733
-960.725708
-852.280579
-969.701355
-1007.626160
-762.028320
-993.436218
-1104.302979
-1168.933228
-988.668030
-867.325562
-745.640442
-487.787628
-247.705856
84.037796
346.314667
543.884338
694.660217
717.156494
677.919495
1688.026855
1732.682007
1998.720459
2062.238770
1678.408203
1239.743530
1102.709961
972.867065
842.680725
671.940613
541.142395
278.142059
212.145050
-62.527641
-181.684769
-280.223145
-318.147003
-418.941925
-442.148834
-424.015442
-456.941132
-456.483032
-476.066650
-518.177368
-499.518250
-514.700256
-508.847137
-556.520630
-628.197510
-611.500000
-486.256866
-439.269501
-487.436523
-436.847168
-516.814087
-420.368622
-463.377197
-506.687012
-664.440247
-718.564514
-912.562805
-969.960144
-1068.330688
-817.335876
-987.629944
-994.818970
-854.540833
-889.007202
-927.361328
-652.358582
-821.943359
-940.086914
-1051.318726
-793.473877
-726.212341
-594.911438
-299.425720
-107.956650
345.910339
550.943665
672.733765
860.138672
862.074768
949.087769
1933.338379
1996.605591
2241.371094
2241.065918
1793.816895
1295.030762
1041.154053
895.659058
750.078735
590.612732
475.637054
265.264587
302.136963
29.226955
-54.764824
-158.321808
-226.305679
-324.599030
-358.507507
-375.800568
-404.379791
-417.790405
-434.808655
-506.493225
-496.958923
-509.479553
-518.774353
-578.038269
-674.632202
-621.363831
-420.601257
-346.813721
-398.294464
-314.782837
-420.666351
-336.246246
-402.585999
-489.277618
-641.226624
-573.007751
-886.677795
-839.435059
-917.485291
-591.607971
-781.626587
-914.939575
-762.801025
-695.488342
-750.888733
-517.084045
-598.409851
-693.799561
-839.117920
-508.255920
-520.528564
-385.702820
-76.774315
29.406868
592.623230
731.042786
730.590149
916.368469
890.892212
1054.422729
1917.730225
1977.054688
2187.201660
2124.655762
1676.575073
1170.809204
848.315063
721.572205
576.471375
449.345459
365.213013
221.406769
340.095886
91.707581
51.159958
-41.169590
-119.378159
-210.011078
-240.729095
-290.326538
-315.221741
-337.611145
-344.459686
-435.818085
-441.694855
-439.818146
-471.760284
-529.386047
-637.819397
-559.757446
-309.093872
-223.487137
-259.797607
-158.081436
-282.148163
-210.200470
-290.169281
-408.959229
-535.324402
-359.266754
-773.118042
-612.317139
-686.412781
-348.907257
-508.268921
-728.544495
-585.902466
-456.112885
-556.499756
-385.876038
-374.844086
-402.552612
-557.082520
-207.447510
-298.830933
-177.796478
114.078453
114.947319
730.495728
821.242737
682.468567
842.509033
802.295227
1002.676086
1625.162598
1677.511108
1823.297485
1726.350830
1347.207275
904.888245
577.136841
481.156433
360.530273
273.311310
224.008286
148.425156
312.206512
120.413025
120.274857
47.647202
-24.861979
-95.982185
-123.858986
-188.464447
-208.857864
-236.569244
-235.416458
-325.585449
-336.788361
-325.687744
-368.047333
-417.628937
-519.840088
-437.124023
-183.144745
-97.002815
-116.298615
-15.947444
-134.358536
-75.972839
-153.909454
-279.027527
-365.647949
-137.914612
-562.853943
-346.155823
-403.780975
-104.967064
-225.321167
-478.264099
-361.860718
-206.412109
-318.139435
-216.577148
-141.857605
-122.227455
-260.604462
50.733349
-86.129860
4.409379
236.853149
163.175415
723.379150
758.518433
545.340698
660.558105
609.767883
826.742249
