/Real_seismic_DSS1
1
Seis
-884.241760
-864.557190
-1016.660828
-1007.594788
-1078.210815
-1099.701172
-1255.770020
-1205.595459
-1171.333984
-1012.388794
-1427.825928
-1367.641235
-1382.424194
-1310.874146
-1364.948242
-1481.633423
-1421.709595
-1335.934692
-1156.200928
-849.734253
-822.237305
-761.375977
-766.448059
-456.186829
-254.629044
-132.895569
229.719498
51.135338
325.258057
419.060730
352.833527
243.315002
397.274567
509.014282
83.766273
55.783680
61.608871
135.349304
229.525726
324.406952
268.458984
286.818420
261.393646
287.119995
231.782349
257.166107
391.842865
353.640686
312.439148
317.534607
335.567200
242.065399
212.795288
107.937012
142.085022
300.857666
350.654449
274.014771
330.890289
407.378876
480.002502
568.247559
469.865631
439.541931
-907.428955
-888.734680
-1065.708496
-1063.798462
-1161.559326
-1271.506714
-1460.171143
-1451.753540
-1446.144653
-1233.089233
-1617.010864
-1639.795654
-1612.648193
-1536.427002
-1534.443237
-1636.104370
-1539.429688
-1457.243408
-1211.438477
-874.579163
-846.150024
-745.467712
-737.044983
-360.081238
-117.932381
183.793076
554.842224
341.660156
554.974976
560.842224
460.593597
301.802643
405.667816
480.493774
66.690659
3.217464
3.875134
48.680519
138.254852
219.667297
152.623001
152.963425
134.225189
205.468552
172.169846
218.954422
374.065063
329.217377
311.017853
318.197357
316.379913
232.739761
213.488632
110.438660
146.429871
306.908356
355.594391
279.505219
351.671722
419.977203
486.087341
549.208801
460.271759
431.811798
-757.208069
-732.453064
-922.925659
-925.995911
-1048.132812
-1251.681763
-1460.211670
-1499.475342
-1527.400391
-1259.327637
-1547.474121
-1664.734009
-1591.790527
-1525.604492
-1454.085205
-1526.512573
-1402.639648
-1320.104492
-1047.618042
-716.162964
-683.696777
-561.907898
-530.294250
-130.121841
98.280724
566.476807
875.544678
650.007202
772.878235
666.614380
534.220520
330.504761
346.410858
373.846283
23.425919
-60.094597
-56.483814
-44.061180
34.462208
86.119194
12.781446
-16.316324
-25.214087
75.749992
82.857948
142.006470
290.782745
251.055389
258.529266
265.634735
252.949585
188.888062
180.782013
94.187271
128.487869
274.781250
313.289795
254.839081
324.225403
374.140137
422.063171
446.703369
382.955719
360.606110
-430.572174
-395.658661
-577.992920
-574.481689
-705.276489
-980.218811
-1196.783936
-1275.123047
-1318.920532
-1010.952820
-1168.374390
-1373.208374
-1282.467407
-1247.952026
-1094.707642
-1129.460449
-994.077332
-904.147949
-658.184204
-364.952728
-325.289764
-181.984177
-108.198830
282.965942
448.859497
962.715881
1144.066284
930.733398
924.271301
737.516235
577.171875
366.029968
306.440155
285.992310
8.116986
-86.891502
-84.392387
-104.145523
-49.919815
-31.758841
-114.055252
-176.151184
-180.583984
-76.087189
-31.754427
31.215506
159.009659
128.281631
155.681351
169.009354
159.572403
127.556427
131.528671
71.385956
92.899582
214.476974
233.452438
194.844681
247.575256
278.398132
312.031860
306.651520
266.303802
250.457489
3.136295
62.524849
-90.622375
-84.951279
-187.321732
-485.886169
-689.321716
-813.860596
-835.938599
-538.320007
-544.702515
-803.772278
-717.164429
-715.144653
-502.982361
-497.826294
-375.686462
-291.084381
-104.983101
118.114319
184.443054
338.793396
448.882660
783.876343
873.794250
1299.760376
1318.718140
1123.668823
976.460388
771.652771
608.926697
425.105743
315.018646
245.053711
52.900978
-51.037418
-65.868111
-118.031540
-103.851723
-131.536224
-217.695328
-308.687073
-311.619904
-215.650803
-151.690964
-96.319916
-2.802208
-16.036131
24.886566
54.521484
51.973225
57.248615
78.796280
45.227268
47.614704
131.426315
126.477730
115.444794
139.541519
152.331390
173.254501
156.292038
128.558685
120.571495
460.442596
537.841858
443.764709
446.574951
403.514618
142.162140
-17.556513
-180.157288
-170.216949
70.611153
215.134171
-47.113804
23.480160
-0.635863
222.425079
263.053802
328.848114
407.610016
508.074677
656.228943
753.649780
907.851929
1026.831909
1250.139282
1253.486084
1511.080444
1371.205322
1190.653809
963.227417
775.803833
637.015137
495.233521
347.402924
239.492462
145.857071
45.570045
-0.687837
-90.725449
-117.906815
-204.408112
-294.957733
-394.712494
-393.957733
-323.140228
-255.066498
-216.218246
-162.261322
-156.694382
-111.107712
-67.107201
-61.125965
-8.776542
27.358175
20.044161
-6.943455
32.589565
16.209949
36.521816
21.786648
23.398508
32.971241
13.476025
-1.496252
-5.233184
842.736328
916.130066
921.974548
924.588379
961.470825
781.165100
709.960083
532.507568
567.132935
733.594116
1000.737976
771.130859
816.919678
764.683350
947.737488
1020.650635
1016.451538
1073.182251
1062.368652
1148.124146
1270.515991
1408.867676
1512.859741
1595.721558
1509.997314
1575.191162
1304.039307
1157.051514
892.627991
737.162659
639.723145
550.261963
398.350159
279.439880
266.462982
173.105545
94.251274
-28.749956
-93.563004
-236.324631
-317.966553
-406.324432
-411.876617
-386.506256
-319.481995
-302.581604
-299.347015
-276.234802
-236.138672
-188.295380
-170.745178
-76.095192
-31.850748
-1.827361
-60.646484
-62.230431
-81.405930
-32.778130
-88.959526
-89.276421
-88.482338
-104.225388
-106.695160
-103.291664
1064.695557
1134.536987
1227.105713
1236.210327
1371.035278
1314.108887
1366.990723
1205.160767
1258.341187
1323.766724
1661.012817
1520.138306
1527.479248
1466.894165
1571.442017
1655.464355
1598.335815
1606.691650
1474.934570
1499.283447
1639.965332
1732.064209
1808.026367
1728.837402
1578.135254
1474.989502
1141.444702
1036.640137
765.465088
650.363037
599.367126
572.279480
445.121460
322.885712
366.571198
275.139862
174.412399
30.474575
-57.537834
-239.120148
-298.175110
-358.767883
-377.846710
-399.211945
-346.975983
-355.648651
-407.052765
-369.313904
-340.869263
-298.286743
-273.571075
-158.339935
-112.778511
-51.895794
-127.627441
-160.253860
-176.985275
-106.513237
-185.699127
-185.122528
-185.855347
-184.237854
-182.757507
-164.820923
1080.177734
1143.023071
1310.090576
1329.885254
1551.503052
1654.848267
1833.674683
1746.788330
1798.503418
1735.523560
2075.105957
2080.274902
2058.940186
1996.964111
2022.507935
2082.634766
1963.826172
1915.376831
1653.183838
1620.221802
1771.761353
1805.501953
1846.900757
1607.736206
1418.165894
1203.932495
884.099609
823.522705
586.996887
512.365662
511.270599
561.037170
469.773651
336.391602
416.750336
321.556122
210.933884
68.092133
-27.801273
-219.284027
-240.701736
-273.936646
-304.666382
-355.640381
-333.876862
-373.058258
-470.472809
-417.661194
-403.459442
-384.889740
-358.028809
-244.076569
-196.884125
-123.276176
-200.638275
-253.444382
-268.364685
-180.209198
-270.691620
-266.140717
-259.726257
-229.701752
-232.542709
-205.230743
895.773193
940.897644
1183.860840
1211.554199
1483.711182
1722.855835
2006.067383
2038.636353
2066.250000
1882.036377
2178.183105
2324.131836
2288.059814
2227.208984
2184.289795
2225.871094
2060.218506
1926.092285
1539.788086
1468.333740
1623.314453
1585.860718
1584.939697
1247.253784
1044.683716
783.767212
537.390686
527.469666
345.329559
302.670685
343.967804
459.354553
420.657104
294.914642
386.086243
290.624908
185.579254
69.426003
-24.468906
-194.964478
-151.676224
-153.727982
-195.334808
-267.721649
-283.359436
-352.328278
-476.882843
-417.343201
-418.830811
-432.132751
-410.735382
-316.577942
-260.451965
-189.478531
-260.687927
-328.876404
-338.635681
-241.958176
-333.424652
-319.166840
-309.707825
-256.116547
-266.495605
-229.470459
546.444702
558.971497
840.388062
894.306763
1186.911133
1508.161255
1844.653320
2011.514160
2000.163818
1705.027100
1931.065063
2180.064697
2122.818115
2080.290771
1987.150513
2028.475220
1857.647705
1631.154297
1182.629395
1077.780273
1209.925049
1103.420410
1057.335693
670.123657
490.943787
253.079224
128.750748
165.697662
39.244320
19.301115
82.136093
225.910858
244.066345
145.209335
237.557465
163.283615
86.404755
-0.640121
-80.070419
-200.278183
-99.039734
-61.719818
-102.165436
-175.172882
-224.759293
-295.989227
-429.187286
-370.900299
-398.183319
-437.378082
-431.336823
-359.177460
-300.545074
-238.934280
-297.629425
-363.084412
-369.150452
-275.218262
-342.983307
-323.835785
-317.946411
-254.571472
-272.815125
-236.920135
84.161118
64.997055
338.714508
422.915192
719.102051
1070.008911
1403.306885
1688.383667
1637.443726
1261.119995
1383.895630
1706.267456
1624.981201
1605.776611
1484.121216
1510.982300
1369.992065
1095.263428
644.763611
507.542023
575.076416
415.269043
330.809509
-70.629509
-201.409103
-337.875031
-304.681427
-233.933151
-315.996765
-325.671814
-249.282227
-109.758263
-51.133675
-103.996910
-19.701239
-47.609146
-81.445251
-137.975510
-188.867691
-240.039612
-93.058876
-17.616104
-47.983669
-97.485825
-149.309845
-201.754684
-321.446198
-277.481903
-329.510529
-392.798706
-409.745239
-359.910706
-311.375244
-270.623535
-309.329010
-349.712189
-345.752045
-268.347656
-298.596527
-280.932098
-280.194702
-225.250610
-242.612305
-217.281815
-412.344727
-461.888428
-230.274002
-129.259140
142.384689
474.747528
775.237915
1143.671875
1062.797852
641.333984
638.408447
977.078247
894.280518
892.281189
767.539856
779.251648
682.337769
425.835358
19.735456
-148.499512
-196.090866
-407.187103
-518.925903
-892.539673
-953.353088
-927.527649
-728.982910
-637.197021
-695.388428
-714.368347
-639.430786
-517.565063
-439.868073
-430.613312
-351.730469
-315.726746
-298.265747
-305.425934
-315.569366
-286.103882
-96.183434
0.845789
-10.379072
-24.648426
-50.533936
-80.580902
-156.061096
-138.044998
-202.750626
-293.354553
-331.685120
-318.491943
-289.648315
-279.866486
-281.036652
-291.459076
-275.508667
-233.992493
-213.570374
-192.334854
-202.908798
-176.325012
-185.001663
-157.357117
-860.409119
-943.378418
-795.200073
-701.881958
-483.545654
-213.546509
38.342979
453.550140
343.621918
-72.017349
-201.436081
86.174362
18.089705
32.833035
-62.586391
-60.433506
-99.303749
-265.693604
-579.935974
-793.063599
-1003.997131
-1254.423218
-1383.712280
-1685.871460
-1666.147949
-1453.178467
-1113.705933
-1001.660400
-1055.096069
-1091.011353
-1044.011475
-948.751709
-875.507996
-798.976135
-712.706299
-589.060242
-508.274841
-457.676453
-426.960297
-313.101807
-96.764336
-3.786844
12.154251
41.434692
52.564556
52.341072
32.367744
24.967354
-33.675816
-142.970642
-204.145416
-236.486053
-224.315140
-240.813705
-198.648865
-190.269730
-168.265106
-171.392105
-97.989189
-72.195305
-104.227524
-114.487160
-109.585838
-69.575188
-1177.316650
-1294.934937
-1266.923218
-1222.572388
-1080.683228
-919.911255
-733.723083
-315.433533
-426.068512
-788.067871
-1016.335388
-833.323303
-882.653442
-846.845276
-904.999329
-913.743286
-876.617737
-882.940735
-1072.226074
-1332.487183
-1732.253296
-2008.110229
-2132.947998
-2327.535400
-2232.357178
-1841.517944
-1410.669434
-1289.200317
-1349.291138
-1397.184570
-1397.474121
-1341.683105
-1289.865112
-1153.658936
-1045.742432
-815.218872
-659.144287
-554.438354
-485.623810
-300.559814
-77.184578
0.966744
36.913937
104.443665
156.725189
189.403259
215.100281
187.412262
150.593369
45.661037
-38.538013
-110.037575
-121.107582
-151.065536
-65.816643
-45.223286
-18.105196
-54.390068
45.837776
66.709534
4.874294
-51.225708
-34.762127
20.125010
-1284.885620
-1434.352905
-1554.916016
-1583.503784
-1539.048950
-1519.363281
-1432.923340
-1077.579224
-1154.575195
-1409.795776
-1688.772949
-1632.664795
-1651.145630
-1608.726440
-1627.073242
-1637.679565
-1537.970337
-1345.403198
-1398.887085
-1705.343872
-2280.833496
-2567.724609
-2675.520508
-2731.607666
-2572.342285
-2069.010254
-1597.260376
-1462.979126
-1528.991577
-1575.711792
-1632.674316
-1627.953857
-1610.185791
-1422.104370
-1279.556763
-956.124756
-727.661499
-573.926636
-464.893341
-229.952118
-24.836330
34.686245
83.958206
184.120361
270.684387
328.636078
383.872772
346.927185
334.054626
241.399902
155.761322
61.108784
20.738089
-16.650208
102.976608
135.287704
163.346848
104.311440
213.802277
218.202789
124.356865
21.052025
46.273811
113.188919
-1144.738159
-1324.372925
-1584.742676
-1702.532593
-1785.324341
-1924.787598
-1965.787231
-1708.636597
-1736.193237
-1836.229370
-2113.421387
-2177.837158
-2165.874756
-2133.166748
-2124.435547
-2141.729248
-1991.174438
-1613.227417
-1531.536011
-1892.044678
-2576.827393
-2830.795166
-2916.818359
-2803.947266
-2577.319824
-2042.579102
-1626.369751
-1480.326660
-1554.902588
-1596.132446
-1676.902954
-1724.948364
-1751.435059
-1520.618164
-1341.503906
-955.133118
-673.753967
-490.810425
-345.752106
-90.173775
72.043030
112.858955
169.741211
286.877594
394.644073
469.557831
528.515869
490.134186
506.016907
425.177307
366.621857
263.931427
201.204208
166.559540
301.410248
335.988556
352.528656
270.378387
374.681000
355.784149
244.934402
100.361938
133.547104
203.101059
-800.026978
-1006.101807
-1363.426025
-1583.080811
-1812.470459
-2102.358643
-2247.593018
-2130.926025
-2086.037354
-2024.227051
-2258.424805
-2439.445312
-2394.579834
-2380.973877
-2379.826416
-2407.959717
-2222.475586
-1696.521973
-1473.906738
-1830.499878
-2540.817871
-2713.319580
-2748.135498
-2472.696533
-2199.563477
-1755.607422
-1499.632812
-1360.597412
-1427.669922
-1429.494507
-1493.975220
-1580.154663
-1643.313965
-1398.106567
-1192.397583
-789.247253
-475.232941
-276.464569
-106.099480
139.909576
220.477966
248.000244
299.425842
408.847260
520.333435
596.459595
636.590515
605.810425
643.804443
585.097107
567.216553
478.501953
393.986206
371.706573
500.786224
521.432434
517.890381
426.424408
502.270142
456.698975
344.132233
188.017517
228.897232
286.567383
-333.659943
-554.847290
-990.281311
-1292.426636
-1655.685547
-2043.264771
-2253.491699
-2318.352051
-2201.263184
-1990.727783
-2155.450928
-2420.695801
-2356.386475
-2377.884766
-2386.950439
-2437.499268
-2235.406494
-1622.292847
-1256.732178
-1544.379639
-2187.026367
-2256.205078
-2209.950439
-1814.655029
-1554.558594
-1327.798340
-1227.245483
-1100.878052
-1107.364746
-1037.750977
-1081.773071
-1186.876953
-1264.707764
-1034.146362
-834.096497
-472.765198
-154.724945
52.466213
225.717117
429.322571
399.593689
412.941833
450.841187
524.680908
618.885559
675.339722
679.470093
665.833618
714.124023
695.638611
719.709534
661.983398
556.516235
540.545654
643.510254
633.871887
619.244202
545.311890
582.249084
507.484192
406.491272
273.810699
321.082245
358.261475
139.578140
-82.034668
-581.782654
-933.451172
-1385.752441
-1782.589844
-2034.756836
-2252.380371
-2094.913574
-1786.203125
-1889.899536
-2155.341309
-2116.149902
-2169.413330
-2195.915283
-2278.076904
-2060.592041
-1395.986206
-929.701843
-1106.460938
-1594.844604
-1556.969727
-1423.435791
-965.488525
-727.377136
-715.833923
-759.250061
-651.980225
-583.612671
-477.446655
-480.462189
-590.814697
-669.892456
-482.216675
-311.989380
-47.163662
224.744324
411.602448
562.456116
683.637573
553.733887
549.812012
566.070496
586.517212
649.332031
666.784119
638.184204
644.722351
701.549866
729.251709
799.569275
770.964600
650.785706
637.341125
688.422913
648.054199
637.857422
590.277832
588.514832
488.338776
417.137604
335.743103
381.049774
391.759705
501.573944
302.314819
-206.013123
-588.132996
-1054.709106
-1403.411011
-1661.854980
-1979.464355
-1832.087769
-1470.678467
-1534.335083
-1729.253662
-1750.254639
-1812.100464
-1867.312012
-1978.290283
-1756.938477
-1092.418579
-582.234131
-603.649719
-853.408569
-721.710938
-518.061707
-24.430332
179.744446
10.017890
-162.092239
-92.173813
57.952671
159.781296
218.696671
114.707680
58.336346
160.851593
280.638214
396.108582
562.478577
705.802490
807.279663
826.946289
620.971680
605.728638
598.181274
568.466309
584.449585
553.614563
504.309296
535.168152
590.226440
660.914856
771.856812
762.088074
640.987061
642.404114
629.419861
559.194031
563.132019
535.575684
497.429077
379.584656
358.672821
354.213318
386.054901
361.712402
675.038269
513.120239
70.231316
-305.676636
-751.031128
-1004.563538
-1222.469727
-1584.440063
-1476.805176
-1103.242065
-1122.530029
-1230.799561
-1315.736816
-1380.367065
-1446.389771
-1554.727661
-1355.165894
-826.183838
-321.159393
-165.488708
-95.828323
107.961174
370.485809
866.199158
1012.650818
689.514954
441.282410
468.282867
691.803589
793.751587
896.995728
817.156738
798.451782
787.322693
817.801270
737.953491
767.390198
836.144836
870.389648
802.120789
558.510193
543.568237
527.549561
453.940460
414.329590
339.102997
280.884583
332.703796
369.760864
475.505096
606.076050
615.507080
509.268097
531.129150
460.572205
358.635376
384.132111
372.980133
308.010010
181.017990
217.959351
302.441315
316.830261
252.531662
625.657471
508.528809
186.963028
-126.557854
-529.693420
-630.047241
-785.898193
-1136.727051
-1077.994507
-761.158142
-729.187378
-758.126709
-880.736206
-939.308167
-996.778320
-1063.420166
-919.755676
-684.757263
-231.234528
107.768059
572.823242
818.594360
1141.186279
1570.599365
1659.713013
1241.490967
955.392822
952.703674
1214.476440
1321.936279
1451.854736
1414.512939
1418.497559
1285.370728
1205.515625
902.739380
791.631592
762.070312
726.645874
592.572876
353.059113
351.706726
342.625366
241.179031
147.053879
41.041676
-11.840356
55.404266
59.789814
191.464111
317.717712
340.097504
256.645721
300.094543
183.594940
62.497681
101.906998
107.021019
31.401150
-76.760307
4.836215
163.899841
165.360916
66.983780
347.453369
274.566162
125.181046
-56.067139
-357.104889
-312.542511
-409.707916
-711.293335
-707.422974
-496.256378
-407.825867
-366.032074
-495.665131
-527.360901
-533.196899
-538.418518
-472.974396
-619.759766
-235.207825
238.832031
1097.226196
1370.698730
1715.319092
2037.057129
2046.694580
1599.615112
1318.625610
1282.260986
1573.434082
1663.551392
1807.658936
1799.846802
1821.474854
1554.254395
1368.560059
867.818787
631.139648
508.430023
416.657898
244.374329
40.987728
48.604851
61.673721
-53.490093
-193.284073
-308.271881
-335.791351
-269.543030
-303.143280
-154.406616
-63.493271
-51.811543
-107.987907
-46.704632
-192.163483
-312.161285
-265.997559
-239.943710
-316.014618
-381.657074
-265.306213
-60.085148
-57.842522
-173.733795
-97.579231
-119.266617
-64.969330
-67.475174
-219.536804
-80.870842
-131.748215
-354.555817
-392.405609
-292.526642
-156.754501
-68.575317
-170.903229
-162.217255
-79.782600
0.052883
8.875031
-431.791565
-154.154556
368.012024
1441.372314
1725.871338
2046.854248
2228.463867
2138.071045
1738.015869
1486.469604
1431.604980
1720.342529
1778.962524
1899.042114
1904.610962
1941.501953
1551.889893
1283.758179
658.126404
323.035431
128.423798
-3.040525
-190.751740
-333.043060
-329.004272
-285.062622
-407.432922
-572.020935
-678.613831
-665.575806
-623.994934
-695.499084
-546.842651
-522.289795
-530.415710
-543.278381
-469.576538
-616.690979
-721.823059
-675.368530
-638.359558
-695.810303
-710.802063
-575.869934
-338.689087
-325.760803
-440.665619
-570.426086
-509.731201
-284.758484
-131.438980
-114.105804
68.780731
55.313885
-71.059189
-134.272751
-122.556496
41.841259
164.396484
108.809235
164.690048
339.083038
526.883606
499.302460
-72.527412
58.427029
550.355591
1633.679077
1874.186523
2126.024902
2131.439453
1957.200928
1648.310303
1440.416748
1404.166748
1623.213623
1640.386475
1705.117798
1727.819458
1765.824463
1305.353027
984.239319
318.997589
-81.964630
-324.928619
-485.822876
-675.722229
-742.380859
-741.310608
-676.458923
-794.850708
-952.089966
-1037.624756
-976.545898
-972.676514
-1069.967651
-942.746277
-999.902771
-1034.390137
-987.726379
-909.613403
-1028.979004
-1112.951050
-1076.295044
-1038.194458
-1056.873413
-1005.601685
-874.902161
-630.640320
-598.406372
-698.813232
-969.123230
-808.098999
-466.218719
-201.195221
-29.593077
159.483902
174.818237
137.926788
75.217384
24.405836
212.556305
370.374847
366.276184
483.845154
728.704895
1023.469727
966.060364
349.971588
330.462372
743.489624
1693.975098
1834.638062
1975.479004
1784.160889
1567.469971
1373.989380
1220.129517
1178.330566
1293.817383
1264.576782
1265.513062
1313.669189
1333.753540
873.036011
538.782288
-81.296951
-506.217682
-782.840332
-971.943909
-1140.313477
-1134.474731
-1143.892334
-1059.817871
-1164.092773
-1282.936035
-1324.868408
-1222.954346
-1269.144653
-1382.914185
-1297.245361
-1432.426880
-1492.683472
-1379.496094
-1312.717041
-1380.387573
-1425.213867
-1406.094971
-1369.975342
-1350.707642
-1226.002319
-1109.437744
-898.920166
-857.421387
-934.150208
-1230.250366
-972.742371
-563.496460
-218.681335
61.772095
221.160751
262.592316
303.800964
266.042633
170.552994
392.820007
569.024841
627.142761
809.919006
1106.776855
1462.449341
1363.826782
778.324463
621.797180
917.702637
1623.526733
1640.900513
1638.339111
1291.184692
1051.427734
978.122620
875.669922
803.949524
800.230896
738.904419
671.592407
741.648438
737.990417
325.388855
26.918737
-443.375000
-848.874268
-1130.819702
-1340.664185
-1469.184204
-1406.531982
-1443.382690
-1360.273193
-1437.234741
-1496.097534
-1477.090698
-1349.531128
-1449.197754
-1575.411865
-1548.089233
-1739.598755
-1819.254517
-1640.091187
-1583.673584
-1576.262817
-1570.552612
-1589.063843
-1564.989136
-1526.373779
-1339.602173
-1248.902344
-1110.770264
-1074.175415
-1122.442383
-1303.728027
-975.946716
-532.741150
-148.268494
184.731232
288.392273
349.560638
456.358459
466.795837
354.449493
612.961853
776.875977
912.119080
1136.536255
1441.233887
1794.821411
1652.649170
1180.500977
916.092834
1036.960571
1399.902710
1328.340210
1161.417114
744.097595
496.937439
506.878021
440.475433
341.557465
225.339767
158.088196
25.796053
96.752045
76.907761
-219.131744
-441.662354
-685.743103
-1041.862061
-1286.882324
-1502.856445
-1592.803955
-1481.727783
-1552.094116
-1500.082275
-1545.785278
-1548.571777
-1463.437744
-1319.361084
-1479.249390
-1594.170288
-1621.457153
-1840.118774
-1930.443481
-1703.463013
-1657.113159
-1581.678345
-1533.814941
-1600.983765
-1590.780029
-1534.851929
-1312.621094
-1274.479614
-1235.767700
-1199.349609
-1219.597168
-1163.231567
-813.254822
-367.564545
-10.137000
329.792114
389.527771
465.909454
613.701477
689.022400
588.578308
867.519592
989.856628
1211.467651
1437.816162
1673.868652
1978.574829
1830.469238
1507.198486
1160.429932
1066.111328
1039.859985
923.629395
632.367615
189.716324
-43.801865
13.322646
-36.226570
-141.948380
-336.590393
-392.454529
-570.119019
-514.259949
-529.979980
-643.836060
-759.668213
-791.595825
-1073.518066
-1250.007202
-1459.131592
-1511.833984
-1373.618774
-1470.661499
-1456.063110
-1471.805298
-1437.912720
-1295.992432
-1167.836304
-1378.946167
-1453.229492
-1524.081299
-1737.380371
-1805.208618
-1576.931885
-1564.082886
-1435.266479
-1348.521118
-1468.869995
-1477.106567
-1392.273315
-1163.324341
-1191.185547
-1257.280884
-1240.407959
-1219.516479
-813.091125
-477.825714
-90.881561
181.884506
481.332184
522.428101
625.417236
782.589478
899.864624
854.295593
1124.757202
1190.886230
1481.051147
1680.503418
1812.821167
2011.236816
1876.999756
1701.426636
1279.200439
995.621521
653.477173
512.797241
152.460251
-283.060272
-486.185669
-409.966583
-454.107849
-553.957153
-796.494995
-835.985535
-1020.627319
-981.666565
-980.053467
-940.489685
-937.557434
-768.250916
-933.019348
-1031.111572
-1206.534180
-1232.928955
-1120.951904
-1232.641724
-1258.820190
-1239.460205
-1173.753784
-1001.315491
-934.738831
-1164.984985
-1190.402466
-1302.784668
-1450.551147
-1474.458130
-1288.442993
-1321.446655
-1145.160767
-1030.491333
-1186.073364
-1219.272827
-1131.028320
-919.690063
-1006.675049
-1176.231201
-1203.078613
-1144.014160
-303.223816
-37.735329
263.911346
435.870270
648.022400
687.252014
809.235352
945.968689
1090.629150
1108.177612
1346.278076
1361.459106
1664.579102
1820.894165
1843.733521
1910.645752
1780.274902
1719.564087
1262.299072
879.755432
318.754944
185.482544
-206.325607
-601.469910
-747.507874
-685.653320
-738.106506
-828.710327
-1084.529541
-1104.775879
-1257.199463
-1235.427856
-1224.042969
-1077.592896
-980.764465
-616.486389
-643.039612
-659.293457
-774.236816
-791.057251
-743.145996
-862.585266
-935.257202
-892.055908
-804.690979
-626.027161
-640.989990
-867.371948
-840.953735
-989.929077
-1012.128906
-983.681213
-857.011292
-920.426270
-735.239929
-614.299133
-791.125305
-823.564758
-770.971008
-614.989624
-741.080933
-998.902588
-1061.621948
-996.427856
276.782745
441.271118
630.440247
726.618896
851.268799
886.148132
1001.503662
1098.651489
1280.425781
1314.527954
1489.118896
1465.741455
1747.895874
1828.620117
1745.754883
1668.886230
1541.878662
1556.149658
1147.457275
742.911804
76.664597
-33.928074
-413.935364
-745.078003
-834.242981
-795.677490
-860.780823
-929.610962
-1160.000244
-1159.128540
-1249.077148
-1242.314209
-1232.851196
-999.538086
-836.390320
-351.422974
-244.615646
-173.624496
-238.154770
-261.408661
-289.265167
-403.265198
-525.747437
-471.571045
-358.354340
-204.492432
-301.033325
-495.946228
-426.573578
-571.532532
-473.309753
-391.851318
-331.595123
-415.139740
-270.758362
-152.934464
-338.024994
-357.981842
-353.936279
-296.604004
-430.915985
-735.562744
-822.351501
-778.760254
833.305725
908.778564
971.409485
1012.694092
1057.880493
1097.973022
1194.383545
1257.827148
1448.726807
1460.204468
1531.121948
1481.313965
1713.937134
1702.033447
1506.813477
1305.337524
1182.973022
1252.982178
947.619202
579.493774
-66.165634
-150.612289
-474.344757
-713.287109
-748.123291
-739.085388
-804.499268
-845.140503
-1017.184998
-995.236938
-1008.338562
-1006.173401
-990.855164
-716.000732
-504.809296
15.675080
226.413788
355.546417
326.489166
292.618500
189.810257
96.588623
-48.354378
6.719031
124.688927
224.196152
70.721039
-71.565887
24.933884
-82.230881
108.427528
229.880157
233.627731
124.235680
188.070938
302.883087
146.646774
117.097496
66.606117
15.949986
-98.728134
-395.711212
-510.400360
-507.801544
1289.992676
1290.517822
1268.369873
1259.525879
1234.266846
1296.194580
1367.059204
1402.391846
1543.200684
1534.538940
1493.856934
1411.500000
1544.595581
1439.217285
1151.536743
896.418152
789.703857
879.669922
689.679565
411.754852
-117.373772
-164.484268
-386.931549
-524.184753
-514.659180
-538.289612
-583.459106
-588.374084
-689.175293
-642.146973
-579.671204
-579.897339
-548.597290
-267.328827
-55.267883
421.877289
695.324219
856.618591
850.237061
799.232666
653.347412
587.622375
452.616943
503.126678
589.013916
615.290100
432.240753
369.249695
485.593475
410.784332
677.429932
817.506042
772.841370
648.302612
610.666016
692.647156
607.940430
562.960205
468.806152
343.856445
240.168411
-14.766743
-140.220764
-196.205246
1608.670166
1549.491943
1487.356079
1446.100220
1385.807617
1463.363647
1506.673828
1502.392578
1553.489502
1535.808594
1389.197998
1265.641479
1267.925171
1089.248779
766.863281
509.046112
448.800079
511.705414
434.831421
273.558899
-75.196548
-82.194435
-182.051498
-219.275131
-174.452271
-215.046661
-223.570847
-198.867889
-220.588409
-159.522522
-36.155674
-47.676571
-3.053196
255.307404
429.282684
791.064758
1088.096802
1256.208008
1262.052368
1214.271973
1047.166992
1029.526489
918.703125
953.792786
986.175049
928.081360
748.241943
779.229553
898.518799
876.172974
1159.762695
1306.989990
1206.227295
1093.016602
967.229126
985.018433
985.215454
931.729980
826.850769
654.986328
570.512695
368.923187
252.914948
157.964706
1763.487793
1664.003906
1599.501465
1539.902222
1487.394043
1577.056763
1593.143188
1549.297607
1496.023804
1465.473145
1216.892334
1066.635254
953.040894
735.486206
434.250061
210.303314
190.792938
213.380249
245.220963
199.117371
54.719463
80.709892
106.039909
156.394516
228.911377
194.684570
214.053207
255.214752
300.415375
364.767944
516.890381
498.009216
542.148682
741.348083
865.879700
1078.473389
1353.477661
1486.782104
1504.158447
1479.264526
1326.454224
1363.584961
1288.421997
1300.566528
1279.466675
1158.254883
1006.521423
1116.511841
1215.392456
1250.114990
1499.152222
1636.905640
1491.768555
1408.152100
1220.105103
1188.760620
1246.250732
1209.453125
1106.063721
900.690674
843.279175
717.146179
621.521851
526.217407
1760.562622
1659.253540
1611.736084
1544.545654
1522.263794
1593.719360
1590.577759
1523.490845
1371.083374
1323.493042
1006.706360
862.101257
660.700012
433.397644
200.427536
36.313255
43.260868
31.902895
149.181702
193.571899
246.153687
291.162079
422.716766
550.975342
642.693970
627.506653
671.808472
710.978699
788.871826
842.257080
989.117615
956.646851
989.468811
1117.324951
1172.899170
1225.831543
1444.283936
1524.581421
1564.813843
1568.487061
1476.968994
1555.417236
1516.399658
1507.335083
1442.420044
1278.056519
1180.597412
1349.957397
1421.861694
1481.123169
1656.931030
1760.751587
1607.860718
1561.364380
1356.969849
1297.365845
1390.803345
1382.828613
1279.370972
1078.825806
1028.288330
989.141357
926.686523
866.079834
1637.760986
1550.741821
1522.203613
1472.405396
1481.110474
1495.434570
1483.820435
1420.570190
1198.357788
1131.560059
790.840393
669.271545
413.679108
203.641495
61.765213
-39.974167
-5.581237
-26.053656
140.281311
246.722809
441.830933
494.377655
696.280640
881.200623
993.592102
1004.587646
1068.382080
1097.839600
1172.727173
1193.178711
1301.815674
1251.834473
1259.377808
1319.007080
1306.364136
1206.769897
1351.127686
1376.348633
1452.942749
1494.834473
1467.293945
1576.658813
1575.245728
1557.497803
1459.345581
1271.044922
1234.294434
1459.005493
1493.212524
1557.303467
1624.980591
1679.357056
1538.738892
1537.426758
1369.457886
1298.964111
1425.410156
1428.695435
1331.906860
1176.539673
1142.875488
1182.276733
1167.587891
1145.458008
1418.244019
1350.119507
1337.510864
1313.500610
1355.338013
1325.315552
1295.971436
1238.928223
985.584656
915.502441
596.497559
497.846313
220.763199
52.192657
-10.573845
-59.383343
-0.268245
-2.644832
169.832275
304.949249
570.318054
628.579712
857.599548
1072.034790
1197.010864
1234.692261
1309.566895
1330.309448
1385.293335
1371.371948
1406.225464
1335.891724
1314.029419
1316.612061
1254.073853
1044.722046
1108.791260
1084.236328
1201.917603
1282.902954
1315.503052
1443.571167
1471.097412
1457.041748
1347.987671
1165.745605
1171.499146
1422.801392
1416.329590
1467.427856
1436.724976
1442.159912
1338.530518
1367.416260
1251.797974
1191.562256
1334.869141
1354.945068
1275.815430
1178.336182
1184.903320
1299.439453
1320.851196
1343.515747
1133.340454
1091.619263
1081.890503
1091.657959
1157.323486
1101.442627
1051.289062
994.990234
746.202881
691.727600
429.663025
363.239838
93.452591
-27.520824
-25.068239
-44.418556
23.807415
49.525558
195.474136
331.580139
593.670349
652.088013
854.294617
1075.169067
1203.616089
1266.572754
1353.652832
1362.210815
1393.428101
1342.650635
1286.822144
1191.893433
1143.310669
1113.345703
1029.808228
766.421814
757.329102
704.823608
867.332886
981.056458
1072.310913
1202.145264
1249.760620
1239.977417
1142.718628
986.237061
1032.828369
1270.221313
1231.525146
1257.196777
1148.219360
1116.557983
1062.391113
1101.592041
1052.668091
1011.085266
1156.470337
1189.733032
1144.815552
1104.542480
1149.368896
1319.034058
1385.325562
1457.667236
807.151978
798.708191
791.085938
827.070496
897.250122
825.783264
775.624756
723.217896
507.065552
475.626801
292.432983
258.419250
22.327433
-54.339870
2.799948
-17.914749
35.590572
88.618393
190.183212
304.918274
499.726929
551.908508
688.204895
890.118591
1008.116150
1094.507202
1189.524658
1191.172729
1192.866333
1103.645508
963.021301
845.490417
775.871704
743.753052
672.678772
405.988312
338.008789
292.330872
498.052490
650.973389
783.514404
895.872620
961.755615
953.235718
881.396545
769.237976
849.364624
1047.342896
993.062134
992.458557
823.481750
768.736145
765.654236
804.007874
826.270508
805.407410
937.294373
974.533386
966.347351
966.711853
1032.553833
1232.422363
1356.229004
1460.237793
476.477783
492.619232
482.695557
524.855103
582.255981
517.896057
484.933807
439.136566
280.329498
271.257355
179.224289
173.535141
-8.109595
-45.385620
34.540199
-25.434898
-5.203357
71.053619
117.727242
192.020142
288.605957
335.172058
387.962555
553.556580
645.314819
748.158508
845.630737
841.918335
818.010010
687.992371
486.902496
363.803864
280.582062
264.274780
226.004013
12.671435
-97.388916
-104.245552
140.154007
333.609497
486.362793
573.183655
642.081909
635.183044
604.695435
553.708557
653.892822
796.954956
748.562500
727.274841
517.928040
453.571198
490.308441
523.982971
605.541016
606.887207
704.049622
748.495972
768.603577
795.070435
870.014832
1063.306763
1207.048340
1326.460693
161.698807
181.640305
159.159454
206.077103
238.005569
199.519485
190.456436
156.683533
70.639412
76.150177
72.793533
96.949806
-11.310318
-17.345865
46.174026
-79.367920
-106.977020
-23.102673
-44.158157
-15.298393
-20.883223
13.230640
-15.441859
100.112045
162.599670
258.347321
354.695923
345.525696
316.386261
152.194519
-72.832237
-179.243408
-264.751770
-262.258209
-243.058685
-369.599518
-494.266937
-442.950073
-173.053864
47.828674
201.159988
258.887634
323.517731
326.429688
358.657166
376.985199
492.118317
574.175171
537.545593
504.705994
284.689697
216.870346
271.081451
305.425842
425.120453
451.441162
505.705872
552.470337
599.834106
635.867493
716.478760
863.945251
995.084839
1112.062378
-140.639297
-134.219772
-174.950714
-126.025925
-114.918839
-116.465828
-108.991417
-128.240433
-136.981140
-123.865067
-51.538277
-3.978716
-48.037193
-28.918591
5.938323
-180.664139
-256.229340
-197.449997
-288.988373
-314.249023
-406.494965
-389.010468
-488.196869
-424.703552
-404.846313
-335.863281
-238.039368
-237.561172
-249.947357
-437.932587
-643.544678
-706.878235
-775.847839
-753.263611
-667.227661
-698.121948
-808.072937
-695.477417
-421.210480
-191.838501
-47.055111
-9.912688
51.982872
67.728905
168.598251
257.488312
373.533844
391.866943
373.852417
332.378387
149.817719
83.171478
142.646744
167.714798
298.357819
341.869080
369.307373
408.174347
479.197388
504.887451
592.179260
673.089233
776.714600
876.873596
-421.616119
-439.984863
-499.030548
-453.189911
-461.438690
-418.534576
-406.612122
-413.731232
-352.269318
-347.813538
-213.137207
-174.003342
-156.479034
-123.445412
-123.607491
-348.908875
-467.930084
-460.667816
-592.354614
-655.486206
-806.393250
-810.201050
-956.151062
-948.203064
-983.214661
-933.859436
-850.399231
-825.451782
-808.110291
-995.751953
-1136.674438
-1126.833618
-1162.561890
-1129.696167
-983.278931
-923.272400
-993.874817
-832.934265
-577.368896
-364.270813
-233.739838
-201.567566
-145.677063
-107.418259
41.236790
183.148315
279.918152
251.958206
262.694397
218.131851
100.705238
44.636513
92.881706
110.690903
229.865829
279.547668
291.256500
316.310272
392.459137
411.444489
503.472870
517.902588
583.956604
652.122070
-656.610840
-699.740601
-776.282410
-739.853149
-766.339722
-693.629578
-680.111206
-682.456909
-576.590027
-582.597961
-412.094635
-389.301971
-317.141449
-285.289032
-320.245544
-554.531006
-711.975586
-767.663757
-893.184998
-966.218201
-1144.802734
-1180.506348
-1339.152100
-1384.909302
-1472.971436
-1456.754028
-1393.120972
-1334.635010
-1269.846558
-1419.538696
-1462.896362
-1358.755005
-1348.831909
-1316.307983
-1139.015503
-1007.498718
-1019.031555
-829.589661
-615.627563
-440.811096
-333.838531
-304.102936
-256.047180
-188.963211
-20.393639
154.651413
215.277145
163.928223
198.032898
168.136581
118.825462
69.361900
100.615074
119.981079
209.280975
255.540161
257.302002
268.709534
334.988403
358.009033
455.062866
418.951080
447.705078
466.266907
-837.710449
-893.480713
-982.138489
-961.432434
-1001.322571
-922.001831
-909.345764
-904.725586
-782.924866
-796.367126
-625.384033
-605.844910
-503.281006
-481.035492
-547.797058
-757.903259
-926.520142
-1037.050537
-1117.271606
-1178.702393
-1357.409790
-1419.336670
-1550.995117
-1651.306763
-1773.693970
-1800.394775
-1756.864136
-1674.403198
-1568.465576
-1637.718994
-1545.204224
-1346.464233
-1283.951172
-1243.942139
-1064.464722
-883.757141
-837.533020
-644.441223
-519.101929
-423.042175
-345.243286
-318.948120
-280.001312
-192.861908
-30.439043
155.186447
179.485687
121.408768
169.711349
164.191528
180.633270
136.522537
151.095444
170.923874
216.783401
247.287048
245.447632
245.400528
294.335754
331.331268
437.174347
364.120544
345.612671
313.440765
-953.534912
-1004.504761
-1094.175293
-1094.229736
-1138.791992
-1074.842896
-1076.851807
-1061.795166
-943.845764
-954.854736
-809.899658
-794.230225
-675.763733
-661.692688
-748.200500
-879.950867
-1030.015747
-1167.207153
-1170.440674
-1201.641235
-1369.231812
-1449.760010
-1533.992798
-1674.548462
-1819.221191
-1888.070679
-1869.842773
-1774.478882
-1637.312744
-1594.564209
-1346.733765
-1065.746216
-942.451111
-893.519836
-731.527283
-529.280762
-446.971191
-290.427734
-300.755951
-322.286987
-284.974548
-264.887695
-233.262726
-137.794922
-11.259858
157.676758
152.085327
104.141777
152.827362
178.009476
248.621201
213.148026
209.805237
232.616196
231.943268
233.380600
225.136276
217.582947
239.596695
297.174561
408.686310
310.684723
248.529083
178.415482
-983.040894
-1020.530396
-1091.339600
-1115.952026
-1166.204102
-1136.087158
-1162.922729
-1135.249512
-1044.280884
-1040.700195
-936.878052
-919.666077
-800.286316
-782.664978
-851.968933
-840.984009
-940.360718
-1073.387329
-995.863586
-1009.363525
-1154.152954
-1247.061157
-1275.167236
-1442.985107
-1594.480103
-1693.947510
-1693.093262
-1601.151123
-1454.624634
-1309.982544
-953.312805
-611.511658
-427.322845
-370.817444
-263.953064
-73.201416
18.592674
84.231743
-44.985806
-170.361877
-180.772736
-174.443771
-138.638596
-54.556740
4.706752
139.894836
107.602448
77.648140
110.979279
172.348999
278.228180
249.319839
234.605392
263.162354
223.555725
184.760208
167.908981
158.182846
151.163177
216.879776
323.334229
226.255249
122.792297
30.385504
-912.731323
-934.270630
-977.308777
-1031.333008
-1087.560913
-1098.407471
-1145.730591
-1110.006470
-1064.162231
-1038.852173
-986.786011
-955.775879
-853.969055
-827.006104
-855.332214
-702.063416
-707.283997
-795.125427
-668.429016
-662.338501
-769.323914
-867.948059
-825.698975
-1016.519409
-1143.551147
-1267.716431
-1289.437256
-1215.467285
-1104.207520
-870.457581
-480.152679
-104.491737
119.683685
172.667328
202.231339
341.914429
404.461426
361.954407
155.399811
-41.612236
-84.013374
-100.659935
-60.682648
2.854970
-19.641397
70.794754
17.322636
10.236123
14.255283
109.032303
228.676254
207.529587
192.082870
224.362396
159.606537
77.629623
52.150005
37.397038
5.054564
72.193581
154.240417
82.284653
-59.806919
-166.011139
-751.748962
-762.232544
-780.481689
-856.209473
-907.864075
-966.071350
-1025.609497
-985.588501
-988.729980
-936.921204
-936.799194
-888.649475
-812.787231
-781.870544
-754.838562
-517.292908
-430.397919
-460.143951
-297.761383
-250.549393
-283.343964
-368.275757
-271.256378
-457.935913
-556.899841
-694.064514
-758.890015
-724.926880
-668.517761
-358.195526
9.912620
342.105530
575.342957
622.103149
580.550049
636.453918
651.937744
514.478149
262.245667
19.552050
-40.339188
-87.635239
-50.143242
-9.629121
-106.736748
-68.712646
-132.251862
-120.022102
-153.757477
-30.409946
79.594337
68.632805
55.810230
90.776291
15.408792
-106.597198
-137.975983
-153.805008
-205.866379
-145.382278
-106.160179
-140.735687
-300.799225
-411.164978
-528.964539
-534.777771
-518.111023
-597.522095
-649.676086
-748.291626
-815.565002
-778.372498
-818.087402
-741.370605
-788.559082
-736.705994
-675.531311
-635.488159
-564.140076
-294.457947
-148.515945
-125.424599
60.593990
163.710541
209.304626
169.583420
284.021790
135.305664
69.259933
-67.591225
-172.994354
-199.785767
-194.533127
153.280228
448.271606
635.785217
843.674011
900.862000
798.637512
771.384766
744.207581
532.575378
273.125732
13.719250
-58.916107
-141.463242
-107.173981
-105.989426
-263.986725
-277.710510
-341.350067
-319.246979
-393.922241
-252.637115
-171.795456
-166.697495
-176.558838
-141.226212
-213.798355
-362.711212
-399.900482
-409.862549
-471.475983
-434.085876
-449.470795
-432.812134
-594.832703
-694.463806
-269.107178
-268.534515
-222.125824
-294.889740
-340.433197
-464.687317
-530.782532
-496.984680
-569.160889
-475.264587
-551.654114
-514.879883
-467.595032
-422.670624
-320.378021
-53.782841
128.238617
209.378754
377.209106
523.893005
617.761780
641.155823
747.646362
655.316284
628.573975
503.795898
385.448883
313.631531
254.618484
587.350952
764.691162
778.088196
931.777527
994.261963
837.013428
741.209839
676.559814
430.408905
192.179077
-65.060394
-148.497177
-258.898132
-230.555649
-276.091309
-472.693756
-537.213806
-589.030151
-571.244629
-680.865662
-538.215454
-497.026733
-468.708649
-476.184235
-447.733215
-507.015472
-667.672058
-710.838989
-716.919617
-774.073608
-770.663818
-846.406372
-772.949890
-915.631470
-990.648376
-11.581507
-6.612214
53.771347
-0.065799
-26.500893
-146.779373
-206.959473
-182.394730
-268.262115
-172.368118
-259.941864
-235.963760
-214.849518
-176.212830
-55.602295
180.967880
375.004242
495.086090
603.845337
756.742432
885.736755
968.469788
1047.578125
1015.488892
1037.152954
953.547913
834.242371
734.580505
605.775452
873.323792
910.269958
774.610901
845.323059
892.024658
696.601257
558.615967
469.826569
227.113556
32.156101
-192.721527
-285.955444
-423.782043
-408.302643
-492.317017
-702.069885
-814.119141
-842.835388
-849.299377
-983.244385
-854.045349
-849.351562
-793.633545
-797.498291
-792.860535
-834.548096
-987.632019
-1032.166260
-1029.656616
-1066.325562
-1105.274902
-1238.469604
-1115.685181
-1215.784058
-1253.941528
221.106750
225.452698
282.558655
255.505951
248.728317
152.727020
117.075111
127.426041
51.596485
131.075180
51.235779
62.845989
59.281036
88.374489
207.115555
381.326813
554.499390
689.654968
700.943237
845.506409
1007.286682
1114.665894
1155.577393
1174.528809
1239.225830
1213.534058
1105.829102
987.184143
811.006958
976.648438
874.993530
611.892090
583.680664
605.124695
396.015778
241.547791
152.051376
-52.447933
-190.315018
-350.370148
-455.653198
-612.721436
-616.030579
-738.215088
-928.541565
-1075.106567
-1072.451172
-1109.770874
-1250.786377
-1155.016113
-1185.119629
-1103.085327
-1111.001221
-1121.777832
-1145.548218
-1267.400391
-1305.827881
-1299.064209
-1296.730713
-1375.588257
-1561.364136
-1408.567139
-1449.892700
-1443.548706
408.697052
408.956787
460.101562
462.545197
470.276489
403.800751
401.656677
396.099487
350.121460
404.259186
349.784363
336.640289
316.448944
332.934845
433.697418
525.730347
652.054199
790.124268
696.234070
818.318970
989.386597
1088.374023
1080.015381
1150.299194
1231.592651
1259.227051
1181.890503
1045.091675
860.641418
904.100281
684.820251
328.465302
199.652252
187.225891
-8.433226
-163.553253
-235.926498
-372.929504
-446.110931
-521.838806
-641.259460
-797.149170
-828.773621
-985.958496
-1131.475098
-1292.788574
-1252.425781
-1321.440063
-1438.765015
-1395.739868
-1458.320068
-1365.929443
-1374.261230
-1388.259399
-1393.060059
-1452.069336
-1480.938721
-1481.768921
-1430.681885
-1534.246582
-1758.879761
-1593.720825
-1564.371704
-1522.151611
520.075317
515.285828
573.660889
607.271362
627.277039
598.951904
616.439026
599.609863
597.716492
613.307983
586.162109
544.311218
513.266235
517.908325
586.223938
602.371643
666.562012
784.118591
601.854858
669.446045
819.769958
897.653625
847.195129
958.749268
1036.113037
1111.411499
1063.735107
930.788879
770.214539
686.867676
386.873993
-13.785726
-231.135468
-281.058167
-445.308014
-588.964478
-635.856567
-681.360962
-701.782043
-693.337036
-813.548706
-942.085083
-1012.924377
-1184.421631
-1249.914062
-1405.123291
-1330.326294
-1429.374146
-1497.914795
-1518.516724
-1613.219971
-1527.335693
-1540.630249
-1563.760132
-1546.533203
-1523.302979
-1532.152466
-1546.142334
-1441.164185
-1557.100830
-1785.229980
-1640.012695
-1531.224121
-1467.771362
555.632812
554.248657
612.003845
671.825684
699.920959
713.772034
751.895203
730.748230
772.083984
734.373413
734.486572
673.731995
632.573486
624.505371
656.248474
609.186462
602.744995
676.401428
409.502777
387.811157
509.443115
560.605408
486.093292
634.685425
707.193115
809.588257
788.424561
685.810730
572.004028
366.432922
31.403044
-363.373993
-636.591248
-739.553711
-861.999695
-981.128418
-978.994995
-917.207397
-899.464050
-801.481384
-910.399963
-989.833313
-1112.130615
-1273.308228
-1216.885376
-1350.788452
-1246.073242
-1372.847290
-1384.752563
-1472.086060
-1600.852661
-1533.989014
-1561.153564
-1600.182983
-1568.765381
-1467.686646
-1450.615356
-1458.283691
-1313.446533
-1434.354492
-1641.067383
-1563.573120
-1382.978516
-1290.133789
537.798584
542.129883
593.268921
661.151123
694.288574
746.765686
804.606262
776.029602
838.599365
760.889832
789.086365
726.919617
673.010498
652.386047
637.955200
552.305969
480.950256
489.713165
168.324829
47.835907
122.833656
132.575806
61.730816
244.808899
315.088074
430.347260
433.815399
370.660431
321.875427
13.582668
-320.850830
-659.052856
-956.969849
-1111.077881
-1181.625366
-1250.417480
-1193.852783
-1039.901245
-987.669373
-806.356140
-889.642273
-905.233398
-1086.524902
-1209.789917
-1083.708252
-1176.057983
-1054.364014
-1200.682495
-1138.548828
-1296.411987
-1430.483765
-1394.278931
-1436.677368
-1483.306885
-1444.277832
-1273.196777
-1251.720459
-1234.096191
-1070.878784
-1183.852783
-1356.427490
-1358.366211
-1135.175293
-1014.317871
483.877502
497.223785
538.798279
602.067505
635.978149
715.415771
771.240417
736.918762
808.915405
693.074219
750.650879
692.664978
639.082764
614.028870
556.220520
459.149200
344.931580
281.202148
-49.446812
-262.069977
-244.609085
-299.481720
-343.642273
-146.680786
-73.987297
56.087482
72.067474
51.509781
74.573151
-295.268341
-595.198181
-839.627563
-1127.888916
-1320.918091
-1338.969238
-1344.344849
-1238.840698
-1018.345581
-952.822693
-739.344421
-778.886841
-725.602783
-964.963379
-1021.173462
-891.371460
-934.320862
-823.305969
-959.006592
-825.407166
-1049.770386
-1135.218140
-1135.021973
-1202.729858
-1238.141724
-1178.636108
-950.778625
-945.267456
-924.772583
-760.132751
-842.230896
-961.488647
-1032.202393
-791.292297
-675.499939
407.579041
434.573090
455.074188
504.395599
530.554626
624.406677
668.062439
632.397339
707.459290
550.578613
625.254944
579.588867
543.587585
518.248169
436.152405
352.992798
220.544586
93.109230
-196.257324
-479.787933
-515.100159
-635.583618
-652.832153
-473.647461
-393.264954
-254.477921
-241.709885
-218.118896
-128.828064
-521.471191
-749.087524
-866.592224
-1112.822144
-1331.021484
-1308.781250
-1264.324097
-1121.503540
-874.708313
-808.976685
-607.358398
-605.781555
-483.637726
-757.722168
-747.732605
-625.368225
-639.193359
-562.044617
-667.178528
-485.295258
-756.965698
-756.703308
-782.805237
-871.041626
-901.380859
-820.561523
-545.521423
-578.666443
-581.476013
-445.923340
-468.537842
-509.613312
-637.855103
-406.183899
-317.068298
302.707520
338.647919
340.832611
363.831665
383.883942
478.641052
512.125305
482.005402
546.813721
367.061554
445.586243
421.483124
406.128967
381.053589
286.267822
231.497849
98.874489
-67.089867
-249.742752
-568.679932
-642.710083
-807.411682
-795.001770
-664.703491
-582.934265
-456.697327
-454.104767
-390.139923
-258.839233
-627.464539
-769.071655
-749.869446
-931.965088
-1154.909058
-1104.132935
-1025.091797
-875.265808
-650.697571
-584.903931
-428.349884
-388.281128
-218.311523
-492.315857
-428.287567
-322.147034
-316.078094
-295.783752
-355.781738
-145.359558
-434.776978
-346.870972
-395.963928
-485.855560
-520.406799
-435.334656
-135.132431
-218.270203
-233.388519
-154.030045
-109.820518
-75.180862
-242.682465
-44.531689
6.339118
181.113144
219.890198
208.011856
209.920547
222.465988
302.015717
322.631287
300.590332
347.706757
181.935959
251.483887
249.486115
247.199234
225.732971
135.422089
111.097885
0.796200
-168.241226
-248.813812
-550.550354
-644.184021
-816.924133
-779.809814
-701.688110
-631.263733
-535.724182
-537.404724
-452.113403
-307.863892
-602.332703
-662.172974
-546.013367
-652.350891
-846.158447
-782.488403
-689.545593
-556.149658
-378.775238
-322.985870
-220.824615
-158.805786
24.175190
-213.366943
-114.011559
-36.380524
-12.339428
-35.476181
-52.360706
152.168900
-108.376671
24.807461
-37.382130
-115.911072
-146.871796
-71.285965
198.785828
100.828079
80.348213
109.773438
193.493820
279.963715
103.310265
251.070663
265.804718
