/Real_seismic_DSS4
1
Seis
-157.880402
-0.185366
-55.171940
-112.485847
-41.673923
103.653198
247.562744
14.485141
52.543232
-66.913208
43.457924
-16.390114
76.571770
209.388962
-19.025917
243.750885
211.041199
177.466522
168.621506
152.019775
-16.875397
-131.260773
-278.238220
-237.107590
-283.577118
-161.314178
-181.995956
-241.568344
-291.752258
-346.426819
-332.855682
-322.079987
-287.019409
-305.287170
-268.012726
-332.673920
-264.311340
-352.147247
-379.482361
-469.120392
-362.837494
-402.900696
-236.545074
-185.337891
-15.986362
-161.519928
-230.317688
-142.958847
-300.962158
-252.648499
-416.504242
-494.490387
-357.310760
-128.603668
-79.800232
-52.637703
-56.377316
277.462494
605.955811
723.824890
726.002441
572.355957
312.299347
264.599121
2.648808
112.020813
95.704376
65.818024
116.827255
266.564758
358.322418
170.431992
216.166153
122.289879
232.309921
153.183487
240.681702
397.063538
228.667435
474.973053
443.028259
398.734161
362.864624
355.072510
203.391495
89.371056
-45.918301
-22.762306
-69.674019
38.494331
-17.548010
-99.223236
-182.777695
-252.133041
-234.314651
-178.101944
-139.320999
-210.862747
-170.088181
-256.160370
-200.809357
-277.195953
-354.300537
-432.726562
-381.160797
-412.131012
-235.857590
-181.104828
-80.451500
-212.356476
-252.909698
-178.084137
-282.806763
-221.766251
-351.559113
-425.688507
-304.046478
-107.765892
-116.861473
-31.849474
-67.036476
243.370239
566.733643
688.026489
699.698914
563.441589
345.340057
286.559570
167.989548
229.474014
245.766235
252.013031
282.918854
416.252045
460.708008
339.819458
391.894897
354.540039
440.724518
345.007935
425.324371
570.744934
488.730743
688.901184
673.655334
634.237366
582.457275
578.996338
448.756958
326.869598
219.399033
243.231674
198.018845
280.482788
188.765671
81.606712
-24.816793
-104.447899
-90.482155
12.882297
56.050510
-54.315865
-19.456966
-117.090988
-82.899605
-150.405899
-263.632050
-319.569153
-333.370483
-367.824249
-200.776871
-144.725281
-123.548172
-238.802460
-235.520218
-189.225113
-221.613190
-141.755295
-213.727203
-268.902618
-182.800964
-52.476700
-127.998123
-5.789623
-54.539360
183.409866
436.928894
548.499695
568.193909
472.642059
336.280884
261.014496
272.180817
312.639069
368.812286
400.929138
426.145050
546.452698
562.848206
504.588409
558.265564
581.560547
633.664551
528.139648
601.166565
722.498962
733.290161
866.753967
874.896912
836.523682
789.683228
783.238281
683.672424
545.695984
463.214813
494.958496
452.607513
480.366699
374.720581
268.818939
157.955978
79.202721
80.084976
223.298737
268.071594
146.334656
169.450226
67.558311
63.964344
8.299460
-115.594780
-147.211044
-227.033066
-273.240051
-119.835426
-68.241699
-116.099609
-201.834824
-155.285110
-139.355011
-104.738075
-28.731155
-32.994198
-73.006981
-50.516781
12.097466
-114.874405
5.062778
-62.953011
74.886269
236.567505
332.726532
353.875214
301.482849
244.929550
145.103256
308.892365
349.135590
436.893951
496.656677
510.228455
621.547424
622.035339
623.739136
682.115540
733.786987
745.563110
644.896484
713.493225
805.429077
919.172852
974.341919
1003.270935
964.003357
930.013489
918.359436
858.922729
729.159729
661.332703
681.541138
643.079712
620.932190
529.330444
449.883240
342.656067
281.555176
269.155212
421.494232
460.268677
360.450195
367.446564
264.300720
222.335480
182.991653
70.433441
67.739220
-80.562065
-124.204559
7.391436
41.790390
-82.437248
-114.212280
-24.253958
-14.744629
62.125664
104.156898
148.375290
121.706871
57.923466
46.070026
-114.946243
-1.352869
-99.874748
-92.781548
-25.609921
54.053001
79.661995
66.051117
87.625710
-21.119438
293.438904
344.379883
445.636902
541.203796
529.136230
634.611511
611.235901
655.070496
713.718872
784.162781
754.558838
670.437866
734.315002
782.482361
987.815552
968.051147
1016.218628
1006.280457
993.080505
963.693665
940.275269
823.489868
783.465149
783.001099
739.567993
696.870361
636.147095
598.197815
523.005554
476.490967
466.450958
593.149841
604.218140
548.097839
531.335144
450.884644
382.263702
372.755554
273.093231
287.289124
87.782249
48.332039
142.522263
154.622177
-32.146358
-18.560448
116.216484
133.639175
242.234543
242.003433
312.589172
304.768219
157.630875
58.289661
-123.304413
-26.907267
-135.943954
-267.847473
-308.975983
-256.273132
-215.609879
-185.494400
-82.656075
-189.756912
232.058929
286.491699
391.805542
503.679138
480.054810
577.341003
534.475464
600.598511
642.232971
723.593933
676.997986
619.434998
659.422485
656.293701
914.332153
842.763611
911.261169
941.837219
955.681091
910.409729
925.533569
830.884277
814.741943
786.536804
744.307861
690.461731
676.404724
684.386353
675.906738
638.158752
633.989136
710.413696
679.149658
673.366516
639.302734
606.894592
519.840576
545.309082
463.513306
473.156708
253.380219
220.320816
270.679352
255.285645
45.792793
95.572014
250.363464
262.234222
385.050995
333.152100
424.910889
448.246887
240.808197
66.375969
-114.468529
-53.190422
-148.332443
-398.289032
-536.219055
-527.323608
-485.272919
-418.242157
-261.217773
-346.485779
130.842987
181.887695
267.546143
374.555298
351.582031
431.452606
390.072021
463.581238
484.576447
563.723816
510.577911
481.833862
489.817322
441.619934
704.825195
605.726196
694.568970
763.644043
805.241760
761.475708
813.308167
762.542969
739.367554
690.513489
657.853027
603.776917
639.270325
692.922668
748.901917
736.918152
732.534302
749.854797
672.451904
714.269226
671.216736
690.556458
602.823242
650.794006
595.547424
598.773376
397.756866
384.020813
383.464966
341.119141
137.293289
224.915497
365.176300
361.721161
474.084625
376.981934
474.384033
525.158630
298.682312
69.252014
-85.058128
-76.514923
-135.311737
-456.718597
-669.139526
-702.979004
-684.997498
-594.909058
-427.312836
-465.296875
21.177578
60.943565
107.904861
181.907852
170.352844
220.488068
180.708847
232.981400
242.838684
314.626190
264.080505
264.743256
242.397980
164.854034
399.326874
298.838287
390.192688
501.731934
560.925781
510.638031
594.383301
599.890198
554.876831
496.193207
473.056702
440.653290
521.992249
631.064880
736.064636
760.555481
752.654968
703.428162
583.551636
658.688660
618.897888
690.339661
615.686401
683.171021
653.565369
647.223389
513.621155
521.524719
464.169708
404.833405
218.591141
336.801025
433.209137
416.068481
512.137085
384.415161
463.087219
519.445190
324.494324
69.992699
-32.076958
-86.388580
-104.995232
-442.652283
-695.507202
-769.223083
-779.631775
-685.233215
-531.094055
-517.020874
-73.963531
-57.848690
-51.343857
-32.454849
-27.617430
-15.167527
-54.993793
-42.514191
-46.127193
8.611843
-23.789873
-4.953138
-49.686131
-123.485352
45.186920
-38.380188
40.802086
175.362930
237.206604
190.928741
298.961670
364.049133
317.323090
253.919037
234.337799
236.090775
361.343018
512.259888
649.651428
696.684143
675.742371
565.994507
418.554871
515.784363
489.632965
599.318115
547.541626
624.611145
630.784851
605.416260
576.713074
617.722900
509.364410
431.980316
285.111786
426.174927
458.555634
427.229279
480.727051
344.480316
376.261383
427.804443
281.500061
42.232422
20.643061
-75.047852
-63.785995
-368.543640
-613.369019
-716.917969
-742.731812
-667.417175
-550.843750
-485.957275
-138.420105
-149.037491
-179.773270
-226.950775
-212.771271
-237.121414
-286.963409
-322.362000
-345.722290
-308.272186
-320.379852
-290.002930
-344.901703
-389.647034
-314.346039
-379.895294
-316.862885
-184.011902
-130.185349
-153.275375
-28.253290
87.467575
48.876556
-5.490234
-16.524046
17.050150
167.992035
334.087891
481.955017
532.682251
507.317657
360.096588
195.298767
303.544830
292.765564
415.721771
402.259094
473.973236
513.010681
481.419769
560.345886
642.702209
508.275238
405.593323
313.231873
457.534363
439.463409
404.386841
404.036255
271.257507
246.240570
285.474396
201.049805
9.480479
64.384666
-61.482075
-13.253422
-247.275864
-445.127106
-560.966736
-595.182495
-548.433105
-483.841034
-380.940033
-163.083786
-195.808670
-257.381012
-379.259399
-348.175507
-402.031830
-484.800964
-562.091370
-600.202393
-567.072693
-562.636597
-528.292236
-609.203369
-621.401428
-636.115417
-669.889954
-630.539978
-522.213013
-493.778717
-480.074982
-340.959747
-192.849274
-214.690094
-250.911209
-240.587173
-190.125824
-36.734962
109.019661
236.949036
283.381989
256.883698
104.714409
-51.653320
38.657757
45.976604
162.091522
195.066681
249.966629
308.530029
284.794006
462.643768
567.077271
442.666443
322.082611
279.919769
414.417358
362.801544
333.056641
303.252930
174.351120
100.152527
132.133377
132.386200
9.887904
115.770355
-22.232225
46.831596
-104.160355
-239.402756
-361.252045
-398.273346
-380.149963
-374.290833
-241.426163
-149.403763
-202.129395
-280.142303
-453.249420
-414.983246
-496.171906
-614.128906
-714.388123
-764.797791
-743.496460
-746.440613
-694.626953
-805.641479
-808.038391
-891.355469
-886.603027
-873.450073
-799.013428
-804.824280
-744.942261
-592.422058
-435.838623
-429.216217
-431.962219
-394.612183
-339.385559
-220.283615
-125.060165
-37.792015
-2.611499
-35.117622
-171.355621
-296.099365
-255.082092
-233.147980
-138.346024
-65.754181
-27.755581
49.944901
42.975269
303.973206
411.091095
309.405212
194.799301
197.762589
312.789795
220.288513
202.041885
152.851334
53.546120
-43.083603
1.707317
82.222816
48.691368
177.143524
46.722485
101.383011
41.605232
-40.171764
-172.645096
-193.232376
-198.561401
-244.602692
-92.841110
-96.933228
-156.816330
-237.422104
-432.958160
-417.501434
-525.467163
-673.474426
-778.347595
-854.236816
-859.906738
-881.569580
-820.736450
-924.508972
-929.952637
-1055.999146
-1008.761353
-1027.947266
-991.745667
-1005.548462
-897.969299
-750.697754
-608.124756
-559.816162
-527.967285
-480.917603
-427.915741
-372.545166
-353.153900
-315.557159
-301.737976
-326.141968
-427.157471
-500.555969
-527.418579
-507.064484
-452.624084
-349.187653
-326.235321
-236.690216
-217.423325
92.129585
189.972153
118.925949
37.292400
82.616829
166.624649
26.229761
30.816996
-39.391769
-82.528389
-167.868042
-112.856949
40.559284
103.098480
225.213928
112.976830
142.197998
174.763138
128.541428
4.530871
5.480412
-19.032349
-84.819092
57.878540
-58.334484
-99.712921
-167.920242
-348.852570
-359.405487
-489.904327
-664.541199
-767.445129
-872.743286
-908.596252
-953.300232
-891.338196
-968.315735
-970.011963
-1105.341187
-1021.188110
-1067.398560
-1079.597778
-1097.997925
-954.923523
-831.692017
-714.307861
-614.717651
-553.339661
-513.444153
-488.763641
-496.775024
-557.998047
-573.815369
-579.465088
-593.572937
-638.236694
-651.990540
-742.844238
-740.346497
-742.157959
-621.078186
-613.285889
-523.856812
-468.042236
-157.149124
-81.305267
-111.160332
-141.726929
-68.622452
-28.905167
-181.951309
-153.552078
-226.551071
-203.313843
-271.834198
-231.014999
-14.466455
132.655945
219.502701
133.346466
129.012665
244.206421
244.392197
148.402405
165.773407
129.744522
85.764816
202.505539
-46.144878
-80.845398
-116.498802
-251.566010
-270.768768
-427.094269
-596.518738
-683.637634
-802.183533
-860.463074
-930.403381
-872.741821
-915.536072
-921.543884
-1042.942749
-949.516113
-998.835571
-1061.145386
-1091.924683
-933.888184
-838.515564
-761.984436
-610.489685
-529.030090
-502.605072
-522.628784
-593.492493
-723.283813
-787.011536
-802.656677
-806.240479
-793.327881
-731.918518
-875.475891
-895.356384
-953.706726
-835.371155
-850.200500
-767.561768
-677.132385
-412.513519
-369.571594
-352.830505
-322.653625
-240.422150
-259.293213
-383.719604
-333.589233
-397.076324
-296.664673
-346.759125
-313.128448
-69.289230
122.477768
165.616379
108.018181
69.944191
242.239029
284.925598
226.717377
246.617096
215.620621
221.650528
324.748077
-72.309921
-94.934326
-84.890762
-132.940567
-165.267624
-332.863800
-455.532227
-503.461151
-629.133728
-698.912170
-789.221191
-743.648804
-754.546875
-782.760803
-883.053467
-801.379517
-832.620605
-923.222656
-955.495422
-813.298950
-750.457336
-735.975891
-552.601013
-467.508057
-450.791718
-498.222595
-617.140137
-801.911743
-901.177795
-916.530640
-917.018005
-854.980591
-719.998901
-891.473572
-940.207153
-1043.971802
-947.911072
-990.767090
-927.800842
-822.231934
-643.188965
-634.512939
-582.988464
-496.367615
-412.033417
-477.774078
-559.165955
-497.302216
-540.804871
-373.650604
-388.170685
-346.681366
-116.472481
78.821136
84.711464
58.547955
-4.191912
190.801804
238.337067
243.000900
255.118088
234.364471
284.463776
384.847992
-138.841568
-124.074852
-74.435905
-12.397718
-70.448189
-215.070099
-265.619934
-258.959442
-372.671509
-455.512573
-558.267700
-536.117859
-513.896484
-565.086426
-625.586426
-576.233032
-582.685608
-675.697937
-701.725586
-602.862793
-579.286133
-617.049683
-428.346436
-348.343323
-349.390961
-418.404846
-555.592773
-783.483276
-880.907837
-881.254761
-883.041199
-800.695374
-629.362488
-800.207520
-870.575562
-1000.445435
-958.172424
-1033.107300
-996.615112
-888.138489
-818.998901
-849.186096
-787.404114
-664.006653
-586.793457
-667.861023
-701.930664
-624.084717
-627.736328
-419.848053
-383.429291
-337.666473
-153.364746
26.895023
-2.997844
1.205845
-84.657623
110.654099
146.760345
213.565369
224.021881
223.944809
309.251373
398.966888
-189.529770
-147.265182
-86.447464
70.133102
3.953496
-102.412766
-78.030090
-25.202106
-99.764198
-186.374100
-271.264099
-274.409088
-204.006424
-250.353928
-266.852142
-257.747925
-264.280426
-357.735535
-380.538391
-316.718231
-337.233917
-398.630096
-234.296768
-182.246277
-206.775436
-310.079620
-440.022461
-684.456238
-759.242859
-748.683777
-743.758911
-661.184875
-481.691071
-627.781372
-721.532593
-851.436462
-870.111633
-972.728394
-960.181580
-873.648560
-915.481689
-986.681030
-919.636169
-780.901001
-719.152100
-813.169250
-791.752075
-690.255188
-631.106262
-429.132629
-327.972382
-287.211151
-167.816452
-26.344839
-76.427284
-41.328178
-145.628220
39.250896
59.505047
176.015457
188.630554
216.587799
313.862000
371.825775
-200.779144
-150.780334
-107.070152
131.617691
75.817780
10.008830
99.665169
190.115936
163.633179
91.120399
71.405800
67.327324
179.075012
162.401138
177.069138
159.903061
135.690369
43.933308
9.955449
31.074892
-48.030125
-116.678932
-6.965276
5.897107
-41.202854
-175.398026
-286.610138
-511.144836
-560.422546
-548.957153
-544.427307
-472.646912
-297.535736
-392.439850
-507.653198
-612.641846
-694.310791
-799.985596
-808.001892
-769.130920
-903.162231
-1016.900208
-956.119080
-823.148865
-770.187317
-874.669922
-796.448486
-679.096130
-573.453735
-407.329193
-253.726013
-209.916458
-170.847900
-83.422386
-122.732399
-56.722969
-146.807114
23.900305
24.912291
181.163696
161.600723
205.614212
293.630341
313.117371
-174.127441
-134.236526
-117.607155
175.599808
139.231140
119.884979
261.448242
402.452209
435.007751
394.874878
455.510010
479.703552
615.915100
627.513855
655.660095
611.321411
568.391296
480.774353
438.372894
414.720245
277.252869
202.858444
233.985199
203.046860
127.855766
-19.594534
-114.553467
-288.093048
-310.690979
-305.574707
-304.613007
-261.706604
-107.794708
-134.429459
-246.750275
-328.750854
-468.323364
-556.836975
-589.824524
-609.979004
-801.841492
-943.689453
-902.668640
-778.361877
-725.334595
-822.051514
-699.947388
-574.176575
-463.662598
-341.086517
-170.064423
-126.132248
-166.061844
-124.442131
-127.470825
-44.846832
-87.686134
45.152290
57.835014
230.469986
166.982361
207.862000
269.882416
264.835205
-101.979126
-77.460220
-93.262299
204.984451
191.446091
222.128876
391.552338
574.090576
663.059570
671.943787
821.423340
893.199585
1060.366943
1089.520996
1129.929077
1053.180786
982.375671
896.282898
857.002991
815.116943
614.039185
537.674561
457.222992
377.902710
272.900269
136.569748
62.717152
-55.871731
-44.818085
-39.406956
-52.982536
-40.510246
59.110435
104.088310
11.585737
-45.293606
-222.417297
-292.117493
-348.568481
-415.869659
-637.635010
-773.298462
-752.426392
-644.674927
-595.434448
-669.331360
-515.530151
-416.948761
-309.212463
-245.449554
-68.376953
-49.074940
-156.673950
-151.311142
-94.208595
2.229614
-4.366343
78.607056
129.815933
298.454376
215.044937
241.214951
249.205826
221.361374
22.448465
23.026695
-25.854118
243.467590
239.200546
301.574341
481.155243
686.388672
839.055847
896.770020
1145.541626
1256.196777
1434.407227
1484.080933
1519.534546
1415.022949
1337.147949
1257.843750
1208.995239
1147.173828
883.735901
808.300171
615.039795
503.343689
392.079865
271.342255
217.632019
175.477127
229.063263
231.836853
198.813202
180.060013
196.204941
288.969574
243.997177
210.326996
22.028702
-33.786274
-72.646843
-170.027039
-403.316864
-522.608276
-515.918152
-453.667908
-405.324524
-443.676880
-269.724182
-227.253891
-116.486343
-112.358284
53.082996
40.151115
-118.853928
-149.804337
-31.936737
66.532211
92.302551
130.255936
204.574554
347.514557
261.755768
276.382538
229.496811
168.180557
162.921036
138.053741
83.509918
290.057617
294.641052
377.127319
555.553406
762.831665
969.105164
1074.806274
1379.339600
1510.706787
1663.822144
1714.553467
1724.976929
1607.596313
1556.013550
1469.213745
1418.370361
1319.085571
1023.437378
933.367371
673.880859
553.659241
459.296356
361.502319
335.961884
387.596771
469.807434
452.981598
402.992798
356.658630
297.586151
418.993652
427.647705
422.358856
238.758072
202.728500
201.683731
86.896957
-132.325226
-220.232132
-231.503281
-209.879333
-142.560959
-145.144867
36.208694
26.139523
111.728622
47.533188
177.879929
141.714737
-19.751909
-84.342697
60.109589
138.480423
196.980179
195.826172
282.191132
372.454956
300.016022
306.439789
216.571136
115.138672
288.926788
262.060608
220.288422
314.397797
359.546265
458.572937
604.385193
804.922546
1005.729919
1158.428101
1439.050293
1567.104248
1684.281738
1712.759888
1704.037598
1601.590088
1586.250732
1479.129883
1451.832031
1308.055176
1014.495544
902.376709
622.119446
519.814697
447.510956
398.418243
414.408875
538.402588
616.547302
590.006531
522.694397
459.898346
356.835785
494.173218
542.189331
567.959656
421.003998
415.299988
437.540619
338.828308
148.542953
124.405884
87.106682
73.216377
158.885971
189.700180
348.166382
295.304749
352.220490
234.057419
314.016754
275.897247
126.433578
37.697235
182.533371
237.961899
312.420441
269.369781
362.128693
378.492188
341.357208
337.971100
202.786545
74.268845
392.826416
384.949219
357.848358
320.749146
396.715820
493.639557
579.542847
759.015930
913.435181
1097.753296
1300.759033
1395.529419
1456.053223
1459.674561
1434.612183
1364.904297
1395.303589
1280.193115
1297.694336
1110.313599
853.532104
724.129395
465.408234
389.966705
353.621490
350.672699
398.458618
584.247314
622.811157
599.328613
544.673950
486.580353
377.018311
507.563660
584.112122
615.445618
541.016785
564.826111
618.380249
553.936584
413.324615
454.532471
405.245941
355.607239
454.988800
516.464355
628.175415
548.032471
583.754517
446.658173
463.835693
419.043182
286.956757
182.121124
295.229431
334.595703
419.658203
342.879608
425.587524
364.903900
370.786407
357.098419
193.538712
32.785591
450.714813
451.838379
457.221222
305.812347
376.986115
457.120392
459.946838
582.579468
666.728394
853.744263
943.838501
988.295776
973.286682
947.257996
916.239258
864.589905
949.581177
863.538513
927.294006
725.617249
548.748169
394.290375
213.657867
166.900360
188.351257
220.029785
289.467102
507.729462
502.797943
486.759644
467.446075
458.044098
363.561554
470.827789
560.988220
582.754272
582.414734
636.832092
722.869507
703.314270
628.258118
714.398254
663.546692
596.778503
693.940857
782.234131
837.726013
756.350220
759.098694
622.256714
580.110535
525.425598
428.465942
324.406586
379.445557
398.200714
491.945648
393.536072
454.632751
327.759766
379.817108
347.635162
185.110535
-6.782498
441.587982
434.388855
477.330017
245.220734
291.417419
341.535217
256.301758
295.807037
293.204346
439.785736
384.153870
361.682343
277.364716
224.610046
191.540955
149.664627
271.436798
241.419724
352.963562
149.468185
85.621819
-58.859898
-100.018295
-107.915131
-31.470905
29.001907
112.949158
323.924347
291.966492
295.128052
330.455536
387.704193
310.496277
382.842560
479.885986
498.018921
560.351990
633.374146
731.168945
782.854187
779.223083
885.533386
822.374268
736.211304
817.092163
929.796143
921.950806
873.415710
847.710083
731.429504
639.535095
579.614075
520.710510
430.175629
439.217773
424.263550
520.593506
410.565857
437.288330
265.794586
362.136017
302.674835
175.342316
-20.602394
333.446014
331.544037
391.085663
117.129982
129.199814
152.239471
3.953180
-48.279446
-149.589172
-70.322136
-294.497955
-415.960205
-558.061462
-620.626221
-651.860229
-680.117554
-559.809082
-515.579041
-351.643066
-556.379761
-485.950592
-585.666626
-451.455505
-419.610535
-298.739014
-205.423889
-103.338730
76.739769
32.485023
69.724602
179.970749
279.934357
230.524475
265.963104
353.841675
369.952850
489.983673
565.422913
649.532776
761.682739
833.502930
943.103455
868.963318
771.951477
848.428284
961.785889
890.289429
886.507446
839.455261
770.106506
635.256042
577.984314
549.053955
487.684937
436.021393
386.052826
485.838379
382.088959
362.785156
166.021545
299.533813
229.803772
152.713821
-13.090023
145.311600
140.893723
209.343628
-71.429703
-86.190147
-73.060425
-257.572479
-408.155853
-604.291077
-620.413818
-1005.565308
-1233.810303
-1433.262451
-1489.683472
-1513.630005
-1521.134766
-1427.081421
-1286.891357
-1101.339722
-1278.047974
-1048.633179
-1092.165771
-798.369873
-729.849365
-571.371155
-440.747192
-309.634308
-167.827560
-204.816696
-117.402260
47.293354
164.054749
135.862350
135.393539
206.444839
225.223862
392.753876
472.333405
520.004028
644.853699
777.408875
890.388855
816.339111
733.862122
802.079102
891.851807
774.080688
799.908508
736.514648
725.980957
557.540649
502.186218
500.681091
478.087769
364.105469
304.420563
389.386444
302.248810
251.263809
56.054199
205.067474
155.399368
113.525253
9.469753
-63.122990
-94.038734
-27.641592
-278.623627
-316.148010
-314.123230
-508.303650
-749.355164
-1010.861206
-1144.866211
-1641.196045
-1971.936768
-2226.607666
-2256.805908
-2279.655762
-2268.132324
-2213.503174
-1969.397827
-1796.455200
-1905.293823
-1532.005737
-1500.865845
-1088.726440
-975.058838
-796.822632
-627.642395
-480.463318
-378.201263
-386.179565
-260.215149
-78.204086
30.357735
12.346451
-1.077163
72.308479
101.869209
301.210083
369.255432
370.238983
473.285248
646.103699
751.774231
686.035339
624.427856
659.938721
717.214661
584.425415
622.452576
545.647217
586.910950
407.400330
358.281311
381.382751
369.873810
242.396286
197.728546
264.610687
195.743225
126.553940
-38.646683
107.282341
82.908501
74.791786
32.174961
-253.514877
-317.095245
-268.536957
-463.616364
-515.565002
-523.510803
-703.312256
-1008.127380
-1308.879517
-1545.189087
-2086.968750
-2489.228760
-2778.779785
-2775.022217
-2801.925537
-2793.726074
-2801.011230
-2481.286377
-2325.237305
-2361.635010
-1896.085571
-1771.621216
-1293.560669
-1149.391724
-957.407410
-749.547607
-598.553223
-531.547485
-498.800385
-351.799683
-184.611465
-104.205658
-108.009079
-112.609558
-42.747662
9.559960
225.187012
270.778473
220.874603
288.361847
474.621124
554.677673
495.720764
454.075531
449.957642
463.962616
326.046539
364.721619
294.861084
365.674377
196.687653
160.386978
202.784119
182.527847
81.162613
62.206524
118.236603
82.516777
6.591817
-107.782547
10.517086
16.857695
39.097298
37.929867
-395.254364
-496.146790
-483.873627
-602.096436
-650.997864
-668.150391
-803.292419
-1132.609619
-1423.779175
-1742.076782
-2258.078125
-2675.061523
-2977.906494
-2935.736572
-2966.226318
-2956.818359
-3047.517090
-2704.847168
-2591.973389
-2553.633057
-2040.488525
-1816.052856
-1341.487183
-1193.766357
-1000.071045
-773.723694
-634.650574
-611.082031
-547.597351
-396.507935
-274.494080
-222.777679
-211.393921
-184.656250
-140.204895
-57.224842
140.731247
167.575943
78.185684
124.303032
284.154633
325.472198
272.062622
245.317581
195.408539
178.328613
33.633957
76.602646
17.580034
98.058220
-37.727402
-58.376648
-9.009929
-42.923943
-96.663925
-73.309998
-37.037651
-34.153385
-89.606087
-140.301392
-78.873329
-38.377575
-0.760670
37.697014
-467.232544
-611.921326
-651.570312
-676.908691
-717.562927
-733.065125
-804.330017
-1121.769775
-1354.219604
-1709.083862
-2122.763916
-2501.902588
-2783.291748
-2699.901367
-2723.083984
-2701.905518
-2895.385254
-2585.349121
-2538.654297
-2404.979004
-1913.532837
-1601.639282
-1184.550659
-1048.449219
-868.972595
-651.989380
-571.617676
-580.163452
-503.743683
-382.637939
-318.057343
-315.744843
-300.587708
-242.464752
-216.724136
-101.617966
34.805248
55.840832
-50.237202
-13.967555
86.586205
84.854095
54.279388
37.919258
-53.235989
-88.250648
-222.310684
-183.578812
-228.323349
-156.567078
-239.321030
-251.840363
-218.003647
-257.555115
-268.104614
-199.682343
-183.597626
-155.079346
-167.350723
-160.304932
-151.897964
-90.984467
-45.605572
30.791096
-459.217316
-638.622498
-728.527588
-673.646606
-694.707886
-706.369080
-725.449707
-994.739258
-1129.093994
-1475.149780
-1711.723633
-1995.843994
-2206.625732
-2108.482910
-2112.648682
-2095.201172
-2387.105469
-2137.063721
-2183.823486
-1949.690430
-1540.887817
-1171.534912
-848.786316
-754.808105
-604.149048
-409.479370
-404.264771
-432.735352
-342.745819
-279.677673
-293.766296
-364.920471
-350.099701
-280.990479
-260.064117
-128.903137
-67.172646
-51.251961
-145.467453
-135.883179
-98.851974
-146.904266
-133.105637
-135.766190
-255.170181
-302.594696
-408.886505
-387.194031
-411.806274
-363.686188
-384.463257
-394.243164
-369.289642
-407.592010
-396.898712
-293.901093
-295.282013
-263.810150
-229.837387
-179.630264
-217.056946
-148.191025
-96.496193
5.412894
-390.880524
-558.338257
-686.277283
-564.077698
-567.599548
-588.229919
-554.240234
-740.193359
-747.450806
-1044.141113
-1085.288330
-1224.114258
-1326.998779
-1236.823242
-1224.748535
-1249.260010
-1587.315430
-1427.146484
-1576.381714
-1245.344727
-953.424866
-590.321350
-434.578308
-359.748535
-276.593018
-124.574295
-176.996933
-229.410019
-127.834404
-129.678513
-238.258789
-380.213287
-369.882996
-295.596924
-283.140686
-159.889069
-158.199097
-144.461639
-209.280319
-233.362183
-253.877716
-334.222504
-268.343140
-260.670166
-392.062012
-433.086426
-503.877350
-502.009583
-518.206238
-501.112396
-472.719849
-466.146362
-439.052887
-475.909363
-448.881500
-339.309937
-362.018402
-351.918915
-286.471283
-201.847198
-280.063019
-214.147934
-176.950546
-66.762253
-273.740845
-388.572479
-524.591736
-367.416412
-368.884155
-392.314728
-291.284119
-382.146301
-291.191345
-495.355988
-311.898102
-277.175629
-276.960052
-223.566971
-214.832520
-266.018707
-566.356689
-539.148560
-722.669006
-353.732147
-235.685623
50.433678
-41.643589
24.867323
49.859486
139.280594
36.811005
-25.248095
76.131508
11.010188
-177.348679
-363.475464
-360.323212
-297.566528
-296.406982
-199.757385
-248.757202
-204.914536
-228.320450
-268.174957
-358.050934
-457.654999
-344.021881
-311.132812
-430.074127
-467.379272
-501.629608
-533.777344
-549.782349
-572.986511
-497.429138
-477.072357
-435.915649
-458.503143
-436.815186
-368.809845
-421.838135
-441.601135
-361.560425
-256.459198
-361.973297
-311.069183
-290.005859
-186.530533
-137.512344
-187.945068
-296.230255
-144.849335
-120.264626
-128.381058
27.081490
35.628319
171.528900
88.700409
482.021637
700.493164
775.016541
774.156494
761.810425
753.341553
539.886169
408.093933
243.862839
580.766296
494.914978
658.074890
337.848389
360.719513
351.377075
365.592346
226.931519
176.367523
253.032791
128.356308
-114.432404
-310.908112
-315.092896
-280.307861
-279.222229
-231.085114
-321.366302
-239.358170
-203.885727
-252.139984
-403.475677
-506.327850
-356.028320
-298.535919
-386.371796
-422.384216
-420.944336
-497.755615
-521.085876
-581.023926
-475.751373
-447.193085
-389.666901
-382.156464
-382.843384
-386.188507
-471.431274
-527.465271
-444.879608
-329.539215
-447.043701
-419.770264
-390.949524
-301.171539
-5.805252
31.673517
-25.186188
108.733727
147.686752
149.846924
331.149811
439.588470
586.179932
636.764282
1130.280151
1496.480957
1647.318726
1612.284912
1607.842651
1652.544434
1561.740601
1286.592407
1168.154053
1413.578003
1138.652954
1143.563721
694.333557
678.156128
605.549255
529.505188
378.490631
335.002838
366.511505
203.894791
-44.033398
-223.786407
-225.387573
-219.744354
-217.082214
-227.153412
-338.631775
-239.165314
-148.805466
-195.590744
-385.971680
-465.116211
-304.016418
-248.002350
-304.163635
-337.095764
-303.646240
-415.668335
-440.908081
-524.744446
-418.683350
-385.882263
-307.479706
-254.789307
-287.319092
-371.769470
-480.290253
-582.664795
-505.212219
-396.104950
-496.478577
-502.949463
-469.432617
-393.234100
116.853607
248.987579
267.117065
366.289429
392.049866
398.942444
577.899597
764.816772
903.346130
1071.822021
1580.699707
1991.550537
2208.976318
2167.177979
2192.633545
2252.113770
2328.773682
1978.387085
1898.566162
1996.459106
1596.469238
1469.155151
993.555725
919.489990
758.883667
598.060181
462.422363
413.899872
383.400055
221.649094
25.146933
-93.083908
-91.364319
-123.266602
-118.172676
-185.386139
-282.836517
-187.639771
-67.102280
-110.398705
-311.904053
-358.161560
-208.944977
-169.532104
-201.879303
-233.590240
-172.251144
-307.782410
-329.465057
-421.166992
-332.290833
-302.327057
-212.399597
-116.918938
-191.267166
-342.151611
-448.693268
-588.845764
-529.846497
-428.879242
-504.251678
-549.332764
-522.485718
-469.833649
212.302124
422.425415
500.883209
551.295898
572.663513
580.430725
740.819641
974.481201
1110.873901
1365.296509
1819.549072
2214.819092
2449.969482
2407.875244
2451.062012
2504.454346
2731.000244
2386.680664
2295.396240
2273.735596
1843.623291
1640.971558
1176.257202
1049.022217
836.911865
609.782227
506.163361
445.707153
343.435547
214.199478
93.016937
63.127850
56.900875
-17.250244
-4.097655
-101.188530
-179.421585
-103.506516
12.175817
-25.724733
-203.620239
-206.390198
-97.846107
-76.169998
-98.558990
-136.015091
-48.468834
-206.333679
-234.470398
-319.905365
-259.258392
-224.779587
-130.736603
-2.021514
-114.403351
-318.726349
-402.464264
-536.744507
-509.700684
-419.591003
-471.173462
-547.171265
-522.339050
-487.941589
257.610962
517.111877
628.592712
638.265991
650.603210
660.752563
801.032288
1040.385132
1184.280884
1503.493164
1853.791748
2203.067383
2425.625244
2402.536865
2456.422119
2487.274658
2787.087158
2476.319824
2416.065918
2322.711670
1919.654297
1669.583862
1244.144043
1084.691162
874.117432
612.673950
547.218262
462.038269
288.591827
190.620743
158.073746
200.824905
188.899277
68.875328
84.958099
-9.573700
-69.366508
-17.701818
65.314110
36.016270
-83.911057
-34.643757
13.490558
9.667099
-0.545560
-57.649166
40.794987
-123.383125
-159.968613
-240.323822
-224.544281
-186.283432
-89.169258
67.572639
-71.316360
-315.143890
-363.607178
-438.022766
-451.029724
-377.618958
-397.768158
-492.347687
-478.868164
-436.553009
241.724457
512.158630
638.354187
627.548035
630.033752
655.907471
771.728821
996.394653
1130.961182
1493.464355
1718.675415
1995.596558
2198.575684
2210.699463
2275.404297
2287.045898
2593.970947
2334.613037
2322.439209
2181.718994
1831.291748
1567.753418
1237.868896
1044.416504
852.915222
575.778137
561.196777
440.803009
231.714417
170.147415
225.301224
323.309387
287.907990
134.064438
137.696472
46.066833
17.853062
38.778793
91.221313
58.209339
35.132229
114.345711
82.910507
42.921608
41.831779
-17.056774
72.118820
-78.241402
-112.253563
-181.206116
-212.805222
-187.042587
-100.107742
63.690926
-81.768410
-322.861176
-342.833405
-325.156128
-364.855591
-299.748047
-295.968292
-394.507874
-393.407440
-353.180450
215.888702
437.367279
555.228027
531.822021
543.260925
574.305054
653.686584
853.706421
982.496643
1352.316528
1436.485474
1631.134277
1799.484863
1843.604248
1922.500732
1940.621216
2217.484863
2026.961304
2026.786011
1859.649536
1588.293213
1357.303101
1145.926880
938.421814
780.564697
515.628113
534.650696
380.256927
176.813568
169.355209
292.297485
416.948425
343.207977
184.840454
178.818817
92.288208
83.758858
67.651062
83.613800
43.954254
126.730278
220.156601
104.761475
40.163452
29.090370
-43.659241
28.169048
-104.547539
-136.247009
-169.554962
-221.696655
-196.901230
-149.299866
-2.880730
-114.634888
-308.121399
-301.703827
-203.434509
-240.523026
-194.617310
-178.411880
-257.373260
-261.770386
-233.395966
210.576508
338.848267
431.415039
396.134949
425.413086
452.408997
479.849091
631.410522
770.555603
1095.262695
1067.530762
1171.918823
1285.853638
1361.977173
1447.193726
1464.915161
1700.514282
1575.530029
1585.627686
1407.697510
1235.649780
1065.695190
963.591370
781.817383
669.207764
455.117249
484.741913
316.841370
126.023842
156.759735
308.365356
442.286346
355.099609
227.702362
211.287628
139.589081
142.576492
84.247902
49.973183
-5.674399
154.398849
260.405060
86.831963
14.219150
-14.822997
-124.892616
-82.292068
-191.318497
-228.405197
-212.527618
-272.316315
-236.810852
-250.521545
-140.683578
-169.499863
-276.747467
-244.391052
-86.119240
-116.074455
-87.353905
-58.865246
-110.074219
-119.303917
-98.850418
201.029388
223.674225
267.951782
233.811539
277.132385
310.353241
289.980957
381.850464
532.657288
768.798828
658.990479
688.201721
738.666382
825.265564
914.831238
918.957397
1107.821289
1048.987793
1066.228271
883.029480
813.072754
710.974854
714.375183
593.759033
524.559509
379.769470
396.265442
249.046692
104.537796
144.284500
281.518494
404.171875
324.610565
246.458969
224.293991
181.813339
179.414337
77.474586
-8.513259
-82.730591
116.390915
219.698532
10.361836
-62.164005
-112.723595
-232.714920
-243.633759
-309.943726
-348.718048
-286.012238
-356.420685
-303.203003
-389.603271
-323.574768
-256.155518
-250.098801
-212.582581
-6.295499
-40.288223
-13.996335
30.690680
27.997074
30.653542
55.078995
182.724426
96.439476
79.140808
55.865940
108.776108
133.142517
92.286850
136.130081
297.109711
436.519714
265.281860
233.666855
235.732483
307.190216
384.738556
385.707092
513.508301
513.021729
541.163635
359.262177
379.200287
332.124969
436.252472
386.297913
358.917358
276.622864
263.184784
173.164536
95.962845
129.931229
239.110352
328.921356
274.289398
254.339310
212.889816
193.048630
172.424942
34.143837
-99.717659
-171.636414
40.238926
115.152977
-112.102974
-172.566040
-241.112259
-337.639862
-408.878693
-422.038361
-454.027649
-357.528900
-414.105682
-343.646790
-498.523071
-488.270325
-355.942657
-249.971161
-207.411804
27.100260
-2.941607
14.804270
75.441696
161.010544
173.719955
210.063995
157.164658
-29.094147
-88.545166
-96.208054
-43.714211
-39.128891
-98.010864
-99.447586
62.222637
106.381996
-76.292244
-144.536423
-170.095474
-126.251167
-84.454430
-85.729294
-29.279417
8.328475
44.655754
-119.441002
-35.716568
-35.398933
127.682083
155.769119
165.564102
159.434647
120.377983
104.336967
86.417320
103.506165
171.085922
221.917267
194.860291
254.989227
176.353531
164.596985
130.842728
-34.750790
-196.722687
-251.219406
-49.298920
-16.148069
-228.389648
-286.076935
-357.132812
-412.436829
-519.982178
-475.495239
-490.456604
-387.055664
-394.787415
-310.345886
-528.136841
-606.098511
-444.989685
-259.485840
-194.151016
56.640671
31.588436
9.447145
81.634285
240.948044
255.383820
300.446289
109.459007
-145.003387
-209.753998
-195.081146
-163.781616
-176.795822
-272.716492
-313.673828
-167.083862
-207.052536
-356.261292
-438.343201
-483.162323
-473.843109
-480.579468
-483.062347
-499.111908
-443.558228
-402.052765
-532.015991
-412.947968
-370.067352
-184.338150
-83.740570
-48.767460
29.045517
-29.748693
27.818678
53.150677
42.157829
65.106300
63.155384
80.202675
199.894348
107.561790
93.452873
60.825783
-112.141129
-273.664948
-313.168243
-147.129166
-156.639404
-317.470062
-363.932495
-421.028290
-431.996460
-547.244507
-449.423370
-457.110870
-367.907501
-314.524017
-210.920670
-464.947906
-636.084656
-474.367401
-240.310120
-157.549545
91.919159
67.146294
-13.250786
60.884537
251.288834
274.218201
326.633087
41.561287
-227.159119
-272.866821
-238.753113
-237.171707
-261.947937
-394.853760
-470.208191
-370.608826
-482.575592
-579.034485
-659.678223
-726.402039
-759.127808
-798.888916
-795.246765
-881.509949
-812.061890
-752.247620
-829.050720
-706.111328
-644.205017
-453.869568
-312.054230
-260.997131
-121.011772
-182.947556
-75.465561
-18.512152
-63.725479
-64.184311
-118.716957
-47.067886
84.543770
-4.239674
-14.420976
-26.538172
-183.545883
-339.565186
-350.051300
-236.532639
-296.523346
-391.122559
-401.933044
-429.090668
-389.185913
-504.615570
-353.989624
-374.235474
-299.675140
-179.715454
-78.405861
-330.448151
-546.988159
-397.185608
-158.058533
-78.282646
118.022171
99.428040
-12.285233
48.958958
232.827515
267.057953
311.997009
-33.324455
-255.059616
-266.139587
-230.610397
-259.918457
-279.504089
-436.413208
-534.938416
-518.726624
-705.619934
-748.090454
-821.885803
-901.121399
-971.510681
-1034.002686
-1027.169312
-1174.119507
-1068.110229
-994.989868
-1009.913086
-907.274231
-852.259338
-677.785706
-511.468658
-450.579193
-282.259918
-330.906555
-192.054932
-109.900299
-178.154755
-171.803284
-279.266907
-172.598755
-50.482758
-118.292366
-118.538864
-107.157448
-231.541092
-382.501129
-354.550781
-305.733643
-424.731842
-438.797150
-412.297974
-395.855347
-295.682861
-408.828125
-203.396576
-222.115021
-142.241699
31.977732
78.663712
-134.744553
-339.573090
-218.439682
5.699641
64.992592
164.443100
132.741745
9.225829
51.392624
200.330200
251.312286
275.319519
-130.935547
-266.480438
-224.304153
-179.889008
-236.015106
-240.615173
-411.133209
-526.486694
-606.278015
-856.380981
-855.338196
-930.610046
-1016.615540
-1107.760620
-1184.578247
-1184.638672
-1376.790649
-1218.058838
-1144.985474
-1118.465454
-1043.036743
-1008.709412
-861.903748
-689.866516
-616.135681
-442.188843
-468.369995
-296.316559
-215.305420
-297.625092
-267.937347
-406.905365
-283.537079
-176.052948
-206.180389
-197.385742
-179.267151
-253.238983
-396.295776
-337.324219
-367.281158
-511.144958
-432.130371
-357.034576
-288.177429
-143.176865
-221.785858
6.528799
-15.732268
48.549332
253.819946
211.209869
66.492706
-85.767754
13.697639
206.487030
241.783600
251.616394
183.257202
50.203773
58.475964
158.103470
233.049957
222.654984
-244.119049
-275.341797
-175.771835
-121.667267
-182.383484
-168.711838
-333.912903
-461.853638
-637.555298
-919.884094
-894.380371
-990.038879
-1069.688843
-1170.050049
-1239.705200
-1248.514893
-1470.964722
-1276.568481
-1222.890259
-1158.034180
-1105.113892
-1086.630737
-987.957458
-833.007202
-752.418579
-580.632324
-565.000732
-372.346619
-301.075714
-388.213745
-332.588043
-470.269989
-356.172729
-284.980042
-266.438812
-256.794220
-227.509384
-253.970139
-373.153992
-282.271027
-389.731873
-524.083313
-371.899475
-246.842453
-135.771286
39.997795
16.225723
229.602158
211.226746
223.192963
411.195862
318.540405
253.797226
161.889816
241.219788
391.788696
413.503174
359.570160
258.290344
129.457077
96.035469
129.923370
217.205780
165.972809
-326.777618
-248.832321
-111.290283
-55.730377
-121.694885
-86.080856
-219.232651
-359.151245
-607.497070
-892.799194
-863.896118
-989.052917
-1059.684814
-1150.922974
-1212.673096
-1221.736694
-1454.001343
-1241.523560
-1218.337402
-1121.860352
-1078.387695
-1059.542603
-1017.802917
-917.338501
-845.808655
-687.003174
-607.028381
-415.085388
-362.829224
-429.620575
-332.023254
-446.297424
-358.044098
-348.155121
-279.417999
-273.801300
-225.034058
-210.651489
-298.391174
-179.187927
-341.355194
-448.283020
-249.478516
-98.331284
34.707996
213.321671
252.459366
429.700378
440.222137
406.218811
527.960327
412.665039
461.194672
401.559906
422.868073
544.910889
548.067871
460.299744
340.605316
238.279861
171.637787
129.420059
202.360031
108.336044
-349.237183
-187.777130
-41.758659
4.828129
-65.271484
0.882961
-85.344589
-238.713074
-526.286194
-783.907349
-774.818298
-924.339783
-990.841064
-1065.893555
-1105.180298
-1116.375610
-1340.440796
-1115.159912
-1122.570068
-996.424194
-961.287231
-939.752869
-941.847778
-922.240723
-850.948425
-725.908752
-583.368713
-428.381287
-402.242126
-428.335419
-295.795471
-352.355560
-282.011475
-339.666901
-245.548187
-228.705139
-165.369171
-104.933968
-159.996277
-38.742970
-233.118942
-296.476593
-69.435982
87.478142
218.343750
379.012329
468.700623
582.996338
606.568115
550.668640
603.265381
465.468323
617.206482
585.406921
563.235840
651.853699
641.861633
529.001221
416.472260
359.801758
264.674652
155.174637
206.515686
65.734261
-305.494812
-109.986588
19.318041
49.228558
-2.880887
73.303459
25.803490
-131.155899
-414.787018
-622.428589
-654.544556
-803.323853
-861.655823
-920.061707
-921.332703
-936.103516
-1117.110474
-895.552917
-931.667175
-785.457092
-759.532471
-728.902954
-767.981323
-828.588989
-754.941040
-669.535400
-498.453217
-399.913361
-380.987335
-371.827667
-242.632538
-220.574051
-180.457260
-310.915863
-207.458893
-169.757629
-100.146652
2.787105
-0.741459
101.729515
-102.758385
-104.449928
120.826736
260.577667
375.568542
492.907837
611.432068
656.006714
688.136719
609.124878
604.895630
456.436829
667.135193
667.629517
636.310181
700.950684
699.206970
572.776917
488.070007
492.161682
377.649963
209.163498
229.690674
61.045124
-215.863693
-8.155666
61.288429
72.510788
49.860493
100.460350
91.043503
-33.753651
-272.652740
-409.500244
-485.977386
-619.029053
-649.920715
-671.584290
-645.556396
-671.501404
-791.885803
-596.575928
-665.563049
-530.537354
-509.933563
-457.423401
-522.198242
-643.893188
-594.924561
-547.440430
-366.921021
-328.020966
-319.994995
-281.450592
-167.863510
-107.360634
-108.039223
-269.904999
-166.023911
-109.079521
-53.808712
75.097061
133.319214
202.331940
22.481831
86.326416
294.762146
392.629425
485.620483
539.766846
675.471313
659.578552
704.991882
605.856750
529.140381
390.170197
635.344238
664.393555
631.590393
691.195312
689.394348
574.481262
526.986267
582.060486
464.877228
272.037445
250.689713
80.191452
-80.066681
107.263412
80.157837
58.117702
57.696972
79.985031
122.718414
62.399204
-99.321716
-146.072906
-238.249924
-362.913269
-359.278687
-342.668823
-293.505737
-336.051270
-391.376617
-260.524200
-356.160919
-250.302811
-231.992645
-172.722504
-242.247070
-397.669006
-363.171051
-356.239868
-186.994125
-207.951874
-209.745682
-142.893478
-63.274555
18.122076
-22.390900
-163.950912
-103.600014
-23.415215
-1.292108
140.550110
251.135025
276.818420
143.822327
244.777512
430.283264
477.044495
529.539490
531.532349
651.980957
586.362305
651.760559
553.675354
397.645325
274.995575
530.291199
590.777832
573.777649
613.752930
584.954407
484.676575
490.062073
577.128540
471.554596
295.553223
237.427872
94.954292
73.410034
195.486374
76.582382
9.256658
16.891470
6.789950
95.252106
109.467697
51.212204
109.928230
34.954315
-75.639313
-43.068638
-11.853256
55.067230
10.254407
42.488934
74.425354
-27.350201
32.891048
48.870491
98.893417
41.476791
-110.759819
-82.408997
-102.454346
21.354698
-38.361366
-21.814066
57.403919
59.531960
177.393585
92.709717
-8.151991
-9.630610
77.870232
64.382538
202.591461
359.192474
342.570679
269.764526
379.224731
515.374695
507.562653
505.497009
451.989044
534.050171
423.522614
514.787109
443.689423
243.551788
162.802490
377.257935
460.648682
444.198792
443.956757
397.221222
300.629761
374.753906
485.169525
399.453888
259.570862
186.526291
81.460289
210.736649
245.434921
39.333733
-73.177177
-59.099644
-110.114044
13.902044
106.009377
142.145935
307.033173
266.268463
196.336761
251.237381
282.205353
326.955658
303.664246
422.411987
347.815857
273.495728
283.444611
281.619049
322.365479
284.624847
186.526031
193.717178
155.243347
217.723114
118.574043
169.040741
253.078812
156.232605
310.440399
198.164688
155.978867
102.635254
185.314560
145.959595
258.087982
457.251648
397.195618
397.522003
498.890137
562.253357
498.295349
446.745789
337.892426
370.247559
212.309296
330.623993
300.449066
82.986710
74.452377
225.739883
314.293701
282.446442
219.482071
162.185532
51.912754
187.905991
314.237091
270.082336
176.899811
97.883614
34.931175
320.109863
256.786102
-11.837849
-148.849579
-136.737503
-231.912186
-73.071609
77.092819
196.041428
429.111847
435.159454
424.951111
489.469238
504.585144
498.266205
510.294250
702.594666
538.393982
509.942200
454.106476
445.765717
480.248535
460.790131
449.873688
437.767456
374.005280
363.896637
232.282913
308.881256
404.836945
205.604431
381.873138
272.143433
301.754974
189.014572
272.102722
217.399124
294.220856
529.489990
436.952179
503.321838
563.955750
556.887390
446.105774
364.429840
223.960938
201.830872
16.153294
147.722382
152.597961
-58.430511
-2.551171
104.258087
176.349197
128.245743
-22.113293
-83.232574
-214.264618
-29.098778
103.667892
97.152161
55.405209
-25.438292
-27.065010
407.712189
260.210419
-36.268951
-177.626984
-187.338623
-342.271362
-168.804092
28.941614
217.171143
485.600800
531.587158
576.493652
651.566101
643.511230
596.289001
632.325745
874.216492
662.680542
673.915588
547.263367
541.926758
561.717651
569.981567
654.602478
609.767883
516.975586
436.204834
312.199799
400.371429
521.826416
231.546692
398.556274
315.176178
399.267395
231.865814
311.308899
256.704987
293.099640
541.942688
437.845398
553.285583
555.458557
495.073425
348.727936
264.319061
114.718445
42.334724
-142.113266
-17.703148
25.659454
-150.544830
-68.221107
-6.478263
49.019768
-11.063338
-247.538818
-287.559113
-440.409790
-226.737793
-109.465080
-84.053223
-78.449860
-155.340561
-91.601349
452.394165
260.505737
-30.435282
-168.259094
-203.844528
-404.683289
-248.575836
-19.894594
193.092392
461.914948
541.952515
637.141235
721.060547
679.122314
609.505554
665.069275
909.904907
691.264099
735.742249
565.621582
552.553345
553.848877
600.174683
753.328735
675.287903
560.149719
437.189453
338.952026
432.417633
568.338562
229.855453
360.568268
311.682953
428.904327
242.428162
308.593964
263.272308
260.092499
488.522064
386.834290
534.630188
477.526703
384.191254
229.820786
156.603394
18.201620
-93.636787
-258.686523
-151.598495
-68.140083
-185.469193
-119.549454
-96.840019
-42.384212
-105.234428
-400.047943
-417.290161
-590.890747
-379.012909
-296.657837
-229.141617
-185.253326
-244.468597
-138.627533
413.350159
216.342957
-26.729582
-143.853500
-191.721970
-393.640808
-273.040466
-50.550186
151.423035
384.172424
482.421234
597.403137
673.154541
615.863098
535.467712
598.940369
810.175659
612.926086
673.779480
502.806763
488.009460
475.419769
549.562317
732.416443
641.034607
526.173889
388.964783
313.050293
396.606995
517.847290
192.616760
282.342651
263.842896
395.056458
221.296844
268.200836
234.914246
200.515045
381.667480
296.050232
450.840454
354.878235
245.892807
106.557602
47.466221
-59.991501
-184.742584
-312.066498
-233.339264
-131.783524
-187.119247
-137.887009
-145.486130
-99.599571
-159.657135
-460.955078
-464.374115
-629.918030
-448.758606
-402.249146
-314.681458
-249.903442
-286.006561
-162.056442
