/Real_Ip2_1
1
Ip
6830.631348
6715.943359
6782.936035
7049.013184
6965.687988
7237.557617
7515.979492
7516.779785
6965.687988
6965.687988
6965.687988
6965.687988
8012.319336
8080.347168
8029.677734
7942.884277
7619.211426
7319.723145
6965.687988
6965.687988
6626.397949
6617.021484
6244.654785
5941.235840
5788.235840
5857.634277
5625.112305
6024.830566
5830.588867
5995.196289
6050.251953
6104.773926
6761.724609
6833.531738
6733.702148
6004.196777
5794.555664
5368.848633
5181.096191
5392.786133
5829.121582
5548.578125
5680.324707
6098.833496
6149.231934
6450.616211
6838.319336
7072.515625
7295.944824
7461.418945
7474.278320
7435.300781
7442.802734
7316.132324
7221.114746
7151.282715
6746.532227
6806.371582
5470.741699
5481.965820
5737.843262
5974.937988
6007.923340
6970.738281
7712.151855
7885.916504
7710.635254
7803.497070
8008.736816
8055.818359
8035.545410
8250.053711
8260.191406
8242.156250
8144.807617
8038.136719
8189.152344
8087.837891
8162.875000
8043.248047
7856.269043
7734.981934
7750.303223
6964.286621
6946.806641
6960.254883
6722.514160
6541.500977
6276.406738
6314.627441
6456.606445
6177.335938
6148.602539
5851.174805
5982.106934
6013.078125
5990.162109
6227.229980
6075.577148
6117.650391
6162.463379
5783.639160
5644.037109
5446.439941
5694.185547
5847.713379
5788.177734
6255.491699
6651.688477
7068.750000
6944.457520
7206.494629
7115.919922
7258.320801
7334.046387
7346.236816
7330.306641
7288.545410
7202.763672
7121.843262
7024.503418
6733.702148
6733.702148
5915.400391
5955.067871
6099.955078
6733.702148
5634.546387
8273.135742
8269.734375
8129.534180
8099.303711
8311.863281
8306.468750
8294.274414
8246.440430
8115.151855
8201.468750
8184.656250
8271.320312
8190.833008
8253.258789
8297.886719
8372.040039
8271.046875
8228.771484
8214.523438
8182.398926
7980.953613
7817.373535
7794.914062
7540.069336
6950.205078
6702.290527
6534.016113
6742.191895
6337.189941
6270.659180
5970.017090
5937.927734
5912.130859
5863.598633
5945.445312
6169.550293
6474.032227
6629.483398
6421.943359
6062.728516
5896.084961
5992.431641
6195.405273
6482.963379
7102.104492
7150.573242
7107.255859
7339.241699
7218.348633
7368.826172
7277.293457
7330.462891
7327.627930
7034.499023
6827.001465
6733.702148
7037.318359
7294.259277
6993.653320
6733.702148
6736.617676
6733.702148
6733.702148
5454.598633
8310.021484
8337.333984
8321.375000
8278.633789
8291.562500
8402.890625
8475.762695
8520.288086
8483.998047
8404.791016
8384.641602
8376.718750
8458.783203
8352.683594
8357.700195
8562.603516
8461.846680
8471.244141
8387.971680
8480.446289
8434.130859
8286.863281
8191.137695
8003.744141
7854.543945
7798.620117
7391.317383
6823.040039
6828.028809
6687.805664
6209.434570
5981.124023
6172.044922
6109.693848
6425.219238
6422.020996
6643.441895
6737.977051
6676.003418
6455.963379
6246.041016
6627.050781
6875.222168
6981.912109
7097.615723
7201.714355
7080.772949
7041.748047
7159.351074
7292.051758
7310.865234
7277.454102
7242.847656
6985.811035
6733.702148
6733.702148
6733.702148
6848.583984
6798.695801
6838.072266
6812.695801
6733.702148
5790.979980
5730.907227
8389.196289
8217.894531
8219.402344
8344.277344
8507.169922
8620.078125
8484.139648
8200.703125
8408.165039
8426.166016
8531.132812
8719.538086
8637.835938
8593.248047
8516.768555
8618.242188
8683.557617
8661.486328
8620.494141
8537.053711
8481.275391
8253.443359
8078.362305
8170.173828
7944.258301
7961.590332
7902.348633
7720.798828
7510.905762
7173.976074
6525.824219
6487.225098
6515.119141
6965.687988
6921.184082
6965.687988
7427.629395
7582.451172
7452.514648
7177.006836
6876.024414
7190.684082
7091.608398
7081.429688
7080.207031
7140.108398
6938.642090
6733.702148
6960.251465
7105.644531
7212.783691
6920.098633
6370.092773
6131.547852
5680.349121
5370.163086
5673.213867
5777.355469
5794.739746
5774.468262
6185.765137
6180.027344
6087.608887
5718.207520
8661.205078
8666.271484
8619.985352
8659.929688
8681.401367
8652.229492
8779.666016
8661.137695
8708.334961
8669.623047
8494.837891
8501.587891
8698.379883
8676.007812
8674.174805
8638.211914
8626.320312
8697.884766
8572.904297
8378.634766
8224.260742
8272.961914
8252.416016
8319.464844
8231.567383
8103.383789
8053.022461
8010.126465
7893.782715
7644.297363
7252.638184
6727.538574
6748.359863
6965.687988
7621.033691
7713.534180
7864.774414
7861.963379
7596.600098
7626.570312
7505.176270
7518.615234
7473.877930
7339.082520
7251.324707
7085.624512
7073.572754
7145.943848
7211.309082
7031.403809
6852.801758
6733.702148
6782.077637
5924.350098
5341.365723
5427.994141
5155.869629
5137.512207
5455.256836
5840.474609
5662.795898
5879.691895
5884.015137
5923.375000
8752.443359
8786.621094
8683.868164
8802.080078
8770.829102
8678.929688
8601.801758
8783.671875
8784.304688
8830.416992
8741.922852
8641.901367
8652.859375
8553.928711
8647.776367
8652.028320
8441.593750
8436.126953
8613.613281
8288.469727
8343.173828
8272.615234
8344.102539
8342.734375
8273.740234
8242.543945
7994.041016
8053.269043
8248.136719
8154.862793
8061.008301
7978.741699
8033.939941
8041.686035
8083.001953
8102.766602
7977.129395
8029.169434
7854.996094
7863.574707
7682.327148
7485.530273
7307.773926
7010.259766
7058.565430
6969.791016
6736.036133
6419.083008
6311.643066
6167.052734
5890.732910
5803.177246
6866.209473
6787.844727
5286.283203
5165.509766
5154.000488
5166.434570
5353.974121
5333.246582
5614.819336
5571.577148
5560.958984
5882.546387
8744.015625
8655.516602
8690.995117
8822.969727
8819.253906
8794.749023
8720.215820
8796.403320
8820.666992
8826.901367
8790.866211
8748.526367
8706.966797
8665.047852
8649.606445
8737.326172
8663.330078
8671.479492
8475.447266
8328.322266
8172.369629
8317.632812
8367.401367
8239.135742
8316.984375
8114.884766
8308.529297
8388.916992
8467.214844
8470.015625
8304.758789
8287.686523
8304.929688
8193.528320
8264.288086
8297.634766
8310.925781
8185.679199
8058.500000
7855.864746
7416.215332
7205.484863
7014.538574
6844.278809
6578.333008
6203.209473
6302.344238
6025.773438
5836.275391
5827.809082
5636.070801
5593.037109
5484.150391
5451.944824
5103.886230
4868.368164
5179.863770
5691.221191
5316.016602
5298.306641
5499.098145
5790.592773
5887.385742
6189.933594
8634.144531
8639.094727
8553.790039
8694.239258
8660.115234
8787.766602
8773.310547
8824.940430
8881.414062
8797.504883
8788.693359
8883.148438
8828.507812
8774.963867
8722.847656
8760.128906
8824.804688
8760.373047
8650.448242
8438.791992
8270.646484
8324.910156
8210.280273
8052.196777
8164.457520
8266.240234
8313.158203
8334.678711
8423.112305
8396.830078
8343.893555
8446.175781
8297.073242
8314.064453
8350.778320
8179.883789
8089.732910
7930.267578
7972.807129
7771.434082
7793.775879
7453.858887
7440.337402
6879.515137
6390.721191
6044.289062
5966.815430
5920.984375
5623.805176
5807.995605
5900.766113
5518.569824
5358.705566
5334.380371
5194.449219
5300.314453
5412.650391
5410.917480
5398.720703
5571.736328
6098.540527
5984.655273
6354.164551
6391.598633
8469.450195
8494.027344
8402.425781
8472.977539
8642.307617
8825.068359
8813.305664
8877.268555
8838.684570
8760.608398
8697.814453
8809.348633
8720.192383
8698.976562
8677.711914
8630.986328
8582.559570
8669.072266
8543.407227
8379.000977
8140.593750
8237.240234
8180.730469
8107.533203
8255.447266
8409.056641
8649.605469
8616.751953
8441.214844
8421.478516
8275.066406
8305.657227
8409.578125
8265.958008
8153.783691
8045.623047
8078.752441
7876.029297
7699.937988
7624.049316
7800.489746
7387.118164
7371.553711
7126.060547
6671.898926
6316.631348
6010.361328
5575.805664
5602.687012
5622.273926
5557.286621
5467.223633
5741.072266
5451.524902
5646.998535
5529.977539
5332.004883
5352.536133
5315.287109
5473.008789
6166.665527
6299.227051
6286.975586
6824.403320
8637.526367
8537.132812
8460.434570
8488.375977
8403.601562
8633.436523
8531.135742
8392.207031
8566.352539
8428.861328
8451.093750
8442.058594
8336.741211
8414.486328
8460.053711
8484.039062
8572.447266
8605.648438
8437.010742
8521.128906
8455.583008
8277.285156
8295.839844
8325.800781
8292.627930
8396.631836
8574.538086
8638.921875
8654.345703
8345.553711
8107.218750
8014.038574
8118.697754
8144.135742
8267.620117
8164.588379
8114.024414
8019.650879
7964.231934
7684.779785
7667.188965
7574.751953
7493.991699
7149.797363
6731.897461
6559.052246
6480.644043
5925.542969
5817.734863
5582.085449
5483.458496
5418.149902
5453.141113
5486.989746
5431.861816
5498.920410
5499.079102
5377.666504
5352.192383
5658.390625
6920.002930
6733.702148
6540.692383
6255.732910
8665.776367
8686.545898
8701.914062
8660.537109
8592.931641
8580.583984
8672.121094
8675.346680
8560.084961
8653.848633
8543.479492
8520.038086
8423.938477
8231.160156
8289.039062
8177.944336
8314.816406
8267.236328
8331.498047
8246.358398
8154.281738
8046.097656
8069.189941
8226.004883
8242.780273
8444.014648
8498.662109
8304.662109
8350.501953
8411.289062
8280.505859
8051.840820
8148.167969
8057.906250
8078.905762
8115.138672
8061.749023
7923.468262
7798.636230
7744.438477
7756.795410
7713.754395
7480.228027
7449.938965
7300.625488
7040.391113
6431.863770
6239.661621
5939.555176
5749.911133
5714.993652
5596.339355
5614.042480
5707.029785
5740.822266
5807.103516
6258.691406
5783.419922
5455.537598
5613.967285
6060.606934
6405.603516
6455.422363
6417.192871
8446.446289
8511.777344
8476.897461
8467.990234
8429.320312
8623.371094
8422.521484
8463.698242
8532.701172
8548.507812
8407.638672
8393.043945
8442.148438
8391.147461
8379.262695
8332.471680
8382.906250
8391.985352
8076.006836
8213.957031
8256.566406
8290.744141
8122.201660
8111.788574
8025.652344
8266.918945
8235.411133
8159.355469
8236.970703
8088.242188
8259.176758
8339.550781
8384.394531
8285.550781
8108.875977
7985.199707
7930.164551
7838.665039
7734.954590
7573.109863
7792.826172
7586.786621
7543.689941
7496.042969
7326.909668
7119.092285
6764.011719
6654.130859
6313.527832
6529.504883
6241.195801
6295.042480
5980.759277
6080.639648
6390.620117
6261.708984
6103.297363
5845.397461
5538.644531
5464.208984
6003.479004
6791.001953
6733.702148
6733.702148
8521.477539
8634.702148
8524.825195
8452.378906
8663.727539
8668.872070
8678.111328
8572.964844
8440.006836
8288.241211
8363.187500
8286.443359
8376.681641
8256.135742
8303.318359
8255.818359
8271.743164
8163.656738
8068.825195
8279.509766
8271.420898
8277.882812
8192.640625
8247.249023
8309.261719
8310.525391
8343.123047
8292.986328
8282.916016
8347.178711
8395.105469
8313.951172
8240.118164
8246.169922
8144.472656
7958.513672
8004.665039
7762.435059
7770.532227
7779.087402
7531.304688
7543.795410
7642.711914
7652.699707
7824.860352
7992.465332
7449.613281
6731.431152
6701.812988
6624.596191
6621.878418
6931.811523
7034.252930
7055.700195
6985.096191
7002.383301
6565.001953
6194.961914
6821.695801
6733.702148
6830.078613
6795.045410
6733.702148
6733.702148
8486.302734
8456.045898
8250.021484
8398.868164
8466.702148
8527.389648
8642.320312
8520.772461
8509.799805
8442.382812
8250.152344
8058.343750
8093.280762
8215.863281
8047.093750
8032.314453
7997.727051
8165.229980
8135.375488
8127.391113
8244.006836
8286.434570
8384.559570
8490.311523
8357.847656
8217.990234
8248.922852
8271.083984
8244.949219
8034.475098
8026.231934
7860.871582
7862.918945
7684.231934
7530.009277
7543.855957
7481.535156
7328.965820
6965.687988
6872.924316
6884.679688
6964.991699
6965.687988
7379.515137
6781.931152
6965.687988
6739.323242
6678.538574
7254.373535
7364.146973
7277.646973
7319.739258
7316.202148
7267.323242
7369.976562
7136.842773
7112.184082
7035.348145
7014.727539
7083.573730
7247.762695
7221.639648
7174.350098
7327.235352
8442.046875
8307.734375
8333.026367
8295.046875
8292.257812
8379.226562
8377.891602
8316.909180
8322.871094
8322.934570
8211.509766
8237.144531
8028.344238
8042.068848
8050.011230
8188.332031
8264.815430
8266.173828
8346.253906
8324.092773
8293.169922
8144.950684
8096.110352
8136.169922
8120.596191
8237.233398
8037.062012
8004.293457
7919.374512
8032.103516
7832.206543
7591.654297
7379.339844
7376.938965
7404.378418
7355.220215
7272.306641
7110.788086
6960.852539
6965.687988
6713.615723
6677.586914
6640.994141
6616.486328
6722.952148
6910.580078
6623.231445
6810.481934
7163.072266
7303.164062
7160.832520
7138.416016
7150.768066
7253.303223
7456.868164
7511.913574
7527.114746
7491.585449
7346.054199
7336.152832
7356.812012
7321.652832
7379.623535
7333.869629
8286.297852
8315.279297
8468.524414
8388.042969
8383.317383
8266.574219
8351.834961
8265.626953
8222.520508
8446.345703
8451.500000
8384.981445
8327.852539
8191.208008
8265.208008
8291.864258
8352.078125
8273.293945
8284.398438
8165.459961
8126.645020
8203.791016
8234.708984
8089.341309
8112.967285
7960.095215
7962.412598
7844.839355
7729.562500
7604.063477
7445.114746
7424.887207
7398.084473
7440.171387
7241.654297
7094.576172
7123.890625
7048.973145
7041.742188
6927.273438
6915.827637
6965.687988
6645.508301
6646.317871
6733.702148
6733.702148
7116.825195
7323.042480
7368.624023
7345.560547
7189.937988
7215.714844
7312.331543
7495.170898
7734.917480
7504.509277
7541.948242
7543.007324
7673.874512
7573.521484
7510.396484
7555.216309
7627.202148
7693.595703
8335.267578
8275.002930
8329.792969
8381.978516
8350.849609
8398.026367
8404.757812
8464.516602
8474.846680
8638.287109
8576.001953
8389.709961
8272.647461
8273.670898
8367.205078
8336.959961
8316.586914
8262.412109
8279.096680
8137.170410
8127.123047
8043.871582
8063.072754
7898.106445
7862.635742
7576.550781
7438.315430
7593.583984
7575.723633
7612.220215
7453.279297
7499.000488
7516.003906
7639.486328
7426.156250
7496.254395
7523.969727
7631.341797
7399.848633
7343.745605
7249.084961
6814.420410
7081.376953
7201.363281
7308.633789
7362.834473
7402.435059
7362.485840
7292.584961
7406.603027
7531.160645
7651.441895
7833.064453
7959.666504
8009.782227
7961.567383
7897.214355
7954.366699
7825.963379
7837.861328
7914.746582
7940.882812
7768.949219
7702.744629
8157.455566
8276.054688
8301.478516
8425.476562
8369.488281
8444.339844
8447.166992
8595.520508
8466.659180
8356.626953
8521.435547
8477.320312
8382.728516
8441.267578
8497.045898
8373.265625
8213.528320
8239.811523
8289.790039
8205.866211
8144.909180
8085.014160
7938.776855
7983.696777
7764.007812
7612.755371
7721.402344
7610.154785
7596.933105
7481.682617
7409.984375
7523.866699
7510.113281
7383.148926
7305.861328
7382.597656
7411.861328
7452.038086
7493.575195
7497.229980
7410.329102
7452.130859
7445.510254
7372.208496
7347.012207
7543.435059
7541.676758
7581.945312
7789.397949
7953.764160
7983.011230
7995.566406
7926.303223
7854.922852
7986.644043
8087.831055
8142.342285
7962.474121
8085.478027
8243.140625
8086.582520
8118.248047
8040.953613
7892.980469
8536.103516
8400.147461
8325.119141
8357.827148
8335.183594
8476.822266
8400.100586
8399.933594
8426.460938
8477.867188
8398.066406
8165.375000
8206.297852
8203.180664
8237.681641
8103.446289
8073.132324
8084.211914
7968.412109
8015.990723
7981.326172
7823.741211
7799.542969
7498.793945
7485.773438
7530.109863
7663.345703
7524.294434
7422.547363
7343.596680
7289.016602
7277.573242
7320.531250
7171.941895
7282.461914
7328.386230
7375.915039
7500.843750
7659.207520
7380.466309
7485.312012
7515.770508
7514.786621
7567.928711
7550.452637
7841.194824
7856.586914
7755.837402
7776.186523
7930.989746
8027.083496
7969.378418
8064.603027
8162.696289
8023.059082
8220.396484
8074.829590
8157.216797
8263.430664
8216.603516
8009.744629
7974.602051
8000.078125
8032.264648
8429.871094
8408.250000
8444.282227
8341.730469
8286.316406
8499.820312
8481.074219
8592.481445
8320.551758
8496.595703
8363.348633
8267.277344
8187.973145
8248.732422
8197.046875
8070.143555
7967.190918
7814.194824
7821.245605
7973.957520
7824.246094
7959.085938
7564.238281
7103.301270
6965.687988
6901.588867
6809.605469
6954.968750
6887.895020
6868.599609
6809.002441
6777.967285
6682.356445
6694.109863
6689.514648
6846.040527
7080.036133
7288.827148
7651.047363
7734.679688
7661.153809
7637.136230
7903.083008
7934.861328
8240.304688
8180.560547
8325.402344
8415.985352
8291.670898
8315.800781
8329.831055
8318.333008
8220.314453
8325.548828
8257.664062
8409.069336
8392.381836
8417.526367
8462.195312
8294.633789
8201.586914
8176.629395
8098.180664
8199.881836
8604.602539
8666.124023
8522.386719
8388.650391
8268.698242
8195.994141
8221.686523
8314.897461
8306.906250
8264.711914
8092.852051
8088.494141
8026.688965
7959.672363
7967.669434
7816.128906
7837.505371
7647.976074
7379.685547
7344.947754
7057.704590
6965.687988
6963.848633
6574.776367
6272.666504
6251.217285
6389.765137
6545.098633
6439.963379
6446.606934
6944.638672
6752.265137
6322.979492
6472.529785
6539.607422
6815.733887
6733.702148
7047.000000
7189.348145
7405.740723
7808.747559
8065.412598
8303.529297
8442.670898
8637.804688
8480.364258
8554.852539
8650.455078
8815.499023
8823.667969
8788.649414
8751.331055
8733.425781
8583.459961
8364.656250
8443.860352
8476.996094
8468.023438
8501.175781
8284.636719
8216.729492
8136.170898
8208.105469
8137.678711
8373.332031
8355.333008
8219.648438
8109.695801
8011.406250
8054.781250
7947.790527
7984.308105
7941.346191
7984.927734
8056.681152
7913.876953
7790.621094
7927.927246
7943.186523
7808.680176
7658.806152
6950.299805
6965.687988
6926.055664
6965.687988
6927.042480
6587.460449
6531.828613
6431.508301
6168.218262
6207.455078
6565.439453
6266.885254
5963.256348
6215.093262
6438.056152
6372.468750
6277.382324
6320.826172
6497.920898
6427.835938
6535.272949
6924.967285
7289.602051
7728.716797
8154.378906
8300.516602
8537.345703
8660.384766
8638.715820
8649.315430
8655.999023
8733.439453
8572.612305
8611.068359
8718.232422
8710.879883
8649.610352
8403.535156
8250.477539
8371.143555
8425.055664
8275.022461
8021.823730
8004.229980
8046.148926
8147.435059
8088.284668
8265.666016
8394.262695
8216.490234
7985.656250
7993.706543
7992.476562
7957.412109
7693.638184
7843.455566
7959.413086
7977.641113
7922.090332
7875.931641
7805.226074
7916.348633
7905.415527
7965.526855
7879.345703
6965.687988
6862.354492
6714.562012
6621.375000
6723.606445
6418.014160
6309.072754
6471.925781
6259.877441
6200.408203
6160.051758
5816.385254
5806.859375
6002.623535
6131.605469
6154.786133
6542.826660
6461.529785
6965.687988
6896.245605
6965.687988
7344.750488
7809.698242
8130.368164
8274.285156
8331.077148
8381.747070
8455.284180
8501.751953
8654.373047
8663.897461
8712.730469
8841.265625
8854.380859
8742.402344
8747.467773
8460.100586
8505.356445
8230.916992
8323.043945
8209.968750
8057.356445
8017.089844
7979.765137
8008.993652
8221.996094
8418.857422
8342.334961
8161.152832
8001.479004
7683.894531
7765.331055
7847.082031
7671.477051
7675.631348
7862.887207
7898.313477
7906.948242
7993.151855
7885.238770
7787.805176
7727.631836
7571.625000
7477.116211
7505.116211
7368.299316
6936.407715
6950.361816
6509.941406
6490.572266
6471.968262
6467.533203
6212.726562
6205.677246
6283.497559
5625.258789
5557.506348
5604.888672
5798.002441
6325.013184
6431.360840
6681.469727
6965.687988
7668.845703
8362.630859
8479.252930
8547.994141
8682.151367
8645.175781
8757.935547
8696.143555
8564.333984
8646.728516
8645.988281
8691.652344
8669.780273
8673.052734
8752.776367
8712.142578
8600.879883
8711.183594
8585.998047
8447.297852
8453.047852
8513.302734
8440.187500
8392.118164
8185.470703
8112.714355
8121.699219
8198.587891
8020.226562
8022.519531
7828.651855
7798.215820
7507.011230
7433.907227
7417.020996
7488.349609
7458.275391
7530.289062
7694.941895
7692.749512
7583.350586
7352.617676
7170.194824
7265.423340
7194.468750
7154.981934
7058.700195
7025.412598
6757.566406
6419.696777
6630.399902
6965.687988
6481.422852
6570.104004
6220.129395
6043.929688
5647.388672
5511.572266
5564.130371
5840.862305
5895.473145
6312.562988
7235.680176
7711.447266
7886.081055
8073.265625
8338.499023
8314.867188
8573.353516
8568.109375
8659.394531
8647.676758
8721.458984
8676.426758
8714.321289
8681.987305
8817.492188
8705.305664
8754.801758
8793.743164
8804.302734
8745.689453
8674.150391
8558.337891
8421.278320
8276.995117
8269.331055
8045.193359
8046.833008
8120.633301
8179.255371
7852.746582
7836.645020
7861.003418
7866.991211
7896.161621
7788.943848
7534.809082
7432.404785
7366.837891
7312.744629
7345.140137
7336.770508
7325.483398
7163.495605
7103.040527
7300.408203
7334.912109
7243.213867
7321.000488
7217.370117
7184.668945
6913.163574
6546.205566
6560.665039
6329.608398
6376.053711
6176.537598
6189.615723
6265.971191
5790.353027
5660.983398
6000.100586
6287.053711
6121.656250
6122.976074
6707.996094
6965.687988
6965.687988
7529.418945
7855.101074
7746.988770
8036.607422
8260.755859
8369.439453
8253.225586
8387.806641
8440.164062
8478.706055
8440.208984
8635.146484
8644.917969
8506.168945
8647.639648
8459.833984
8467.341797
8348.820312
8392.533203
8359.765625
8348.855469
8268.634766
8087.368164
8238.789062
8239.744141
8026.426758
7545.649902
7452.175293
7424.586426
7493.655762
7364.430664
7357.625977
7199.466309
7057.976074
7146.185059
7081.050293
6936.204102
6882.951660
6733.702148
7008.646973
7068.638672
7169.259766
7223.322266
7078.867676
7175.578613
7244.960938
7052.965332
6967.129395
6733.702148
6733.702148
6606.341309
6264.952637
6375.855957
6118.615234
5835.030762
5579.490723
5556.465820
5534.757324
5628.871094
5810.059570
6051.827637
6448.762207
6899.968750
6846.253906
7281.346191
7474.554199
7562.119629
7589.230957
7643.349121
7946.836914
7853.377441
7806.534668
7904.833008
7885.162598
7971.638672
8026.616699
8068.115723
8278.595703
8366.596680
8310.998047
8240.434570
8050.366699
7952.311523
7961.727539
7729.430664
7803.368164
7798.017578
7743.309082
7832.254395
7975.333008
6773.885742
6644.067871
6882.412598
6589.390137
6294.356445
6405.326172
6234.808594
6150.039062
6755.649902
6267.976074
6244.546387
6215.976074
6402.419434
6445.566406
6489.541992
6625.519531
7058.362305
7310.678223
7156.428223
7318.180664
7288.281250
7106.314941
7225.359863
6733.702148
6497.237793
6247.800781
6285.141602
5976.887207
5780.964355
5551.951172
5317.395508
5190.796875
5423.125977
5877.355957
6461.645996
6422.824219
6764.226562
6717.238281
7190.268066
7318.121582
7407.073242
7549.973145
7472.449707
7261.754883
7176.605957
6963.151367
6960.656250
6962.465820
6965.687988
6964.715332
6965.687988
7718.715332
8037.557617
8069.284668
8142.179688
6964.886719
6964.737793
6965.687988
7295.870605
7540.391113
7511.479492
7447.926758
7525.838379
7630.291016
6173.250488
6330.921387
5907.652344
6003.710938
5601.955566
5445.152832
5588.842285
5474.595703
5995.152344
5819.049805
5720.640625
5868.264160
6185.249023
6191.828125
6207.553711
6244.666016
6406.745605
6400.568848
6736.592285
7341.717773
7446.974609
7485.582520
7567.943848
6779.041504
6486.100098
6330.766113
6689.175293
6424.666504
5661.038574
5434.647461
5320.697754
5442.362305
5430.384766
6098.990234
6125.894531
6255.452637
6593.779785
6971.195801
7194.575195
7323.902832
7410.775391
7306.776367
7109.576660
6858.984375
6725.682129
6664.231934
6675.684570
6691.300781
6570.568359
6605.015625
6702.344727
7280.679199
7525.210449
7538.300781
7829.218262
7768.374023
7733.561035
7726.051758
7606.799805
7459.258301
7499.975586
7395.575195
7461.656738
7703.635742
5989.468262
5919.453125
5798.032227
5485.619141
5391.059570
5484.281738
5146.004395
5101.752441
5460.328125
5458.616699
5251.921387
5569.830566
5848.081543
6416.671387
6164.016113
6160.036621
6355.282227
6417.300781
7013.368652
7188.383301
7225.647949
6964.458008
6770.904297
6733.702148
6299.385254
6377.542480
6310.300293
6044.939453
5780.653809
5755.983398
5734.529785
5774.703613
5648.886230
5973.232910
6129.205078
6647.355957
7383.999023
7278.240234
7325.269043
7243.781250
7342.170410
7338.189941
7250.908203
7192.870605
7090.305664
6926.125488
6784.574707
6965.687988
6701.863770
6917.847656
6872.812988
7066.780762
7191.093262
7234.167480
7302.860840
7346.672363
7511.919434
7480.399414
7552.078613
7526.293945
7570.216309
7573.174805
7456.108398
7469.830566
5821.833496
5604.175293
5761.929199
5218.110352
5121.090820
5173.845215
4508.219238
4630.208496
4692.402832
5119.781738
5148.995605
5395.435547
5526.729004
6061.439453
6024.567383
6237.346191
6072.555664
6090.967285
6405.324219
6577.583496
6498.476562
6436.541504
6438.784668
6305.604004
6287.106445
6004.898438
6091.618652
6030.680664
5658.681152
5819.263184
6237.149414
6054.343262
5911.179688
6167.321777
6680.909668
7055.634277
7121.386719
7192.307129
7182.468262
7278.721680
7493.105469
7538.705566
7423.185547
7345.761719
7356.811035
7240.614746
7267.222656
6965.687988
7097.542969
6531.882812
6775.438965
6628.396973
6646.128418
6735.719727
6578.760742
6711.019043
6733.702148
6729.802734
6858.464355
6924.620605
6925.529297
6678.924316
6697.218262
6888.985840
5449.287109
5241.824219
5379.369141
5304.701172
4644.531738
4602.749023
4507.298828
4527.132812
4497.935059
5190.348145
5169.133301
5197.165039
5330.584961
5782.512695
6134.128906
5898.477539
5880.124023
6077.849121
6135.009766
6426.077637
6435.843262
6243.916504
6559.962402
6394.477051
6287.176758
6403.635254
6228.534668
6568.959473
6022.905273
6171.927734
6303.405273
6492.830078
6491.846680
6971.836914
7103.411133
7332.377930
7451.971680
7479.628906
7512.502930
7612.854492
7501.222168
7610.618652
7680.365723
7512.393066
7318.233887
7351.448242
7378.489746
7342.971680
7208.972168
6761.300781
6611.309082
6465.410645
6536.120117
6302.443359
6307.510254
6450.405762
6681.863281
6465.211914
6600.013672
6397.794922
6336.305664
6402.484863
6429.931641
6506.015137
5375.137207
5051.096680
5162.627930
5502.108887
4956.163574
4492.487793
4615.709473
4671.195801
5028.065430
4800.739258
4902.687988
5134.344238
5211.135254
5859.546875
6259.689453
6278.431152
6101.368164
6440.851074
6119.641602
6203.304688
6240.489746
6432.816895
6666.628906
6587.177734
6608.131348
6528.837402
6663.628418
6959.715332
6504.461426
6548.231445
6576.815430
6886.411621
7049.855957
7181.228516
7336.597168
7552.965820
7584.676270
7754.008301
7905.136230
7989.809570
7977.329590
7901.666504
7758.648926
7725.604004
7719.058105
7437.136230
7313.949219
7411.713867
7279.964355
7255.845215
6946.280273
6617.165039
6489.242676
6318.804199
6292.604004
6317.770020
6282.571777
6197.805176
6524.362305
6117.213867
6032.480469
6235.538574
6123.811035
6338.353516
4998.499512
4840.157715
4751.123535
4911.961914
4585.440430
4492.487793
4630.004883
4524.239258
4737.329102
4801.244141
5084.777832
5448.552246
5634.767090
6058.132324
6181.637207
6965.687988
6315.929199
6225.388672
6277.272949
6733.702148
6875.098145
7158.984375
7376.644531
6696.945312
6965.687988
6939.821777
6956.021484
6695.916016
6817.142578
6953.258301
7221.746582
7367.338867
7431.262695
7517.269043
7522.888184
7637.883789
7739.324219
7925.628906
7784.363281
7993.243164
7983.613770
7802.931641
7837.456055
7672.433105
7678.466797
7827.990723
7631.250000
7639.739258
7639.780273
7550.088379
7303.930176
6929.004395
6965.687988
6698.126465
6853.252441
6772.726562
6232.327148
5919.446777
5881.317383
5629.779785
5683.928711
5865.819336
5824.784180
5823.242676
4899.962891
5045.407715
4732.020508
4665.484863
4492.487793
4492.487793
4512.129883
4521.336914
4492.487793
4589.405762
4985.298828
5788.562500
5834.953613
5673.934570
6039.637207
6397.117188
6248.796875
6137.842773
6733.702148
6762.432129
7019.395508
7086.075195
7367.694824
7643.802246
7782.892578
7884.580566
7802.575195
7678.138672
7673.332031
7679.364746
7408.055664
7377.507812
7134.143066
7418.924805
7664.524902
7735.509766
7795.805176
7939.670898
8005.304199
7921.002441
8074.381348
8148.454102
8002.951660
8008.317383
7984.494629
8004.400879
7851.106934
7735.482422
7638.108887
7650.524902
7551.785156
7524.800293
7331.074219
6965.687988
6657.086426
6403.672363
6452.006836
6148.344727
5667.303711
5643.096680
5548.358398
5954.970215
6318.316895
5689.016602
5309.644531
5021.615234
5018.152344
4492.487793
4622.283203
4492.487793
5260.555176
4810.727539
4770.516113
4820.782227
5034.509766
5350.517578
5468.337402
5512.664551
5800.886230
6050.755371
6200.474609
6733.702148
6885.427246
6767.470703
7189.113770
7357.531738
7504.066406
7692.405273
7804.179688
7729.581055
7746.004883
7696.431152
7772.012695
7688.023438
7713.243164
7622.887695
7484.864258
7673.635254
7785.492188
8108.712891
8222.904297
8240.644531
8258.969727
8325.056641
8246.420898
8305.318359
8237.684570
8130.334961
8105.996094
7774.616699
7932.598145
7977.904785
7914.021973
7949.315918
7931.971191
7926.709961
7781.119141
7748.604004
6831.673828
6219.494629
6171.514648
6035.685059
5699.605469
5725.373047
6014.027344
5840.343262
5844.817871
5479.391113
5433.519043
5173.693359
4753.416504
4540.311523
4492.487793
4504.064941
4744.543945
4515.198730
5062.778809
4938.291992
5198.333984
5645.184570
5934.900879
5678.406250
5763.510254
6253.403809
6733.702148
6886.330078
7096.835938
7177.946777
7292.667480
7489.059570
7602.694336
7820.993164
7843.352539
7965.687500
7956.208984
7943.155273
7940.157227
7933.604492
7914.605957
7918.040527
7981.611328
7924.974609
8114.235840
8256.369141
8467.268555
8544.793945
8435.152344
8369.017578
8269.679688
8458.076172
8414.257812
8284.456055
8304.175781
8192.277344
8037.945312
8043.763672
7903.335938
7774.070801
7687.174805
7811.438477
7582.016602
7376.147461
6927.020996
6428.470215
6160.265625
6111.981934
5745.035645
5636.825195
5788.912598
5854.992188
5859.850098
5520.415527
6067.765625
5616.409668
4723.323242
4531.880371
4671.968262
4527.951660
4875.723633
4974.968750
5262.881836
5691.939941
6088.500000
6274.824219
6219.070801
6118.455078
6126.445801
6409.538086
7177.367676
6733.702148
6975.316895
7318.491699
7516.120605
7637.830566
7671.943359
7576.236328
7756.249023
7978.423828
8018.312988
8119.501465
8034.241211
8113.832031
8228.947266
8131.365723
8197.248047
8125.366211
8133.009766
8376.568359
8454.540039
8489.505859
8259.548828
8200.684570
8292.371094
8272.931641
8231.576172
8212.102539
8302.495117
8207.623047
8087.902344
7933.549316
7965.422852
7854.418945
7783.294434
7660.241699
7464.263672
7240.476074
7193.314941
6873.492676
6224.083008
5795.189941
5663.407227
5893.490723
5786.177246
6141.289062
5644.629883
5494.414062
6811.097168
6161.487793
5667.066406
4844.720703
4800.419922
5173.164551
5160.580078
5653.217773
6023.290527
6352.965820
6820.418945
7272.523438
6847.731445
6973.962402
6974.105957
7029.658203
7267.690918
7323.186035
7582.449219
7557.806641
7733.107910
7959.969727
7979.837891
8005.229492
8033.644043
8121.152344
8257.351562
8164.652832
8132.167480
8249.338867
8184.369141
8241.898438
8212.380859
8314.508789
8263.857422
8184.816895
8317.991211
8309.076172
8514.340820
8372.588867
8376.622070
8441.476562
8396.059570
8395.255859
8367.744141
8426.671875
8302.401367
8093.818848
8189.423340
7953.741211
7854.922852
7735.975098
7733.560547
7347.643555
6733.702148
6733.702148
6788.460938
6178.589844
6101.727051
5663.815430
5669.311035
5857.897461
6049.417969
5926.312500
6733.702148
7099.149902
6733.702148
6733.702148
6733.702148
6817.184570
6957.987305
6733.702148
7025.877930
7362.675781
7473.473633
7475.275391
7410.748047
7461.409180
7528.012207
7389.575684
7293.153320
7305.434570
7448.543457
7620.463867
7912.278320
7982.906250
7884.972168
7851.229492
8020.771973
8141.554688
8148.971680
8251.514648
8270.607422
8484.543945
8371.095703
8328.330078
8404.464844
8342.817383
8361.811523
8330.769531
8659.982422
8664.209961
8472.559570
8409.565430
8510.472656
8679.900391
8662.138672
8685.535156
8724.754883
8465.292969
8533.088867
8370.219727
8113.149414
7793.876465
7538.825195
7468.415527
7405.994629
7105.550293
7098.200684
6733.702148
6932.523926
6777.013672
6149.532715
5965.923340
6128.338867
6364.620605
6316.328125
6331.317383
7077.045898
7203.160156
6971.814941
6988.251465
6733.702148
7054.108398
6980.286133
6733.702148
7011.421875
7282.158691
7446.001953
7582.559570
7673.939941
7814.415039
7883.806152
7847.594238
7849.750488
7620.054688
7600.480957
7815.267578
7840.639648
8130.145020
8030.481445
8028.272949
8097.102539
8177.346191
8255.116211
8244.671875
8332.932617
8260.379883
8249.616211
8249.057617
8350.048828
8514.680664
8671.625977
8770.557617
8859.454102
8859.395508
8820.053711
8888.873047
8827.353516
8803.049805
8730.111328
8698.321289
8658.042969
8481.285156
8459.437500
8587.601562
8309.325195
8093.505371
7865.353516
7608.776855
7491.033203
7481.320801
7367.785645
7306.229492
7235.410645
7023.786133
7017.381348
6757.918945
6754.459473
7400.844727
7535.016113
6957.550293
7066.682129
7068.570312
7028.901855
7061.634277
7243.975586
7225.716309
7227.156738
7056.455566
7336.887207
7549.967285
7501.304688
7489.485840
7538.207031
7783.750000
7782.174316
7904.762695
7870.230957
7932.540527
8022.275391
7997.677734
8054.789551
7971.722656
7993.477051
7974.696289
7975.462891
8025.011719
8179.927734
8313.600586
8378.865234
8642.439453
8598.855469
8688.324219
8703.376953
8840.168945
8894.399414
8942.727539
8927.409180
8903.089844
8912.087891
8906.382812
8906.395508
8925.072266
8832.630859
8818.620117
8707.987305
8678.662109
8605.677734
8620.272461
8466.293945
8349.637695
8219.478516
8130.456543
7929.151855
7895.678223
7851.052246
7846.969238
7765.244141
7617.071289
7378.432617
7232.142090
7061.259766
7366.324707
7563.232910
7542.673828
6878.056641
6733.702148
7058.426270
7296.395508
7297.345215
7210.708008
6887.760742
6733.702148
7027.342285
7392.012207
7605.923340
7757.800293
7971.683105
8042.481934
8021.980957
7977.818848
8049.092773
7982.044434
8019.300293
7896.571777
7969.489746
7921.621094
8059.746582
7998.750000
7868.121094
8073.149902
8247.630859
8389.839844
8387.738281
8704.185547
8745.249023
8860.384766
8933.137695
8861.169922
8937.940430
8942.727539
8942.727539
8834.467773
8942.727539
8897.435547
8942.727539
8915.500977
8883.028320
8817.154297
8819.742188
8742.384766
8447.215820
8463.961914
8448.266602
8245.835938
8141.186523
8064.115234
8117.208008
8077.651855
7820.825195
7742.651367
7699.304688
7514.586426
7485.250977
7495.158203
7498.971191
7413.753906
7443.879395
7707.644531
7358.068359
7332.100098
7301.497070
7293.905762
7023.893555
6760.308594
6733.702148
7222.406250
7255.971191
7312.868164
7523.552734
7800.646973
7956.149414
7922.218262
7784.177734
7760.895508
7786.360840
7908.270508
7902.875977
7860.167969
7907.988770
7791.407715
7921.693359
8018.612305
8249.531250
8300.430664
8403.145508
8735.264648
8815.815430
8850.888672
8886.011719
8855.141602
8823.112305
8926.833984
8786.301758
8897.648438
8823.678711
8849.500977
8829.416992
8942.727539
8930.544922
8920.091797
8808.947266
8773.794922
8659.766602
8660.315430
8491.357422
8393.559570
8322.296875
8287.193359
8125.815918
7917.081055
7897.547852
8119.418457
8062.969238
7991.729492
7988.592773
7850.743652
7787.470703
7745.572266
7771.103516
7788.658691
7742.122070
7684.750488
7442.661133
7450.667480
7351.199219
7339.618652
7182.095215
7230.374023
7231.636719
7300.414551
7413.790039
7484.462891
7349.098633
7456.408691
7501.206543
7460.178223
7396.521484
7444.774414
7504.524414
7360.503906
7462.434082
7788.386230
7803.402832
7944.588379
8069.125488
8292.585938
8271.001953
8312.296875
8368.446289
8480.872070
8652.500000
8786.595703
8790.393555
8697.381836
8667.457031
8534.321289
8480.107422
8509.055664
8331.291992
8654.001953
8619.807617
8802.035156
8844.961914
8791.779297
8916.639648
8828.406250
8690.865234
8750.010742
8645.091797
8445.282227
8349.436523
8152.190918
8044.196777
8116.603516
8175.413574
8003.674805
7985.996582
7940.122070
7998.243164
7791.698242
7712.353027
7560.109375
7495.117676
7671.591797
7488.647949
7493.631836
7421.806152
7382.257812
7517.610352
7477.908203
7335.220703
7261.702148
7308.658691
7309.715332
7224.138184
7306.931152
7388.317871
7401.112793
7471.728027
7413.186523
7349.281250
7076.675293
7081.047852
6733.702148
7243.059082
7525.195312
7515.799805
7779.517090
7825.105469
7998.601562
8152.895020
8369.219727
8445.176758
8318.384766
8557.995117
8669.967773
8644.024414
8773.241211
8717.788086
8417.372070
8538.607422
8646.788086
8611.770508
8490.733398
8510.733398
8634.873047
8653.715820
8782.407227
8649.757812
8605.345703
8555.269531
8472.842773
8306.029297
8229.738281
8092.819336
8056.546387
7992.026855
7886.438477
7636.558105
7795.646484
7618.472656
7912.579590
7850.614258
7864.711426
7898.996094
7685.196289
7698.250488
7658.878418
7409.142090
7483.715820
7420.228516
7535.274902
7482.985840
7597.127930
7478.919434
7259.979492
7279.394043
7125.965820
7196.011719
7302.854004
7349.112793
7308.716309
7299.716309
7360.753418
7357.741211
7501.257812
7479.586426
7455.220703
7483.243652
7730.176270
7830.039062
7628.310059
7741.270996
7800.808594
8129.406738
8222.367188
8370.811523
8445.659180
8404.487305
8421.376953
8602.780273
8792.844727
8673.853516
8390.105469
8276.298828
8623.778320
8612.390625
8621.351562
8649.477539
8672.548828
8671.848633
8665.649414
8718.185547
8496.680664
8303.208984
8396.126953
8383.308594
8282.151367
8269.178711
8263.033203
7964.307129
7677.383301
7723.547363
7865.632812
7925.812012
7726.323242
7549.308105
7489.467285
7665.942383
7721.942383
7750.141602
7626.416992
7474.164551
7665.853516
7653.796875
7635.032715
7572.333984
7490.626465
7553.370117
7400.020020
7349.882324
7384.566895
7280.734375
7030.650879
7124.473633
7311.896484
7368.768555
7334.081055
7514.792480
7416.005371
7552.021484
7488.357910
7605.683594
7785.938477
7796.429199
7953.793945
7945.694824
8074.496094
8151.679199
8298.695312
8263.306641
8367.266602
8466.623047
8626.099609
8715.967773
8820.051758
8789.380859
8689.103516
8455.853516
8346.334961
8306.245117
8339.462891
8285.371094
8661.875000
8500.684570
8585.448242
8451.863281
8649.166016
8693.215820
8481.224609
8505.984375
8389.712891
8262.090820
8232.587891
8057.147949
7866.213379
7795.765625
7815.458496
8075.576660
8007.065430
7829.554688
7798.476074
7804.104004
7852.151367
7818.857910
7879.564941
7852.711914
7852.426270
8034.972656
7913.348145
7747.706543
7937.754883
7803.800781
7529.470703
7523.307617
7394.078613
7189.285156
7303.530762
7373.902344
7552.770020
7479.791992
7436.966309
7361.788574
7429.246094
7534.488770
7754.638672
7893.315918
7991.032715
8042.099121
7967.819336
8219.552734
8374.965820
8339.107422
8256.394531
8380.747070
8593.520508
8475.925781
8458.406250
8712.983398
8689.758789
8640.146484
8568.229492
8446.865234
8278.032227
8399.639648
8456.217773
8375.844727
8313.406250
8466.111328
8604.372070
8625.054688
8686.889648
8675.040039
8547.218750
8448.102539
8293.537109
8257.768555
8300.386719
8447.955078
8301.155273
8160.312500
8090.145508
8219.338867
8077.238281
8088.237793
8021.941895
8096.908691
8193.298828
8085.075195
8179.722168
8052.016602
7812.549805
7907.049805
7999.321289
7911.056641
7896.642578
7748.973633
7678.458496
7561.886230
7214.399902
7293.809570
7536.355469
7658.798340
7754.535156
7768.095215
7814.700684
7686.468262
7824.887695
7530.904785
7731.287109
7894.142578
7974.729980
8070.531738
8214.482422
8391.576172
8388.899414
8382.205078
8269.439453
8464.531250
8399.372070
8621.860352
8560.355469
8592.704102
8422.532227
8319.521484
8099.886719
8272.726562
8273.136719
8231.099609
8193.518555
8138.121094
8263.430664
8309.641602
8286.492188
8307.162109
8258.646484
8233.235352
8328.573242
8216.812500
8280.656250
8138.846680
8191.040039
8173.376465
8297.278320
8247.088867
8600.747070
8464.558594
8353.719727
8455.906250
8243.702148
8328.337891
8069.919434
8206.473633
8163.461914
8148.140625
8053.282227
7862.419922
7765.076660
7806.677246
7758.301758
7564.212891
7590.602539
7407.718262
7744.878906
7658.973633
7766.136230
7809.770020
7854.310547
8025.644043
8060.223145
8013.329590
7841.193848
7969.721191
7699.896484
7688.069824
7837.116211
8026.267578
8266.925781
8408.024414
8534.772461
8425.918945
8307.881836
8435.033203
8399.469727
8385.892578
8478.565430
8580.611328
8255.480469
8098.524902
8159.983398
8089.076172
8036.501465
7978.336914
7855.468262
7931.398926
7875.977539
7795.682617
7892.070801
8037.589844
8073.199707
8236.345703
8080.443848
8091.979980
8025.936523
8057.966309
8105.241211
8244.384766
8276.360352
8262.365234
8348.230469
8475.709961
8366.770508
8283.150391
8124.960938
8107.332520
8067.579102
7964.981445
8082.757812
8107.497070
8204.210938
7830.380859
7753.902344
7710.328125
7503.961426
7484.307617
7570.292480
7593.129883
7581.022461
7320.031738
6950.983398
6965.687988
7339.012695
7788.862305
7993.253418
8067.271484
7982.218262
7877.234863
7981.618164
8160.803223
8308.980469
8317.281250
8403.130859
8326.323242
8469.511719
8366.612305
8314.944336
8484.383789
8404.888672
8413.187500
8409.726562
8251.011719
8279.493164
8244.393555
8125.496094
8073.743652
8043.458984
7826.373047
7654.896973
7610.419434
7509.208984
7484.161621
7399.346680
7419.791016
7643.522949
7542.912109
7716.926758
7566.274902
7632.442871
7688.489258
7837.237793
7942.643066
8002.210449
7997.999023
8013.285645
8056.139648
8086.401367
8042.655273
7974.197266
8013.436035
8005.917969
7929.781738
7919.294434
7975.574219
7933.986816
7359.686035
7360.505371
7238.505371
7089.658203
7102.321777
6965.687988
6945.215820
6965.687988
6965.687988
7432.557617
7716.620605
7874.184082
8227.351562
8256.443359
8394.852539
8537.311523
8589.072266
8543.280273
8655.861328
8615.356445
8645.444336
8435.062500
8478.801758
8304.960938
8138.929199
8319.988281
8397.529297
8322.155273
8255.416992
8104.573730
8282.106445
8325.709961
8291.500000
8013.812988
7783.333496
7633.520996
7692.696289
7509.346191
7490.984375
6963.661621
6819.397461
6757.709961
6923.859375
6965.687988
6965.687988
6616.326172
6952.972168
7392.002930
7597.985840
7735.118652
7884.748047
7837.341309
7779.312988
7837.772949
7972.180664
7870.124023
7738.269531
7719.932129
7806.827148
7669.707031
7785.939453
7683.482422
7570.594238
7632.401367
6688.024902
6637.891602
6406.989258
6293.692871
6583.508789
6599.303711
6621.715332
6880.821289
6965.687988
6965.687988
7448.818359
7943.078613
8222.667969
8427.695312
8528.034180
8450.997070
8498.833008
8522.056641
8404.372070
8402.050781
8481.189453
8523.467773
8572.416016
8685.766602
8522.460938
8336.585938
8340.497070
8286.958984
8266.933594
8237.326172
8298.853516
8400.834961
8318.918945
8267.206055
8153.613281
8074.294434
7997.857910
7998.286621
7792.250488
7555.756348
7228.778809
6964.953613
6833.744141
6965.687988
6776.795898
6637.768066
6928.330078
6987.656250
7225.575195
7452.088867
7505.947266
7473.134277
7544.455566
7742.564453
7823.049316
7787.217773
7770.624512
7495.770996
7532.276855
7570.369629
7757.604492
7720.997070
7510.503418
7557.970703
6423.854492
6587.899414
6075.116211
6013.699707
6232.815430
6691.126953
6658.607422
6965.687988
6926.162598
7305.409668
7501.900391
7736.500000
8114.228027
8283.107422
8450.165039
8617.392578
8678.918945
8662.116211
8470.197266
8540.626953
8673.231445
8649.247070
8638.345703
8799.120117
8809.752930
8745.128906
8557.368164
8525.041016
8490.541016
8530.683594
8654.937500
8531.182617
8426.028320
8415.461914
8447.501953
8441.524414
8277.219727
7963.627930
7924.356934
7804.245117
7732.985352
7576.172852
7560.993652
7313.576660
7284.516113
7298.540527
7234.772461
7270.765625
7353.311035
7207.482422
7335.953125
7209.540039
7311.919922
7318.088379
7307.216309
7313.978516
7448.664551
7485.410645
7477.479004
7314.005859
7393.441895
7349.498535
7319.048828
7352.984863
6203.229492
5990.809082
5802.375000
5853.275879
6361.238770
6882.612305
6638.725586
6726.165527
7133.457031
7404.214355
7615.464844
7889.921387
8012.464355
8355.345703
8688.409180
8654.890625
8684.416992
8788.137695
8918.796875
8887.328125
8794.277344
8811.950195
8884.918945
8816.690430
8713.513672
8847.016602
8748.697266
8678.018555
8705.908203
8685.708984
8689.388672
8665.792969
8496.085938
8659.240234
8453.738281
8380.152344
8334.137695
8259.180664
8290.294922
8097.768555
7963.938965
7779.454590
7794.634766
7794.908203
7707.203613
7331.300781
7443.957520
7283.656738
7251.824219
7119.312988
7144.983398
7350.981445
7406.208008
7289.833984
7364.986816
7284.857910
7029.735840
6821.315918
6955.950195
6965.687988
6870.934570
6817.900879
6879.023438
6912.854004
6067.603516
6233.524902
5978.265137
5803.058594
6228.446777
6656.520508
6800.675781
7030.039551
7116.363770
7306.121094
7308.840820
7618.188477
7922.604492
8257.089844
8340.833008
8365.198242
8434.194336
8687.997070
8838.703125
8820.001953
8745.632812
8808.501953
8806.728516
8807.305664
8911.326172
8805.200195
8736.953125
8738.435547
8574.059570
8685.165039
8679.449219
8449.013672
8406.922852
8428.244141
8422.452148
8261.005859
8253.088867
8268.400391
8238.462891
8060.286133
8042.210449
8035.480469
7821.637695
7847.859863
7781.952148
7620.480957
7334.108398
7090.301270
7100.773926
6960.292969
7180.294922
7211.435059
7105.753906
7255.789551
7287.746094
7294.730957
7315.923828
7285.067383
7303.222168
7012.236816
6790.170898
6924.292969
6965.687988
7207.217285
6092.664551
5985.520508
5776.509277
5803.544922
6192.605957
6611.390625
7073.970215
7236.007324
7378.857422
7542.300293
7507.456055
7744.548340
7906.139160
8129.928223
8130.377441
8324.847656
8564.208984
8660.917969
8602.814453
8558.950195
8469.292969
8688.734375
8794.102539
8806.878906
8720.878906
8668.798828
8679.824219
8655.111328
8615.416016
8675.686523
8593.059570
8586.232422
8368.156250
8291.664062
8183.195801
7920.887207
8016.522949
7924.331055
7917.111328
8058.891602
7908.668457
7924.388184
7796.382812
7722.322754
7708.143066
7737.520508
7374.577148
7286.783203
7240.003418
7330.212891
7247.217773
7120.018555
7130.276367
7176.244141
7074.302734
7291.450195
7284.815430
7333.757812
7375.743652
7299.836426
7373.022949
7323.148438
7379.482910
7369.155762
6220.160156
6076.274414
6210.307129
6063.155762
6376.601074
7127.919434
7336.503906
7413.277344
7588.716309
7663.270020
7585.165039
7778.814941
7779.111328
7959.580078
8075.252930
8222.804688
8134.724609
8268.640625
8399.762695
8633.313477
8686.134766
8730.561523
8647.556641
8706.657227
8531.558594
8654.760742
8510.641602
8331.611328
8524.132812
8578.833008
8452.544922
8291.341797
8200.308594
7921.964355
7823.952148
7820.689941
7776.170898
7849.715332
7534.130859
7463.915039
7340.452637
7281.060547
7309.265625
7176.228516
6759.817871
6876.064453
6901.809570
7130.421387
7443.548340
7041.080078
6733.702148
6733.702148
6888.682617
7041.095703
7199.811035
7197.030273
7379.288086
7416.738770
7546.632324
7503.750000
7683.831055
7459.269043
7496.877441
6965.687988
6671.346191
6336.126465
6581.035156
6444.826660
6647.909668
6949.555176
7399.818848
7615.662109
7602.606445
7867.540039
8073.588867
8069.071777
8167.810059
8262.035156
8125.370117
8228.035156
8305.255859
8372.912109
8400.375977
8437.175781
8545.388672
8665.081055
8656.638672
8496.634766
8293.123047
8288.064453
8176.459473
8253.833008
8305.262695
8338.321289
8283.511719
8055.444336
7985.302734
7897.565918
7717.880859
7534.415527
7414.872070
7347.720215
7103.250488
6689.427734
6579.963379
6260.604492
6053.323242
5872.900879
6054.390137
6044.930664
6181.021484
6028.449219
5871.869141
5981.958008
6028.451172
6156.204590
6204.888184
6319.610352
6485.269043
6563.542969
6623.675293
6690.257812
6965.687988
7447.396973
7579.154297
7537.549316
7551.748047
6958.767090
6626.172363
6634.714355
6477.983887
6635.346680
7081.463867
7353.068848
7562.015137
7930.189453
8029.588379
8130.274414
8265.863281
8221.695312
8114.628418
8150.003906
8181.660156
8237.051758
8364.301758
8253.434570
8269.954102
8396.239258
8287.732422
8352.387695
8362.877930
8414.082031
8270.156250
8241.125000
8201.072266
8016.175781
7965.183105
7713.428711
7607.209473
7449.788086
7461.337402
7390.001953
7309.967285
7424.786621
7463.375488
7361.535156
7220.124512
6433.741699
6327.731445
5991.559082
5753.484375
5643.531738
5625.032715
6004.512207
6106.417969
5724.903809
5751.098633
6107.953613
5852.106934
5967.289062
6110.291504
5956.833496
6286.435059
6297.648926
6455.895020
6629.494629
6642.317383
6965.687988
7355.153320
7526.659668
7771.525391
7766.337891
6965.687988
7080.958008
6953.350098
7115.426758
7397.489258
7801.879395
8012.562988
8061.618164
8198.867188
8251.333984
8269.252930
8287.100586
8378.430664
8454.126953
8387.245117
8262.528320
8333.135742
8395.668945
8244.721680
8276.474609
8257.185547
8261.361328
8150.445312
8261.042969
8269.904297
8090.738770
8151.212891
8043.021484
7960.715820
7915.312012
7716.571289
7683.618164
7357.069336
7397.019531
7382.870117
7281.366699
7217.582520
7197.982422
6948.261230
6280.339844
6544.745117
5813.941406
5827.380371
6008.333984
5592.393555
5570.759766
5704.547363
5654.096191
6074.286133
6384.798828
6112.984375
5652.944824
5619.722168
5800.126953
6089.597168
6256.645020
6435.789062
6965.687988
6965.687988
6964.269531
7776.345215
7984.976074
7994.671387
8049.616211
8282.742188
8226.967773
8424.814453
8277.506836
8288.643555
8328.098633
8250.889648
8362.991211
8393.908203
8447.507812
8371.900391
8308.570312
8572.442383
8430.820312
8435.220703
8419.644531
8422.498047
8390.426758
8349.978516
8313.580078
8221.671875
8272.583008
8228.886719
8072.878906
7969.225586
7980.603027
7793.395508
7639.410156
7490.001953
7601.886230
7839.496582
7819.681152
7655.952148
7746.948242
7470.236816
7473.118652
7349.832031
7167.723633
6835.538086
6733.702148
6162.916504
6102.677734
5862.309570
6103.107910
5817.913086
5644.739258
5756.284180
5742.921387
5693.599121
5854.732910
5747.530273
5725.654297
5640.829590
6047.715332
6070.289062
6299.129395
6733.240234
6853.087402
7782.354980
8027.483398
8030.252930
8245.817383
8284.688477
8352.976562
