/Real_Ip0_1
1
Ip
8224.408203
8295.491211
8529.455078
8483.472656
8601.002930
8349.303711
8366.666992
8521.597656
8530.855469
8404.403320
8338.643555
8091.323730
8139.578125
7852.393555
7492.527832
6965.687988
6895.327637
6554.129395
6357.900391
6551.849609
6694.329102
6594.575195
6782.009277
7730.768555
7751.102539
7838.688477
7677.957031
7621.241699
7558.365234
7511.083008
7522.211914
7449.039551
7413.331055
7381.770996
7498.573242
7762.364746
7844.558105
8017.453125
8003.040039
8164.433105
8470.652344
8650.747070
8619.166016
8536.989258
8498.526367
8459.248047
8441.432617
8471.528320
8476.890625
8537.896484
8652.340820
8362.176758
8219.254883
8255.509766
8262.411133
8094.828613
8081.526367
8019.449219
7988.097656
7839.244629
7960.289062
8014.752441
8013.753418
8084.886719
8241.777344
8359.410156
8207.209961
8305.355469
8623.333984
8538.482422
8678.516602
8650.360352
8582.666992
8315.378906
8123.802734
7958.112793
8014.556152
7815.511230
7517.762207
6930.992676
6704.714355
6580.698242
6684.924316
6406.395020
6424.572266
6296.193848
6692.980957
6949.191406
6815.533203
6965.687988
6761.250488
6950.513184
7120.763184
7338.639648
7274.055664
7408.279785
7325.058594
7513.618652
7595.014648
7656.974609
7788.562500
7978.359863
8200.089844
8173.605957
8272.288086
8366.542969
8658.328125
8682.521484
8690.979492
8698.833984
8779.022461
8820.829102
8728.337891
8681.659180
8505.271484
8312.569336
8132.148926
8061.662109
8122.149902
8039.285645
7979.512695
8062.627441
8018.403809
7924.312500
7980.371094
7966.174805
7839.929688
8162.947266
8400.907227
8255.377930
8172.300293
8304.791992
8310.896484
8368.706055
8373.031250
8322.194336
8252.922852
8123.285156
8132.515625
7977.500488
7818.620117
7559.023438
7410.560547
7351.711914
6965.687988
6838.335938
6726.499512
6672.299805
6421.586426
6455.096191
6588.788086
6733.466309
6965.687988
7496.430664
7672.894043
7596.587891
7585.629883
7741.514160
7757.997559
7893.562988
7932.239746
7874.970703
7811.836426
7799.545410
7955.812500
7959.864746
7971.375000
7985.573730
8072.908203
7979.417480
8218.914062
8416.967773
8569.478516
8623.705078
8608.641602
8420.695312
8535.416016
8481.834961
8540.720703
8578.960938
8441.600586
8144.769043
8109.089355
8233.508789
8229.638672
8276.476562
8249.240234
8087.289551
8065.814453
8060.472168
8103.177246
8085.910156
8355.557617
8441.441406
8331.316406
8384.531250
8302.900391
8392.614258
8154.501953
8210.082031
8224.244141
8125.788086
7979.274414
7801.220215
7673.943848
7945.727539
7831.828613
7826.875000
7477.042969
7081.575195
6782.144043
6955.727051
6932.367676
6958.698242
6841.986328
7066.739258
7196.613770
7290.593262
7363.019531
7569.965332
7930.696777
7944.493652
7951.011719
8045.909180
7896.906738
8010.714355
8071.715332
8072.757324
7951.739258
8048.357422
8087.968262
8053.860352
8017.236328
7958.155273
8184.163574
8077.661133
8146.192383
8086.247559
8310.289062
8471.357422
8387.202148
8613.136719
8606.476562
8526.814453
8556.494141
8371.098633
8283.443359
8409.415039
8471.556641
8286.352539
8243.703125
8268.241211
8297.541016
8293.382812
8297.044922
8343.666016
8443.626953
8546.028320
8405.633789
8375.129883
8272.365234
8085.063477
8186.617188
8142.875488
8130.291992
8049.982422
8036.004395
8110.838379
8296.279297
8368.853516
8160.876953
8056.532227
8115.150391
7815.410645
7824.724121
7972.123047
8006.562988
7984.023926
7953.751953
7887.174316
7704.253418
7678.422363
7666.738770
7904.943848
7912.219727
8006.346680
8193.669922
8288.730469
8304.258789
8320.852539
8426.747070
8339.917969
8308.253906
8167.098145
8292.873047
8129.057617
8132.844238
8178.067871
8071.700195
8399.369141
8437.078125
8484.708984
8634.334961
8350.266602
8423.595703
8399.679688
8475.405273
8717.716797
8735.089844
8514.008789
8629.333984
8611.662109
8524.443359
8412.545898
8238.043945
8119.005859
8163.937988
8257.501953
8121.267578
8241.265625
8608.949219
8462.666016
8204.310547
8266.103516
8205.789062
8104.394043
8177.406250
8175.724609
8124.216797
8310.648438
8323.663086
8222.878906
8305.181641
8190.320312
8283.276367
8252.866211
8379.265625
8336.410156
8362.646484
8386.987305
8531.629883
8453.254883
8430.708984
8387.502930
8427.682617
8310.010742
8293.050781
8144.781738
8062.635254
8093.149414
8156.445801
8253.527344
8436.763672
8612.992188
8596.120117
8607.852539
8527.265625
8354.277344
8309.522461
8230.355469
8211.896484
8147.354492
8262.160156
8273.593750
8236.366211
8561.844727
8701.136719
8511.866211
8611.737305
8708.784180
8712.181641
8662.871094
8662.787109
8645.489258
8641.467773
8645.435547
8467.574219
8569.067383
8453.249023
8354.981445
8254.121094
8249.684570
8128.347168
8194.505859
8510.012695
8606.564453
8493.333008
8495.139648
8396.553711
8551.959961
8613.487305
8634.408203
8659.810547
8356.692383
8396.897461
8344.250977
8287.082031
8273.496094
8120.562012
8180.727539
8312.192383
8341.192383
8492.819336
8718.625000
8611.693359
8624.375000
8460.309570
8491.760742
8487.821289
8440.578125
8535.138672
8380.432617
8343.484375
8410.013672
8319.742188
8215.579102
8396.699219
8406.864258
8520.319336
8431.672852
8328.282227
8235.497070
8314.975586
8683.087891
8592.273438
8618.531250
8570.649414
8492.708984
8483.621094
8559.503906
8696.852539
8723.177734
8750.761719
8842.154297
8754.897461
8684.149414
8401.515625
8505.247070
8295.079102
8254.395508
8247.855469
8336.476562
8373.822266
8320.893555
8196.091797
8098.643066
7929.072266
7910.036621
8473.043945
8643.873047
8615.286133
8292.835938
8414.711914
8562.958984
8511.546875
8501.156250
8398.361328
8294.233398
8369.482422
8329.601562
8343.426758
8299.761719
8351.658203
8178.578125
8333.956055
8391.671875
8567.967773
8593.511719
8435.627930
8321.307617
8322.858398
8297.729492
8347.365234
8423.667969
8467.898438
8698.322266
8660.679688
8635.987305
8381.830078
8209.853516
8431.599609
8353.238281
8394.538086
8159.333496
8257.144531
8373.984375
8457.903320
8338.830078
8225.507812
8250.956055
8287.062500
8255.223633
8317.607422
8345.381836
8430.613281
8464.349609
8290.789062
8356.701172
8449.210938
8450.790039
8473.797852
8278.619141
8083.313477
8034.666992
7806.983398
7447.952148
7595.672852
7783.726562
7691.573730
7863.749512
7833.778809
7632.380371
8272.730469
8260.504883
8075.597168
8182.119629
8316.951172
8250.032227
8350.568359
8317.299805
8314.045898
8278.651367
8316.106445
8230.864258
8155.871094
8324.006836
8368.109375
8418.854492
8327.139648
8349.529297
8397.378906
8494.395508
8423.336914
8460.090820
8475.386719
8597.121094
8400.428711
8317.258789
8288.969727
8240.299805
8301.550781
8362.040039
8428.851562
8521.379883
8613.531250
8635.587891
8390.430664
8475.372070
8411.627930
8525.121094
8662.596680
8482.253906
8421.548828
8223.269531
8243.503906
8214.041992
8142.894531
8119.270020
8346.408203
8232.620117
8244.237305
8240.942383
8122.033691
8075.083984
8134.437500
8066.986816
7674.037109
6952.490234
6771.524902
6899.383301
6955.185059
7235.314453
7359.985352
7230.729004
7324.037109
7260.850098
8241.042969
8161.809082
8138.663086
8222.726562
8166.648926
8283.850586
8286.048828
8271.243164
8175.702637
8179.858398
8356.594727
8539.860352
8453.268555
8315.419922
8272.951172
8529.596680
8548.976562
8600.758789
8448.845703
8436.593750
8470.181641
8424.332031
8359.239258
8501.333984
8251.063477
8334.002930
8262.849609
8228.910156
8051.753418
8134.852539
8270.803711
8357.137695
8514.631836
8414.301758
8354.247070
8378.461914
8347.302734
8251.882812
8224.126953
8096.065430
8033.793945
8089.809082
8078.067383
8100.047363
8192.581055
8240.324219
8170.606934
8058.291016
8031.603027
7975.927734
7808.194824
7591.537598
7548.311523
7744.665039
7494.886719
7250.604004
6632.598633
6965.687988
6539.819336
6627.208496
6912.666504
6729.238281
6773.622559
6784.018066
8096.245117
8210.223633
8086.925293
8183.998535
8282.147461
8281.698242
8162.474121
8296.119141
8434.743164
8568.505859
8309.155273
8327.825195
8399.708984
8349.731445
8319.594727
8487.052734
8653.788086
8650.650391
8683.130859
8493.595703
8658.510742
8543.212891
8560.834961
8271.080078
8361.459961
8337.804688
8361.656250
8433.334961
8212.252930
8116.819336
8103.942383
8120.483887
8270.246094
8228.478516
8198.698242
8219.563477
8385.225586
8325.702148
8288.332031
7993.556641
7810.838379
7571.757812
7817.358398
7940.495117
8039.679199
7952.616211
7722.576660
7959.027344
7822.839355
7821.219238
7686.454102
7693.937500
7655.427246
7348.729004
6797.983887
6736.790039
6627.759766
6551.939453
6262.229492
6405.694824
6468.282715
6659.358398
6526.576660
6734.583496
8241.708984
8199.687500
8220.791992
8074.191895
8043.194336
8113.856445
8096.162109
8086.795410
8138.522461
8032.595215
8034.660645
8132.972656
8121.432129
8213.134766
8065.222168
8253.171875
8233.775391
8362.025391
8262.750000
8358.615234
8426.779297
8482.299805
8469.108398
8326.788086
8446.916016
8673.408203
8543.457031
8529.090820
8396.430664
8193.347656
8310.846680
8220.564453
8103.475098
8226.854492
8229.064453
8315.205078
8205.095703
8108.322754
7937.294922
7941.277344
7723.190430
7604.023438
7684.989258
7680.789551
7559.987793
7493.044434
7664.739258
7657.386230
7586.309570
7435.723633
7366.694336
7281.434570
7336.417969
6685.269531
6478.744629
6946.083496
6475.514160
6327.538086
6412.471680
6786.731445
6483.396484
6584.510742
6890.272461
6621.035645
8161.518066
8346.978516
8244.943359
8223.009766
8260.304688
8065.844727
8058.926758
8075.586426
8056.114746
7949.372559
7942.767578
7710.032715
7751.982422
7721.829590
7747.541504
6957.853516
6965.687988
6965.687988
6730.517090
6965.687988
6965.687988
7857.806641
8130.826660
8044.697266
8139.319336
8149.833008
8194.337891
8410.374023
8394.676758
8453.370117
8436.918945
8196.259766
7938.936035
7928.123535
7974.913086
8028.706543
7916.163574
7941.876953
7894.567383
8070.548828
7954.566406
7870.375000
7577.803223
7867.018066
7943.352539
7929.763184
7910.898438
7750.736328
7764.346191
7984.216309
7807.822754
7710.449707
7445.429199
7102.782715
6767.774414
6883.745605
6963.099609
6618.659180
6438.398438
6696.063965
6925.703613
6962.704590
6795.553223
6965.687988
8167.415039
8130.077148
8056.544922
8078.172852
8070.527344
8063.701660
7981.858887
7977.957520
7982.132324
7917.117188
6965.687988
6965.610840
6815.858398
6857.278809
6781.059570
6920.441895
6652.687500
6965.687988
6927.145996
6512.910645
6761.979980
6965.687988
6965.687988
6754.829102
6929.676758
6869.731445
6965.687988
8194.425781
8257.361328
8289.759766
8190.691895
7966.163086
7839.348633
7809.864258
7890.557617
8064.878906
8363.777344
8604.347656
8655.038086
8502.347656
8486.339844
8111.907227
8182.767578
8199.728516
8248.656250
8240.833984
8077.357422
7916.450684
8001.247070
8234.530273
8200.735352
8091.935547
7873.703125
7822.342285
7434.570801
7234.633789
6965.687988
6691.278809
6466.771973
6648.937988
6965.687988
7728.663574
8034.139160
8281.340820
7972.137695
8030.617676
7987.991211
8197.099609
8193.462891
8215.538086
8029.002930
8103.069824
8145.537598
8121.895508
8162.722168
6965.687988
6720.399414
6533.859375
6487.691895
6734.205566
6455.645020
6510.129883
6470.031738
6150.170410
6196.593750
6400.375977
6447.053223
6343.701660
6673.802734
6964.206055
7866.618652
8010.439453
8213.578125
8435.154297
8217.110352
8023.451172
7992.831055
8091.807129
8262.233398
8292.460938
8419.278320
8554.028320
8477.757812
8479.683594
8293.500000
8383.428711
8295.732422
8329.980469
8333.718750
8471.177734
8500.033203
8544.076172
8539.204102
8320.001953
8198.862305
8287.486328
8062.082031
7911.003906
7985.854980
7934.547363
7679.492676
7332.073242
6965.687988
7354.635742
7621.602539
7799.656738
8164.194336
8304.004883
8225.914062
8225.684570
8324.033203
8126.867188
7973.619629
8046.203125
7891.420898
7760.114258
7711.851074
7475.876465
7319.946289
7095.168945
6724.336426
6945.029297
6506.330566
6276.028320
6269.383789
6506.055664
6293.403809
6268.708496
6224.212402
6411.636230
6473.340332
6596.848145
6950.710938
7406.686035
7532.378418
7689.744629
7830.847656
7994.394043
8051.162598
7999.494629
7960.735352
8022.837402
8182.953613
8291.415039
8348.477539
8298.054688
8206.342773
8115.256348
8112.257812
8388.025391
8345.674805
8284.765625
8345.474609
8308.328125
8280.175781
8207.555664
8358.255859
8236.375977
8252.670898
8264.906250
8414.370117
8356.854492
8369.422852
8429.180664
8481.091797
8496.949219
8442.989258
8695.396484
8701.253906
8715.293945
8719.765625
8648.156250
8082.763672
8077.224609
8037.180664
8158.879395
8057.388672
7815.446289
7645.705078
7805.389648
7771.457031
7702.613770
7501.603516
7364.479492
7087.020020
7070.808105
6660.068848
6333.950195
6218.180664
6567.477539
6404.371582
6346.994629
6247.618652
6571.914062
6433.544922
6591.398438
6873.453613
7202.043945
7401.961914
7436.761719
7493.081543
7457.609375
7540.394531
7658.002930
7727.336426
7898.895508
8211.414062
8138.637695
8055.405273
7968.897461
7960.147461
8045.906738
8051.049316
8113.926758
8069.847168
8179.377441
8251.613281
8257.817383
8113.133301
8049.372559
8127.070801
8230.327148
8281.035156
8396.281250
8440.581055
8387.642578
8434.041992
8406.173828
8505.666992
8505.406250
8693.014648
8806.297852
8843.220703
8857.718750
8942.727539
8942.727539
8328.250000
8261.676758
8264.135742
8157.709473
8104.104492
7956.267578
7521.111816
7459.383301
7446.082520
7318.306152
7273.475098
7102.607910
7061.261719
6809.682129
6912.768066
6733.702148
6733.702148
6431.304688
6238.833496
6270.601074
6151.386719
6279.478027
6602.948242
6931.669434
7051.052246
7040.995605
7267.990234
7412.053223
7333.600586
7359.558105
7366.657715
7444.515137
7709.882324
7733.484375
7593.435547
7785.241699
7775.840332
7686.061035
7758.696777
7672.933105
7794.872070
7986.485840
8036.931152
8045.050293
8045.280762
8213.183594
8139.940430
8052.885254
8078.976562
8100.267578
8221.422852
8254.048828
8443.438477
8423.647461
8514.110352
8559.767578
8501.264648
8436.860352
8498.772461
8721.206055
8733.458008
8882.177734
8940.208008
8940.600586
8197.582031
8298.352539
8260.622070
8062.679688
7864.983887
7798.892578
7656.798828
7575.336914
7677.170410
7797.712891
7706.427246
7507.337402
7674.614258
7637.156250
7318.235840
7331.980469
7142.287598
6833.288086
6697.510742
6521.044434
6359.575684
6470.177246
7066.236328
7348.541016
7698.488770
7639.406738
8016.010742
7901.446777
7764.375977
7596.555664
7450.095215
7319.122559
7399.509277
7523.269043
7714.070312
7743.751465
7785.930176
7696.337891
7873.702148
7790.985840
7609.289062
7795.740723
7791.110840
7880.066895
7967.691406
7854.252930
7802.223145
7736.338867
7494.390625
7720.016602
7822.606934
7977.968262
8096.821289
8112.439941
8022.310547
8039.102539
8202.121094
8315.024414
8304.029297
8265.107422
8286.105469
8237.395508
8306.295898
8315.863281
8695.503906
8463.640625
8428.443359
8286.951172
8011.174316
8068.451660
7906.444824
7664.267090
7691.764648
7855.484863
7865.109375
7911.869141
7630.973145
7647.048828
7703.066895
7730.932129
7617.346191
7501.651855
7291.398926
6945.135254
7084.336426
7009.553711
7138.821289
7441.391113
7760.529785
8004.913574
7885.470703
7787.525391
7707.691895
7701.454590
7659.162598
7505.429199
7630.256836
7568.996582
7371.795410
7295.724609
7267.894531
7486.089355
7496.879395
7437.698730
7349.796387
7303.542969
7334.926270
7517.229004
7486.393066
7461.360352
7452.008301
7328.824707
7218.259277
7194.695312
7447.680176
7801.367188
7655.116211
7780.954102
7863.046387
7737.801270
7762.956543
7807.700195
7806.160156
7787.235352
7869.897461
7812.245117
8023.949707
8102.399414
8498.791992
8391.679688
8362.871094
8260.810547
8191.122070
7929.039062
7963.854004
8038.233887
7942.147949
7933.877930
8023.776367
7924.480957
7852.542480
7775.673828
7826.525391
7950.889648
7712.004883
7601.064453
7506.337891
7543.092773
7397.425293
7407.640625
7514.396973
7653.771484
7846.395020
7783.870605
7928.394043
7989.373535
7775.508301
7894.409180
7919.857910
7915.589355
7626.814941
7550.712891
7686.392578
7381.629395
7197.615723
7358.769043
7536.330566
7534.015625
7421.444336
7511.754883
7583.155762
7474.260254
7314.263672
7199.949219
7050.941895
6919.717773
6733.702148
6654.930176
6704.294434
6883.480469
6904.080566
6965.687988
7045.247559
7062.527832
7078.148438
7030.192871
7060.453613
7128.314453
7112.380859
7311.269531
7712.922363
7484.725586
8258.095703
8243.646484
8312.387695
8427.526367
8266.117188
8219.481445
8260.017578
8178.328613
8076.078125
7915.778320
7756.321289
7758.553711
7864.432129
7794.774902
7829.758301
7866.927734
7503.481445
7394.126953
7485.186523
7526.298828
7466.755859
7281.112793
7394.670898
7483.502930
7648.071777
7908.218750
7967.546387
8036.423828
8008.034180
7989.478516
7912.291016
7917.110352
7686.950684
7854.872070
7621.293945
7499.850586
7383.874512
7456.239746
7370.706055
7420.567383
7268.897949
7298.501953
7270.879395
7251.585938
7273.209961
7096.648926
7134.905762
7029.699219
6832.720215
6967.153320
6473.404297
6635.258789
6400.949219
6316.098145
6579.892578
6419.730469
6332.654297
6432.584961
6486.197266
6295.205078
6606.700684
6642.081055
7099.929688
7219.175293
7863.156738
7914.413574
8160.607910
8008.300781
7956.011230
7977.503418
7915.005371
7911.981934
7976.687012
7824.039062
7829.965332
7910.905273
7830.676270
7910.124512
7841.955566
7562.645996
7452.037598
7446.242188
7497.610840
7520.716797
7385.761230
7339.056152
7302.121582
7214.699707
7442.574219
7347.321777
7767.210449
7592.185059
7623.948730
7785.753906
7779.052246
7608.803223
7497.476562
7506.893066
7515.813965
7321.093750
7303.858398
7269.218262
7251.211914
7261.916016
7178.563477
7149.720215
7118.208984
7136.646484
7266.422852
7309.284668
7339.811523
7382.234863
7335.971680
7065.112793
6575.152344
6394.350586
6100.996094
5818.568848
5880.540039
6303.766602
5998.246582
5985.168457
5953.032715
5902.250488
5966.833496
6397.918945
6907.277344
7289.144043
7730.879883
7667.557129
7733.471680
7910.213379
7864.434082
7743.330078
7811.583008
7973.208496
7786.872559
7691.619141
7794.913086
7850.787109
7911.701660
7573.298828
7658.158691
7706.007324
7767.768066
7757.308105
7296.500977
7304.539551
7415.553711
7290.418457
7350.311035
7341.482422
7295.619141
7245.286621
7128.690918
6963.645508
6733.702148
6939.043457
7163.449707
6814.419922
7203.232910
7317.889648
7195.167969
7147.043945
7337.817383
7521.384766
7453.252441
7446.297363
7327.020508
7310.402344
7232.086914
7271.968750
7353.155762
7479.279297
7482.624023
7301.514160
7113.369141
6880.594727
6733.702148
6488.059082
5820.030762
5767.915039
6041.021973
5677.797363
5713.530762
6032.041016
5878.656738
5966.536621
5767.168457
5769.840332
5897.020020
5990.103027
7730.345215
7378.583496
7520.106934
7718.987305
7911.283691
7934.523438
7901.005371
7587.066406
7635.592773
7687.722656
7963.934082
7950.283691
7861.774414
7736.684570
7492.268555
7320.185547
7444.281250
7350.128906
7332.519531
7247.349121
7141.645508
7225.284180
7066.698730
7112.231934
7077.583008
7064.421875
6848.909180
7036.732422
7023.640137
7086.668457
7228.787598
7061.775879
6904.903809
7002.816406
7093.051270
7345.577637
7538.535645
7729.629395
7509.262207
7655.935059
7480.611328
7474.765625
7600.254883
7542.722168
7523.410645
7371.769043
7152.332520
7058.406738
7043.379883
6905.536621
6990.888184
6864.707520
6308.501953
5824.395996
5623.770996
5490.003418
5534.388672
5649.421387
5741.199219
5912.041016
5752.938477
5799.050781
5344.343262
5873.729004
8055.215820
8047.381348
7972.549316
8023.788086
7929.412598
7978.203125
7937.020996
7928.691406
7897.771484
7694.115723
7711.445801
7694.133789
7787.918457
7790.062500
7493.732910
7459.804199
7475.375000
7424.893555
7307.765625
7305.584961
7385.661133
7389.114746
7557.646484
7544.551758
7372.244629
7380.792480
7491.265137
7381.899414
7331.546875
7047.674316
7161.058105
7084.806152
6967.728516
6888.104980
7081.480469
7189.639648
7418.282715
7535.659668
7562.829590
7857.455078
7526.528320
7422.659668
7487.246582
7521.900879
7533.811035
7449.270996
7338.029785
7209.079590
7221.698730
7317.339844
7324.716797
7227.036133
7029.553711
6368.455566
5853.059082
5773.659180
5517.460449
5391.367676
5458.824219
5323.577637
5178.054199
5231.285156
5086.944336
5408.343262
8072.892578
7958.303711
7976.294922
7864.383301
7834.302734
7969.715820
8041.193359
7990.472168
7935.776367
7989.427734
7947.128418
8004.195312
7947.828613
7727.355957
7521.291992
7474.881836
7334.221191
7324.815918
7379.975586
7487.496094
7473.936523
7609.768066
7526.882812
7459.721680
7393.147461
7533.915039
7508.458984
7314.148438
7251.767090
6976.619141
7078.415527
7046.600098
7100.199707
7231.073730
7365.384766
7304.635742
7422.165527
7327.885742
7353.323242
7417.340820
7506.586914
7234.354492
7287.375000
7408.387207
7389.206055
7251.991211
7059.242676
6861.626465
7040.322754
7234.273926
7187.332520
7063.444336
6951.254883
6565.094238
6311.108398
6277.520508
5835.179688
5400.425781
5513.663086
4868.388672
4949.551270
4983.231445
4988.240234
5243.138184
7873.154785
7937.415527
8029.429199
7768.525391
7709.969238
7764.743652
7781.744629
7729.564941
7493.511719
7419.189941
7699.977051
7756.217773
7906.686035
7849.105957
7880.338867
7821.345703
7748.766113
7572.944824
7424.280762
7489.569336
7280.403320
7361.911133
7342.135742
7102.582520
7121.314453
7232.113770
7300.836914
7392.762695
7066.993164
6938.163086
6917.828613
7038.537109
6916.992676
7053.639160
7197.931152
7283.553223
7280.569824
7252.468262
7252.283203
7152.304199
7181.718262
7235.250488
6981.496094
6733.702148
6890.620117
7228.268066
7216.416016
7245.281250
7080.671875
7047.560547
6733.702148
7160.510742
6733.702148
7170.064941
6893.528809
6489.929199
6006.048828
5435.253418
5220.352539
4913.106445
4888.834961
4492.487793
4630.371582
5839.900879
7849.526855
7775.416016
7978.183594
7895.799316
7815.951660
7606.289551
7507.786621
7402.243164
7325.751465
7415.125977
7480.254883
7573.726074
7744.801758
7763.131836
7872.983398
7833.281250
7877.240234
7972.525879
7717.028809
7625.198242
7678.736328
7474.479980
7445.474121
7442.103516
7418.617676
7241.515137
7292.914551
7115.145996
7111.136719
7054.728027
6733.702148
6959.851074
6521.905762
6507.812012
7079.724121
7303.000488
7443.884766
7185.427734
6981.013184
6885.666992
7162.370117
6761.229492
6989.618164
6892.897949
7184.095703
6733.702148
6733.702148
6959.566895
7228.077637
6989.537598
7038.899414
6941.567871
6964.817383
7242.977539
6958.125000
6733.702148
6733.702148
5726.048340
5353.244141
5136.809082
4497.031250
4587.309570
4969.708496
5607.876953
7851.697266
7723.377930
7761.092285
7742.877930
7673.419434
7604.327148
7779.740723
7837.306641
7780.992188
7711.497070
7837.451660
8150.020996
8241.369141
8234.070312
8260.357422
8284.178711
8027.841797
7888.884766
7886.950195
7776.780273
7812.519043
7527.714844
7332.255859
7275.294922
7292.931152
7309.925293
7303.811523
7330.364258
7411.283203
7368.678711
7248.048340
7212.551270
6382.483887
6494.895508
6432.235352
6649.295898
6623.549805
6623.468262
6448.806152
6376.562012
6286.086914
6193.337891
6310.965820
6327.723145
6210.120605
6078.454102
6273.018555
6733.702148
7170.108398
7184.673340
7166.735840
6733.702148
6733.702148
6733.702148
7187.709961
6951.064453
6835.792480
6779.342773
6076.597168
5668.675293
5383.718262
5310.037109
5454.408691
6091.073730
7936.401367
7987.067871
7980.022461
7976.147461
7866.285156
7806.793945
7853.145020
8037.652832
8145.234375
8148.150391
8212.974609
8151.580566
8230.534180
8299.405273
8149.415527
7782.542969
7684.554688
7651.187500
7494.091309
7440.715820
7468.556641
7423.095703
7435.988770
7344.311035
7418.089355
7384.540527
7365.537109
7413.785645
7330.095215
7314.539062
7066.621094
6917.206543
6825.561523
6338.492676
6115.917969
6200.151855
6450.140137
6245.697266
6079.933594
6335.022461
5924.972168
5866.366699
6179.378418
5877.914062
5814.737305
5951.467285
5860.451660
6195.315918
6594.014648
5623.697266
5688.329590
5577.165527
6147.208008
6174.850586
6319.565430
6733.702148
6733.702148
6892.853516
7122.918945
6733.702148
6733.702148
7297.537598
6990.097656
6933.865234
7849.788086
7642.079590
7742.041504
7764.656250
7770.819336
7863.305176
7791.322754
7803.912598
7817.104004
7811.485840
8003.508789
7988.183105
7755.355469
7816.981445
7742.561523
7657.807129
7631.517578
7485.570801
7323.959473
7368.117676
7429.856934
7399.118164
7300.786621
7308.526855
7331.377930
7315.541504
7253.222656
7334.793945
7490.088867
7506.301270
7402.523438
7449.495117
7371.610840
6868.674316
6411.497559
6249.145020
6262.009277
6559.566406
6063.120117
5746.687012
5630.919434
6073.107422
6103.806152
5998.410156
5740.953125
6241.364258
5709.021484
5716.241211
5768.069336
5463.820801
5218.073730
5413.866211
5508.893555
5974.823242
6192.571777
6733.702148
6911.357422
6875.497070
6998.608887
6733.702148
6733.702148
6744.867188
6803.985840
6861.314453
7458.523438
7526.945801
7626.469238
7574.689941
7570.298340
7566.002441
7608.887695
7510.609863
7827.046875
7769.904785
7739.228516
7500.071777
7391.439453
7257.081543
6965.687988
6954.056152
6920.232422
7033.482910
6998.645996
6816.226074
6944.538086
7006.641602
7033.194336
6769.914551
7015.658691
7070.771484
6938.477051
7114.835449
7119.666992
7488.334473
7398.218262
7300.192383
7291.406738
6955.660645
6733.702148
6452.430176
6048.230957
5930.937012
5937.164062
5761.779297
5744.962402
5990.447754
6633.103516
6004.323730
5549.692383
6017.434082
5358.662109
5222.453613
5430.937988
5514.081543
5119.738770
5176.057129
5792.124023
6277.386230
6880.090820
6733.702148
7066.961914
7383.097168
7586.988770
7331.667480
7179.254395
6775.201660
6733.702148
7250.316895
7614.508789
7716.833008
7591.276367
7706.491699
7625.166016
7719.581543
7548.690918
7758.124512
7715.903809
7437.071777
7375.923828
7339.973145
7274.946289
7077.669434
6947.618652
6666.465332
6733.702148
6733.702148
7091.744141
6865.009766
6733.702148
7029.826660
6877.608398
6786.768066
7097.001465
6733.702148
7220.774902
7045.085449
7138.145020
7208.985840
7041.130859
7027.029297
7041.437988
6935.007324
6733.702148
6733.702148
5947.580566
6139.685059
5926.321777
5882.357422
6110.297363
5925.586426
6085.390625
5953.568359
5536.333496
5506.407715
5399.612793
5177.431641
5248.691895
5289.824219
5148.036621
5304.733887
6733.702148
6869.020020
6733.702148
6883.822754
7225.960449
7319.537109
7300.511719
7019.850586
7016.944336
7046.890137
6797.811523
7039.378418
7810.054199
7788.360352
7860.785645
7906.463867
8076.118652
7852.672363
7913.473633
7767.717285
7792.409180
7619.810059
7591.391113
7669.005859
7515.559082
7335.948242
7450.451172
7154.280762
7178.866211
7247.597656
6963.401855
6733.702148
7007.871582
7230.277344
6733.702148
5965.092773
5969.225586
5849.426758
6075.011719
6161.918945
6127.135742
6419.527832
6321.599609
6267.305176
6133.608398
5992.182129
5816.060547
5910.871094
5864.752930
5956.555176
6099.466797
6421.530762
6124.380371
6164.952637
5788.937500
5746.465820
5802.921875
5574.142090
5415.466309
5426.601074
5492.487793
5481.396484
5067.216309
5205.154785
5590.259766
6144.346680
6362.595703
6466.421387
6838.148926
6891.490723
7188.610352
7022.896484
7154.389160
7095.653320
7160.956543
7040.270508
8004.290039
7952.652344
7934.215332
8129.548828
8251.656250
8097.245605
7952.789551
7869.633301
8016.328613
7815.459961
7809.646973
7567.133301
7563.260254
7377.013672
7212.623047
7025.013184
6158.477051
6532.997559
6433.921875
6194.874023
5918.304688
5674.371094
5442.652832
5320.509277
5456.557129
5622.406250
5500.958984
5376.507324
5728.687988
6495.501465
6025.892090
5775.123047
5846.146973
5718.777344
5494.117188
5595.698242
6275.823242
5836.154297
5980.684082
5843.121582
5890.095703
5974.028809
6124.808105
5753.332031
5801.835938
5924.330078
5899.488770
6023.124512
6156.318359
5466.896484
5376.968750
5160.050781
5370.328613
5725.215332
6236.847168
6481.160645
6615.359863
7181.006348
7117.519531
7056.458496
7079.432129
7050.265625
7107.322754
7050.749023
7968.189941
7980.655273
7843.574707
7975.885254
8290.798828
8294.705078
8237.472656
8246.312500
8196.984375
7910.337402
7792.727539
7894.023926
7777.718262
7765.135254
7475.872070
7366.178711
7149.030273
6733.702148
6733.702148
5913.997070
5434.060547
5126.709961
5319.134277
5000.104492
4978.726074
4839.299805
4957.909180
5071.182617
5645.772949
5659.406738
5825.480957
5857.916016
6154.562500
5687.958496
5843.750977
5583.762695
5769.678711
5883.461914
5934.037598
5803.973633
5601.332031
5815.490234
5556.048828
5645.569824
5707.371094
5840.515625
6132.453613
6633.801270
6052.827637
5910.349121
5506.816406
5696.293945
5832.729980
5874.819336
6110.452637
6274.779785
6665.720215
6733.702148
6812.774414
6858.062500
7361.078125
7501.193359
7337.257324
7349.043945
7804.823730
7936.265625
7909.162598
7867.133301
7888.449707
8013.238770
8225.245117
8317.110352
8418.096680
8332.478516
8164.399902
8169.170410
8241.822266
8028.548828
7863.645996
7712.923340
7625.538086
7288.205078
6964.533203
6733.702148
5845.870605
5297.000488
4975.370605
5100.831543
5150.408691
4643.028320
4512.922852
4914.301758
5163.350098
5524.044922
5474.077637
5701.748535
5625.779297
5480.418945
5561.890137
5831.207520
5824.831543
6171.393555
6475.248535
6249.510742
5981.950195
5847.480469
5653.093262
5892.491211
5849.824707
6070.257324
6213.233887
6276.759277
6058.476074
6123.091309
6093.264648
6087.554688
6428.064453
6148.113281
6409.459473
6662.577637
6937.251465
7193.891602
7248.540527
7331.866211
7211.384766
7571.116699
7620.350098
7487.033203
8252.574219
8240.519531
8135.572754
8081.405762
8150.605469
8223.727539
8266.283203
8340.782227
8252.600586
8253.706055
8332.914062
8238.792969
8338.678711
8186.501953
8164.297363
8037.091309
7990.294922
8087.405762
7792.244141
7143.604004
6786.401367
5582.144531
5155.348145
4970.556641
4773.009766
4619.183105
4935.091309
5019.846680
5273.458496
5585.591309
5398.156250
5678.347168
5880.792969
5752.499512
5568.395996
5516.005371
5973.844727
6893.693848
6496.274902
6111.277832
6091.417969
6210.693359
6061.335938
6159.272949
6191.872559
6213.087891
6521.963867
6348.562012
6274.160645
6672.294434
6426.789551
6162.835938
6299.024902
6655.616211
7253.433594
7217.036133
7376.460938
7319.520996
7528.560059
7675.278809
7670.438965
7712.585938
7803.861816
7790.792480
8506.582031
8341.844727
8381.331055
8249.392578
8187.641113
8076.822754
8252.208984
8224.679688
8240.307617
8298.816406
8176.515625
8315.070312
8145.462891
7983.269531
8164.087891
7988.330566
7723.283691
7606.113770
7396.521484
7145.134766
7109.683105
6867.614746
5926.847656
5612.467773
4934.190918
5066.348145
5229.212402
5179.160156
5716.122070
5464.944336
5749.795898
5605.670898
5553.391602
5613.672852
5686.823730
5677.904785
5785.999023
6152.653809
6175.363770
6235.303711
6360.468262
6315.810547
6923.100586
6725.074219
6587.499023
6928.952148
6623.804199
6417.903320
6716.741211
6649.427734
6493.354980
6635.305176
6893.374512
7114.647461
7193.632812
7307.462891
7369.271973
7652.395020
7789.463867
7689.468262
7989.766113
8020.623047
8033.850098
8088.197266
8550.033203
8326.947266
8376.077148
8242.353516
8228.019531
8052.431152
7927.465332
7860.114746
7949.143555
7965.900391
8051.307617
8178.414551
8156.070312
8169.150879
8091.136719
7987.395508
7804.392578
7283.929688
7304.400391
7136.547852
7103.031250
7035.150391
7158.865723
6733.702148
5180.960938
5588.246094
5178.964844
5311.747559
5191.484375
5352.300293
5350.534180
5211.124023
5245.328125
5500.291992
5491.059082
5635.538086
5768.005859
5844.671875
6448.353027
6657.697266
6694.356934
6873.924316
7202.071777
7374.681641
7121.445312
7091.741699
6890.975586
6852.845703
6693.291016
6599.763672
6938.145996
6965.687988
7313.343750
7302.009277
7453.660156
7385.515137
7660.317383
7536.545898
7493.723145
7590.118164
7623.252930
7734.851562
7822.876465
7831.381348
8314.833008
8350.291992
8095.508789
7949.606445
7796.732422
7423.743164
6965.687988
6951.452148
7322.336426
7552.111328
7850.221680
7977.805664
8065.167480
7931.375000
7960.337402
7720.443848
7720.565918
7582.006836
7310.115723
6794.689453
6392.046875
6132.220215
6093.259277
5953.028320
5249.607910
5152.890625
4975.640137
5168.375977
4968.947266
5135.005371
5008.506348
5228.432129
5566.752930
5833.119141
5649.650391
6045.243652
6061.822266
6359.802734
6833.805664
7695.463379
7692.520996
7678.403809
7718.239258
7614.196289
7540.498047
7603.604980
7474.362793
7595.114746
6957.410156
6961.835449
7555.325684
7723.028320
7687.220215
7726.049805
7738.874512
7703.585938
7756.492676
7560.387207
7347.247559
7558.885254
7404.449219
7681.199219
7396.789551
7631.088379
8366.886719
8329.818359
8369.498047
8542.630859
8312.492188
8050.928223
7766.729980
7457.511719
6761.304688
6954.346680
6938.435059
6611.234375
6936.453613
6912.236328
6951.285156
8028.101074
7747.665527
7285.472168
7001.061035
6836.170410
6733.702148
5789.635742
5360.028320
5616.548340
5427.580566
5146.446777
5223.563965
5075.314453
5330.753418
5358.051270
5347.251465
5668.084473
5849.729492
6367.663086
6289.931152
6539.017578
7041.247070
7284.974121
7796.957031
7894.791016
7860.757324
7908.399414
7770.598633
7786.449707
7740.892090
7813.432129
7471.095703
7480.651367
7395.421875
7529.656250
7653.990234
7642.817871
7811.520996
7750.547363
7582.414062
7680.325195
7438.592285
7540.256348
7592.237793
7617.825195
7595.996094
7820.089355
7776.524902
7686.301270
8557.643555
8383.604492
8363.616211
8328.561523
8270.737305
8034.102051
7808.439453
7786.347656
6839.091797
6833.327637
6379.829102
6229.586914
6470.254883
6904.761230
6778.429688
6912.945801
6658.904785
6429.090820
6406.957520
6090.979492
5838.668457
5428.473633
5232.474609
5407.959961
5708.488281
5409.948730
5664.220215
5163.125488
5387.170410
5484.714355
5849.907715
5896.814941
6390.395508
6809.706543
7181.826660
7366.483887
7520.622559
7754.652832
7878.858398
7825.120117
7837.260254
7784.474121
7810.459961
7856.351074
7487.742676
7638.664551
7637.278809
7650.775391
7736.701172
7454.295410
7539.364258
7673.674316
7928.470215
7792.978516
7819.519043
7957.524414
7985.748047
8019.648926
8048.224609
8050.718262
8230.361328
8270.366211
8035.769043
7958.427734
8554.180664
8429.455078
8352.869141
8311.771484
8042.487793
7970.979980
7914.298828
7813.371094
7230.724609
6575.783203
6248.963379
6308.115234
6148.931641
6424.027344
6371.735840
6365.304688
6326.750977
6230.481445
5757.681641
5737.661133
5469.807617
5621.981445
5367.691895
5258.642578
5401.323730
5362.093262
5574.286133
5572.946777
5759.311523
5847.417480
6369.065918
6334.739746
6700.629883
7508.618652
7523.981934
7675.587891
7990.933105
7980.824707
8045.276367
8046.261230
7913.992188
7944.446777
7914.748535
7846.294434
7839.146484
7965.450684
7973.776367
7942.623535
7819.511230
7799.394043
7950.303711
8024.768555
8060.409668
8162.640625
8211.796875
8099.158203
8250.441406
8247.029297
8245.273438
8256.291016
8422.657227
8415.457031
8502.694336
8492.068359
8439.538086
8251.068359
8168.097168
8074.722168
7960.676270
7712.886719
7542.460938
7434.918457
7363.217285
7065.916504
6627.750000
6255.565918
6108.688965
6166.218262
6760.495117
6527.236328
6017.179688
5997.541504
5579.952148
5584.751953
5431.909180
5342.370605
5539.619141
5501.005371
5743.217773
5611.375977
5836.224121
6336.929688
6006.874512
6178.198242
6340.044922
6651.747070
7045.692383
7243.048828
7495.603516
7783.105957
8055.112793
8146.875488
8049.113770
8237.433594
8255.247070
8148.476074
7979.354492
8078.738281
8085.069824
8106.570801
8163.250977
8172.057617
8223.450195
8088.692871
8097.126465
8000.532227
8134.253418
8287.669922
8263.322266
8310.273438
8492.174805
8331.741211
8364.482422
8340.238281
8232.515625
8178.383301
8415.186523
8235.996094
8275.471680
8107.154785
7931.665527
7836.701660
7461.778320
6965.687988
6929.288086
6848.134277
6929.651855
7126.436523
7421.119629
6814.418457
6446.019043
6197.556152
6397.203125
6405.552734
6057.942383
5599.295898
5617.193359
5528.899414
5620.189941
5501.979980
6033.315430
6338.433105
5932.132324
6201.866699
6209.791992
6283.594238
6353.746582
6506.037598
6913.059570
7164.463379
7353.882812
7437.915039
7696.197754
7956.619141
7922.197266
8022.553223
7955.241699
8069.163086
8019.060059
7922.837402
8084.245605
8258.181641
8245.755859
8083.635742
8067.314453
8112.088379
8298.599609
8289.250000
8103.918457
8006.362305
8096.130371
8159.233398
8331.297852
8375.207031
8579.719727
8396.625000
8406.018555
8402.858398
8306.231445
8160.127930
8106.839844
8101.112793
8449.050781
8458.478516
8316.370117
8327.883789
8136.174805
6965.687988
6927.732910
6965.687988
7257.849121
7310.340332
7147.656250
6926.862793
6559.502441
6533.463867
6488.474121
6593.685059
6096.956543
5793.623047
5542.772949
5780.890137
6129.931641
6004.569824
6149.091797
6466.005371
6081.088867
6028.592773
6458.910156
6497.029785
6939.537598
6788.082031
7501.106445
7511.583984
7636.982422
7874.859863
7660.097168
7783.305664
7993.414062
7929.433105
8050.015625
7947.106934
8023.187988
8006.776855
8114.510742
8236.261719
8241.196289
8213.332031
8259.155273
8242.710938
8423.004883
8463.747070
8371.777344
8384.311523
8664.194336
8645.009766
8356.568359
8365.636719
8301.224609
8394.130859
8220.404297
7981.639648
8011.268066
8093.007812
8150.135254
8118.415039
7545.363770
6955.211426
7431.750000
7904.592773
8060.886230
7913.746582
7804.323730
7728.782715
7492.586426
7198.953125
7354.343750
7302.295898
7105.610840
6659.195801
6656.751465
6805.003418
6629.834473
6222.311523
6187.191895
6313.447266
6708.468750
6200.070312
6111.473145
6103.775391
6252.473145
6340.915527
6965.687988
6943.053711
7278.449707
7501.006348
7561.422852
7560.874512
7479.231934
7492.280273
7816.107422
7836.604980
7896.753418
7932.543457
8233.227539
8203.824219
8140.236816
8251.825195
8334.881836
8446.011719
8426.283203
8548.693359
8399.254883
8338.526367
8541.432617
8703.056641
8707.042969
8667.362305
8514.830078
8322.119141
8330.767578
8371.283203
8367.371094
8276.189453
8147.316406
8123.183105
7962.253906
7866.026855
7999.469727
8031.272949
8309.469727
8516.323242
8409.974609
8340.067383
8184.325195
8033.020996
8044.593262
7874.622559
7630.291504
7530.696289
7679.686523
7647.778320
7482.486328
7454.469238
7314.316895
7345.973145
6904.949707
6808.074707
6809.533203
6817.857910
6929.513184
6888.562500
6772.270996
6666.543457
6664.789062
6874.135254
7169.007324
7342.137695
7541.082031
7513.025879
7497.327637
7465.826660
7485.267090
7556.128418
7818.067383
7767.338867
8002.234375
8079.169434
8204.115234
8355.664062
8359.772461
8500.664062
8478.343750
8495.843750
8622.146484
8427.178711
8515.761719
8487.592773
8508.655273
8564.398438
8443.592773
8532.710938
8490.459961
8420.041016
8356.717773
8263.427734
8338.011719
8306.365234
8142.438477
8081.483887
7962.736328
7820.666992
7782.932617
7949.795410
8716.317383
8674.929688
8409.658203
8415.470703
8367.127930
8276.824219
8014.841797
8009.520508
7976.089355
7937.575195
8107.733398
8069.996582
7962.721191
7784.378906
7764.589844
7814.838867
7663.220215
7638.302246
7918.760254
7919.798828
7745.376953
8009.561035
7714.810059
7616.632324
7394.031250
7405.639160
7602.406250
7679.446289
7802.643066
7790.881836
7886.582031
7848.278320
7840.942871
7904.485840
7786.137207
7868.679199
8022.083008
8291.394531
8385.718750
8375.429688
8359.437500
8407.122070
8336.544922
8298.201172
8263.083984
8408.334961
8313.992188
8323.004883
8342.163086
8543.781250
8395.649414
8529.036133
8390.059570
8306.811523
8211.665039
8164.176758
8227.811523
8175.813965
8007.281250
7812.142090
7765.519043
7790.751465
7724.323730
7746.926270
8383.346680
8311.097656
8282.690430
8321.835938
8391.940430
8382.284180
8219.659180
8085.453613
8088.365723
8212.494141
8191.850586
8238.117188
8205.080078
7865.130859
7934.242188
8085.894043
8034.056641
8056.068359
8216.009766
8118.197266
8202.738281
8052.243652
8008.792480
8042.257324
7984.644043
7992.191895
7925.378418
8046.695312
8148.166016
8036.198730
8010.143066
7995.445801
8046.206055
8292.193359
8184.970215
8062.757324
8068.980469
8220.180664
8192.891602
8253.654297
8451.122070
8446.107422
8666.079102
8719.744141
8586.083008
8471.049805
8305.982422
8208.247070
8238.760742
8506.461914
8378.342773
8619.787109
8689.572266
8587.313477
8276.456055
8242.297852
8167.260254
8045.589355
7769.398926
7580.985352
7403.548340
7533.656250
7831.295898
7760.240234
8237.410156
8316.540039
8381.556641
8244.404297
8278.632812
8197.241211
8285.922852
8423.698242
8336.477539
8118.800293
7949.231934
7947.616699
7977.298828
8178.140625
8251.758789
8343.161133
8295.553711
8226.008789
8298.006836
8135.927734
8186.090820
8243.784180
8287.216797
8259.090820
8204.946289
8252.986328
8077.000977
8205.309570
8198.647461
8136.462402
8268.494141
8257.118164
8258.830078
8348.660156
8219.385742
8235.380859
8413.676758
8423.521484
8488.148438
8512.373047
8651.841797
8632.808594
8525.873047
8716.260742
8730.138672
8807.655273
8680.606445
8589.031250
8598.634766
8501.149414
8298.500977
8400.257812
8346.540039
8361.223633
8359.384766
8431.046875
8594.069336
8330.190430
8151.590332
8069.457031
8047.276367
8026.999023
7927.416504
7762.115234
8301.888672
8247.782227
8243.810547
8406.948242
8375.433594
8397.636719
8366.275391
8425.888672
8468.446289
8350.076172
8303.001953
8277.554688
8139.879883
8269.353516
8321.416016
8277.217773
8273.561523
8339.008789
8412.761719
8348.253906
8411.395508
8629.129883
8334.730469
8212.542969
8128.141602
8224.756836
8255.116211
8394.640625
8324.419922
8354.649414
8282.212891
8235.188477
8387.045898
8356.246094
8387.805664
8325.915039
8443.614258
8394.794922
8284.658203
8370.111328
8486.847656
8685.737305
8634.364258
8575.453125
8744.018555
8673.427734
8797.720703
8794.591797
8643.222656
8453.234375
8355.358398
8252.979492
8249.459961
8403.140625
8357.074219
8286.942383
8239.681641
8125.410156
8134.608398
8231.146484
8162.613770
8257.341797
8113.126465
8066.530273
8265.755859
8179.623047
8215.891602
8452.254883
8349.797852
8262.391602
8337.498047
8333.479492
8439.189453
8384.385742
8548.508789
8324.822266
8348.784180
8604.650391
8484.824219
8583.859375
8517.972656
8654.135742
8658.461914
8502.873047
8634.858398
8494.524414
8429.513672
8393.998047
8358.559570
8211.335938
8101.208984
8139.117188
8184.442383
8152.811523
8387.264648
8188.015625
8353.730469
8307.442383
8398.629883
8427.050781
8396.873047
8428.396484
8504.187500
8741.622070
8746.396484
8780.470703
8797.107422
8780.523438
8713.247070
8679.004883
8688.597656
8708.348633
8519.893555
8312.520508
8112.441406
8120.346191
8234.570312
8115.107422
8354.418945
8355.996094
8297.895508
8270.981445
8186.631348
8325.562500
8138.297363
8147.704590
8199.509766
8090.684570
8296.716797
8272.817383
8343.420898
8281.009766
8237.236328
8364.126953
8262.131836
8172.640625
8239.999023
8343.774414
8347.082031
8382.175781
8478.248047
8520.279297
8552.182617
8672.816406
8618.211914
8561.274414
8506.196289
8407.605469
8315.629883
8300.531250
8298.052734
8239.972656
8274.229492
8188.841797
8164.203125
8134.678223
8166.117188
8310.071289
8553.283203
8349.793945
8316.669922
8392.159180
8424.321289
8363.233398
8175.025391
8247.575195
8117.341797
8260.398438
8314.128906
8399.388672
8496.052734
8549.292969
8549.205078
8447.799805
8385.699219
8438.220703
8501.651367
8280.012695
8178.697754
8234.482422
8253.408203
8190.042969
8165.276367
8220.419922
8205.496094
8136.252930
8164.672363
8098.619141
8273.134766
8292.592773
8264.932617
8369.229492
8344.575195
8445.132812
8477.332031
8425.157227
8452.405273
8383.856445
8319.388672
8280.476562
8197.207031
8406.436523
8433.434570
8615.256836
8655.724609
8677.730469
8684.064453
8677.084961
8642.533203
8793.297852
8785.225586
8798.270508
8690.573242
8689.693359
8672.609375
8560.829102
8611.630859
8682.428711
8712.576172
8660.846680
8724.228516
8676.602539
8688.859375
8509.824219
8407.848633
8407.603516
8319.513672
8315.865234
8379.820312
8252.134766
8254.683594
8020.762695
8113.610352
8228.235352
8327.454102
8231.220703
8221.987305
8202.044922
8065.599609
8239.658203
8338.944336
8316.124023
8463.450195
8617.604492
8365.317383
8267.809570
8212.444336
8140.803711
8240.133789
8404.006836
8536.692383
8298.330078
8313.083984
8201.269531
8350.523438
8302.286133
8029.034180
8044.023438
8024.197754
8103.634766
8246.849609
8357.638672
8221.315430
8233.532227
8219.641602
8337.591797
8405.383789
8310.256836
8320.154297
8449.100586
8430.684570
8609.443359
8454.979492
8383.533203
8639.122070
8407.652344
8426.978516
8403.716797
8590.279297
8705.123047
8671.024414
8633.571289
8697.261719
8778.633789
8734.804688
8651.005859
8799.924805
8665.884766
8402.027344
8484.106445
8311.208008
8295.795898
8291.826172
8117.654297
8085.815430
7991.351562
7829.967285
7789.230957
7819.848633
7739.871582
7774.711914
7972.002930
8240.500000
8380.415039
8288.989258
8278.693359
8424.308594
8319.337891
8279.209961
8322.017578
8379.645508
8319.387695
8377.454102
8198.140625
8248.481445
8254.283203
8285.375000
8306.759766
8345.742188
8330.011719
8007.810059
7983.946289
8077.556152
8079.950684
8257.992188
8356.884766
8386.570312
8378.879883
8358.161133
8313.173828
8245.481445
8276.934570
8267.147461
8464.394531
8392.278320
8348.706055
8300.233398
8453.488281
8346.169922
8395.964844
8368.085938
8401.279297
8309.177734
8270.937500
8296.452148
8307.359375
8379.592773
8637.477539
8643.972656
8657.975586
8658.282227
8788.847656
8650.470703
8548.671875
8408.235352
8412.129883
8356.444336
8354.158203
8180.163574
8235.367188
8246.210938
8100.936523
8186.809570
8172.630859
8055.458984
7997.767578
8060.565430
8167.683594
8146.587891
8088.742676
8269.601562
8205.550781
8454.625000
8412.450195
8292.470703
8219.147461
8310.898438
8209.082031
8268.345703
8304.543945
8221.101562
8379.987305
8427.404297
8414.011719
8066.626465
7974.333008
7978.383301
8086.715820
8241.505859
8274.684570
8343.699219
8281.958008
8335.431641
8323.180664
8246.481445
8320.073242
8317.080078
8336.585938
8340.895508
8288.193359
8319.395508
8391.212891
8541.083008
8343.202148
8452.171875
8376.096680
8353.253906
8246.380859
8134.187500
8096.881348
8249.501953
8303.714844
8595.850586
8629.170898
8470.287109
8499.998047
8462.823242
8488.628906
8400.479492
8366.959961
8325.736328
8251.327148
8228.810547
8267.855469
8389.017578
8319.108398
8175.480469
8140.706055
7995.420898
8018.546875
8047.917969
8058.147949
8273.539062
8284.791016
8332.998047
8335.791992
8221.667969
8229.282227
8032.212891
7972.562500
7938.884277
7705.165039
7720.736328
7812.357910
8185.722656
8077.285156
7835.864746
7655.363770
8015.587402
8032.048828
7968.079102
8041.458984
7958.607910
7817.797852
7961.459473
8011.747559
8132.431152
8183.044922
8299.650391
8279.662109
8069.310059
7822.344727
7903.101562
8109.797852
8253.765625
8270.857422
8163.861328
8144.511719
8212.744141
8101.835938
7998.862305
8080.068359
7958.192383
8165.091309
8336.446289
8341.953125
8243.198242
8301.460938
8417.264648
8394.217773
8172.013672
8285.839844
8266.751953
8158.531738
8054.365234
8273.931641
8320.851562
8372.271484
8306.433594
8317.323242
8149.096191
8052.867676
8026.906738
8121.996094
8233.638672
8201.567383
8100.208496
8079.202148
7971.967285
8110.675781
8146.551270
8284.288086
8170.119629
7931.720215
7535.520996
6961.128418
6958.510742
6887.185059
6962.015625
6965.687988
6881.668457
6774.890625
7992.973633
7896.266602
7805.266602
7695.334961
7558.021484
7439.020996
7610.221680
7688.653809
7982.001465
8001.014160
8077.468750
8168.453613
8045.629395
8114.682617
8284.991211
8158.757324
8156.156738
8062.075195
8120.602051
8301.751953
8129.367188
8134.064453
8143.015625
8052.674316
8124.152832
8337.307617
8295.419922
8551.465820
8334.617188
8484.846680
8691.814453
8758.588867
8683.058594
8531.306641
8489.441406
8442.147461
8438.483398
8624.466797
8625.981445
8490.641602
8412.926758
8345.224609
8386.725586
8315.958008
8253.829102
8197.853516
8087.457031
8258.499023
8342.694336
8289.952148
8305.761719
8332.700195
8345.320312
8463.740234
8394.287109
8259.082031
8232.960938
8010.351074
6965.687988
6965.687988
6908.583496
6492.751465
6354.770020
6460.061523
7914.692383
7844.981934
7821.803223
7813.010742
7811.647949
7494.051270
7461.554688
7454.888672
7589.073242
7848.559082
7935.711914
8133.444336
8216.994141
8129.736328
8242.511719
8078.941895
8152.922363
8102.301270
7947.518066
7975.686035
8033.494629
8219.691406
8298.072266
8251.845703
8352.162109
8326.196289
8287.751953
8400.719727
8608.749023
8779.935547
8704.500000
8663.690430
8640.209961
8688.158203
8689.609375
8725.507812
8876.031250
8846.828125
8897.533203
8819.293945
8734.431641
8652.795898
8662.285156
8503.603516
8529.614258
8400.467773
8511.643555
8706.306641
8534.613281
8498.162109
8506.366211
8487.492188
8467.997070
8544.294922
8311.053711
8358.168945
8411.519531
8136.477539
7794.931152
6965.687988
6923.332520
6564.216797
6414.518555
6113.017578
8139.572754
8180.757812
7985.995605
7982.545898
8018.122559
7756.022461
7648.565918
7490.236328
7839.430176
7917.307129
7891.983887
7986.967285
8008.109375
8033.770020
8082.737305
8050.934570
7830.172363
7901.298340
8081.673340
7943.788086
8024.468262
8206.443359
8079.978516
8191.345703
8317.555664
8365.678711
8445.873047
8488.480469
8603.451172
8648.381836
8796.781250
8916.757812
8942.727539
8922.231445
8840.963867
8810.371094
8846.323242
8872.340820
8930.618164
8902.459961
8942.727539
8807.824219
8793.209961
8867.916016
8901.535156
8942.727539
8938.956055
8670.518555
8488.815430
8603.233398
8542.485352
8432.364258
8417.842773
8410.138672
8415.319336
8327.493164
8234.189453
7920.738281
7633.418945
7641.369141
6820.420898
6965.687988
6401.534668
5976.789062
