/Real_seismic_DSS2
1
Seis
1.055781
1.055781
1.055781
0.017112
1.055781
0.017112
0.017112
0.017112
1.050700
1.055781
1.055781
1.055781
0.017112
0.017112
0.017112
0.017112
0.012031
0.000598
1.021026
0.791690
0.782715
0.777350
0.768690
0.773853
0.382589
0.382589
0.382589
-0.018009
-0.018009
-0.018009
-0.313842
-0.609004
-1.647673
-1.647673
-1.352511
-0.298397
-0.009430
-0.005619
0.126942
0.138315
-0.130700
0.191967
0.565731
0.470764
1.108245
1.344366
0.555277
0.560508
0.437810
0.430943
0.430943
0.305623
0.119634
-0.175528
-0.285372
-0.280291
-0.165216
-0.165216
0.753296
0.529123
0.394619
0.278797
0.236876
-1.494488
0.829889
0.829889
0.829889
0.015393
0.829889
0.015393
0.015393
0.015393
0.831608
0.829889
0.829889
0.829889
0.015393
0.015393
0.015393
0.015393
0.017112
0.013824
0.811723
1.030815
1.019442
1.012418
0.998310
1.003392
0.786848
0.786848
0.786848
0.388567
0.388567
0.388567
-0.012031
-0.307864
-1.122360
-1.122360
-0.826526
-0.012688
0.382746
0.389038
0.581132
0.592564
0.253390
0.680806
1.052269
0.725574
1.141639
0.920911
0.374676
0.202204
0.018987
0.020691
0.020691
-0.098494
-0.203930
-0.499764
-0.794925
-0.796644
-0.687688
-0.680821
0.019570
0.243743
0.173503
0.039746
-0.512467
-1.394962
0.429815
0.429815
0.429815
0.013600
0.429815
0.013600
0.013600
0.013600
0.431608
0.429815
0.429815
0.429815
0.013600
0.013600
0.013600
0.013600
0.015393
0.012180
0.420026
0.820025
0.808593
0.808279
0.794223
0.792504
1.016999
1.016999
1.016999
0.792826
0.792826
0.792826
0.394545
-0.006053
-0.422267
-0.429135
-0.028537
0.381931
0.775131
0.788282
1.042106
1.045394
0.708387
1.168092
1.330841
0.808294
0.599813
0.204820
-0.006650
-0.163564
-0.399626
-0.392677
-0.392677
-0.522921
-0.625368
-1.025966
-1.321800
-1.323593
-1.195000
-1.189836
-0.905585
-0.507304
-0.575303
-0.709807
-1.264262
-0.951167
0.020273
0.020273
0.020273
0.004655
0.020273
0.004655
0.004655
0.004655
0.029217
0.020273
0.020273
0.020273
0.004655
0.004655
0.004655
0.004655
0.013600
0.019578
0.033701
0.436091
0.432804
0.425630
0.415976
0.414182
0.819659
0.819659
0.819659
1.043832
1.043832
1.043832
0.819659
0.421378
0.398894
0.393730
0.792011
0.781169
1.007061
1.012142
1.285035
1.288248
1.179151
1.464598
1.179151
0.452606
-0.143695
-0.554956
-0.432333
-0.693345
-0.948006
-0.936042
-0.929175
-1.052941
-0.876517
-1.274798
-1.675395
-1.684340
-1.554917
-1.549836
-1.659778
-1.259181
-1.152325
-1.222566
-1.505846
-0.612740
-0.284536
-0.284536
-0.284536
-0.004319
-0.284536
-0.004319
-0.004319
-0.004319
-0.275561
-0.284536
-0.284536
-0.284536
-0.004319
-0.004319
-0.004319
-0.004319
0.004655
0.010633
-0.261812
0.036099
0.032886
0.054638
0.044999
0.042922
0.448197
0.448197
0.448197
0.846478
0.846478
0.846478
1.063784
0.839611
1.114664
1.109582
1.333756
1.004893
0.782514
0.794671
1.088734
1.082756
1.422752
1.313655
0.800298
-0.039582
-0.826504
-1.133106
-0.891746
-1.221505
-1.488046
-1.482890
-1.477727
-1.523182
-0.900728
-1.124901
-1.523182
-1.532156
-1.460197
-1.461915
-1.803398
-1.507564
-1.397720
-1.465719
-1.473116
-0.201307
-0.591070
-0.591070
-0.591070
-0.015692
-0.591070
-0.015692
-0.015692
-0.015692
-0.579697
-0.591070
-0.591070
-0.591070
-0.015692
-0.015692
-0.015692
-0.015692
-0.004319
0.022514
-0.544808
-0.245836
-0.239858
-0.225197
-0.219540
-0.223351
0.102156
0.102156
0.102156
0.502753
0.502753
0.502753
0.895871
1.120044
1.690340
1.692059
1.467886
0.809273
0.419936
0.422933
0.626938
0.620960
1.152997
0.870539
0.354119
-0.523975
-1.474320
-1.789798
-1.431121
-1.589089
-1.792040
-1.786608
-1.781526
-1.824015
-1.201561
-0.970520
-1.194693
-1.206066
-1.136274
-1.138067
-1.770071
-1.474910
-1.179749
-1.072893
-1.262618
0.199589
-0.712348
-0.712348
-0.712348
-0.027125
-0.712348
-0.027125
-0.027125
-0.027125
-0.700915
-0.712348
-0.712348
-0.712348
-0.027125
-0.027125
-0.027125
-0.027125
-0.015692
0.004259
-0.650319
-0.534182
-0.528204
-0.469777
-0.464016
-0.470308
-0.137568
-0.137568
-0.137568
0.158266
0.158266
0.158266
0.553782
0.952063
1.639005
1.640798
1.242517
0.437564
0.045941
0.051336
0.180691
0.153858
0.688959
0.422118
-0.007472
-0.709299
-1.767396
-1.897648
-1.617432
-1.509059
-1.638355
-1.640118
-1.641837
-1.507094
-1.330669
-0.927225
-0.696185
-0.707617
-0.805529
-0.814473
-1.381407
-1.271562
-0.975729
-0.865884
-0.975729
0.515098
-0.822491
-0.822491
-0.822491
-0.030413
-0.822491
-0.030413
-0.030413
-0.030413
-0.819203
-0.822491
-0.822491
-0.822491
-0.030413
-0.030413
-0.030413
-0.030413
-0.033992
0.022268
-0.736700
-0.616693
-0.589859
-0.533980
-0.516629
-0.529781
-0.322735
-0.322735
-0.322735
-0.027573
-0.027573
-0.027573
0.269979
0.670577
1.464448
1.473393
1.072796
0.107364
-0.177097
-0.192497
-0.292255
-0.319073
0.047002
-0.114328
-0.543994
-0.448570
-1.534390
-1.655907
-1.454824
-1.175362
-1.127531
-1.134077
-1.135870
-1.013024
-1.115471
-0.709792
-0.306348
-0.302768
-0.403639
-0.412613
-1.091559
-0.984703
-0.584106
-0.288944
-0.501236
0.905824
-0.757705
-0.757705
-0.757705
-0.033626
-0.757705
-0.033626
-0.033626
-0.033626
-0.754492
-0.757705
-0.757705
-0.757705
-0.033626
-0.033626
-0.033626
-0.033626
-0.042443
0.013749
-0.635755
-0.698673
-0.671854
-0.541378
-0.523967
-0.529049
-0.315038
-0.315038
-0.315038
-0.205193
-0.205193
-0.205193
0.091762
0.387595
1.120619
1.129594
0.833760
-0.136678
-0.420407
-0.443938
-0.730655
-0.792078
-0.428918
-0.653838
-0.833924
-0.104913
-1.012067
-0.958714
-0.931066
-0.837003
-0.608929
-0.617844
-0.626788
-0.326919
-0.432355
-0.138240
0.267439
0.269389
-0.007532
-0.018905
-0.444610
-0.512609
-0.114328
0.181506
-0.038931
0.948178
-0.688354
-0.681486
-0.681486
-0.027648
-0.681486
-0.027648
-0.027648
-0.027648
-0.687464
-0.681486
-0.681486
-0.688354
-0.034515
-0.034515
-0.034515
-0.034515
-0.050738
0.066056
-0.521427
-0.579510
-0.518087
-0.378733
-0.348612
-0.360769
-0.286344
-0.286344
-0.286344
-0.179488
-0.179488
-0.179488
-0.060699
0.234463
0.897275
0.908648
0.613487
-0.305316
-0.411873
-0.470084
-1.028955
-1.090229
-1.087240
-1.129085
-1.303940
-0.213114
-0.333420
-0.260489
-0.405529
-0.416962
-0.000523
-0.020041
-0.029015
0.255109
0.069120
0.362488
0.656603
0.667662
0.388425
0.383859
0.019877
-0.050364
0.173809
0.574406
0.527330
0.818755
-0.553035
-0.547872
-0.547872
-0.028537
-0.547872
-0.028537
-0.028537
-0.028537
-0.553850
-0.547872
-0.547872
-0.553035
-0.033701
-0.033701
-0.033701
-0.033701
-0.043041
0.074575
-0.317526
-0.449034
-0.387760
-0.195793
-0.165761
-0.168758
-0.074896
-0.074896
-0.074896
-0.142895
-0.142895
-0.142895
-0.027065
0.082780
0.613487
0.624920
0.515075
-0.330655
-0.434298
-0.501550
-1.267998
-1.383074
-1.386063
-1.599774
-1.424919
-0.426676
0.080030
0.217299
0.114179
0.005455
0.599738
0.588230
0.576857
0.956524
0.768219
0.869119
1.162487
1.166747
0.774518
0.776394
0.658546
0.524042
0.299869
0.698150
0.988828
0.905136
-0.397526
-0.392445
-0.392445
-0.006867
-0.392445
-0.006867
-0.006867
-0.006867
-0.419279
-0.392445
-0.392445
-0.397526
-0.011948
-0.011948
-0.011948
-0.011948
-0.035270
0.107431
-0.159327
-0.287689
-0.172613
0.029143
0.084588
0.079193
0.074560
0.074560
0.074560
0.004319
0.004319
0.004319
-0.052307
0.054549
0.451559
0.454847
0.347991
-0.300392
-0.238371
-0.359424
-1.304688
-1.420511
-1.783671
-1.825517
-1.645431
-0.647860
0.180086
0.346654
0.732232
0.440582
1.140227
1.127748
1.116315
1.470411
1.292567
1.390449
1.491349
1.516389
1.119603
1.121471
1.112504
0.978747
0.580466
0.804640
1.266436
0.990023
-0.253166
-0.254885
-0.254885
0.014870
-0.254885
0.014870
0.014870
0.014870
-0.281703
-0.254885
-0.254885
-0.253166
0.016589
0.016589
0.016589
0.016589
0.000508
0.143986
0.013383
-0.117840
-0.002018
0.189277
0.244573
0.259974
0.288436
0.288436
0.288436
0.153932
0.153932
0.153932
0.095124
0.027125
0.300168
0.303381
0.371380
-0.157668
-0.093405
-0.236062
-1.318960
-1.452717
-1.818791
-2.043712
-1.614047
-0.783926
-0.056185
0.092434
0.984643
0.873304
1.666204
1.662991
1.659703
1.818791
1.641695
1.562322
1.660204
1.678078
1.446134
1.450393
1.383074
1.267251
0.866653
0.642480
1.024397
0.753902
-0.074874
-0.076667
-0.076667
0.078012
-0.076667
0.078012
0.078012
0.078012
-0.138091
-0.076667
-0.076667
-0.074874
0.079806
0.079806
0.079806
0.079806
0.036301
0.117915
0.082339
-0.056267
0.077489
0.288145
0.376387
0.399917
0.326770
0.326770
0.326770
0.193013
0.193013
0.193013
0.061797
-0.008444
0.149449
0.143471
0.213712
-0.023912
0.083759
-0.076817
-1.007285
-1.141789
-1.676890
-1.838220
-1.408629
-0.940937
-0.057695
0.145638
1.099196
1.261348
1.877824
1.862946
1.859733
1.544030
1.477525
1.395851
1.316479
1.368928
1.578179
1.582364
1.140369
1.025293
0.729459
0.331178
0.608331
0.242032
0.056619
0.047674
0.047674
0.141080
0.047674
0.141080
0.141080
0.141080
-0.013600
0.047674
0.047674
0.056619
0.150024
0.150024
0.150024
0.150024
0.109098
0.188530
0.141834
0.022350
0.156854
0.210573
0.299578
0.357788
0.336036
0.336036
0.336036
0.220213
0.220213
0.220213
0.089669
-0.044835
0.042593
0.036615
0.171119
0.133824
0.240762
0.044835
-0.315337
-0.385578
-0.917615
-1.184456
-0.668036
-0.791929
0.350607
0.499973
1.289810
1.644684
1.617850
1.623843
1.629821
1.105629
1.042114
0.904322
0.822648
0.872549
1.235022
1.252911
0.698157
0.636883
0.341722
-0.058875
0.181737
-0.012770
0.242092
0.233118
0.233118
0.265100
0.233118
0.265100
0.265100
0.265100
0.118042
0.233118
0.233118
0.242092
0.274074
0.274074
0.274074
0.274074
0.181804
0.078236
0.056043
-0.072632
-0.002391
0.083691
0.156025
0.223276
0.159163
0.159163
0.159163
0.044087
0.044087
0.044087
-0.077713
-0.211470
-0.185466
-0.212299
-0.078543
0.133159
0.187558
0.056043
0.420698
0.352699
0.012703
-0.269755
0.243601
-0.231646
0.668783
0.906706
1.529683
1.822595
1.173322
1.165551
1.171529
0.600560
0.619241
0.482271
0.344479
0.448122
0.810528
0.828372
0.271773
0.210349
0.100504
-0.195330
-0.139137
-0.338501
0.396106
0.384733
0.384733
0.389897
0.384733
0.389897
0.389897
0.389897
0.268911
0.384733
0.384733
0.396106
0.401270
0.401270
0.401270
0.401270
0.300168
0.193536
0.014265
-0.133607
-0.065608
-0.229254
-0.156025
-0.034971
-0.081375
-0.081375
-0.081375
-0.142649
-0.142649
-0.142649
-0.263702
-0.379525
-0.401195
-0.428014
-0.312191
0.141976
0.195778
0.012703
0.537343
0.644199
0.753296
0.644199
0.929646
0.439379
0.716084
0.919999
1.330169
1.553669
0.693368
0.720336
0.747169
0.226415
0.245096
0.135251
-0.001719
0.110816
0.333794
0.383844
-0.041950
-0.068769
-0.175625
-0.470786
-0.398386
-0.422409
0.568129
0.556697
0.556697
0.535027
0.556697
0.535027
0.535027
0.535027
0.422940
0.556697
0.556697
0.568129
0.546459
0.546459
0.546459
0.546459
0.419204
0.118065
-0.091164
-0.260654
-0.367509
-0.480269
-0.525103
-0.382447
-0.426527
-0.426527
-0.426527
-0.487950
-0.487950
-0.487950
-0.576058
-0.691133
-0.739622
-0.801045
-0.685970
-0.097142
-0.150943
-0.159910
0.493181
0.603026
0.940033
1.225480
1.062730
0.614459
0.400590
0.676256
0.871286
1.111899
0.354194
0.361815
0.388634
-0.129273
-0.074724
-0.183822
-0.293667
-0.163123
0.067476
0.117317
-0.301304
-0.328137
-0.260138
-0.369983
-0.472572
-0.486628
0.711899
0.708611
0.708611
0.680963
0.708611
0.680963
0.680963
0.680963
0.574107
0.708611
0.708611
0.711899
0.684251
0.684251
0.684251
0.684251
0.546982
0.245171
-0.164999
-0.331552
-0.441397
-0.833027
-0.880851
-0.720276
-0.824823
-0.824823
-0.824823
-0.851641
-0.851641
-0.851641
-0.939883
-1.001157
-1.090229
-1.151503
-1.090229
-0.271922
-0.326321
-0.350233
0.263852
0.559013
0.898187
1.357891
0.986429
0.575445
0.292098
0.548402
0.559611
0.669456
-0.036615
0.023912
0.085335
-0.265952
-0.212299
-0.246740
-0.355838
-0.215356
-0.223800
-0.112012
-0.340145
-0.346123
-0.275882
-0.382738
-0.473820
-0.411148
0.791331
0.788118
0.788118
0.754492
0.788118
0.754492
0.754492
0.754492
0.717877
0.788118
0.788118
0.791331
0.757705
0.757705
0.757705
0.757705
0.675508
0.248077
-0.174706
-0.376611
-0.671772
-1.046141
-1.286754
-1.090827
-1.048981
-1.048981
-1.048981
-1.075814
-1.075814
-1.075814
-1.164056
-1.225480
-1.320380
-1.435455
-1.374032
-0.723930
-0.830868
-0.670210
0.104009
0.399843
0.668858
1.096274
0.722510
0.516271
0.067999
0.277975
0.106109
0.267513
-0.253316
-0.156174
-0.094900
-0.345077
-0.310622
-0.345227
-0.379667
-0.303448
-0.306437
-0.193828
-0.340586
-0.346564
-0.212060
-0.144061
-0.299421
-0.222679
0.850139
0.856117
0.856117
0.825704
0.856117
0.825704
0.825704
0.825704
0.788118
0.856117
0.856117
0.850139
0.819726
0.819726
0.819726
0.819726
0.718916
0.293816
-0.272296
-0.400597
-0.696431
-1.081262
-1.325611
-1.194096
-0.880253
-0.880253
-0.880253
-0.886231
-0.886231
-0.886231
-0.974339
-1.001157
-1.146646
-1.262468
-1.235650
-1.043832
-1.151503
-0.925910
-0.162227
0.238371
0.506699
0.829366
0.539510
0.326546
-0.105361
0.093929
-0.141229
-0.136895
-0.487352
-0.372277
-0.257201
-0.266168
-0.231578
-0.196973
-0.231578
-0.136746
-0.332524
-0.192789
-0.165589
-0.162376
-0.028619
0.041621
-0.101326
-0.021969
0.734018
0.739996
0.739996
0.712871
0.739996
0.712871
0.712871
0.712871
0.846851
0.739996
0.739996
0.734018
0.706893
0.706893
0.706893
0.706893
0.760096
0.474500
-0.028171
-0.207958
-0.608555
-0.609975
-0.975377
-0.792303
-0.537268
-0.537268
-0.537268
-0.543246
-0.543246
-0.543246
-0.664300
-0.691133
-0.834081
-0.967838
-0.941004
-1.375003
-1.439266
-1.106668
-0.331776
0.066505
0.170372
0.471511
0.182327
0.195628
-0.216327
-0.256230
-0.551615
-0.514171
-0.687532
-0.489512
-0.373689
-0.149516
-0.128675
-0.094235
-0.059630
-0.139667
-0.317579
-0.177097
0.033103
0.036391
0.152214
0.286717
0.161629
0.252867
0.585906
0.612740
0.612740
0.597048
0.612740
0.597048
0.597048
0.597048
0.722585
0.619607
0.619607
0.585906
0.570214
0.570214
0.570214
0.570214
0.591817
0.754716
0.363160
0.365626
-0.032655
0.033028
-0.330805
-0.321838
-0.254960
-0.254960
-0.254960
-0.251746
-0.251746
-0.251746
-0.373547
-0.379525
-0.528974
-0.663478
-0.657500
-1.110330
-1.172351
-0.667214
-0.328787
-0.104614
-0.003736
0.112087
-0.000971
-0.125828
-0.482563
-0.535841
-0.801113
-0.892209
-0.824210
-0.687464
-0.553708
-0.086680
-0.065825
0.043273
0.077713
0.029292
-0.148634
-0.051560
0.214459
0.225892
0.340967
0.474724
0.351429
0.417709
0.252553
0.279372
0.279372
0.275053
0.279372
0.281920
0.281920
0.281920
0.581401
0.284536
0.284536
0.252553
0.248234
0.248234
0.248234
0.248234
0.420698
0.703904
0.923429
0.910890
0.686717
0.582178
0.288436
0.312348
-0.078236
-0.078236
-0.078236
-0.074949
-0.074949
-0.074949
-0.205492
-0.211470
-0.350293
-0.420534
-0.414556
-0.776386
-0.672744
-0.338726
0.049841
-0.167465
-0.232251
-0.128608
-0.238752
-0.267745
-0.468380
-0.881770
-1.116988
-1.195590
-1.058844
-0.813749
-0.679245
-0.006725
0.002466
0.112311
0.221408
-0.012479
-0.152811
-0.057994
0.402077
0.413450
0.474724
0.590547
0.521188
0.607076
-0.106811
-0.045388
-0.045388
-0.040732
-0.045388
-0.035569
-0.035569
-0.035569
0.255610
-0.040306
-0.047174
-0.113678
-0.109023
-0.109023
-0.109023
-0.109023
0.010461
0.295236
0.664950
0.834582
1.058755
1.020571
0.732135
0.571477
0.071735
0.071735
0.071735
0.083168
0.083168
0.083168
-0.048048
-0.044835
-0.110420
-0.178419
-0.181633
-0.446254
-0.339697
-0.268709
0.157145
-0.235972
-0.302925
-0.367345
-0.310779
-0.504995
-0.668126
-1.082779
-1.254473
-1.495160
-1.120044
-1.049056
-0.978815
-0.137493
-0.128227
0.008743
0.118588
-0.062171
-0.009864
-0.055296
0.378524
0.387498
0.448922
0.563997
0.505032
0.583687
-0.572463
-0.511190
-0.511190
-0.497590
-0.511190
-0.492508
-0.492508
-0.492508
-0.105511
-0.519775
-0.524939
-0.584494
-0.570894
-0.570894
-0.570894
-0.570894
-0.401195
-0.239118
0.308537
0.543074
0.941355
1.165528
1.236517
1.010924
0.035703
0.035703
0.035703
0.047076
0.047076
0.047076
-0.011732
-0.008444
-0.062843
0.044013
0.040725
-0.492210
-0.208481
-0.310928
0.166710
-0.228806
-0.351877
-0.428387
-0.369520
-0.561486
-0.605432
-1.310135
-1.419233
-1.651185
-1.291760
-1.213300
-1.145301
-0.263553
-0.255333
-0.117541
0.019428
-0.265346
-0.155501
-0.204072
0.359424
0.368369
0.395187
0.456461
0.432071
0.517242
-1.082532
-0.967457
-0.967457
-0.952063
-0.967457
-0.953782
-0.953782
-0.953782
-0.577761
-0.981281
-0.986362
-1.099644
-1.084251
-1.084251
-1.084251
-1.084251
-0.935549
-0.774892
-0.268858
0.065533
0.466131
0.678423
1.198430
0.865831
0.063344
0.063344
0.063344
0.072318
0.072318
0.072318
0.015692
0.027125
0.149374
0.259219
0.247786
-0.087428
0.197033
0.197033
0.069255
-0.228298
-0.350682
-0.491477
-0.365948
-0.654234
-0.677309
-1.373217
-1.446066
-1.802576
-1.276517
-1.385689
-1.492545
-0.564393
-0.556308
-0.474634
-0.336843
-0.601367
-0.251657
-0.424875
0.080560
0.082354
0.109187
0.170611
0.150958
0.244491
-1.425965
-1.310143
-1.310143
-1.293031
-1.310143
-1.294824
-1.301691
-1.301691
-1.099793
-1.336199
-1.334480
-1.441359
-1.424247
-1.424247
-1.424247
-1.424247
-1.468334
-1.428730
-0.818083
-0.311227
-0.015393
0.091463
0.890341
0.385204
-0.081599
-0.081599
-0.081599
-0.072655
-0.072655
-0.072655
0.043176
0.054549
0.181506
0.476667
0.465294
0.304562
0.696185
0.798632
0.114156
-0.182798
-0.289647
-0.434096
-0.309284
-0.639790
-0.598991
-1.225480
-1.262020
-1.604332
-1.132149
-1.322547
-1.432392
-0.855370
-0.857828
-0.778456
-0.696782
-0.786452
-0.418285
-0.593132
-0.209572
-0.207853
-0.195008
-0.168190
-0.166942
-0.085933
-1.332261
-1.198504
-1.198504
-1.186474
-1.198504
-1.195418
-1.207449
-1.207449
-1.448734
-1.222872
-1.221079
-1.345861
-1.333830
-1.333830
-1.333830
-1.333830
-1.762748
-1.723892
-1.120940
-0.792004
-0.496842
-0.667289
0.131590
-0.202428
-0.046777
-0.046777
-0.046777
-0.044984
-0.044984
-0.044984
0.073805
0.082780
0.389972
0.685805
0.676831
0.907804
1.297141
1.226152
-0.026452
-0.145242
-0.251373
-0.377934
-0.263904
-0.411933
-0.362764
-0.531791
-0.552572
-0.957877
-0.434582
-0.732732
-1.027894
-1.110920
-1.113348
-1.211230
-1.131858
-0.837444
-0.329161
-0.590920
-0.684483
-0.689564
-0.678423
-0.651589
-0.650692
-0.535325
-1.072265
-0.937761
-0.937761
-0.930894
-0.937761
-0.946736
-0.956980
-0.956980
-1.360410
-0.962734
-0.953789
-1.076920
-1.070053
-1.070053
-1.070053
-1.070053
-1.606574
-1.567718
-1.133711
-1.067886
-0.958041
-0.957294
-0.437287
-0.508275
-0.073155
-0.073155
-0.073155
-0.071437
-0.071437
-0.071437
0.225518
0.234463
0.537164
0.937761
0.928817
1.229814
1.452194
1.118176
0.003221
-0.112610
-0.172090
-0.297904
-0.184547
0.089251
0.135288
0.314560
0.309471
-0.088750
0.397773
-0.176932
-0.472766
-1.363548
-1.370729
-1.471629
-1.569511
-1.103231
-0.661542
-0.927038
-1.171596
-1.176760
-1.174891
-1.168914
-1.158818
-1.047875
-0.744016
-0.673775
-0.673775
-0.673775
-0.673775
-0.697178
-0.700541
-0.700541
-1.099345
-0.689863
-0.680889
-0.739697
-0.739697
-0.739697
-0.739697
-0.739697
-1.101437
-1.061833
-1.058844
-1.168159
-1.061303
-0.861789
-0.790801
-0.688354
0.093331
0.093331
0.093331
0.088249
0.088249
0.088249
0.385802
0.387595
0.788193
1.186474
1.184680
1.567269
1.341377
0.836241
-0.138763
-0.075270
-0.134975
-0.206942
-0.140586
0.304875
0.359350
0.990987
0.988222
0.787363
1.065189
0.218561
-0.182036
-1.270770
-1.277996
-1.571364
-1.672264
-1.378523
-1.092328
-1.248054
-1.508170
-1.521904
-1.526911
-1.520933
-1.515859
-1.391816
-0.527554
-0.459555
-0.459555
-0.459555
-0.466422
-0.488100
-0.484588
-0.484588
-0.771477
-0.458524
-0.447151
-0.511862
-0.511862
-0.511862
-0.511862
-0.511862
-0.590995
-0.430338
-0.603026
-0.603026
-0.671025
-0.299645
-0.588081
-0.588081
0.278505
0.278505
0.278505
0.273342
0.273342
0.273342
0.668858
0.670577
1.068858
1.293031
1.291312
1.209862
0.816663
0.484065
-0.115083
-0.044244
-0.076144
-0.143859
-0.077272
0.347222
0.397735
1.091850
1.098351
1.341146
1.149784
0.751503
0.353222
-0.737829
-0.744703
-1.038818
-1.332186
-1.146197
-1.483204
-1.199976
-1.419591
-1.424755
-1.444848
-1.448061
-1.441792
-1.313490
-0.136970
-0.250693
-0.243826
-0.250693
-0.255856
-0.262507
-0.251769
-0.251769
-0.537956
-0.231347
-0.219914
-0.109845
-0.109845
-0.109845
-0.109845
-0.109845
0.000000
0.162077
0.027573
0.130020
0.059780
0.276555
-0.017187
-0.119634
0.570894
0.570894
0.570894
0.564027
0.564027
0.564027
0.957145
0.952063
1.176237
0.952063
0.957145
0.857761
0.462327
0.236734
-0.153327
-0.004999
-0.036996
-0.070084
-0.036398
0.276151
0.317354
1.013113
1.027834
1.445767
1.059442
1.281299
1.057126
0.064637
0.057754
-0.347924
-0.642039
-0.642039
-1.146952
-0.864501
-1.094877
-1.099958
-1.132306
-1.135594
-1.131088
-1.057514
0.072565
-0.042443
-0.037280
-0.042443
-0.047525
-0.047226
-0.029307
-0.029307
-0.127779
0.002690
0.005978
0.109845
0.109845
0.109845
0.109845
0.109845
0.590995
0.875770
0.844460
0.773472
0.638968
0.749486
0.385653
0.456641
0.907901
0.907901
0.907901
0.907901
0.907901
0.907901
1.125207
1.120044
0.895871
0.497590
0.502753
0.348746
0.059780
-0.100878
-0.136521
0.002548
-0.003430
-0.026684
0.000149
0.295610
0.322720
0.728398
0.751204
1.156509
0.758677
1.261721
1.485894
0.853427
0.851641
0.448197
0.042518
-0.143471
-0.835942
-0.556562
-0.783418
-0.781699
-0.809893
-0.821326
-0.812351
-0.747834
0.466205
0.165963
0.171044
0.165963
0.167682
0.184397
0.204745
0.204745
0.109322
0.219466
0.222679
0.511862
0.511862
0.511862
0.511862
0.511862
1.101437
1.384643
1.197832
0.863814
0.730057
0.829441
0.464038
0.798056
1.070651
1.070651
1.070651
1.070651
1.070651
1.070651
0.846478
0.839611
0.441330
0.040732
0.047599
0.008967
-0.286194
-0.262283
-0.109322
0.014048
0.020101
0.010910
0.016888
0.120082
0.140086
0.542103
0.562450
0.861789
0.559454
0.960724
1.359005
1.355044
1.360208
1.129168
0.725723
0.431982
-0.148253
-0.159013
-0.399178
-0.397384
-0.421064
-0.432437
-0.423493
-0.531507
0.694937
0.400822
0.399103
0.400822
0.402615
0.426512
0.449318
0.449318
0.520605
0.476674
0.470696
0.739697
0.739697
0.739697
0.739697
0.739697
1.606574
1.769473
1.320380
0.815243
0.699420
0.614085
0.369736
0.874873
0.819659
0.819659
0.819659
0.819659
0.819659
0.819659
0.421378
0.421378
0.020781
-0.275053
-0.275053
-0.348216
-0.458060
-0.449094
-0.100355
0.008242
0.028567
0.028567
0.034545
0.119723
0.131455
0.173301
0.191220
0.478931
0.169049
0.650199
1.050797
1.398848
1.405715
1.629888
1.398848
0.932568
0.248182
0.244222
-0.011425
-0.002481
-0.012195
-0.021169
-0.019376
-0.137426
1.032990
0.634186
0.632392
0.634186
0.643130
0.690311
0.705032
0.705032
0.778486
0.702252
0.696274
1.070053
1.070053
1.070053
1.070053
1.070053
1.762748
1.477152
0.910741
0.578143
0.463067
0.427281
0.186669
0.519267
0.394545
0.394545
0.394545
0.394545
0.394545
0.394545
-0.006053
-0.006053
-0.301887
-0.597048
-0.597048
-0.537418
-0.644274
-0.461199
-0.038468
0.029927
0.048608
0.057799
0.054586
-0.036817
-0.032094
0.004521
0.015259
0.101266
-0.031384
0.266766
0.562600
1.092463
1.092463
1.490744
1.714917
1.420503
0.921352
0.627386
0.377425
0.386400
0.392131
0.383187
0.384905
0.077766
1.325394
0.936057
0.927113
0.936057
0.945032
0.994656
1.001157
1.001157
1.129683
1.023806
0.996973
1.333830
1.333830
1.333830
1.333830
1.333830
1.468334
1.043235
0.649213
0.423620
0.362346
0.152438
0.104614
0.330207
-0.012031
-0.012031
-0.012031
-0.012031
-0.012031
-0.012031
-0.307864
-0.307864
-0.603026
-0.712871
-0.712871
-0.671839
-0.603840
-0.472325
-0.041076
0.017874
0.042907
0.073028
0.069740
-0.016342
-0.029045
-0.231548
-0.228036
-0.165888
-0.293091
-0.008392
0.286770
0.778404
0.778404
1.179001
1.577282
1.666952
1.344867
1.059420
0.770782
0.782155
0.801942
0.800149
0.795067
0.484804
1.451573
1.236375
1.227400
1.236375
1.247748
1.323892
1.321127
1.321127
1.448906
1.288166
1.261348
1.424247
1.424247
1.424247
1.424247
1.424247
0.935549
0.508118
0.255707
0.095049
0.033626
-0.103867
-0.148702
0.011956
-0.313842
-0.313842
-0.313842
-0.313842
-0.313842
-0.313842
-0.609004
-0.609004
-0.718849
-0.825704
-0.825704
-0.684475
-0.614234
-0.418307
-0.008900
0.047562
0.063590
0.101842
0.090409
-0.053039
-0.067499
-0.271496
-0.274859
-0.429307
-0.379226
-0.270129
-0.160284
0.401345
0.401345
0.697178
1.097776
1.362300
1.656266
1.370072
1.099099
1.110531
1.142020
1.140302
1.135138
0.720709
1.181975
1.417522
1.406148
1.417522
1.428954
1.496729
1.484773
1.484773
1.573763
1.484923
1.423499
1.084251
1.084251
1.084251
1.084251
1.084251
0.401195
0.099383
-0.088108
-0.064196
-0.091014
-0.292920
-0.219690
-0.243601
-0.605791
-0.605791
-0.605791
-0.605791
-0.605791
-0.605791
-0.715635
-0.715635
-0.822491
-0.754492
-0.754492
-0.620063
-0.485559
-0.324984
-0.016096
0.045918
0.050573
0.123370
0.111997
-0.023553
-0.037601
-0.287928
-0.298173
-0.489392
-0.429889
-0.433626
-0.326770
0.030936
0.030936
0.326097
0.621931
0.906706
1.376946
1.557712
1.451962
1.455250
1.490901
1.495982
1.489115
1.078355
0.741266
1.150980
1.139547
1.150980
1.154268
1.266578
1.233767
1.233767
1.322024
1.146272
1.084998
0.570894
0.570894
0.570894
0.570894
0.570894
-0.010461
-0.311601
-0.293667
-0.284700
-0.311533
-0.468895
-0.396562
-0.405529
-0.712348
-0.712348
-0.712348
-0.712348
-0.712348
-0.712348
-0.819203
-0.819203
-0.751204
-0.680963
-0.680963
-0.526142
-0.392385
-0.249729
-0.002466
0.100654
0.093906
0.164155
0.155180
0.037639
0.030413
-0.218419
-0.230450
-0.546385
-0.415393
-0.486381
-0.554380
-0.211545
-0.211545
-0.101700
0.193461
0.374220
0.904240
1.194835
1.554857
1.558071
1.599625
1.604788
1.604788
1.356546
0.405903
0.809788
0.806500
0.809788
0.813001
0.916868
0.863216
0.863216
0.863067
0.758452
0.643377
0.109023
0.109023
0.109023
0.109023
0.109023
-0.420698
-0.527330
-0.524341
-0.341266
-0.347244
-0.486613
-0.397608
-0.580683
-0.807771
-0.807771
-0.807771
-0.807771
-0.807771
-0.807771
-0.739771
-0.739771
-0.669530
-0.535027
-0.535027
-0.389157
-0.273334
-0.152281
-0.009341
0.111937
0.086606
0.210626
0.201681
0.091687
0.084812
-0.092285
-0.099152
-0.468970
-0.331851
-0.484289
-0.554530
-0.441016
-0.441016
-0.334160
-0.224315
0.009572
0.433999
0.762263
1.254107
1.248129
1.281448
1.288316
1.288316
1.497626
0.167756
0.466803
0.463590
0.466803
0.460825
0.561770
0.473528
0.473528
0.473678
0.297926
0.182103
-0.248234
-0.248234
-0.248234
-0.248234
-0.248234
-0.591817
-0.695385
-0.509097
-0.377582
-0.383560
-0.493181
-0.404939
-0.536454
-0.728398
-0.728398
-0.728398
-0.728398
-0.728398
-0.728398
-0.658157
-0.658157
-0.523654
-0.389897
-0.389897
-0.290902
-0.175826
-0.108575
-0.007032
0.132255
0.103561
0.221177
0.219383
0.163273
0.156391
-0.020108
-0.020108
-0.392378
-0.266310
-0.400814
-0.535318
-0.475994
-0.475994
-0.543994
-0.437138
-0.388716
0.015401
0.256686
0.755987
0.750009
0.808667
0.808667
0.808667
1.178336
-0.017254
0.271930
0.277907
0.271930
0.265952
0.346803
0.224106
0.224106
0.135849
-0.071055
-0.204812
-0.570214
-0.570214
-0.570214
-0.570214
-0.570214
-0.760096
-0.680664
-0.545862
-0.349934
-0.346721
-0.402600
-0.347304
-0.543231
-0.649183
-0.649183
-0.649183
-0.649183
-0.649183
-0.649183
-0.514679
-0.514679
-0.380922
-0.265100
-0.265100
-0.164394
-0.103120
-0.044909
-0.008743
0.161263
0.122555
0.258031
0.256312
0.201756
0.199970
0.111877
0.111877
-0.271459
-0.144353
-0.313977
-0.447734
-0.493995
-0.493995
-0.564236
-0.632236
-0.552198
-0.327278
-0.032117
0.324162
0.297328
0.346646
0.346646
0.346646
0.739622
-0.025406
0.078461
0.084439
0.078461
0.051627
0.033626
-0.142724
-0.142724
-0.231713
-0.394545
-0.529049
-0.706893
-0.706893
-0.706893
-0.706893
-0.706893
-0.718916
-0.637302
-0.429942
-0.269366
-0.266079
-0.315314
-0.259869
-0.420444
-0.505735
-0.505735
-0.505735
-0.505735
-0.505735
-0.505735
-0.371978
-0.371978
-0.256155
-0.141080
-0.141080
-0.100938
-0.039514
-0.015984
0.004566
0.123004
0.090192
0.219615
0.224696
0.197878
0.203041
0.114784
0.114784
-0.151235
-0.083094
-0.198020
-0.313842
-0.393947
-0.393947
-0.528451
-0.598692
-0.693524
-0.525395
-0.361001
-0.011358
-0.038177
0.044087
0.044087
0.044087
0.313088
-0.073977
0.006045
0.032879
0.006045
-0.020773
-0.075472
-0.306370
-0.306370
-0.434149
-0.749486
-0.819726
-0.819726
-0.819726
-0.819726
-0.819726
-0.819726
-0.675508
-0.532030
-0.360082
-0.217426
-0.205993
-0.220579
-0.190547
-0.333203
-0.370185
-0.370185
-0.370185
-0.370185
-0.370185
-0.370185
-0.254362
-0.254362
-0.139286
-0.078012
-0.078012
-0.030615
-0.003796
0.011605
0.011373
0.183075
0.154537
0.219615
0.224778
0.197945
0.204812
0.172016
0.172016
-0.027648
0.033775
-0.062103
-0.177179
-0.260190
-0.260190
-0.393947
-0.528451
-0.604670
-0.611245
-0.432056
-0.294564
-0.355987
-0.293816
-0.293816
-0.293816
0.008220
0.029210
-0.065608
-0.038789
-0.065608
-0.127031
-0.410237
-0.659816
-0.659816
-0.788342
-0.867550
-0.935549
-0.757705
-0.757705
-0.757705
-0.757705
-0.757705
-0.546982
-0.404281
-0.252651
-0.131597
-0.120224
-0.133831
-0.103710
-0.224763
-0.252643
-0.252643
-0.252643
-0.252643
-0.252643
-0.252643
-0.137568
-0.137568
-0.076294
-0.014870
-0.014870
-0.002996
0.023837
0.018442
0.008974
0.042660
0.047824
0.108956
0.115823
0.109845
0.109845
0.077033
0.077033
0.089071
0.115890
0.054482
-0.006792
-0.109912
-0.109912
-0.225735
-0.359492
-0.499973
-0.543396
-0.503710
-0.396039
-0.457313
-0.411799
-0.411799
-0.411799
-0.259361
-0.031011
-0.162675
-0.101252
-0.162675
-0.223949
-0.564692
-0.832953
-0.832953
-0.906407
-1.156509
-1.049653
-0.684251
-0.684251
-0.684251
-0.684251
-0.684251
-0.419204
-0.301588
-0.171590
-0.104338
-0.095363
-0.088249
-0.070839
-0.138091
-0.142649
-0.142649
-0.142649
-0.142649
-0.142649
-0.142649
-0.081375
-0.081375
-0.019951
0.006867
0.006867
0.025690
0.031668
0.028672
0.008945
0.127928
0.159910
0.053054
0.053054
0.047076
0.047076
0.044312
0.044312
0.234179
0.261012
0.213338
0.151915
0.093405
0.093405
-0.021670
-0.137493
-0.268036
-0.375707
-0.402540
-0.505735
-0.620810
-0.609004
-0.609004
-0.609004
-0.405753
-0.064487
-0.260265
-0.198991
-0.260265
-0.375341
-0.920081
-1.124826
-1.124826
-1.196113
-1.086642
-0.976797
-0.546459
-0.546459
-0.546459
-0.546459
-0.546459
-0.300168
-0.183374
-0.114328
-0.056118
-0.047174
-0.049258
-0.031907
-0.090118
-0.086538
-0.086538
-0.086538
-0.086538
-0.086538
-0.086538
-0.025115
-0.025115
0.001704
0.028537
0.028537
0.035786
0.041763
0.029606
0.001793
-0.002989
0.090417
-0.019428
-0.019428
-0.016215
-0.016215
-0.018905
-0.018905
0.380123
0.386101
0.359267
0.332449
0.264524
0.264524
0.203250
0.088175
-0.024360
-0.152139
-0.224621
-0.391556
-0.507379
-0.613487
-0.613487
-0.613487
-0.502148
-0.275733
-0.524565
-0.409490
-0.524565
-0.640388
-1.204482
-1.342722
-1.342722
-1.247299
-1.230785
-0.935624
-0.401270
-0.401270
-0.401270
-0.401270
-0.401270
-0.181804
-0.125612
-0.065683
-0.042152
-0.040359
-0.033364
-0.027603
-0.051134
-0.031982
-0.031982
-0.031982
-0.031982
-0.031982
-0.031982
-0.005163
-0.005163
0.021670
0.027648
0.027648
0.036712
0.033499
0.028418
0.001719
0.068821
0.223501
-0.071661
-0.071661
-0.068373
-0.068373
-0.053727
-0.053727
0.531290
0.537268
0.522099
0.495266
0.453726
0.453726
0.392303
0.331029
0.227386
0.117541
-0.129049
-0.429665
-0.563422
-0.726321
-0.726321
-0.726321
-0.596301
-0.559447
-0.791092
-0.675269
-0.791092
-0.924849
-1.530191
-1.491334
-1.491334
-1.392862
-1.084012
-0.788178
-0.274074
-0.274074
-0.274074
-0.274074
-0.274074
-0.109098
-0.052838
-0.034388
-0.018987
-0.017269
-0.019055
-0.013398
-0.028799
-0.005163
-0.005163
-0.005163
-0.005163
-0.005163
-0.005163
0.021670
0.021670
0.027648
0.033626
0.033626
0.035487
0.032199
0.019047
-0.005081
-0.016514
0.253241
-0.042593
-0.042593
-0.031160
-0.031160
-0.016499
-0.016499
0.683145
0.679932
0.673879
0.667901
0.618262
0.618262
0.591443
0.530020
0.480119
0.361830
0.139376
-0.275509
-0.410013
-0.766448
-0.766448
-0.766448
-0.589351
-0.951817
-1.200649
-1.066892
-1.200649
-1.335153
-1.871674
-1.654973
-1.654973
-1.368786
-0.889870
-0.489273
-0.150024
-0.150024
-0.150024
-0.150024
-0.150024
-0.036301
-0.016350
-0.006112
-0.011508
-0.016589
-0.003437
-0.013077
-0.007682
0.021670
0.021670
0.021670
0.021670
0.021670
0.021670
0.027648
0.027648
0.033626
0.030413
0.030413
0.025406
0.013973
0.007682
-0.005163
-0.059780
0.325798
-0.074799
-0.074799
-0.063426
-0.063426
-0.043019
-0.043019
0.759147
0.755860
0.750928
0.744950
0.718624
0.718624
0.691791
0.664972
0.612523
0.547961
0.141012
-0.369363
-0.439604
-0.817709
-0.817709
-0.817709
-0.703381
-1.413636
-1.609414
-1.474910
-1.609414
-1.679655
-1.864971
-1.459965
-1.459965
-1.173076
-0.315187
0.083094
-0.079806
-0.079806
-0.079806
-0.079806
-0.079806
-0.000508
0.026325
0.014063
0.011067
0.005903
0.012195
0.002541
0.005537
0.027648
0.027648
0.027648
0.027648
0.027648
0.027648
0.033626
0.033626
0.030413
0.027125
0.027125
0.020773
0.009400
0.005589
-0.006867
0.048571
0.567905
0.169624
0.169624
0.178599
0.178599
0.198916
0.198916
0.832803
0.821370
0.824718
0.827931
0.804034
0.804034
0.798056
0.771223
0.753349
0.680493
0.334818
-0.308537
-0.376536
-0.876442
-0.876442
-0.876442
-0.735960
-1.709096
-1.840760
-1.770520
-1.840760
-1.908760
-1.467886
-0.876891
-0.876891
-0.478087
0.096096
0.320269
-0.016589
-0.016589
-0.016589
-0.016589
-0.016589
0.035270
0.041248
0.038251
0.026094
0.019227
0.023038
0.008982
0.021140
0.033626
0.033626
0.033626
0.033626
0.033626
0.033626
0.030413
0.030413
0.027125
0.015692
0.015692
0.009483
0.000508
-0.001569
0.000000
0.255557
0.909396
0.685223
0.685223
0.694167
0.694167
0.704935
0.704935
0.716308
0.704935
0.718766
0.722054
0.714529
0.714529
0.708552
0.702574
0.677533
0.639342
0.188694
-0.528212
-0.421356
-0.855430
-0.855430
-0.855430
-0.891372
-1.526627
-1.621444
-1.553445
-1.621444
-1.514589
-0.711301
-0.014870
-0.014870
0.381692
0.609900
0.385727
0.011948
0.011948
0.011948
0.011948
0.011948
0.043041
0.049019
0.036862
0.031780
0.031780
0.033858
0.019750
0.024831
0.030413
0.030413
0.030413
0.030413
0.030413
0.030413
0.027125
0.027125
0.015692
0.004319
0.004319
0.002212
-0.006733
-0.008526
0.000000
0.249579
0.973659
1.197832
1.197832
1.199625
1.199625
1.210288
1.210288
0.596809
0.587834
0.599237
0.610670
0.610446
0.610446
0.613659
0.607681
0.603422
0.567614
0.151489
-0.635733
-0.525888
-0.887629
-0.887629
-0.887629
-0.953311
-1.174593
-1.094570
-1.201426
-1.094570
-0.984725
0.006867
0.805746
0.805746
1.035000
0.700982
0.302701
0.033701
0.033701
0.033701
0.033701
0.033701
0.050738
0.047525
0.042443
0.029292
0.029292
0.031085
0.022425
0.035576
0.027125
0.027125
0.027125
0.027125
0.027125
0.027125
0.015692
0.015692
0.004319
-0.004655
-0.004655
-0.013600
-0.015393
-0.017112
0.000000
-0.111265
0.680814
1.079095
1.079095
1.080813
1.080813
1.077526
1.077526
0.287592
0.278647
0.294773
0.306146
0.320941
0.320941
0.324229
0.327442
0.316383
0.301461
0.059398
-0.754417
-0.459256
-0.640836
-0.640836
-0.640836
-0.894974
-0.666325
-0.562458
-0.672303
-0.562458
-0.267297
0.724968
1.347423
1.347423
1.128413
0.724296
0.323699
0.034515
0.034515
0.034515
0.034515
0.034515
0.042443
0.039156
0.026004
0.019712
0.019712
0.021431
0.019712
0.026004
0.015692
0.015692
0.015692
0.015692
0.015692
0.015692
0.004319
0.004319
-0.004655
-0.013600
-0.013600
-0.015393
-0.017112
-0.012031
0.000000
-0.405006
0.280216
0.680814
0.680814
0.675733
0.675733
0.672288
0.672288
-0.022350
-0.024143
-0.015124
-0.006150
0.015468
0.015468
0.026901
0.030189
0.028238
0.020467
0.240456
-0.466437
-0.170603
0.010230
0.010230
0.010230
-0.488847
-0.261535
0.027648
-0.267513
0.027648
0.323482
1.417522
1.417522
1.417522
1.026108
0.433327
0.137493
0.033626
0.033626
0.033626
0.033626
0.033626
0.033992
0.022559
0.016267
0.012457
0.012457
0.007375
0.012457
0.016267
0.004319
0.004319
0.004319
0.004319
0.004319
0.004319
-0.004655
-0.004655
-0.013600
-0.015393
-0.015393
-0.017112
-0.012031
-0.006867
0.000000
-0.696431
-0.121053
0.174780
0.174780
0.169617
0.169617
0.157668
0.157668
-0.431608
-0.433327
-0.424733
-0.415789
-0.394784
-0.394784
-0.383411
-0.371978
-0.375557
-0.374063
0.019959
-0.554530
-0.153932
0.661236
0.661236
0.661236
-0.388649
0.325574
0.624621
0.328787
0.624621
1.025219
1.757517
1.135063
1.135063
0.734466
0.435643
0.140482
0.030413
0.030413
0.030413
0.030413
0.030413
0.015692
0.004319
0.000508
-0.001569
-0.001569
-0.006733
-0.001569
0.000508
-0.004655
-0.004655
-0.004655
-0.004655
-0.004655
-0.004655
-0.013600
-0.013600
-0.015393
-0.017112
-0.017112
-0.012031
-0.006867
0.000000
0.000000
-0.984867
-0.704651
-0.409490
-0.409490
-0.416357
-0.416357
-0.421520
-0.421520
-0.831608
-0.826526
-0.824726
-0.822932
-0.807120
-0.807120
-0.798146
-0.786773
-0.775340
-0.766971
-0.368242
-0.654436
-0.256155
0.838557
0.838557
0.838557
-0.188156
0.727965
1.131850
0.731253
1.131850
1.530131
1.636987
0.838109
0.838109
0.542275
0.072258
-0.037586
0.027125
0.027125
0.027125
0.027125
0.027125
0.004319
-0.004655
-0.006733
-0.008526
-0.008526
-0.015393
-0.008526
-0.006733
-0.013600
-0.013600
-0.013600
-0.013600
-0.013600
-0.013600
-0.015393
-0.015393
-0.017112
-0.012031
-0.012031
-0.006867
0.000000
0.000000
0.000000
-0.916196
-0.931813
-0.821968
-0.821968
-0.821968
-0.821968
-0.828835
-0.828835
-1.050700
-1.045536
-1.048914
-1.047195
-1.045402
-1.045402
-1.036457
-1.027483
-1.016110
-0.999513
-0.705555
-0.686725
-0.462551
0.736924
0.736924
0.736924
0.330349
1.223985
1.633699
1.235418
1.633699
1.857872
1.167419
0.470988
0.470988
0.175826
0.063740
-0.043116
0.015692
0.015692
0.015692
0.015692
0.015692
-0.004655
-0.013600
-0.015393
-0.017112
-0.017112
-0.017112
-0.017112
-0.015393
-0.015393
-0.015393
-0.015393
-0.015393
-0.015393
-0.015393
-0.017112
-0.017112
-0.012031
-0.006867
-0.006867
0.000000
0.000000
0.000000
0.000000
-0.466280
-0.882495
-0.775639
-0.775639
-0.775639
-0.775639
-0.775639
-0.775639
-0.821363
-0.814496
-0.826526
-0.831608
-0.829889
-0.829889
-0.828096
-0.819151
-0.810177
-0.791936
-0.492210
-0.072707
-0.296880
0.621408
0.621408
0.621408
0.951241
1.542894
1.778440
1.554267
1.778440
1.554267
0.685148
0.094153
0.094153
-0.015692
-0.186811
-0.118812
0.004319
0.004319
0.004319
0.004319
0.004319
-0.013600
-0.015393
-0.017112
-0.012031
-0.012031
-0.012031
-0.012031
-0.017112
-0.017112
-0.017112
-0.017112
-0.017112
-0.017112
-0.017112
-0.012031
-0.012031
-0.006867
0.000000
0.000000
0.000000
0.000000
0.000000
0.000000
0.328040
-0.486456
-0.554455
-0.554455
-0.554455
-0.554455
-0.554455
-0.554455
-0.416215
-0.416215
-0.423082
-0.428245
-0.433327
-0.433327
-0.431608
-0.429815
-0.420870
-0.411896
-0.290678
0.535251
0.136970
0.432131
0.432131
0.432131
0.939136
1.687852
1.472653
1.696826
1.472653
1.074372
0.243437
-0.161569
-0.161569
-0.268425
-0.199678
-0.129438
-0.004655
-0.004655
-0.004655
-0.004655
-0.004655
-0.015393
-0.017112
-0.012031
-0.006867
-0.006867
-0.006867
-0.006867
-0.012031
-0.012031
-0.012031
-0.012031
-0.012031
-0.012031
-0.012031
-0.006867
-0.006867
0.000000
0.000000
0.000000
0.000000
0.000000
0.000000
0.000000
0.888548
-0.150121
-0.220362
-0.220362
-0.220362
-0.220362
-0.220362
-0.220362
-0.015617
-0.015617
-0.015617
-0.022485
-0.027648
-0.027648
-0.032729
-0.031011
-0.029217
-0.020273
0.095558
1.145600
0.745002
0.232393
0.232393
0.232393
0.830412
1.320230
0.930894
1.329175
0.930894
0.530297
-0.194455
-0.411156
-0.411156
-0.343157
-0.254982
-0.120478
-0.013600
-0.013600
-0.013600
-0.013600
-0.013600
-0.017112
-0.012031
-0.006867
0.000000
0.000000
0.000000
0.000000
-0.006867
-0.006867
-0.006867
-0.006867
-0.006867
-0.006867
-0.006867
0.000000
0.000000
0.000000
0.000000
0.000000
0.000000
0.000000
0.000000
0.000000
0.960956
0.146460
0.011956
0.011956
0.011956
0.011956
0.011956
0.011956
0.280216
0.280216
0.280216
0.280216
0.273349
0.273349
0.268186
0.263105
0.264823
0.266617
0.207562
1.031032
0.735198
0.043176
0.043176
0.043176
0.538688
