ip_sands
4
i
j
k
ip
95408.000000 99043.000000 68589.000000 5360.383385
79975.000000 37851.000000 87888.000000 5176.749573
4175.000000 33715.000000 4682.000000 5779.502056
46442.000000 41745.000000 75352.000000 6947.544832
69662.000000 40681.000000 34163.000000 6425.478816
15375.000000 82082.000000 62741.000000 5984.667054
83813.000000 7754.000000 91917.000000 5863.201682
89779.000000 83050.000000 12052.000000 5982.305852
95770.000000 51506.000000 56448.000000 4864.194936
66787.000000 36585.000000 67411.000000 6053.574300
96032.000000 89477.000000 53368.000000 6052.943117
80897.000000 37315.000000 59780.000000 5641.995569
6524.000000 32748.000000 89246.000000 5783.716982
66293.000000 18586.000000 18297.000000 6644.379273
92642.000000 37079.000000 80742.000000 6294.234965
34150.000000 77272.000000 93103.000000 6499.986501
27726.000000 36261.000000 75166.000000 5344.116132
68088.000000 65976.000000 44444.000000 6183.815569
45897.000000 18196.000000 50390.000000 5463.760317
40126.000000 32974.000000 67241.000000 5586.891148
62287.000000 87079.000000 28014.000000 5639.610102
33090.000000 65448.000000 36983.000000 5449.970002
13155.000000 78794.000000 64890.000000 6786.205204
39893.000000 63130.000000 37048.000000 6613.207508
5423.000000 24617.000000 68581.000000 5112.100735
60318.000000 74905.000000 5996.000000 6431.204904
7101.000000 73310.000000 40972.000000 5332.427799
37912.000000 58216.000000 21262.000000 6410.316776
72430.000000 79519.000000 22036.000000 6062.678544
4327.000000 52126.000000 58060.000000 5416.428593
72397.000000 54926.000000 62040.000000 6217.878156
66475.000000 63607.000000 77997.000000 6306.345960
26701.000000 26213.000000 34631.000000 5474.504678
52842.000000 77614.000000 88007.000000 5061.398014
85075.000000 76522.000000 95034.000000 6121.577732
83919.000000 96179.000000 23926.000000 5498.729728
88992.000000 19404.000000 69121.000000 5232.488649
95071.000000 47133.000000 6029.000000 6227.807387
87681.000000 22554.000000 42707.000000 5163.548016
61105.000000 5771.000000 57614.000000 6486.817462
62326.000000 1431.000000 83634.000000 6366.622993
32815.000000 32893.000000 61729.000000 6571.430707
98863.000000 41269.000000 72452.000000 5297.751991
29881.000000 32359.000000 59360.000000 6117.299684
88767.000000 72208.000000 72383.000000 5234.520064
22731.000000 47081.000000 43265.000000 6270.629225
59708.000000 20042.000000 95286.000000 5816.520139
59262.000000 91091.000000 66897.000000 6128.564308
21587.000000 70741.000000 8338.000000 6159.141972
42494.000000 73899.000000 20602.000000 5384.876766
89083.000000 98507.000000 16678.000000 6635.919392
17243.000000 55967.000000 92813.000000 5183.485454
70123.000000 83360.000000 64067.000000 6635.050189
71183.000000 82778.000000 19772.000000 5898.830687
78819.000000 3537.000000 42683.000000 5643.446497
37525.000000 43125.000000 16938.000000 6504.250863
76956.000000 1970.000000 81352.000000 6401.916025
57789.000000 18331.000000 75953.000000 5982.196572
54745.000000 27540.000000 24672.000000 6522.452801
27075.000000 61795.000000 21567.000000 6476.010966
89578.000000 70475.000000 2053.000000 6320.563897
28764.000000 64039.000000 34304.000000 6449.096871
71198.000000 84134.000000 83024.000000 5600.998545
41988.000000 87628.000000 70346.000000 5973.734157
53467.000000 67466.000000 37569.000000 6204.979745
28822.000000 5117.000000 23364.000000 5522.152559
68940.000000 66329.000000 22775.000000 6265.090762
65756.000000 63784.000000 75762.000000 6117.818921
47051.000000 5600.000000 52932.000000 6910.202056
43729.000000 81458.000000 89230.000000 5440.281238
27386.000000 53259.000000 50793.000000 6706.910415
59848.000000 14642.000000 67662.000000 5832.257834
79049.000000 30177.000000 53751.000000 6244.441528
22383.000000 15429.000000 14806.000000 5979.121576
31298.000000 39603.000000 10415.000000 5354.092535
35283.000000 45010.000000 95686.000000 6606.731386
52562.000000 97958.000000 76046.000000 5882.278653
87958.000000 55045.000000 37479.000000 5547.281792
29189.000000 35352.000000 96700.000000 5678.353014
56174.000000 6965.000000 31606.000000 5807.079301
7234.000000 82487.000000 59873.000000 5530.855563
60773.000000 82535.000000 12742.000000 6277.754859
77625.000000 47089.000000 78304.000000 6320.095365
5424.000000 21095.000000 23000.000000 6965.688125
75357.000000 56613.000000 43526.000000 5744.169090
27375.000000 88468.000000 23650.000000 5647.143132
42791.000000 13830.000000 5282.000000 6015.730119
4293.000000 17934.000000 76036.000000 5678.317182
15785.000000 97264.000000 51301.000000 6706.626963
41554.000000 54506.000000 56132.000000 4492.487975
71903.000000 4271.000000 3602.000000 6434.271411
62773.000000 71802.000000 37761.000000 6045.308736
6754.000000 77198.000000 87142.000000 6195.586012
16500.000000 67064.000000 88812.000000 5902.245861
40408.000000 27822.000000 32471.000000 6116.739960
67811.000000 41023.000000 76260.000000 6209.791838
46640.000000 8385.000000 62027.000000 5757.987896
13398.000000 39929.000000 10901.000000 6563.813215
96353.000000 57824.000000 34407.000000 5737.436070
43812.000000 71307.000000 26259.000000 5839.510167
