Ip_zone1
4
x
y
z
Ip
2470.000000 318.000000 230.000000 5360.383385
1356.000000 264.000000 1005.000000 5176.749573
40.000000 872.000000 2103.000000 5779.502056
770.000000 1086.000000 2071.000000 6947.544832
249.000000 1137.000000 1248.000000 6425.478816
2794.000000 1697.000000 2850.000000 5984.667054
105.000000 1683.000000 58.000000 5863.201682
241.000000 1119.000000 928.000000 5982.305852
536.000000 1699.000000 1513.000000 4864.194936
1370.000000 1457.000000 215.000000 6053.574300
1004.000000 1414.000000 1015.000000 6052.943117
237.000000 2172.000000 696.000000 5641.995569
2575.000000 2733.000000 2251.000000 5783.716982
2890.000000 121.000000 1714.000000 6644.379273
1302.000000 2010.000000 1376.000000 6294.234965
766.000000 1003.000000 1306.000000 6499.986501
1056.000000 2002.000000 180.000000 5344.116132
2530.000000 819.000000 900.000000 6183.815569
1817.000000 135.000000 620.000000 5463.760317
1372.000000 409.000000 755.000000 5586.891148
578.000000 2936.000000 22.000000 5639.610102
1269.000000 1154.000000 2592.000000 5449.970002
2718.000000 2189.000000 482.000000 6786.205204
2375.000000 1016.000000 1121.000000 6613.207508
902.000000 1854.000000 2551.000000 5112.100735
2851.000000 501.000000 411.000000 6431.204904
984.000000 980.000000 502.000000 5332.427799
2569.000000 954.000000 528.000000 6410.316776
1400.000000 2571.000000 1618.000000 6062.678544
2169.000000 239.000000 2515.000000 5416.428593
1718.000000 2305.000000 573.000000 6217.878156
329.000000 2942.000000 28.000000 6306.345960
1193.000000 1656.000000 961.000000 5474.504678
2377.000000 1847.000000 2019.000000 5061.398014
1459.000000 1256.000000 1256.000000 6121.577732
2938.000000 1509.000000 688.000000 5498.729728
1809.000000 826.000000 407.000000 5232.488649
2601.000000 2543.000000 1052.000000 6227.807387
565.000000 2755.000000 605.000000 5163.548016
1017.000000 2755.000000 1522.000000 6486.817462
1152.000000 1156.000000 2236.000000 6366.622993
140.000000 313.000000 315.000000 6571.430707
2398.000000 2406.000000 531.000000 5297.751991
2440.000000 2757.000000 917.000000 6117.299684
859.000000 2727.000000 1403.000000 5234.520064
2285.000000 566.000000 617.000000 6270.629225
878.000000 2938.000000 244.000000 5816.520139
100.000000 1499.000000 2700.000000 6128.564308
2441.000000 661.000000 1148.000000 6159.141972
2589.000000 2648.000000 2749.000000 5384.876766
1900.000000 1312.000000 2906.000000 6635.919392
2158.000000 1941.000000 442.000000 5183.485454
2341.000000 2750.000000 436.000000 6635.050189
1730.000000 1892.000000 739.000000 5898.830687
1728.000000 132.000000 518.000000 5643.446497
21.000000 186.000000 2633.000000 6504.250863
256.000000 2642.000000 2636.000000 6401.916025
2925.000000 41.000000 2053.000000 5982.196572
763.000000 1427.000000 1042.000000 6522.452801
785.000000 1829.000000 2877.000000 6476.010966
1534.000000 2951.000000 2079.000000 6320.563897
2509.000000 1699.000000 503.000000 6449.096871
2619.000000 2767.000000 1254.000000 5600.998545
729.000000 634.000000 2404.000000 5973.734157
557.000000 2929.000000 2091.000000 6204.979745
1715.000000 2104.000000 2986.000000 5522.152559
1560.000000 1585.000000 358.000000 6265.090762
1855.000000 2157.000000 980.000000 6117.818921
2131.000000 2002.000000 1327.000000 6910.202056
639.000000 1066.000000 1106.000000 5440.281238
1720.000000 2138.000000 2421.000000 6706.910415
2609.000000 1565.000000 1529.000000 5832.257834
1924.000000 2555.000000 1406.000000 6244.441528
137.000000 1889.000000 1954.000000 5979.121576
288.000000 1503.000000 138.000000 5354.092535
1058.000000 355.000000 2922.000000 6606.731386
2781.000000 2778.000000 1920.000000 5882.278653
571.000000 1097.000000 2709.000000 5547.281792
1749.000000 1074.000000 1082.000000 5678.353014
305.000000 2819.000000 32.000000 5807.079301
1250.000000 2462.000000 352.000000 5530.855563
2630.000000 189.000000 1166.000000 6277.754859
2883.000000 293.000000 1557.000000 6320.095365
1195.000000 1640.000000 2959.000000 6965.688125
2219.000000 1082.000000 2271.000000 5744.169090
1997.000000 2395.000000 1119.000000 5647.143132
1597.000000 1873.000000 162.000000 6015.730119
2685.000000 1029.000000 332.000000 5678.317182
1563.000000 2994.000000 1566.000000 6706.626963
1527.000000 1747.000000 71.000000 4492.487975
2069.000000 1723.000000 2183.000000 6434.271411
1910.000000 885.000000 2630.000000 6045.308736
316.000000 1050.000000 946.000000 6195.586012
2362.000000 2683.000000 385.000000 5902.245861
2829.000000 1118.000000 2316.000000 6116.739960
2807.000000 2438.000000 543.000000 6209.791838
19.000000 2099.000000 2074.000000 5757.987896
2972.000000 1743.000000 2405.000000 6563.813215
579.000000 2257.000000 489.000000 5737.436070
1019.000000 1771.000000 2001.000000 5839.510167
