Ip_zone0
4
x
y
z
Ip
16.000000 2033.000000 2103.000000 7754.670294
915.000000 336.000000 2953.000000 8258.329962
2888.000000 6.000000 2738.000000 8248.043766
2280.000000 804.000000 2909.000000 7514.433923
456.000000 401.000000 979.000000 7821.554255
2583.000000 1158.000000 1159.000000 8074.910666
1227.000000 1106.000000 272.000000 7987.995330
2205.000000 40.000000 1426.000000 8251.728654
1179.000000 2250.000000 609.000000 8039.908546
692.000000 535.000000 2741.000000 7913.253143
34.000000 2894.000000 1122.000000 7497.553333
1382.000000 1485.000000 2423.000000 8267.859206
593.000000 1314.000000 1303.000000 7917.766489
2886.000000 1227.000000 1182.000000 8060.114106
1959.000000 2459.000000 1495.000000 7486.761479
188.000000 1380.000000 2384.000000 7710.496696
2819.000000 752.000000 1857.000000 7658.466907
622.000000 2954.000000 1838.000000 8036.261425
827.000000 1973.000000 610.000000 7831.231632
1506.000000 1590.000000 663.000000 7615.708851
2349.000000 1220.000000 828.000000 7789.251966
478.000000 1574.000000 1642.000000 7444.748690
897.000000 2925.000000 2275.000000 8308.068167
402.000000 354.000000 159.000000 7926.879133
1859.000000 977.000000 673.000000 8674.924644
809.000000 1269.000000 2642.000000 8203.702221
1755.000000 2525.000000 2448.000000 8383.340318
384.000000 2500.000000 1517.000000 7856.520222
1751.000000 1699.000000 445.000000 7328.933911
1774.000000 640.000000 2063.000000 8316.186535
2201.000000 2004.000000 1597.000000 7744.268353
2914.000000 1551.000000 64.000000 7961.259914
1407.000000 1942.000000 1377.000000 7576.226799
1147.000000 2227.000000 2388.000000 8118.907012
2813.000000 1956.000000 177.000000 7462.217170
1368.000000 2596.000000 2319.000000 8039.473433
2261.000000 2446.000000 1407.000000 8474.943564
2286.000000 1980.000000 795.000000 8471.018084
1155.000000 1542.000000 830.000000 7073.799082
108.000000 1272.000000 2326.000000 7910.477199
740.000000 2309.000000 116.000000 8347.978268
755.000000 2890.000000 2626.000000 8057.108401
1854.000000 2902.000000 1794.000000 8346.329706
189.000000 2184.000000 1379.000000 7799.392853
1485.000000 2601.000000 1243.000000 7981.581114
268.000000 805.000000 2757.000000 8636.992780
1515.000000 1430.000000 310.000000 8100.373637
1674.000000 1974.000000 171.000000 6733.702017
840.000000 122.000000 2512.000000 7216.292572
1965.000000 1482.000000 1663.000000 8115.849875
2474.000000 2700.000000 361.000000 7974.309363
1312.000000 1222.000000 574.000000 8185.615319
1728.000000 1641.000000 328.000000 7305.757353
420.000000 1746.000000 974.000000 7777.586358
371.000000 1762.000000 302.000000 8320.231937
2526.000000 355.000000 635.000000 8689.268951
1258.000000 1404.000000 194.000000 8005.651314
1144.000000 1227.000000 1773.000000 7040.905406
1322.000000 1959.000000 1082.000000 8238.672849
926.000000 300.000000 1987.000000 7921.980090
924.000000 598.000000 2215.000000 8420.592470
2024.000000 141.000000 2122.000000 8387.828489
1631.000000 451.000000 1812.000000 8059.696401
2771.000000 2984.000000 1326.000000 8155.992190
387.000000 1771.000000 1998.000000 8639.575556
2525.000000 534.000000 2904.000000 7385.491415
2390.000000 1225.000000 1644.000000 7724.217015
1547.000000 864.000000 397.000000 8159.250045
1766.000000 1179.000000 2858.000000 7975.350152
2307.000000 365.000000 2000.000000 7815.138426
1406.000000 2353.000000 528.000000 7963.912040
2328.000000 454.000000 2219.000000 8082.534479
632.000000 203.000000 2143.000000 8381.063448
1111.000000 1765.000000 2082.000000 8066.254684
1242.000000 59.000000 250.000000 7949.259157
2246.000000 508.000000 2427.000000 8803.895836
2338.000000 2410.000000 15.000000 8942.727079
1730.000000 1122.000000 2081.000000 8565.135517
1494.000000 1977.000000 234.000000 7630.118448
501.000000 2413.000000 1563.000000 8510.803690
2910.000000 504.000000 2547.000000 7687.399476
1863.000000 2126.000000 8.000000 7309.027269
1007.000000 1055.000000 1837.000000 7819.744858
1654.000000 1584.000000 2402.000000 7815.564013
1797.000000 2729.000000 1273.000000 7275.664457
2103.000000 507.000000 94.000000 8289.069692
1219.000000 222.000000 1846.000000 7403.235397
1041.000000 2326.000000 640.000000 8121.201383
1189.000000 980.000000 99.000000 7330.625808
2668.000000 22.000000 2385.000000 7540.937571
1306.000000 2488.000000 1446.000000 8815.564263
2032.000000 2235.000000 2043.000000 8665.727944
832.000000 474.000000 1008.000000 7971.227794
2987.000000 2799.000000 2221.000000 8257.990837
1377.000000 1438.000000 1600.000000 8732.898495
2245.000000 1969.000000 2276.000000 8250.786604
2508.000000 1768.000000 2594.000000 7396.677206
1705.000000 983.000000 1354.000000 8457.182899
1224.000000 2903.000000 518.000000 8229.462090
2344.000000 2637.000000 2953.000000 7515.264379
