/Real_seismic_DSS3
1
Seis
0.607285
0.612366
0.319155
0.319155
-0.395740
-0.392527
-0.527031
-0.671541
-1.124901
-1.086044
-1.386511
-1.391592
-1.087845
-0.792011
-0.792011
-1.313737
-1.315530
-0.271780
0.017187
0.816065
0.810984
0.816065
0.006733
0.008526
0.015393
0.015393
1.054062
1.054062
1.054062
1.047195
0.005081
0.000000
0.000000
0.000000
0.000000
0.000000
1.038669
0.000000
0.000000
0.000000
-0.295834
0.000000
-0.109845
-0.011956
0.189800
0.305623
0.305623
0.420698
0.420698
0.420698
0.530543
0.591817
0.295983
-0.060452
-0.170297
0.125537
0.125537
0.125537
0.186811
0.125537
0.186811
-0.109023
-0.109023
-0.047599
0.306071
0.304352
0.019578
0.019578
-0.875015
-0.880993
-0.951234
-1.091649
-1.599842
-1.383141
-1.315530
-1.313812
-1.011021
-0.610423
-0.610423
-0.788641
-0.797586
0.015191
0.410625
1.033080
1.034798
1.033080
-0.000508
0.008436
0.013600
0.013600
0.828096
0.828096
0.821228
0.816065
-0.001719
0.000000
0.000000
0.000000
0.000000
0.000000
0.814496
0.000000
0.000000
0.000000
-0.400597
0.000000
-0.295161
-0.266766
-0.239118
-0.105361
-0.105361
0.010461
0.010461
0.010461
0.305623
0.420698
0.020101
-0.390809
-0.685970
-0.285372
-0.285372
-0.285372
-0.170297
-0.285372
-0.170297
-0.570894
-0.570894
-0.509620
-0.002892
-0.004685
-0.401023
-0.401023
-1.248547
-1.254525
-1.322524
-1.362659
-1.731267
-1.326261
-0.804453
-0.802659
-0.381169
0.017112
0.017112
0.008167
-0.000807
0.413614
0.806814
0.806814
0.808607
0.806814
-0.009400
-0.000426
0.004655
0.004655
0.420870
0.420870
0.408840
0.403758
-0.001793
0.000000
0.000000
0.000000
0.000000
0.000000
0.416215
0.000000
0.000000
0.000000
-0.398281
0.000000
-0.295834
-0.629852
-0.669456
-0.534952
-0.534952
-0.401195
-0.401195
-0.401195
-0.105361
0.010461
-0.387820
-0.904240
-1.200074
-0.801793
-0.801793
-0.801793
-0.685970
-0.801793
-0.685970
-1.084251
-1.084251
-0.969175
-0.430353
-0.439297
-0.812538
-0.812538
-1.444930
-1.471764
-1.364908
-1.395986
-1.411304
-0.820309
-0.012838
-0.003893
0.406807
0.630980
0.630980
0.798430
0.793924
0.800597
1.026489
0.404035
0.412979
0.404035
-0.013973
-0.002600
-0.004319
-0.004319
0.011298
0.004431
-0.005814
-0.004095
-0.008945
0.000000
0.000000
0.000000
0.000000
0.000000
0.015617
0.000000
0.000000
0.000000
-0.224173
0.000000
-0.400597
-0.913132
-1.140294
-1.070053
-1.070053
-0.935549
-0.935549
-0.935549
-0.534952
-0.401195
-0.625368
-1.157406
-1.558003
-1.333830
-1.333830
-1.333830
-1.200074
-1.333830
-1.200074
-1.424247
-1.424247
-1.308424
-0.857851
-0.866825
-1.073124
-1.073124
-1.016633
-1.043451
-0.933606
-0.831832
-0.727517
-0.031085
0.776812
0.785787
1.024621
0.800448
0.800448
1.309082
1.302812
1.013621
0.791242
-0.000770
0.008205
-0.000770
-0.025332
-0.013899
-0.015692
-0.015692
-0.302776
-0.307939
-0.311302
-0.309508
-0.008974
0.000000
0.000000
0.000000
0.000000
0.000000
-0.280216
0.000000
0.000000
0.000000
0.224173
0.000000
-0.398281
-1.203885
-1.606574
-1.538575
-1.538575
-1.468334
-1.468334
-1.468334
-1.070053
-0.935549
-0.711376
-1.070053
-1.468334
-1.692507
-1.692507
-1.692507
-1.558003
-1.692507
-1.558003
-1.333830
-1.333830
-1.200074
-1.143507
-1.154880
-0.878258
-0.878258
-0.410461
-0.471884
-0.176723
-0.067723
-0.040725
0.758154
1.294286
1.305659
1.082256
0.683975
0.683975
1.365984
1.367778
0.781027
0.391690
-0.299578
-0.281337
-0.292710
-0.021468
-0.018180
-0.033992
-0.033992
-0.614533
-0.619615
-0.616103
-0.607158
-0.011373
0.000000
0.000000
0.000000
0.000000
0.000000
-0.575378
0.000000
0.000000
0.000000
0.398281
0.000000
-0.224173
-1.213449
-1.723892
-1.830747
-1.830747
-1.762748
-1.762748
-1.762748
-1.538575
-1.468334
-1.070053
-0.916121
-1.140294
-1.538575
-1.538575
-1.538575
-1.468334
-1.538575
-1.468334
-1.070053
-1.070053
-0.935549
-0.972463
-0.983896
-0.535714
-0.535714
0.299772
0.238498
0.534332
0.758587
0.661363
1.283817
1.366208
1.377641
0.971880
0.571283
0.571283
1.078437
1.073505
0.376850
-0.014773
-0.600687
-0.584091
-0.595523
-0.031519
-0.028306
-0.042443
-0.042443
-0.732747
-0.731029
-0.720291
-0.711316
-0.011433
0.000000
0.000000
0.000000
0.000000
0.000000
-0.685223
0.000000
0.000000
0.000000
0.400597
0.000000
0.224173
-0.696431
-1.389874
-1.499718
-1.499718
-1.606574
-1.606574
-1.606574
-1.830747
-1.762748
-1.362151
-1.031869
-0.807696
-1.208293
-1.208293
-1.208293
-1.140294
-1.208293
-1.140294
-0.739697
-0.739697
-0.669456
-0.689183
-0.692471
-0.188231
-0.188231
0.903926
0.788850
1.189448
1.415280
1.360567
1.360567
1.085962
1.089250
0.671548
0.375714
0.375714
0.775191
0.779375
-0.015991
-0.300452
-0.707177
-0.698807
-0.702095
-0.028306
-0.034284
-0.050738
-0.050738
-0.841098
-0.839304
-0.821385
-0.810012
-0.003288
0.000000
0.000000
0.000000
0.000000
0.000000
-0.792078
0.000000
0.000000
0.000000
0.295834
0.000000
0.398281
-0.176424
-0.696431
-0.991593
-0.991593
-1.101437
-1.101437
-1.101437
-1.499718
-1.606574
-1.310740
-0.803287
-0.405006
-0.700840
-0.700840
-0.700840
-0.807696
-0.700840
-0.807696
-0.511862
-0.511862
-0.443863
-0.395217
-0.398430
0.009938
0.009938
1.395104
1.279281
1.677562
1.886268
1.711936
1.089481
0.799088
0.802301
0.480082
0.184920
0.184920
0.418061
0.415094
-0.312198
-0.595927
-0.814421
-0.812927
-0.816140
-0.027349
-0.033327
-0.043041
-0.043041
-0.765327
-0.756383
-0.736035
-0.724602
-0.003213
0.000000
0.000000
0.000000
0.000000
0.000000
-0.724079
0.000000
0.000000
0.000000
0.295161
0.000000
0.400597
0.176424
0.000000
-0.295834
-0.295834
-0.590995
-0.590995
-0.590995
-0.991593
-1.101437
-0.806276
-0.400597
-0.000000
-0.295161
-0.295161
-0.295161
-0.405006
-0.295161
-0.405006
-0.109845
-0.109845
-0.216701
-0.233140
-0.227162
0.198543
0.198543
1.694973
1.561217
1.785390
1.539845
1.612029
0.813151
0.444386
0.438408
0.122608
0.012763
0.012763
0.058345
0.076204
-0.571656
-0.678213
-0.726015
-0.733786
-0.727808
-0.006942
-0.033775
-0.035270
-0.035270
-0.680164
-0.671189
-0.648383
-0.645096
0.005978
0.000000
0.000000
0.000000
0.000000
0.000000
-0.653838
0.000000
0.000000
0.000000
0.109845
0.000000
0.295834
0.696431
0.696431
0.295834
0.295834
0.000000
0.000000
0.000000
-0.295834
-0.590995
-0.481150
0.109172
0.405006
0.295161
0.295161
0.295161
-0.000000
0.295161
-0.000000
0.109845
0.109845
0.000000
-0.051627
-0.045649
0.204678
0.204678
1.627206
1.492702
1.268529
1.098381
1.175870
0.479439
0.107984
0.102006
-0.049318
-0.156174
-0.156174
-0.156988
-0.141543
-0.654899
-0.758542
-0.629276
-0.644199
-0.638221
0.021595
-0.005223
0.000508
0.000508
-0.509852
-0.498479
-0.483758
-0.480545
0.005978
0.000000
0.000000
0.000000
0.000000
0.000000
-0.519334
0.000000
0.000000
0.000000
0.106856
0.000000
0.295161
1.213449
1.389874
0.991593
0.991593
0.590995
0.590995
0.590995
0.295834
0.000000
0.106856
0.512535
0.807696
0.700840
0.700840
0.700840
0.405006
0.700840
0.405006
0.511862
0.511862
0.216701
-0.012038
0.014795
0.197870
0.197870
0.934727
0.864486
0.466205
0.287465
0.735064
0.144069
-0.115449
-0.142283
-0.273267
-0.205268
-0.205268
-0.380205
-0.330215
-0.688959
-0.626938
-0.433566
-0.469374
-0.442540
0.082772
0.021349
0.036301
0.036301
-0.337904
-0.326471
-0.319970
-0.325948
0.026834
0.000000
0.000000
0.000000
0.000000
0.000000
-0.385578
0.000000
0.000000
0.000000
-0.067999
0.000000
0.109845
1.203885
1.723892
1.499718
1.499718
1.101437
1.101437
1.101437
0.991593
0.590995
0.522996
1.030449
1.140294
1.208293
1.208293
1.208293
0.807696
1.208293
0.807696
0.739697
0.739697
0.443863
0.061423
0.088242
0.115076
0.115076
0.050813
-0.017187
-0.417784
-0.212143
0.360172
-0.044835
-0.312281
-0.339099
-0.329759
-0.259518
-0.259518
-0.384158
-0.326172
-0.569108
-0.504845
-0.248018
-0.286209
-0.259391
0.153021
0.091747
0.109098
0.109098
-0.149225
-0.145937
-0.148702
-0.154679
0.026819
0.000000
0.000000
0.000000
0.000000
0.000000
-0.269755
0.006867
0.006867
0.006867
-0.063374
0.006867
0.113723
0.919999
1.613441
1.837615
1.837615
1.606574
1.606574
1.606574
1.506586
1.108305
1.038064
1.368345
1.468334
1.538575
1.538575
1.538575
1.140294
1.538575
1.140294
1.070053
1.070053
0.669456
0.100131
0.161554
0.011276
0.011276
-0.895273
-0.788417
-1.084251
-0.898120
-0.013450
-0.230151
-0.325649
-0.387072
-0.345294
-0.210790
-0.210790
-0.399095
-0.287233
-0.380489
-0.272819
-0.026527
-0.099383
-0.037960
0.258614
0.143538
0.181804
0.181804
0.030413
0.033626
0.021670
-0.005163
0.061423
0.000000
0.000000
0.000000
0.000000
0.000000
-0.154679
0.012031
0.012031
0.012031
-0.122473
0.012031
-0.055969
0.641882
1.152325
1.550606
1.550606
1.769615
1.769615
1.769615
1.842778
1.618605
1.484101
1.638033
1.564871
1.699374
1.699374
1.692507
1.468334
1.692507
1.468334
1.333830
1.333830
0.935549
0.193536
0.254810
0.071885
0.071885
-1.353939
-1.244094
-1.539255
-1.156584
-0.150876
-0.189733
-0.295976
-0.357250
-0.305025
-0.171268
-0.171268
-0.251223
-0.129423
-0.161554
-0.054616
0.173069
0.108507
0.169781
0.385884
0.270061
0.300168
0.300168
0.209976
0.203998
0.171186
0.144368
0.061274
0.000000
0.000000
0.000000
0.000000
0.000000
-0.093405
0.010245
0.017112
0.017112
-0.116645
0.017112
-0.053129
0.283878
0.686568
1.087165
1.087165
1.480365
1.480365
1.480365
1.555687
1.779860
1.646103
1.280559
1.205237
1.338994
1.338994
1.333830
1.558003
1.333830
1.558003
1.424247
1.424247
1.200074
0.354941
0.470016
0.102372
0.102372
-1.341900
-1.046739
-1.156584
-1.253203
-0.283803
-0.145563
-0.168212
-0.283288
-0.177097
-0.061274
-0.061274
-0.122697
0.017037
0.100131
0.154530
0.336858
0.218569
0.333644
0.488324
0.354567
0.419204
0.419204
0.381244
0.375266
0.321614
0.260190
0.115076
0.000000
0.000000
0.000000
0.000000
0.000000
-0.031982
0.003363
0.008526
0.015393
-0.100430
0.015393
-0.119111
0.027349
0.254511
0.550345
0.550345
0.952661
0.952661
0.952661
1.085446
1.483727
1.361037
0.823836
0.691051
0.806874
0.806874
0.801793
1.200074
0.801793
1.200074
1.084251
1.084251
1.308424
0.534952
0.650775
0.354194
0.354194
-0.801045
-0.505212
-0.612067
-0.603026
-0.204745
-0.000000
-0.042593
-0.158416
-0.088257
0.026819
0.026819
0.018681
0.180019
0.290678
0.344479
0.473155
0.363310
0.479133
0.626190
0.491686
0.546982
0.546982
0.535841
0.509008
0.420766
0.359492
0.115823
0.000000
0.000000
0.000000
0.000000
0.000000
-0.005163
-0.003512
0.001569
0.006733
-0.101476
0.013600
-0.120157
-0.215804
-0.176200
0.118961
0.118961
0.416588
0.416588
0.416588
0.541685
0.942282
0.822043
0.300541
0.168578
0.283654
0.283654
0.285372
0.685970
0.285372
0.685970
0.570894
0.570894
0.969175
0.820474
0.954230
0.554380
0.554380
-0.199514
0.201083
0.269083
0.221931
-0.122697
0.145563
0.064943
-0.068814
0.088257
0.149531
0.149531
0.195927
0.292987
0.448414
0.394612
0.509688
0.381909
0.515665
0.636652
0.566411
0.675508
0.675508
0.670345
0.643526
0.520829
0.405753
0.133757
0.000000
0.000000
0.000000
0.000000
0.000000
0.021670
-0.010738
-0.005589
-0.000508
-0.056619
0.004655
-0.111167
-0.383164
-0.410812
-0.300967
-0.300967
0.003138
-0.003729
-0.003729
0.097986
0.393820
0.327465
-0.081726
-0.188604
-0.127330
-0.127330
-0.125537
0.170297
-0.125537
0.170297
0.109023
0.109023
0.509620
1.039416
1.173920
0.848122
0.848122
0.458658
0.856939
0.927180
0.874201
-0.059847
0.189733
0.143471
0.015834
0.183964
0.245387
0.238520
0.241360
0.370782
0.532934
0.478535
0.565873
0.458202
0.592706
0.704793
0.636794
0.725783
0.725783
0.726612
0.665189
0.488839
0.373017
0.134504
0.000000
0.000000
0.000000
0.000000
0.000000
0.027648
-0.011052
-0.007682
-0.009400
-0.065743
-0.004319
-0.119395
-0.439962
-0.641718
-0.534862
-0.534862
-0.416043
-0.421206
-0.421206
-0.320187
-0.025025
-0.084730
-0.439372
-0.545473
-0.484050
-0.484050
-0.475105
-0.179944
-0.475105
-0.179944
-0.248234
-0.248234
0.047599
1.200074
1.270315
1.119222
1.119222
1.147699
1.371872
1.506376
0.987042
-0.000747
0.230151
0.133009
0.067932
0.310188
0.343874
0.338711
0.373913
0.328331
0.432198
0.325260
0.424659
0.381236
0.451477
0.558333
0.665189
0.772127
0.772127
0.744330
0.683056
0.452157
0.318401
0.077108
0.006867
0.006867
0.006867
0.006867
0.006867
0.040493
-0.008317
-0.012180
-0.013973
-0.042511
-0.015692
-0.076966
-0.460302
-0.646366
-0.714365
-0.714365
-0.596136
-0.601217
-0.601217
-0.549598
-0.439753
-0.464778
-0.627102
-0.677003
-0.650184
-0.650184
-0.641210
-0.531365
-0.641210
-0.531365
-0.570214
-0.570214
-0.275053
0.739622
0.807621
1.075217
1.075217
1.348775
1.124602
1.258359
0.731552
-0.131515
0.044835
0.029292
-0.033626
0.350375
0.382372
0.384158
0.253682
0.258913
0.357325
0.249654
0.327965
0.321390
0.389389
0.426004
0.535849
0.608929
0.608929
0.578068
0.462992
0.213413
0.078909
0.080030
0.012031
0.012031
0.012031
0.012031
0.012031
0.042443
-0.005694
-0.016387
-0.025332
-0.053958
-0.027125
-0.088548
-0.399402
-0.648981
-0.719222
-0.719222
-0.775789
-0.774070
-0.774070
-0.722286
-0.615430
-0.633319
-0.758019
-0.808010
-0.781176
-0.781176
-0.769803
-0.662947
-0.776670
-0.669814
-0.706893
-0.706893
-0.597048
0.311533
0.204678
0.644124
0.644124
1.114888
0.716607
0.832430
0.369811
-0.266766
-0.144069
-0.117773
-0.012636
0.328040
0.339099
0.345981
0.240314
0.060975
-0.018756
-0.083019
0.033103
0.201233
0.094377
0.131963
0.427125
0.436091
0.436091
0.348141
0.232318
-0.035942
-0.106183
-0.089744
0.017112
0.017112
0.017112
0.017112
0.017112
0.044237
-0.006195
-0.012494
-0.021468
-0.036391
-0.030413
-0.057231
-0.349553
-0.544584
-0.679088
-0.679088
-0.746041
-0.744247
-0.744247
-0.711772
-0.779771
-0.776775
-0.724236
-0.747767
-0.741789
-0.741789
-0.737223
-0.805222
-0.742387
-0.810386
-0.819726
-0.819726
-0.712871
-0.301214
-0.411059
-0.123295
-0.123295
0.393050
-0.007547
0.107528
-0.127031
-0.567681
-0.479439
-0.340220
-0.232169
0.271474
0.275733
0.282608
-0.001935
-0.157145
-0.251298
-0.313319
-0.205791
0.019129
-0.090715
-0.224696
0.071138
0.024061
0.024061
-0.076069
-0.209826
-0.414571
-0.482570
-0.094452
0.015393
0.015393
0.015393
0.015393
0.015393
0.031085
0.001935
-0.013279
-0.024652
-0.039604
-0.033626
-0.060459
-0.263628
-0.440874
-0.574631
-0.574631
-0.705921
-0.696977
-0.696977
-0.664382
-0.734623
-0.729228
-0.653532
-0.677152
-0.671174
-0.678042
-0.679917
-0.750158
-0.684998
-0.755239
-0.750838
-0.750838
-0.818837
-0.603698
-0.898860
-0.718849
-0.718849
-0.323332
-0.619166
-0.557892
-0.614533
-0.866803
-0.813151
-0.511040
-0.224823
0.040374
0.035367
0.042593
-0.233573
-0.494504
-0.778479
-0.674836
-0.564744
-0.153760
-0.448922
-0.574459
-0.173861
-0.396540
-0.396540
-0.525977
-0.660481
-0.798721
-0.691866
-0.281561
0.013600
0.013600
0.013600
0.013600
0.013600
0.017919
0.002339
-0.004842
-0.016275
-0.024435
-0.027648
-0.033626
-0.183157
-0.325051
-0.440874
-0.440874
-0.580608
-0.571634
-0.571634
-0.548305
-0.682809
-0.668163
-0.536349
-0.548305
-0.551518
-0.556682
-0.558550
-0.693054
-0.556831
-0.691335
-0.672221
-0.672221
-0.742461
-1.009601
-1.305435
-1.302222
-1.302222
-0.982850
-1.278011
-1.216588
-1.055265
-1.122293
-1.089481
-0.773980
-0.487121
-0.131582
-0.143815
-0.136634
-0.526687
-0.849646
-1.144972
-1.031548
-0.928824
-0.499234
-0.795067
-1.094548
-0.696267
-0.939868
-0.939868
-1.079028
-1.149268
-1.110412
-1.000567
-0.291179
0.004655
0.004655
0.004655
0.004655
0.004655
0.000000
0.009355
-0.006949
-0.010237
-0.018382
-0.021670
-0.034515
-0.121868
-0.209976
-0.325051
-0.325051
-0.446852
-0.435479
-0.435479
-0.412090
-0.545847
-0.539271
-0.399088
-0.411044
-0.414332
-0.419413
-0.423672
-0.557429
-0.421879
-0.555636
-0.529348
-0.529348
-0.663851
-1.113916
-1.514514
-1.697215
-1.697215
-1.627348
-1.737192
-1.710374
-1.361478
-1.372523
-1.360567
-0.873655
-0.484431
-0.491455
-0.511862
-0.509433
-0.889130
-1.047023
-1.456139
-1.167247
-1.128727
-0.586758
-0.987356
-1.278534
-1.054361
-1.484026
-1.484026
-1.567867
-1.635866
-1.419165
-1.124004
-0.404916
-0.004319
-0.004319
-0.004319
-0.004319
-0.004319
-0.017919
0.018913
0.011664
0.008451
0.009729
-0.001704
-0.003654
-0.058121
-0.125522
-0.186796
-0.179929
-0.321838
-0.310405
-0.310405
-0.283497
-0.399320
-0.384674
-0.271541
-0.295161
-0.306594
-0.304875
-0.309060
-0.424883
-0.300116
-0.415938
-0.385877
-0.385877
-0.519633
-1.043377
-1.441658
-1.723966
-1.723966
-1.743835
-1.850691
-1.823858
-1.338224
-1.286582
-1.283817
-0.876891
-0.490042
-0.682981
-0.705727
-0.703269
-0.923220
-0.807696
-1.223089
-0.933547
-0.894899
-0.421214
-0.819495
-1.199625
-1.423798
-1.789873
-1.789873
-1.873266
-1.766410
-1.361404
-1.065570
-0.413973
-0.015692
-0.015692
-0.015692
-0.015692
-0.015692
-0.031085
0.035472
0.022350
0.028328
0.031324
0.019951
0.018158
0.000508
-0.032288
-0.100579
-0.095416
-0.183508
-0.173353
-0.173353
-0.146609
-0.261685
-0.256290
-0.135759
-0.159290
-0.170663
-0.168870
-0.186759
-0.301834
-0.177784
-0.292860
-0.260474
-0.260474
-0.376297
-0.515598
-0.739771
-1.194678
-1.194678
-1.409952
-1.341953
-1.335975
-0.744083
-0.751653
-0.758154
-0.264748
-0.043863
-0.975168
-0.995575
-1.003661
-0.777769
-0.498277
-0.741356
-0.351451
-0.472333
-0.175079
-0.399252
-0.776977
-1.175258
-1.636987
-1.636987
-1.547243
-1.437398
-0.846403
-0.445806
-0.251298
-0.027125
-0.027125
-0.027125
-0.027125
-0.027125
-0.044237
0.059936
0.069419
0.075397
0.085268
0.076294
0.089445
0.084222
0.060601
0.028619
0.033701
-0.089146
-0.080770
-0.073902
-0.029890
-0.091164
-0.088167
-0.042354
-0.099212
-0.108186
-0.099241
-0.117086
-0.171492
-0.098845
-0.160119
-0.145369
-0.145369
-0.260444
-0.259876
-0.035703
-0.321143
-0.321143
-0.589426
-0.519185
-0.513207
0.077639
0.045806
0.031085
0.243288
0.015901
-1.085469
-1.097701
-1.105921
-0.715150
-0.618688
-0.415490
-0.027947
-0.144517
-0.477265
-0.253091
-0.455071
-0.855669
-1.141931
-1.141931
-1.044116
-0.742088
-0.045657
0.352624
0.193760
-0.030413
-0.030413
-0.030413
-0.037280
-0.037280
-0.049311
0.088414
0.104756
0.131590
0.148231
0.139286
0.152453
0.164409
0.161719
0.129804
0.128085
0.039992
0.039096
0.044259
0.088182
0.026759
0.008870
0.052449
-0.002615
-0.011560
-0.002585
-0.052636
-0.108896
-0.036040
-0.090596
-0.084125
-0.084125
-0.145399
-0.114082
0.284199
0.382813
0.382813
0.226041
0.360545
0.357332
0.773397
0.843115
0.820309
0.407973
0.015670
-1.018643
-1.023649
-1.032915
-0.647121
-0.658494
-0.276054
-0.062619
-0.348440
-0.858359
-0.460078
-0.225593
-0.521427
-0.630674
-0.630674
-0.342380
-0.041382
0.757496
0.981669
0.357788
-0.040493
-0.040493
-0.040493
-0.045657
-0.045657
-0.052524
0.143022
0.200710
0.227528
0.257949
0.256155
0.274074
0.281285
0.286740
0.282481
0.280687
0.138778
0.131082
0.136163
0.215430
0.188612
0.163587
0.137926
0.026744
0.024950
0.036324
-0.013518
-0.035255
-0.005149
-0.026804
-0.032281
-0.032281
-0.093704
-0.076144
0.324453
0.590771
0.590771
0.852239
0.985996
0.982708
0.889743
1.346608
1.326261
0.465525
0.070906
-0.400829
-0.396570
-0.405761
-0.118363
-0.235232
0.153992
-0.080874
-0.360485
-1.065189
-0.664591
-0.261236
-0.556398
-0.038782
-0.038782
0.257052
0.662731
1.285185
1.061012
0.360919
-0.039679
-0.039679
-0.039679
-0.044760
-0.044760
-0.044760
0.197123
0.283736
0.345159
0.382641
0.380922
0.398841
0.411769
0.426355
0.422170
0.413226
0.291425
0.262798
0.261080
0.341139
0.314306
0.254601
0.221954
0.116794
0.115076
0.126508
0.014721
-0.013831
0.016215
-0.005537
-0.022044
-0.022044
-0.048862
0.040800
0.336633
0.623127
0.623127
1.021781
1.137604
1.126171
0.858426
1.401060
1.383141
0.799775
0.530775
0.408003
0.419062
0.398206
0.685073
0.393349
0.677750
0.273177
-0.088556
-0.689198
-0.393364
-0.001711
-0.111556
0.580765
0.580765
0.981363
1.377925
1.377925
0.979644
0.257052
-0.038782
-0.038782
-0.038782
-0.037063
-0.037063
-0.037063
0.244356
0.391982
0.453256
0.518572
0.523654
0.536820
0.548253
0.560515
0.572673
0.563698
0.423964
0.388201
0.386407
0.456947
0.450969
0.384614
0.277235
0.147065
0.152146
0.155434
0.042825
0.035053
0.035053
0.027357
-0.008743
-0.008743
-0.035576
-0.027723
0.267439
0.443116
0.443116
0.826594
0.941669
0.930296
0.587976
1.096782
1.086044
0.786175
0.517832
1.037839
1.069836
1.048996
1.159655
1.039125
1.330998
0.924131
0.559536
-0.147596
0.147566
0.434425
0.327569
1.119820
1.119820
1.518101
1.740480
1.118026
0.717429
0.284932
-0.010230
-0.010230
-0.010230
-0.008436
-0.008436
-0.008436
0.289609
0.481808
0.596883
0.664367
0.669530
0.682682
0.684416
0.704793
0.717055
0.705682
0.574391
0.503994
0.495049
0.566560
0.560582
0.440343
0.325417
0.201576
0.206740
0.209953
0.070219
0.055296
0.055296
0.047525
-0.016223
-0.016223
-0.022201
0.025481
0.135326
0.364050
0.364050
0.623709
0.684983
0.676009
0.438632
0.794096
0.790584
0.605267
0.556846
1.149268
1.182954
1.148364
1.254331
1.416483
1.523115
1.230860
1.068110
0.548552
0.658397
0.942185
1.010184
1.695324
1.695324
1.919498
1.686380
0.887501
0.591668
0.128227
0.018382
0.018382
0.018382
0.027327
0.027327
0.027327
0.296491
0.508873
0.624696
0.744337
0.751204
0.749411
0.754387
0.767554
0.790360
0.778927
0.711974
0.639327
0.630352
0.590599
0.593812
0.471122
0.328989
0.262641
0.269508
0.263530
0.123049
0.117287
0.087241
0.081509
-0.009415
-0.009415
-0.015393
-0.093114
0.013742
0.055296
0.055296
0.315389
0.376813
0.367868
0.094519
0.428470
0.431832
0.327823
0.282241
1.052867
1.114290
1.079835
1.038669
1.372687
1.485521
1.187146
1.472593
1.138277
1.245132
1.343544
1.413785
1.921747
1.921747
1.697574
1.290318
0.593887
0.298726
0.195606
0.088750
0.088750
0.088750
0.097725
0.097725
0.097725
0.281778
0.569624
0.703381
0.822491
0.822491
0.820541
0.811552
0.822245
0.845051
0.841763
0.785196
0.658688
0.647315
0.604655
0.607943
0.474186
0.329527
0.267737
0.267737
0.261760
0.164685
0.156600
0.126493
0.120807
-0.004857
-0.004857
-0.001644
-0.075404
-0.143404
-0.063366
-0.063366
0.005754
0.032572
0.030779
-0.057239
0.061349
0.071593
0.156921
0.339996
0.815916
0.877190
0.823537
0.780115
1.073042
1.011021
0.907154
1.420511
1.709470
1.641471
1.745039
1.879542
1.753781
1.753781
1.355500
0.943530
0.352535
0.242690
0.090999
0.158999
0.158999
0.158999
0.170372
0.170372
0.170372
0.231205
0.447375
0.581879
0.718849
0.718849
0.706003
0.707042
0.710905
0.723168
0.719954
0.838183
0.719073
0.707640
0.473895
0.485327
0.350824
0.269150
0.380571
0.380571
0.353738
0.258920
0.258920
0.186064
0.186123
0.027633
0.027633
0.030921
-0.112834
-0.183075
-0.277907
-0.277907
-0.202137
-0.175303
-0.177022
-0.284252
-0.177919
-0.165888
-0.094900
0.091164
0.627685
0.742760
0.688212
0.615131
0.804027
0.760619
0.659742
1.176162
1.650662
1.580421
1.509208
1.642965
1.348252
1.348252
0.947655
0.640388
0.235382
0.128526
0.215206
0.285447
0.285447
0.285447
0.296880
0.296880
0.296880
0.137866
0.404259
0.474500
0.603026
0.603026
0.597048
0.589583
0.586213
0.598370
0.604348
0.723168
0.586198
0.582910
0.338561
0.349934
0.279693
0.200321
0.313454
0.313454
0.286635
0.332068
0.340153
0.267506
0.267446
0.051993
0.051993
0.063426
-0.106109
-0.240613
-0.316831
-0.316831
-0.406262
-0.400284
-0.395202
-0.327435
-0.413368
-0.406501
-0.161405
0.106856
0.282458
0.398281
0.379600
0.307117
0.547879
0.440194
0.535027
0.964617
1.505696
1.371192
1.306929
1.422752
0.950942
0.950942
0.655109
0.356659
0.139959
0.207958
0.278199
0.412703
0.412703
0.412703
0.415991
0.415991
0.415991
0.086680
0.169624
0.237624
0.301887
0.301887
0.275053
0.297620
0.292471
0.288287
0.294265
0.598370
0.469844
0.466631
0.101229
0.110204
0.042204
0.140086
0.438460
0.438460
0.377037
0.425608
0.431369
0.307319
0.313005
0.113417
0.113417
0.124790
-0.082197
-0.215953
-0.356435
-0.356435
-0.434052
-0.428074
-0.422910
-0.357990
-0.454324
-0.454324
-0.317579
-0.049318
0.103120
0.236876
0.218195
0.217448
0.273491
0.201158
0.298218
0.727883
1.184307
1.050550
0.922024
1.037100
0.677003
0.677003
0.381842
0.268784
0.229927
0.300168
0.415991
0.549747
0.549747
0.549747
0.552960
0.552960
0.552960
-0.024584
0.044909
-0.061947
-0.020781
-0.020781
-0.047599
-0.026834
-0.031915
-0.036174
-0.009341
0.288287
0.224024
0.230002
-0.133831
-0.124887
-0.018031
0.082869
0.372725
0.372725
0.311451
0.491537
0.506459
0.381692
0.387424
0.177149
0.177149
0.186123
-0.084663
-0.200486
-0.331029
-0.331029
-0.458800
-0.462013
-0.455146
-0.332875
-0.499159
-0.499159
-0.301139
-0.115076
-0.202503
-0.067999
-0.004483
-0.003736
0.156921
0.102372
0.298300
0.478385
0.916188
0.800365
0.693442
0.754716
0.331029
0.331029
0.221184
0.120306
0.258546
0.393050
0.571642
0.687464
0.687464
0.687464
0.681486
0.681486
0.681486
-0.066505
-0.204678
-0.314522
-0.448197
-0.448197
-0.509620
-0.428230
-0.433394
-0.465309
-0.438490
-0.036174
-0.077340
-0.071362
-0.365103
-0.363310
-0.253465
0.039903
0.434522
0.434522
0.319447
0.499458
0.507229
0.371679
0.379450
0.286568
0.286568
0.295513
-0.034149
-0.149225
-0.261760
-0.261760
-0.380123
-0.383411
-0.383411
-0.262880
-0.425929
-0.425929
-0.310853
-0.127779
-0.270502
-0.200261
-0.133757
-0.061274
-0.074874
-0.074874
0.120157
0.295012
0.581356
0.466280
0.377276
0.438699
0.221931
0.221931
0.115076
0.189053
0.393797
0.527554
0.636652
0.751727
0.751727
0.751727
0.745749
0.745749
0.745749
-0.145720
-0.441472
-0.736633
-0.907901
-0.907901
-0.969175
-0.881083
-0.887950
-0.919932
-0.858508
-0.465309
-0.331634
-0.304801
-0.593237
-0.591518
-0.296357
-0.002242
0.369206
0.369206
0.253383
0.520224
0.548776
0.412553
0.420250
0.403811
0.403811
0.405604
-0.045731
-0.107005
-0.210648
-0.210648
-0.309359
-0.320792
-0.320792
-0.218061
-0.353596
-0.353596
-0.256454
-0.302036
-0.490939
-0.422940
-0.245843
-0.172763
-0.136066
-0.081517
0.149382
-0.025474
0.203930
0.142656
0.089004
0.115823
-0.080037
-0.080037
-0.012038
0.085036
0.353297
0.469120
0.752475
0.813749
0.813749
0.813749
0.786915
0.786915
0.786915
-0.103717
-0.541079
-0.836913
-1.193348
-1.193348
-1.308424
-1.131925
-1.131925
-1.200216
-1.138942
-0.919932
-0.748664
-0.721845
-0.650857
-0.655938
-0.360104
0.045574
0.242929
0.242929
0.109172
0.372949
0.394687
0.329527
0.351279
0.529871
0.529871
0.531589
-0.022500
-0.083923
-0.133824
-0.133824
-0.236869
-0.248242
-0.248242
-0.137059
-0.264592
-0.264592
-0.204065
-0.252486
-0.474500
-0.581356
-0.403512
-0.360089
-0.386923
-0.314590
-0.083691
-0.263777
-0.155277
-0.216701
-0.216701
-0.189867
-0.175520
-0.175520
-0.105279
0.056043
0.305623
0.420698
0.618636
0.680059
0.680059
0.680059
0.653241
0.653241
0.653241
0.411731
-0.272744
-0.673341
-1.084251
-1.084251
-1.200074
-1.022977
-1.022977
-1.084251
-0.969175
-1.200216
-0.843780
-0.782357
-0.262350
-0.267513
0.133084
0.536529
0.250932
0.250932
0.116428
0.270360
0.326620
0.263785
0.285440
0.663478
0.663478
0.658397
-0.031489
-0.058307
-0.110756
-0.110756
-0.165163
-0.174138
-0.174138
-0.116645
-0.176350
-0.176350
-0.168728
-0.437070
-0.587334
-0.697178
-0.508873
-0.467707
-0.537201
-0.429516
-0.234485
-0.664150
-0.591750
-0.618568
-0.564916
-0.558938
-0.488697
-0.488697
-0.354194
-0.159013
0.071885
0.133159
0.516577
0.543396
0.543396
0.543396
0.481972
0.481972
0.481972
0.679992
0.112909
-0.285372
-0.801793
-0.801793
-0.935549
-0.686717
-0.686717
-0.801793
-0.685970
-1.084251
-0.673341
-0.612067
0.186811
0.179944
0.578225
0.809265
0.349710
0.349710
0.279469
-0.012703
0.041704
0.155427
0.209983
0.712049
0.712049
0.706885
-0.019578
-0.046411
-0.064285
-0.064285
-0.125709
-0.134653
-0.134653
-0.068156
-0.121053
-0.121053
-0.094085
-0.363086
-0.533607
-0.828768
-0.642779
-0.755613
-0.809415
-0.766007
-0.570080
-0.999670
-0.973584
-1.000418
-0.911413
-0.905435
-0.717279
-0.717279
-0.583523
-0.406426
-0.230076
-0.168653
0.159977
0.186811
0.186811
0.186811
0.125537
0.125537
0.125537
0.620362
0.221259
-0.002914
-0.534952
-0.534952
-0.669456
-0.419129
-0.419129
-0.534952
-0.401195
-0.801793
-0.285372
-0.170297
0.628582
0.628582
0.852755
0.628582
0.112909
0.112909
0.044909
-0.246516
-0.131440
-0.021595
0.039679
0.760096
0.760096
0.753229
-0.021371
-0.027349
-0.052389
-0.052389
-0.079208
-0.081001
-0.081001
-0.055901
-0.065608
-0.065608
-0.073379
-0.467999
-0.550113
-0.845947
-0.740511
-0.856334
-1.075052
-1.013031
-0.915971
-1.432392
-1.425666
-1.431644
-1.324721
-1.327934
-1.105174
-1.105174
-0.989351
-0.759200
-0.636502
-0.609684
-0.176275
-0.170297
-0.170297
-0.170297
-0.285372
-0.285372
-0.285372
0.004483
-0.239118
-0.014945
-0.373622
-0.373622
-0.443863
-0.239865
-0.239865
-0.373622
-0.239118
-0.534952
-0.002914
0.112909
0.632916
0.632916
0.408742
0.010461
-0.401195
-0.401195
-0.294339
-0.585092
-0.469269
-0.174108
-0.059032
0.591817
0.591817
0.591817
-0.013899
-0.019877
-0.024136
-0.024136
-0.050970
-0.052688
-0.052688
-0.020773
-0.035576
-0.035576
-0.029583
-0.421886
-0.513357
-0.913954
-0.811507
-1.103455
-1.271286
-1.384120
-1.289287
-1.802644
-1.842247
-1.848225
-1.719699
-1.722987
-1.500241
-1.500241
-1.385166
-1.208069
-1.119827
-1.092994
-0.691948
-0.685970
-0.685970
-0.685970
-0.801793
-0.801793
-0.801793
-0.447674
-0.700915
-0.302634
-0.148702
-0.148702
-0.216701
-0.014198
-0.014198
-0.148702
-0.078461
-0.373622
-0.014945
0.118812
0.189800
0.189800
-0.208481
-0.609078
-1.037996
-1.037996
-0.928152
-0.928824
-0.795067
-0.499234
-0.383411
0.420698
0.420698
0.420698
-0.008743
-0.005530
-0.016589
-0.016589
-0.022567
-0.017486
-0.017486
-0.006344
-0.005455
-0.005455
-0.020333
-0.247719
-0.283803
-0.682084
-0.858508
-1.151054
-1.496206
-1.602838
-1.703716
-1.989163
-2.039453
-2.036239
-1.971976
-1.983409
-1.739808
-1.739808
-1.678534
-1.483354
-1.429702
-1.423724
-1.196860
-1.200074
-1.200074
-1.200074
-1.333830
-1.333830
-1.333830
-0.991667
-0.837735
-0.437138
-0.106856
-0.106856
0.000000
-0.036615
-0.036615
-0.106856
-0.038857
-0.148702
-0.302634
-0.168130
-0.456566
-0.456566
-0.857163
-1.152997
-1.397346
-1.397346
-1.102185
-1.101512
-0.967008
-0.566411
-0.432654
0.010461
0.010461
0.010461
0.004566
0.007854
0.005903
0.005903
-0.000075
0.005089
0.005089
0.017934
0.011956
0.011956
0.008743
0.229628
0.185384
-0.038789
-0.661244
-1.050408
-1.361687
-1.653561
-1.757428
-1.594678
-1.766096
-1.762808
-1.691596
-1.702969
-1.577432
-1.577432
-1.516008
-1.354686
-1.321874
-1.315896
-1.554716
-1.558003
-1.558003
-1.558003
-1.692507
-1.692507
-1.692507
-0.921277
-0.696431
-0.400597
0.106856
0.106856
0.216701
0.174855
0.174855
0.106856
0.000000
-0.106856
-0.437138
-0.366897
-0.660638
-0.660638
-0.956472
-1.251633
-1.428730
-1.428730
-1.132896
-0.842144
-0.771903
-0.373622
-0.239118
-0.401195
-0.401195
-0.401195
0.011373
0.022806
0.019227
0.019227
0.022440
0.029307
0.029307
0.026094
0.029307
0.029307
0.016828
0.403676
0.389538
0.613711
-0.008743
-0.395651
-0.814107
-1.098508
-1.396883
-1.025420
-1.208121
-1.196689
-1.300257
-1.309231
-1.176595
-1.176595
-1.149777
-1.052702
-1.040746
-1.043959
-1.456901
-1.468334
-1.468334
-1.468334
-1.538575
-1.538575
-1.538575
-0.771156
-0.552138
-0.256977
0.148702
0.148702
0.443863
0.041846
0.041846
0.148702
0.038857
0.106856
-0.400597
-0.332598
-0.696431
-0.696431
-0.991593
-1.101437
-1.101437
-1.101437
-0.700840
-0.409415
-0.341416
-0.117243
-0.047002
-0.935549
-0.935549
-0.935549
0.008974
0.020347
0.031780
0.031780
0.035068
0.035068
0.035068
0.031780
0.035068
0.035068
0.023561
0.412785
0.401120
0.799401
0.622977
0.407778
0.012464
-0.376760
-0.675882
-0.302118
-0.635471
-0.624098
-0.722510
-0.731455
-0.808204
-0.808204
-0.781370
-0.707393
-0.704629
-0.707916
-1.128921
-1.140294
-1.140294
-1.140294
-1.208293
-1.208293
-1.208293
-0.614907
-0.326546
-0.216701
0.373622
0.373622
0.669456
0.263777
0.263777
0.373622
0.078461
0.148702
-0.256977
-0.363833
-0.729235
-0.729235
-0.839080
-0.945936
-0.768839
-0.768839
-0.370558
-0.078386
-0.185242
-0.409415
-0.341416
-1.468334
-1.468334
-1.468334
0.008945
0.017919
0.029292
0.029292
0.040725
0.040725
0.040725
0.029292
0.040725
0.040725
0.021207
0.308066
0.313768
0.714365
0.816812
1.049930
0.821572
0.432266
0.020235
0.310091
-0.021551
-0.012576
-0.296364
-0.298158
-0.369736
-0.369736
-0.363758
-0.464636
-0.471137
-0.482570
-0.798721
-0.807696
-0.807696
-0.807696
-0.700840
-0.700840
-0.700840
-0.724079
0.022417
0.129273
0.534952
0.534952
0.935549
0.239791
0.239791
0.534952
0.239118
0.373622
-0.216701
-0.326546
-0.570894
-0.570894
-0.677750
-0.609751
-0.365402
-0.365402
-0.141229
-0.295161
-0.405006
-0.803287
-0.910143
-1.762748
-1.762748
-1.762748
0.001793
0.010738
0.019712
0.019712
0.031085
0.031085
0.031085
0.019712
0.031085
0.031085
0.022171
0.308388
0.321255
0.617089
0.722525
1.122599
1.351704
1.136476
0.726822
1.016005
0.600485
0.609430
0.322570
0.320852
0.043041
0.043041
0.049019
-0.064039
-0.078759
-0.090133
-0.396062
-0.405006
-0.405006
-0.405006
-0.295161
-0.295161
-0.295161
-0.371380
0.362339
0.294339
0.801793
0.801793
1.200074
0.505959
0.505959
0.801793
0.401195
0.534952
0.129273
-0.165888
-0.406501
-0.406501
-0.338501
-0.268261
0.160657
0.160657
-0.063516
-0.327293
-0.622454
-1.023052
-1.132896
-1.606574
-1.606574
-1.606574
0.001719
0.003512
0.012457
0.012457
0.021431
0.021431
0.021431
0.012457
0.021431
0.021431
0.014885
0.122937
0.141625
0.436786
0.622775
1.025091
1.421579
1.647546
1.414398
1.527456
1.121404
1.123197
0.731544
0.736625
0.455744
0.455744
0.452531
0.154082
0.131276
0.122301
0.001793
-0.000000
-0.000000
-0.000000
0.295161
0.295161
0.295161
0.050663
0.824210
0.753969
1.084251
1.084251
1.308424
0.683653
0.683653
1.084251
0.685970
0.801793
0.294339
-0.001494
-0.049318
-0.049318
0.020923
0.155427
0.567083
0.567083
0.168802
-0.098038
-0.393872
-0.689706
-0.984867
-1.101437
-1.101437
-1.101437
-0.005081
-0.003363
-0.001569
-0.001569
0.007375
0.007375
0.007375
-0.001569
0.007375
0.007375
0.005612
0.110749
0.136148
0.245993
0.434298
0.725051
1.131917
1.531917
1.747146
1.857289
1.634611
1.636329
1.239842
1.245005
0.850139
0.850139
0.846851
0.539585
0.519237
0.510293
0.406725
0.405006
0.405006
0.405006
0.700840
0.700840
0.700840
0.681561
1.173920
1.039416
1.193348
1.193348
0.969175
0.795067
0.795067
1.193348
0.969175
1.084251
0.753969
0.353372
0.308537
0.308537
0.443041
0.576798
1.092470
1.092470
0.691873
0.511862
0.111265
-0.183897
-0.479731
-0.590995
-0.590995
-0.590995
-0.005163
-0.010245
-0.008526
-0.008526
-0.006733
-0.006733
-0.006733
-0.008526
-0.006733
-0.006733
-0.001300
-0.064218
-0.048287
0.058569
0.236413
0.526411
0.826751
1.222267
1.618754
1.562188
1.794730
1.789649
1.567194
1.574062
1.174286
1.174286
1.162853
0.750883
0.732964
0.731171
0.802615
0.807696
0.807696
0.807696
1.208293
1.208293
1.208293
1.067064
1.400335
1.266578
0.907901
0.907901
0.509620
0.683728
0.683728
0.907901
1.132074
1.193348
1.039416
0.641135
0.714365
0.714365
0.848122
0.963945
1.423499
1.423499
1.127666
0.947580
0.549299
0.439454
0.038857
0.000000
0.000000
0.000000
-0.006867
-0.012031
-0.017112
-0.017112
-0.015393
-0.015393
-0.015393
-0.017112
-0.015393
-0.015393
-0.010237
-0.075315
-0.057784
-0.125784
0.051313
0.154291
0.458427
0.749097
1.147976
1.089108
1.503985
1.498822
1.717914
1.717914
1.484026
1.484026
1.472653
1.065398
1.054660
1.052941
1.135131
1.140294
1.140294
1.140294
1.538575
1.538575
1.538575
1.459965
1.096057
0.980234
0.448197
0.448197
0.047599
0.672370
0.672370
0.448197
0.846478
0.907901
1.266578
1.042405
1.114738
1.114738
1.230561
1.345637
1.631233
1.631233
1.336072
1.287501
1.063328
0.956472
0.558191
0.590995
0.590995
0.590995
0.000000
-0.006867
-0.012031
-0.012031
-0.017112
-0.017112
-0.017112
-0.012031
-0.017112
-0.017112
-0.005149
-0.132785
-0.136073
-0.206314
-0.139809
-0.032953
0.085836
0.374130
0.675045
0.549516
0.968353
0.961486
1.354604
1.354604
1.562322
1.562322
1.553348
1.320230
1.316718
1.321800
1.461467
1.468334
1.468334
1.468334
1.692507
1.692507
1.692507
1.138732
0.652277
0.537201
0.020781
0.020781
-0.275053
0.419062
0.419062
0.020781
0.421378
0.448197
0.980234
1.204408
1.293412
1.293412
1.408487
1.469761
1.272407
1.272407
1.162562
1.117130
1.341303
1.409302
1.185129
1.101437
1.101437
1.101437
0.000000
0.000000
-0.006867
-0.006867
-0.012031
-0.012031
-0.012031
-0.006867
-0.012031
-0.012031
-0.005081
-0.138838
-0.142283
-0.276787
-0.213271
-0.281270
-0.172621
-0.062776
0.237549
0.112737
0.417545
0.417545
0.811275
0.811275
1.195418
1.195418
1.186474
1.408854
1.412216
1.417380
1.558003
1.558003
1.558003
1.558003
1.333830
1.333830
1.333830
0.816140
0.170297
0.109023
-0.301887
-0.301887
-0.597048
0.098711
0.098711
-0.301887
-0.006053
0.020781
0.537201
0.935482
1.023724
1.023724
1.084998
1.146421
0.774974
0.774974
0.668118
0.762936
1.161217
1.231458
1.455631
1.606574
1.606574
1.606574
0.000000
0.000000
0.000000
0.000000
-0.006867
-0.006867
-0.006867
0.000000
-0.006867
-0.006867
-0.005163
-0.120986
-0.132935
-0.266691
-0.285372
-0.355613
-0.421894
-0.315038
-0.198326
-0.312355
-0.008250
-0.008250
0.287584
0.287584
0.672370
0.672370
0.670577
1.067139
1.077384
1.084251
1.200074
1.200074
1.200074
1.200074
0.801793
0.801793
0.801793
0.322802
-0.185167
-0.246590
-0.603026
-0.603026
-0.712871
-0.307192
-0.307192
-0.603026
-0.307864
-0.301887
0.109023
0.509620
0.564916
0.564916
0.626340
0.653158
0.258539
0.258539
0.326538
0.423613
0.824210
0.958714
1.356995
1.762748
1.762748
1.762748
0.000000
0.000000
0.000000
0.000000
0.000000
0.000000
0.000000
0.000000
0.000000
0.000000
-0.006867
-0.121943
-0.127106
-0.242929
-0.261610
-0.396114
-0.471436
-0.539435
-0.432579
-0.545936
-0.434298
-0.434298
-0.139137
-0.139137
0.154904
0.154904
0.153185
0.558864
0.570894
0.570894
0.685970
0.685970
0.685970
0.685970
0.285372
0.285372
0.285372
-0.002989
-0.520762
-0.547580
-0.718849
-0.718849
-0.825704
-0.423687
-0.423687
-0.718849
-0.609004
-0.603026
-0.246590
0.049243
0.104689
0.104689
0.131507
0.158341
-0.131515
-0.131515
-0.061274
0.079208
0.375042
0.508798
0.909396
1.468334
1.468334
1.468334
0.000000
0.000000
0.000000
0.000000
0.000000
0.000000
0.000000
0.000000
0.000000
0.000000
0.000000
-0.061274
-0.068141
-0.183217
-0.237766
-0.371522
-0.511190
-0.581430
-0.649430
-0.715785
-0.607210
-0.607210
-0.497365
-0.497365
-0.203923
-0.203923
-0.198842
0.102156
0.109023
0.109023
0.170297
0.170297
0.170297
0.170297
-0.125537
-0.125537
-0.125537
-0.350980
-0.661983
-0.688817
-0.822491
-0.822491
-0.754492
-0.712646
-0.712646
-0.822491
-0.715635
-0.718849
-0.547580
-0.252419
-0.222387
-0.222387
-0.195554
-0.189576
-0.487950
-0.487950
-0.353446
-0.213712
0.081450
0.197272
0.493106
0.935549
0.935549
0.935549
0.000000
0.000000
0.000000
0.000000
0.000000
0.000000
0.000000
0.000000
0.000000
0.000000
0.000000
-0.061423
-0.061423
-0.122697
-0.176350
-0.292172
-0.432796
-0.567300
-0.637541
-0.704128
-0.777208
-0.777208
-0.670352
-0.670352
-0.555426
-0.555426
-0.550263
-0.248234
-0.248234
-0.248234
-0.186811
-0.186811
-0.186811
-0.186811
-0.481972
-0.481972
-0.481972
-0.530917
-0.786392
-0.792370
-0.751204
-0.751204
-0.680963
-0.644348
-0.644348
-0.751204
-0.819203
-0.822491
-0.688817
-0.578972
-0.548851
-0.548851
-0.542873
-0.536895
-0.650027
-0.650027
-0.516271
-0.403661
-0.293816
-0.178741
0.116421
0.401195
0.401195
0.401195
0.000000
0.000000
0.000000
0.000000
0.000000
0.000000
0.000000
0.000000
0.000000
0.000000
0.000000
-0.026819
-0.026819
-0.088242
-0.122697
-0.237773
-0.353596
-0.487352
-0.621856
-0.655542
-0.730946
-0.730946
-0.798946
-0.798946
-0.686926
-0.686926
-0.680059
-0.570214
-0.570214
-0.570214
-0.543396
-0.543396
-0.543396
-0.543396
-0.653241
-0.653241
-0.653241
-0.657119
-0.727815
-0.733793
-0.669530
-0.669530
-0.535027
-0.737530
-0.737530
-0.669530
-0.739771
-0.751204
-0.792370
-0.685514
-0.668103
-0.668103
-0.662125
-0.665338
-0.783627
-0.783627
-0.667804
-0.556017
-0.449161
-0.387887
-0.278042
-0.010461
-0.010461
-0.010461
