/Real_Ip3_1
1
Ip
8448.051758
8492.854492
8530.864258
8496.109375
8632.954102
8548.300781
8538.231445
8335.806641
8253.470703
8388.004883
8441.765625
8320.911133
8334.062500
8396.733398
8089.644043
7618.643066
7378.862793
6679.248535
6646.025879
6600.966309
6911.368164
6905.890625
7070.090332
7267.939453
7224.242676
7039.871094
6965.687988
6820.316406
6965.436035
6958.700195
7597.837891
7641.657715
7745.360840
7811.139648
7558.351562
7719.430664
6965.687988
7945.604980
7944.938477
7921.695801
7980.525391
8050.131348
8065.101562
8168.939941
8278.833984
8253.197266
8181.278320
8028.709473
8060.701660
8099.252930
8282.766602
8288.817383
8602.625977
8464.891602
8309.204102
8491.106445
8525.022461
8427.807617
8555.665039
8642.541992
8499.646484
8617.582031
8530.454102
8512.613281
8252.614258
8296.701172
8455.741211
8600.759766
8508.342773
8376.718750
8389.624023
8291.986328
8183.028809
8135.243652
8072.460938
7983.903809
7813.360352
7465.325684
7328.156738
6965.687988
6533.699707
6283.384277
6539.279297
6851.458984
6918.295898
6948.318848
7263.290527
7436.078125
7572.933105
7645.377930
7576.055176
7674.644043
7783.302246
7633.861816
7660.176270
7800.243652
7751.989746
8019.312012
8066.799805
8063.518555
8215.037109
8145.226074
8258.136719
8182.174316
7968.611328
8060.442383
7913.992676
7941.457520
7963.318359
8228.444336
8337.871094
8315.840820
8100.068359
8304.413086
8439.751953
8469.024414
8580.914062
8411.958984
8500.763672
8323.168945
8436.311523
8637.404297
8543.752930
8490.127930
8378.174805
8391.888672
8453.452148
8462.219727
8003.315430
8053.539062
8290.043945
8340.316406
8278.089844
8199.763672
7992.946777
7792.580078
7604.958496
7551.772461
6723.625977
6965.687988
6965.687988
6692.569824
6403.443359
6404.661621
6150.985840
6129.565430
6630.038574
7207.408203
7469.263672
7544.481934
7742.625488
7906.459961
8010.192871
7820.197266
7975.028809
7965.904297
7903.750000
7981.868164
7991.197754
8087.364746
8120.693359
8166.875977
8085.505371
8198.799805
8037.594238
8075.616699
7986.626465
8056.201660
8410.701172
8452.397461
8418.689453
8293.506836
8341.848633
8318.127930
8387.838867
8517.603516
8642.636719
8677.928711
8688.664062
8669.966797
8649.554688
8588.924805
8476.166016
8474.812500
8397.437500
8147.451172
8298.839844
8265.327148
8245.883789
8195.138672
8166.332031
7941.116211
7326.758301
7243.974609
7316.813477
7351.081543
7487.194824
7355.962891
7156.193848
7103.751953
6761.040039
6635.483398
6492.714355
6847.688477
6750.758301
6422.439941
6359.590332
6427.120117
6187.574707
6049.485840
6605.522461
7065.321289
7677.296387
8006.617676
8217.093750
8259.128906
8276.290039
8257.829102
8257.408203
8073.588379
8034.058594
8063.905762
7884.803223
7901.928223
8047.437500
7983.941895
7907.735352
7677.712402
7758.045898
7672.562012
7546.744629
7804.725098
8029.549316
8093.534180
8316.291016
8384.856445
8371.856445
8393.525391
8317.382812
8234.376953
8142.840332
8198.861328
8250.718750
8095.290527
8063.890625
8037.814453
8110.911133
8127.722656
8077.288086
8053.744629
8023.825684
7908.214844
8005.441895
7893.117188
7661.677734
7687.835449
6780.150391
6780.821777
6740.538574
7173.967773
6434.101074
6475.881836
6254.917969
6239.287109
6452.120117
6312.406250
6369.001953
6537.402344
6772.387207
6913.836914
7054.955566
6755.425781
6947.024414
6355.264160
7004.213379
7466.607422
7777.736816
8211.994141
8334.810547
8230.625977
8265.489258
8169.281250
8140.518555
8147.727539
8158.770020
8017.171387
7967.579102
7911.994629
7813.660156
7384.629883
7501.008789
7578.885254
7705.109863
7870.241699
7524.857422
7195.518066
6961.871582
7311.329590
7640.538574
7814.558105
7855.000488
7791.525391
7829.829102
7628.230957
7566.159668
7462.950684
7470.653320
7163.345215
6963.786621
6965.687988
6965.687988
7520.244141
7576.880859
7637.822754
7646.891602
7536.573730
7456.820801
6916.897461
6958.252441
6564.349121
6733.702148
6733.702148
5795.629883
5745.182129
5725.581543
5856.282715
5881.671875
5864.474121
6494.222656
6357.566406
6624.731445
6965.687988
7421.856934
7921.282715
7743.936523
7696.281250
7723.252930
7758.941895
7926.411621
7827.420898
7971.886719
8120.003418
8163.735840
8236.968750
8251.872070
8037.558594
7910.003418
8063.148438
7891.274414
8053.181152
7910.522461
7930.411621
7878.209473
7750.443359
7684.769043
7712.289551
7635.841309
7415.871094
7332.080566
7399.750977
7373.900879
7501.750488
7678.944824
7764.132812
7315.445312
7339.449707
7227.164062
7252.647461
7254.682617
7055.402832
7188.047363
7145.910645
6976.838867
6737.141113
6785.067383
6732.570312
6965.687988
6723.084473
6642.406738
6691.871094
6467.848633
5954.097656
6183.622559
6077.920410
5446.323730
5696.230469
5309.163086
5457.743652
5357.239258
5673.951172
5694.231934
5998.545898
6402.072754
6637.191895
7202.444824
7565.703613
7814.930664
8046.152344
8214.273438
8249.691406
8157.924316
8278.230469
8236.041016
8123.684570
8021.022461
8124.929688
8239.424805
8364.484375
8282.214844
8145.010742
8056.274902
7959.751465
8075.688477
7894.544434
7926.477051
8035.751465
7935.635254
8104.345703
7992.130371
7844.726562
7858.026855
7544.335449
7260.749023
7322.971680
7293.196777
7342.359375
6380.000488
6507.980957
6485.580566
6404.886719
6281.003906
6231.956543
6192.633301
6299.858887
7011.681641
7206.538574
7085.176270
6733.702148
6534.528320
6353.044922
6453.291504
6112.610840
6155.420898
5724.521973
5866.963379
5571.276367
5776.422363
5737.830078
5204.491699
4842.284668
4878.270508
5239.023926
5342.841797
6072.631348
5893.735352
6328.491211
6965.687988
7250.358887
7559.204590
7711.972656
7837.889648
8018.103516
8243.217773
8357.683594
8295.722656
8405.793945
8456.638672
8245.951172
8246.932617
8198.752930
8137.097168
8265.206055
8295.550781
8191.445312
8254.791016
8294.488281
8187.340332
8087.966797
7982.198730
8103.471680
8247.980469
8262.943359
8351.945312
8287.137695
8021.312988
7882.307617
7619.773438
7413.875000
7180.554688
7153.444824
6866.577637
6201.571289
6116.989258
5955.201172
5591.707031
5717.444336
5741.573730
5958.434082
6012.497070
6637.207031
6526.575684
6377.544434
6505.750977
6324.226074
5966.269043
5879.402344
5665.085449
5244.472656
5364.326172
5110.466309
5663.744141
5688.790527
5120.434082
4497.523438
4654.767090
5206.906250
5317.459961
5614.729492
5812.891113
6391.548340
6835.002441
7180.392090
7473.265137
7846.620605
8055.989746
8179.097168
8237.805664
8318.079102
8391.594727
8350.902344
8374.886719
8358.868164
8487.317383
8438.983398
8507.986328
8326.759766
8393.692383
8443.476562
8640.336914
8414.497070
8401.818359
8530.754883
8728.583984
8737.370117
8653.946289
8488.142578
8439.744141
8391.792969
8337.519531
8224.488281
8082.252441
7795.423340
7649.325684
7405.667969
7126.211914
6733.702148
5995.308105
5733.413574
5775.247070
5372.731445
5502.366699
5591.780762
6113.005371
6921.105957
6373.638184
6471.992676
6571.477051
6108.958496
6092.206055
5919.078125
5825.945801
5311.564941
5042.829590
5067.840820
5330.795410
5889.895020
5049.430664
5127.229980
5176.095215
5166.613770
5549.770996
6032.524414
6217.937988
6733.702148
6955.364258
7265.409668
7481.266113
7576.275879
7546.156250
7854.166016
8047.084473
8302.375000
8298.792969
8414.941406
8334.139648
8406.762695
8221.101562
8335.937500
8485.557617
8640.242188
8654.663086
8688.008789
8641.538086
8738.155273
8716.679688
8647.200195
8648.922852
8714.166016
8816.827148
8886.322266
8799.192383
8682.758789
8509.104492
8379.046875
8135.952148
7958.737305
7745.928223
7507.430664
7285.439941
6679.262695
6120.207031
6040.416504
6179.823730
5687.276367
5790.764160
6018.922852
6049.980957
6098.402344
6468.650879
5925.559082
5981.744141
5928.809082
5836.911133
6156.886230
6293.261719
5433.774414
5025.900391
5340.826172
5180.451172
5468.864746
5553.012695
5341.160645
6061.483887
5648.711914
5906.471680
6216.372559
6733.702148
7020.836426
7403.219727
7588.991211
7838.446777
7902.871094
7979.650391
8091.054199
8167.354004
8228.267578
8326.952148
8340.512695
8494.942383
8515.259766
8371.403320
8352.224609
8437.537109
8465.085938
8710.566406
8700.846680
8842.595703
8865.626953
8742.096680
8788.663086
8677.032227
8829.266602
8886.024414
8870.678711
8855.000000
8862.163086
8709.700195
8580.241211
8424.734375
8422.015625
8269.791016
8021.220215
7533.477539
6965.687988
6325.271484
6087.916016
6095.772949
5768.698242
5993.472656
5885.384766
5940.041504
6177.716797
6212.126953
5966.656738
5831.744629
5833.187500
6167.854492
5988.277832
5616.470703
5254.729004
5320.242676
5716.361816
5449.247070
5429.490234
5619.436523
6169.452148
5950.196777
6074.299805
6733.702148
6847.041016
7050.299316
7194.047363
7302.886719
7373.983398
7565.667969
7621.106445
7852.416992
7980.559082
8203.150391
8324.641602
8393.990234
8199.141602
8397.854492
8361.699219
8389.042969
8374.830078
8533.768555
8337.216797
8511.516602
8751.593750
8832.730469
8797.412109
8669.557617
8803.461914
8699.729492
8721.102539
8873.239258
8805.506836
8915.336914
8942.727539
8942.454102
8942.727539
8839.797852
8794.261719
8752.147461
8457.350586
8261.642578
7922.184082
6853.251953
6434.263672
6607.403809
6143.543457
5917.633789
5844.560547
6175.103027
6467.077148
6396.564941
6044.101562
5903.771484
5706.575684
5978.676758
5947.303223
5536.174316
5434.725098
5252.706055
5379.689941
5535.501953
5354.489746
5549.164062
5622.925293
5808.930176
6276.166504
6754.664062
6733.702148
7174.134766
7356.645020
7209.294922
7333.083496
7413.499023
7600.151855
7808.708496
7830.625977
7998.906250
8097.625488
8072.562500
8322.962891
8388.398438
8360.416992
8410.380859
8478.093750
8612.530273
8617.364258
8516.707031
8641.003906
8638.380859
8810.645508
8771.371094
8759.345703
8744.349609
8660.000977
8795.506836
8876.491211
8872.818359
8868.716797
8874.252930
8846.023438
8792.789062
8687.928711
8501.378906
8479.789062
8328.287109
8004.905762
7616.358887
6626.083984
6536.352539
6461.822266
6166.848633
6194.650879
6053.139648
6144.919922
6001.350586
6134.700195
5808.479980
5927.034668
6438.264160
6097.457031
5967.259766
5794.569336
5810.911621
5526.906738
5874.865723
5586.743164
5878.032715
5661.367676
5566.260254
5786.667480
6733.702148
7083.761230
7066.901855
6875.057129
6997.407715
7255.599609
7301.188965
7691.963867
7760.935547
7934.862793
8072.305664
8081.374512
8367.993164
8394.791992
8489.969727
8452.944336
8304.530273
8464.829102
8359.843750
8158.573242
8304.142578
8425.217773
8445.266602
8450.283203
8541.069336
8241.083984
8483.730469
8430.297852
8628.100586
8402.746094
8385.999023
8603.395508
8710.184570
8729.112305
8581.006836
8624.210938
8438.035156
8428.250000
8598.902344
8243.543945
7952.910156
7775.389648
7420.390137
6965.687988
6716.471191
6770.177246
6461.633301
6223.710938
6071.378906
6592.562012
6358.413086
6585.899902
6422.588379
6495.177246
6410.460449
6261.867188
5949.791992
6012.936035
6009.734863
6080.180176
5895.250000
5420.984375
5425.067871
5832.450195
6735.241699
6733.702148
6733.702148
6733.702148
6986.135742
6733.702148
7031.495117
7387.148438
7778.958008
7987.785156
7974.553711
7939.696777
8035.992676
8225.875000
8233.946289
8247.311523
8470.454102
8490.674805
8479.801758
8376.638672
8319.608398
8259.430664
8386.833008
8365.547852
8277.113281
8399.488281
8471.528320
8373.355469
8539.585938
8439.516602
8362.844727
8425.390625
8341.638672
8240.577148
8434.430664
8464.950195
8475.544922
8642.862305
8669.669922
8455.187500
8150.591797
8116.102539
7867.729492
7851.379883
7555.074707
7446.337402
7327.777344
6615.321777
6648.327637
7197.949219
7336.708496
7286.604004
7095.525391
7141.842285
6683.454590
6898.416504
6556.075684
6965.687988
6595.500977
6191.271973
5433.288086
5453.163574
5450.406738
6229.347168
5828.338867
5809.091309
5728.343262
6959.588379
7528.430664
7436.624512
7302.501465
7393.425781
7509.059082
7756.726562
7854.479004
8004.848633
8070.674316
8165.723145
8243.933594
8068.522949
8250.584961
8324.601562
8317.087891
8257.764648
8286.258789
8469.699219
8474.729492
8510.057617
8682.096680
8668.490234
8466.694336
8645.572266
8491.658203
8636.206055
8422.171875
8628.506836
8675.118164
8748.041992
8695.122070
8674.649414
8587.887695
8500.350586
8616.910156
8485.666016
8229.875977
8069.771973
7984.232910
7854.968750
7791.667480
7594.011230
7315.773438
7298.023438
7384.282715
7480.582520
7521.754883
7444.343262
7545.627930
7483.818848
7403.532227
7401.574219
7384.240234
7396.340820
7229.879883
6698.787598
5443.693359
5363.379883
5901.508789
5957.260254
5550.388184
5451.159668
5650.378418
6425.944336
6869.791504
7134.811035
7427.003418
7854.605469
7952.957031
7893.020020
8169.128906
8248.207031
8119.937988
8280.583984
8300.419922
8501.370117
8559.014648
8596.020508
8649.122070
8552.211914
8606.727539
8640.717773
8562.123047
8669.797852
8645.312500
8489.797852
8459.823242
8239.237305
8431.313477
8570.703125
8414.371094
8398.433594
8451.651367
8461.640625
8349.145508
8431.142578
8313.361328
8283.463867
8424.416016
8188.005371
8292.132812
8136.203613
8033.623535
8012.811035
7958.944824
7844.344727
7811.775879
7720.444336
7672.070312
7632.739746
7494.495605
7530.515137
7567.470215
7561.863281
7754.702148
7659.875000
7626.495605
7499.658203
7459.240723
7347.714844
5600.726562
5874.165527
5961.143066
6263.480957
5522.855469
5903.353516
5860.215820
6362.424316
6733.702148
7116.870605
7487.963867
7524.048340
7722.542969
7747.295898
7815.511719
7923.664062
7969.283691
8126.623047
8188.821777
8511.433594
8610.065430
8679.915039
8675.965820
8775.077148
8734.160156
8895.377930
8840.857422
8675.500977
8691.936523
8778.561523
8675.515625
8663.118164
8618.958984
8526.522461
8519.375000
8690.561523
8559.450195
8377.028320
8387.086914
8587.869141
8505.240234
8413.836914
8161.260254
8125.333984
7958.835449
7971.839844
8107.310059
8024.521484
8115.596191
8200.985352
8061.984863
8152.022461
7906.668457
7972.277344
7952.550293
7893.653320
7570.570312
7724.988281
7750.495117
7683.866211
7747.366699
7821.437988
7911.139648
8077.496582
5777.051270
6098.047852
6079.654785
6610.479980
5871.492676
5957.783203
6057.668945
6952.745605
7072.562500
7144.115234
7426.664062
7744.750977
7816.921387
7899.248535
7952.049316
7997.975586
8205.920898
8099.169922
8306.664062
8372.749023
8580.671875
8712.049805
8669.097656
8785.763672
8678.498047
8777.910156
8828.833984
8921.059570
8828.456055
8699.260742
8721.822266
8580.091797
8691.387695
8482.903320
8537.520508
8692.847656
8693.257812
8642.625977
8528.473633
8412.061523
8165.375488
8229.782227
8376.326172
8280.924805
8260.403320
8022.366211
8188.765625
8323.841797
8246.741211
8151.161621
8015.865234
7821.083008
8239.854492
8099.538086
8247.347656
8314.750977
8269.742188
8153.299805
8285.969727
8255.511719
8299.172852
8316.238281
8309.363281
8182.210449
6405.737793
6183.866699
6071.692871
6261.120117
6101.684082
6263.382324
6456.268555
6806.646973
7071.116699
7467.583496
7747.953613
7859.809570
7963.246094
7958.808105
8073.878906
8034.645996
8120.878418
8184.293457
8281.696289
8316.122070
8387.411133
8631.370117
8592.264648
8439.663086
8330.760742
8308.989258
8482.974609
8668.286133
8748.365234
8664.911133
8687.648438
8433.185547
8518.430664
8407.694336
8593.181641
8705.497070
8524.537109
8585.108398
8473.804688
8422.967773
8326.990234
8326.264648
8416.238281
8441.385742
8570.549805
8656.369141
8570.886719
8660.169922
8624.067383
8607.750977
8464.126953
8490.791992
8458.758789
8426.922852
8401.799805
8371.546875
8181.092773
8253.258789
8277.836914
8320.839844
8383.453125
8434.548828
8355.344727
8411.589844
7639.869141
7302.585938
6664.575195
6307.631836
6608.963867
6982.268066
7107.834473
7285.234863
7532.957031
7581.152832
7775.808105
8029.282227
8191.838867
8103.347168
8137.388184
8108.664551
7869.613770
7896.020996
8025.098633
8253.443359
8253.274414
8361.093750
8295.815430
8321.820312
8467.170898
8367.929688
8595.963867
8616.302734
8418.637695
8518.267578
8530.650391
8520.767578
8633.916992
8361.286133
8269.823242
8406.208984
8602.583984
8771.342773
8738.639648
8725.357422
8650.576172
8602.125000
8428.034180
8319.983398
8468.638672
8701.543945
8721.871094
8695.707031
8486.378906
8463.637695
8427.124023
8433.120117
8487.012695
8476.960938
8501.682617
8408.098633
8371.574219
8316.021484
8333.720703
8257.114258
8259.444336
8284.500977
8338.700195
8317.437500
7332.060059
7140.458008
7206.119141
7283.220703
7281.609863
7289.319336
7510.547852
7496.711914
7811.809570
7937.203125
7923.976074
8061.910156
8105.054688
8122.838867
8059.392578
8280.478516
8255.273438
8132.923828
8212.821289
8284.125000
8287.867188
8269.536133
8278.416992
8182.747559
8299.995117
8270.160156
8321.375977
8365.905273
8365.731445
8260.283203
8383.682617
8663.186523
8648.218750
8613.322266
8629.855469
8698.020508
8562.579102
8256.895508
8295.330078
8459.980469
8356.808594
8284.105469
8241.831055
8242.413086
8137.272949
8329.364258
8339.876953
8358.032227
8364.255859
8413.621094
8461.221680
8359.693359
8232.873047
8296.941406
8298.552734
8337.753906
8396.909180
8294.737305
8335.722656
8217.508789
8220.608398
8243.187500
8339.475586
8306.753906
7903.654785
7735.856934
7466.041016
7485.211914
7446.797852
7722.165527
7870.811523
8068.729980
8006.112305
8090.024414
8250.383789
8271.642578
8343.895508
8430.790039
8228.277344
8632.484375
8591.938477
8388.074219
8425.290039
8280.857422
8251.897461
8073.523438
8031.648438
8005.657227
7988.089844
8149.958984
8273.257812
8295.502930
8399.476562
8485.835938
8519.313477
8736.159180
8715.791016
8416.571289
8672.308594
8621.608398
8396.690430
8546.014648
8555.506836
8636.470703
8652.563477
8566.680664
8377.153320
8353.291016
8427.789062
8609.711914
8451.776367
8623.496094
8390.412109
8370.899414
8418.952148
8394.773438
8387.599609
8339.945312
8429.620117
8260.000977
8348.131836
8280.096680
8300.944336
8206.142578
8066.596191
8186.025879
8201.705078
8262.883789
7939.054199
7997.651855
8052.125488
8032.588379
7944.610840
8045.520508
8143.432617
8096.858887
8079.489746
8211.603516
8298.803711
8255.498047
8443.207031
8473.704102
8542.708984
8715.989258
8642.569336
8440.684570
8475.897461
8526.309570
8436.966797
8202.452148
8191.533203
8166.950195
8167.492188
8145.981445
8199.968750
8453.607422
8442.555664
8582.084961
8558.164062
8599.827148
8625.680664
8557.538086
8560.252930
8482.617188
8662.034180
8733.914062
8801.226562
8628.729492
8482.575195
8528.770508
8372.311523
8139.406250
8363.934570
8370.207031
8372.375977
8363.929688
8383.218750
8397.266602
8278.478516
8303.055664
8261.590820
8267.583008
8090.460449
8294.359375
8297.421875
8197.533203
7971.046387
8233.299805
8278.495117
8334.798828
8415.432617
8500.783203
7873.665039
8050.604004
8100.038574
8001.034180
8024.881836
8120.876465
8125.108887
8151.233398
8019.921875
8188.328613
8258.607422
8338.739258
8388.565430
8237.229492
8294.670898
8266.287109
8395.827148
8231.766602
8115.132324
8229.138672
8421.677734
8356.201172
8256.455078
8183.185059
8217.094727
8347.728516
8384.626953
8351.534180
8283.661133
8231.306641
8241.145508
8344.008789
8329.877930
8472.497070
8438.319336
8337.751953
8250.669922
8195.175781
8195.078125
8384.860352
8365.542969
8304.553711
8174.643066
8060.242188
8257.376953
8155.722656
8000.532715
8227.601562
8003.532715
8001.553223
8106.389160
8067.939453
8080.139648
8026.705078
8002.724121
8061.149414
8075.908203
8159.843262
8207.022461
8264.394531
8316.956055
8371.417969
8466.732422
8630.450195
7680.137695
7917.163086
8040.912109
8018.055664
8008.559570
8054.549805
8079.744141
8034.897461
8104.121094
8266.774414
8339.943359
8456.577148
8363.294922
8062.439453
8069.552246
8076.633301
8081.359863
8001.555176
8074.462891
8140.408691
8019.748047
8068.624512
8126.360352
8347.488281
8451.079102
8330.333008
8405.197266
8383.451172
8256.858398
8204.019531
8220.314453
8240.751953
8132.848633
8073.485352
8112.695312
8051.002930
7965.527344
8179.210938
8188.035156
8075.465332
8224.129883
8182.851074
8065.750000
8048.549805
7990.775879
8045.912109
7968.102539
8126.645996
8233.717773
8432.519531
8357.117188
8382.273438
8347.825195
8363.041992
8349.637695
8266.793945
8253.914062
8371.066406
8441.302734
8374.581055
8452.224609
8549.181641
8527.682617
8427.844727
7404.143066
7443.543457
7570.671875
7563.366699
7498.223145
7450.302246
7518.370605
7814.565430
7908.896484
8101.129883
8326.558594
8167.016602
8250.647461
8084.342285
7937.488281
7619.025391
6965.687988
6887.960449
6965.687988
6965.687988
6965.687988
6965.687988
6965.687988
7734.513184
7737.136719
7770.053711
7962.204590
7818.351562
7684.698730
7893.364746
7910.984375
7978.017578
8054.932129
8029.482910
8089.911133
8008.419922
8216.272461
8190.350098
8171.679199
8295.126953
8305.642578
8150.160645
8253.463867
8075.232910
8082.505859
8143.507812
8321.384766
8294.389648
8114.881836
8102.689941
8283.091797
8266.104492
8244.356445
8080.415527
8113.613281
8280.347656
8256.707031
8266.939453
8247.975586
8268.741211
8264.052734
8224.516602
8198.324219
8269.771484
6537.528809
6965.687988
6836.868652
6954.392578
6665.754395
6819.204590
6965.687988
6908.898926
6887.538574
6624.268555
6965.687988
6965.687988
7404.333008
7417.900391
7087.716797
6783.123047
6816.135254
6936.902832
6714.304688
6776.430664
6592.362305
6693.571289
6685.221191
6613.934082
6503.299805
6720.267090
6965.687988
6623.844727
6908.331055
6664.674316
7268.638184
7464.521973
7759.028809
7796.226074
7882.857422
8061.043945
8008.813965
8220.821289
8261.972656
8230.089844
8257.367188
8108.355957
8251.261719
7948.926758
8070.455566
8085.677734
8036.708008
8068.406738
8292.985352
8324.671875
8398.985352
8350.117188
8357.315430
8282.155273
8448.317383
8306.034180
8252.338867
8312.227539
8485.266602
8548.004883
8389.932617
8249.747070
8214.028320
8194.194336
7132.108887
6965.687988
6891.686035
6602.460449
6207.555664
6314.212402
6217.244141
6382.298340
6476.266113
6964.763672
6445.402344
7212.382812
7704.110840
7816.003906
7658.444824
7480.539062
7361.048340
6965.687988
6955.307129
6868.567871
7309.331543
6810.535645
6503.499023
6142.050293
6059.055176
6379.192871
6238.473145
6380.886719
6391.828125
6627.240234
6965.687988
7230.265625
7632.808594
7809.794922
7965.252930
8043.304688
8142.346680
8310.818359
8030.766113
8056.368164
8108.225098
8158.875977
8165.721680
8299.476562
8299.141602
8355.095703
8219.791016
8179.670898
8154.347656
8174.016113
8192.196289
8153.986328
8241.269531
8378.773438
8294.905273
8168.156250
8294.402344
8280.530273
8157.322266
8258.223633
8252.875977
8379.638672
8324.371094
8373.822266
7974.593262
7847.572266
6965.687988
6903.269531
6505.150391
6524.591309
6356.143555
6229.435059
6468.646484
6434.446289
6918.781738
7437.099121
7826.524414
8237.011719
7864.868164
7501.596191
7440.368164
7456.111328
7400.300293
7502.187500
7564.189453
7154.502930
6638.781738
6392.215332
6214.870117
6238.813965
6193.470703
6295.283691
6508.365723
6699.472168
7115.632324
7361.413086
7296.140625
7373.641113
7771.665039
8011.735840
8273.289062
8245.474609
8300.630859
8273.568359
8237.610352
8325.945312
8188.537109
8307.659180
8222.886719
8200.390625
8246.988281
8279.133789
8271.022461
8129.436523
8030.340820
8142.739746
8074.009277
8030.606934
8020.006836
8180.080566
8117.642090
8037.418945
8076.097168
8052.392578
8219.620117
8412.624023
8441.925781
8475.548828
8373.910156
8150.933105
8268.397461
8175.909180
6959.797852
6756.056152
6917.530762
6998.249512
6965.687988
6679.810547
7091.515137
7185.990234
6965.687988
6965.687988
6702.168945
6932.609375
6815.722656
6965.687988
8073.026367
7802.177734
7515.370117
7415.462402
7011.669434
6733.702148
6243.620117
6236.015625
6071.917480
6149.461426
6491.101074
7324.360352
7469.111816
7542.436523
7627.053223
7715.165527
7790.482422
7952.114746
8049.116211
8049.254395
8064.996094
8269.607422
8202.924805
8099.508301
8087.827637
8163.630859
7980.889160
7903.893066
7891.897461
8116.469727
8094.624023
8061.699219
8069.324219
7942.236328
7774.445312
7907.807617
7797.655273
7509.774414
7609.543945
7782.960449
7964.671875
8014.830078
8092.646484
8148.782715
8298.202148
8383.472656
8178.412109
8020.002930
7944.660645
8052.116211
8056.214844
8006.496094
7913.851074
7853.561523
7959.695312
7224.457520
6520.008789
6766.000488
6686.596680
6500.517090
6963.388672
6488.111328
6342.386230
6965.687988
6965.687988
6950.373535
6937.148926
6965.687988
6552.431641
6232.521484
6276.742676
6493.816406
6228.178711
6457.443848
6846.909668
7000.799316
7357.335449
7388.277832
7484.428711
7468.450684
7791.927246
8094.323730
8096.550781
8188.570312
8091.522461
8120.742188
7979.786133
7958.740723
8028.700684
8105.151367
7781.087402
7765.605469
7698.123047
7710.335938
7764.691406
7743.876953
7768.534668
7689.680664
7598.004395
7527.798340
7573.280762
7822.752930
7527.492676
7674.887207
7705.938965
7469.765137
7783.193359
7831.348145
8019.737305
8069.097168
7765.916016
7936.789551
7966.335938
8100.440918
7854.651367
7621.583008
7755.661133
7545.011719
7648.266602
7674.996094
7536.266113
7320.680176
6965.687988
6698.658691
6617.644043
6484.376465
6285.081055
6601.495605
6686.449219
6554.866211
6632.089844
6483.851074
6546.657715
6155.383789
6102.369141
6092.056152
6420.871582
6731.511230
7197.764160
7379.651855
7395.750977
7476.463867
7577.462891
7983.988281
8108.019043
8213.029297
8203.402344
8173.637695
7974.257812
7731.936523
7781.476074
7993.608398
8018.408203
7966.248535
7909.921387
7867.478516
7806.209473
7568.308594
7617.041504
7361.868164
7099.788086
7023.432617
7225.665039
7244.521973
7332.564941
7367.924805
7527.233398
7646.812500
7634.016602
7742.591309
7829.658691
7870.446289
8050.195312
7958.611816
8049.651367
8109.344727
8152.425781
8179.912598
7968.011230
7993.673340
7769.816406
8001.291504
7997.266113
8035.513672
7794.065918
7681.893555
7493.597168
7235.477051
7196.232422
6787.408203
6512.110840
6892.258789
6711.768555
6444.646973
6748.925781
6486.550293
6965.687988
6163.964355
6337.350586
6444.530273
6907.123535
7257.568359
7284.575684
7337.811035
7190.607422
7382.539551
7487.004395
7613.636719
7625.414551
7740.147461
7807.915039
7858.486816
7984.476074
7900.888672
7548.335938
7377.087891
7382.083984
7289.489746
7376.709961
7710.142578
7508.993652
7447.548828
7385.918945
7226.774902
7084.065430
7049.021973
7285.618652
7394.721680
7367.552246
7359.429688
7346.135742
7282.131348
7380.925293
7607.593262
7569.192871
7752.395996
7982.800293
7890.146484
8225.540039
8167.552734
8033.879395
7885.850098
7958.832031
7873.899902
7855.176270
7786.853516
7865.537598
7818.903320
7774.041992
7564.123535
7209.511230
7359.321289
7341.693848
7298.424316
7271.190430
7144.506348
7201.902344
6717.865723
6553.316406
6447.346680
6575.708496
6545.049316
6615.296387
6793.603027
7275.943359
7289.774902
7196.158203
7195.008789
7336.320801
7435.225098
7531.557129
7631.497559
7529.986816
7562.250977
7575.531250
7559.425781
7770.876953
7699.825195
7609.421387
7421.802246
7327.205566
7376.540039
7497.319336
7558.468262
7586.539551
7353.963867
7017.060059
6733.702148
7055.833496
7300.632812
7378.337402
7303.101562
7379.693848
7353.423828
7331.704590
7191.022461
7230.397949
7095.575195
7302.516113
7467.283203
7611.610840
7848.387207
8031.354492
8087.747559
8020.165039
8127.370605
8043.463379
7988.176270
8027.439941
7986.827148
7970.059570
7865.977539
7696.782715
7556.324707
7310.024414
7150.354980
7294.890625
7382.976074
7232.690918
7269.378906
7242.839355
7273.052246
6629.605957
6868.183594
6687.245605
6843.481445
7599.960449
7575.722168
7304.452637
7324.585938
7201.543945
7018.111816
6888.307129
7267.025391
7312.291992
7604.512207
7627.707520
7735.845215
7954.139160
7961.058594
7725.411621
7499.374023
7314.695312
7361.451660
7368.503906
7264.322266
7366.264648
7220.479980
7148.727051
7111.039062
6733.702148
6863.612793
6961.357910
7308.558105
7366.542480
7245.531250
7158.859375
7159.630859
7237.430664
7295.585449
7285.674316
7415.819824
7714.050293
7849.587891
8062.112793
8068.973633
8130.952148
8027.738281
8099.204102
8115.675781
8043.987305
7902.328613
8051.519043
7906.605469
7854.931641
7669.790527
7736.494629
7404.352051
7342.233398
7406.580078
7502.443359
7318.240234
7380.458984
7166.787598
7155.062012
6999.426758
6939.373535
7306.530273
7346.302246
7393.008789
7527.933105
7712.282227
7631.935059
7635.001953
7342.066895
7428.741699
7312.718262
7337.391113
7419.584473
7393.149902
7439.398438
7669.679199
7874.796387
7839.692871
7619.479492
7737.309082
7681.943359
7342.006836
7349.905762
7345.502441
7258.198730
7153.582520
7296.297363
7293.936035
7337.550781
7348.246582
7338.925781
7313.062500
7389.920410
7316.812500
7198.583984
7145.813965
7138.964844
7320.428711
7352.027344
7470.373535
7546.113281
7821.695312
7961.066895
7908.388672
8207.701172
8296.495117
8273.114258
8103.100586
8214.933594
8180.523926
8165.149414
7983.445801
7745.705566
7703.534668
7844.123047
7909.372559
7606.445801
7656.937988
7508.338379
7390.939453
7442.874512
7390.187012
7328.401855
7325.637695
7489.822754
7353.017578
7203.645020
7269.947266
7242.946289
7503.708008
7452.375000
7551.458008
7593.204102
7733.500488
7547.890137
7517.275391
7761.472656
7905.656250
7987.529297
7898.715332
7890.879395
7814.138672
7579.503418
7615.746582
7451.283203
7478.563477
7619.343750
7688.093262
7580.191895
7522.962402
7383.492676
7448.370117
7711.545410
7624.549316
7400.311523
7493.660156
7435.265137
7460.172363
7484.921875
7434.293945
7507.341309
7501.005859
7631.927246
7719.117188
8001.980469
8082.299805
8015.555176
7948.498047
8343.290039
8342.946289
8316.403320
8457.684570
8221.085938
8204.675781
8125.894043
7955.451660
7965.682129
7900.462891
7776.694336
7657.723633
7647.406250
7847.157227
7740.970703
7549.597656
7628.837891
7496.112793
7298.111816
7362.527832
7440.960938
7611.880859
7811.877441
7846.639160
7879.948242
7900.008789
8065.376953
8038.700684
7958.354492
7885.773438
8056.399414
8029.637207
7903.617188
8017.851562
8001.625977
7980.919434
7816.704590
7710.105469
7491.657715
7509.149902
7446.562500
7508.562012
7697.738281
7751.076172
7810.581055
7687.009277
7466.123047
7475.920898
7506.387695
7569.146484
7682.880859
7595.604004
7621.620117
7632.025879
7783.964844
7858.502441
7757.063965
7812.421875
7811.585938
7749.313965
7993.006836
7970.618652
8100.589844
8081.645996
8585.545898
8504.744141
8588.497070
8622.533203
8404.478516
8305.464844
7992.454590
8033.806641
7872.152832
7864.290039
7940.493164
7966.129395
8105.279785
8123.389648
8134.431152
7993.588379
8078.927246
8132.621094
8041.108398
7877.704102
7791.274414
7758.517578
7936.525391
7980.824219
8034.883789
8267.608398
8271.107422
8203.919922
8285.132812
8393.458008
8257.596680
8174.743652
8196.806641
8129.459473
7991.212891
7844.207031
7813.631836
7834.056641
7815.492676
7816.245117
7669.727051
7442.670410
7611.311523
7505.817383
7507.035156
7401.682617
7457.254883
7517.455078
7531.375488
7645.872070
7791.859375
7778.846191
7790.736328
7826.057129
7558.666504
7884.388184
7763.719238
7729.802734
7683.157227
7765.661621
7936.564941
7969.129883
8306.947266
8515.101562
8435.085938
8256.293945
8235.827148
8101.457520
7987.413574
8031.793945
8021.478516
8028.603516
7918.375977
8018.297363
8234.267578
8194.006836
8115.428223
8158.321289
8195.382812
8152.018066
8280.698242
8443.732422
8408.379883
8391.221680
8382.948242
8264.147461
8444.271484
8343.296875
8411.465820
8298.587891
8376.877930
8443.687500
8496.281250
8421.843750
8442.357422
8473.086914
8538.041992
8422.905273
8298.120117
8046.499512
7849.096680
7591.602051
7527.978027
7553.222168
7696.992676
7767.557617
7760.189453
7540.793457
7583.870605
7523.377930
7426.333496
7540.354492
7489.041504
7475.719727
7506.967773
7622.737793
7535.441895
7471.950684
7510.399902
7599.167969
7670.808594
7893.299316
7964.404785
8092.104004
8187.460449
8327.797852
8430.573242
8411.406250
8408.578125
8277.632812
8239.642578
8111.296875
8069.939941
8209.869141
8094.729004
8017.267090
8050.306152
8270.675781
8242.811523
8305.178711
8122.809082
8275.561523
8481.623047
8648.509766
8698.290039
8722.953125
8817.778320
8705.609375
8721.382812
8751.338867
8700.332031
8750.007812
8661.609375
8666.983398
8677.789062
8647.437500
8706.862305
8770.185547
8864.490234
8735.751953
8659.699219
8437.932617
8336.447266
8307.255859
8043.347656
7799.262695
7659.133789
7470.424805
7635.672852
7773.787598
7950.284668
7958.120117
7836.489746
7554.248047
7536.384766
7336.270020
7214.875000
7104.367676
7057.001465
7016.768066
7112.395508
7081.645020
7338.071777
7332.982910
7456.578613
7468.280273
7804.829590
7982.289062
7957.083984
8103.937500
8038.677734
8199.343750
8095.903320
8074.722168
8014.335449
7980.708496
7966.235352
7872.711426
7868.496094
7896.115723
7923.477539
7860.120605
8032.524414
8265.193359
8357.863281
8457.056641
8702.588867
8593.574219
8698.964844
8704.433594
8674.609375
8716.673828
8826.511719
8823.389648
8683.511719
8700.296875
8695.542969
8758.266602
8803.242188
8696.397461
8721.230469
8786.843750
8640.932617
8361.647461
8255.803711
8056.376953
7954.985840
7604.738770
7376.716309
6965.687988
6965.687988
6844.491211
6671.418457
6882.254883
6773.314453
6965.687988
6912.405762
6863.025391
6633.808105
6921.515137
7103.584473
7043.309570
6557.179199
6452.141113
6640.993164
6565.058594
6873.479492
7002.319824
7242.160645
7338.957031
7294.317383
7507.189941
7622.759277
7531.852539
7634.021973
8009.437500
7716.590332
7755.424316
7756.829590
7818.618652
7668.117676
7620.620117
7792.913574
7750.615234
7820.335938
8105.218262
8111.934570
8276.544922
8250.765625
8290.607422
8322.651367
8418.119141
8458.825195
8446.880859
8716.079102
8824.818359
8802.057617
8796.768555
8669.235352
8430.069336
8439.494141
8397.034180
8317.518555
8236.539062
8288.072266
8283.364258
8092.284668
7967.215820
7787.848633
7525.091309
7387.648926
7307.875977
7146.688965
6813.681641
6594.041504
6430.210449
6348.328125
6370.405762
6607.035156
6798.823242
6501.019531
6182.285645
6059.422363
6368.766113
6364.437500
6389.666504
6235.019043
6088.757324
6400.682617
6351.482910
6317.621582
6477.894531
6542.691406
6733.702148
7034.452637
7275.931152
7428.031738
7533.683594
8018.607422
7939.244141
8028.725098
7909.770508
7814.104492
7686.118164
7606.081055
7307.827637
7222.145020
7454.117188
7733.714355
7758.182617
7992.280762
8174.546387
8204.500000
8078.155273
8071.808594
8253.816406
8224.538086
8345.277344
8326.235352
8621.636719
8632.739258
8638.288086
8573.996094
8680.793945
8610.121094
8418.573242
8192.454102
8042.568848
7898.553711
7858.572266
7596.236816
7662.441406
7440.312988
7338.162109
7391.063965
7335.867188
7223.354492
6971.508789
6626.309570
6662.753906
6338.294922
6316.426758
6671.849121
6926.588867
6210.450684
5836.097168
5853.564941
5980.089844
5927.604492
5907.232910
5943.779785
6265.749023
6661.688965
7176.331055
7126.441406
7274.305664
7136.579590
7018.143555
7154.481934
7241.073730
7209.238770
7293.901855
7708.549805
7624.896973
7603.528320
7520.614258
7626.439941
7744.184082
7401.547363
7484.676270
7430.453613
7393.494141
7297.081543
7270.831055
7151.086914
7283.421875
7500.626465
7773.467773
7809.791992
7822.483887
7831.890137
7642.015625
7959.953125
8054.906250
8096.184570
8218.325195
8390.202148
8301.427734
8093.916992
8123.624512
7971.309570
7818.319336
7592.154297
7743.437988
7533.514648
7362.478516
7448.213379
7429.395508
7313.893066
7275.551270
7015.490234
6733.702148
6733.702148
6244.537598
6113.479980
6130.952148
6355.441895
6226.135254
6079.291992
5619.819824
5659.221191
6006.933594
5690.928223
5831.058105
6150.600586
6500.900879
6921.216309
6998.298828
7125.075684
6867.686523
6936.779297
6892.877441
6860.383789
6971.833984
7267.830566
7302.797363
7443.348145
7517.710449
7416.868652
7517.168457
7521.512207
7271.199707
7443.143555
7486.097656
7451.685547
7316.166504
7127.175293
7019.229004
7096.732422
7026.211426
7079.191895
7322.460938
7470.120117
7684.476562
7574.600098
7632.828125
7772.701660
7576.302734
7431.513184
7467.027344
7505.187012
7519.889648
7602.899414
7540.570801
7445.625977
7390.728027
7288.514648
7280.637207
7271.534668
7207.814941
7152.392090
6896.304199
7079.637207
7057.335449
7036.642578
7025.364746
6998.482422
6830.108887
6171.367188
6182.308594
6953.232422
6085.402344
5823.769043
5882.369141
5552.187500
5693.370605
5665.124512
5988.799316
6733.702148
6786.691406
6733.702148
6914.966797
7010.598633
6733.702148
6736.982910
6733.702148
6733.702148
6946.377930
7277.736328
7570.766602
7752.420410
7967.726074
7628.249023
7555.814941
7690.652832
7658.889160
7482.766602
7476.317871
7513.052734
7505.747070
7442.814941
7284.890137
7092.757324
6733.702148
6733.702148
6882.812012
7160.728516
7168.872559
7021.685059
7041.864746
6940.133789
6816.394531
6989.527832
7265.568359
6733.702148
7257.695312
7655.600098
7679.359375
7566.701172
7482.443848
7410.636719
7129.836426
7119.395996
7148.526855
7192.013672
7156.281250
7046.080566
7212.595703
7306.316406
7342.936523
6433.404785
6010.926270
6063.961914
5546.408691
5710.982422
5714.378906
5986.430176
5670.850586
5243.824219
5370.479492
6733.702148
6838.537598
6733.702148
6799.942871
6753.794922
6966.912109
7142.373047
7177.474609
7370.626465
7118.570312
7111.796387
7211.323242
7469.912598
7411.642578
7459.610352
7468.003418
7687.645996
7588.129883
7771.873535
7814.519043
7816.279785
7800.408691
7756.590332
7802.861816
7412.922363
7308.366211
6982.724121
6872.168457
6439.041016
6211.183594
6802.116211
6733.702148
7427.907715
6733.702148
7067.329590
6139.333984
6151.545410
5883.372070
5837.629395
6334.890625
6494.618652
6462.326660
6347.342773
6569.965820
6653.669922
6728.971191
7137.307129
7074.356445
7097.012207
7393.020020
7415.197754
7176.031738
6733.702148
6377.233398
5745.810547
5774.479004
5788.491699
5326.036621
5361.662109
5699.352051
5451.893555
5339.915039
5153.050293
4819.184082
4619.965332
5372.102051
5386.846680
5720.530762
6060.395020
5849.550781
5846.906738
5991.763184
6209.455078
6335.754395
6112.369141
6158.962402
6445.664062
6938.728516
7092.346680
7199.625977
8168.899414
8073.623535
8017.960449
8167.074707
8131.797363
8207.680664
7971.324707
8079.995605
8006.976562
7921.898438
7771.095215
7322.726562
6929.891113
6526.474609
6016.797852
5873.908691
5988.270020
6029.518555
6227.855469
6095.042969
5580.915039
5425.313965
5445.673340
5844.703125
5716.196289
6009.458008
6147.881836
6027.154785
6233.310547
6303.587891
6586.724609
6624.525879
6566.846191
6611.393066
6628.544922
6516.354492
5989.937988
5891.236816
5657.123047
6215.877930
5732.723145
5925.272461
5223.954590
5436.218262
5334.536133
5617.476562
5212.934082
4998.956543
5144.943359
4919.394043
5416.646973
5566.542480
5719.602539
6015.275879
5773.215332
5768.080078
5743.895996
5788.409180
5767.052734
5663.216309
6196.955078
6733.702148
6733.702148
6733.702148
8190.718262
8114.843262
8200.212891
8128.368652
8115.208496
8123.072754
8164.139160
7944.603027
7809.724609
7844.844238
7689.661621
7322.525879
7014.220703
6733.702148
6401.854980
5912.269043
5657.270996
5584.886719
6160.663086
5963.666992
5519.461426
5406.865234
5598.720215
5958.512695
5772.200684
6021.179199
5813.156250
5877.862793
6001.346191
6552.621094
6491.160156
6939.671387
6170.942383
6217.392090
6168.657227
6258.227539
6085.892578
5529.191406
5603.877441
5852.539551
5856.286133
5768.446289
5670.478027
5547.312012
5284.702148
5414.394043
5148.974121
4929.562500
5003.722656
5142.369141
5172.379395
5557.651855
5728.873047
6614.571777
5781.500977
5571.187012
5631.572266
5812.502441
6261.760254
6915.550293
6733.702148
6733.702148
7174.940430
6930.065918
8179.520020
8080.210938
8189.749512
8167.003906
8187.706055
8290.438477
8039.886230
7732.748047
7782.871582
7473.312012
7344.716309
7146.752930
7040.982422
6733.702148
6733.702148
6394.662109
5949.904785
5992.825684
5847.168945
5862.779785
5637.750488
5521.055664
6026.320312
5714.768066
5582.437500
5535.653320
5850.057617
5946.509766
6039.560059
5971.815430
6266.750977
6177.608398
6195.926270
6142.922363
5983.075195
6081.534180
6030.263672
6733.702148
5865.855469
5978.369141
6478.787109
5659.401855
5664.575684
5528.971680
5643.825195
5460.848145
5554.911621
5340.815918
5313.337402
4951.466309
5058.312500
5435.816895
5474.163574
5586.666992
5859.402344
5679.411621
5757.150879
6948.002441
6996.249023
6733.702148
7015.474609
6855.327637
6733.702148
7061.262207
8091.259766
8118.713867
8149.558594
7983.889160
8000.352051
7977.234863
7956.212891
7823.117676
7617.185547
7331.208496
7245.240723
7120.763184
7030.732422
6822.060547
7049.529785
6985.168945
6427.814453
6290.672363
6965.687988
6089.605957
5588.027344
5420.631836
5635.622559
6093.660156
5906.076660
5461.625977
5676.643066
6069.734863
6152.470703
6343.260742
6051.552734
5895.894043
6041.451660
5427.642578
5837.702637
5779.719727
6135.076660
6096.055176
5817.077148
6140.851562
5977.673340
5953.558594
5998.181641
5856.333008
5941.562500
5607.503906
5788.245117
5561.139160
5310.101074
5382.447754
5213.723633
5561.456055
5301.786621
5229.951660
5321.091309
5558.183594
6760.339844
6799.145996
6733.702148
6973.151855
6733.702148
6216.650879
6296.705566
6212.534180
8025.631348
8247.759766
8219.939453
8192.537109
8069.284180
7829.160645
7638.875977
7485.236816
7653.013672
7497.325195
7364.341797
7387.324707
7266.919434
7377.237305
6992.553223
7078.093262
6802.759277
6784.180664
6654.903809
6314.674805
5977.892578
5539.300781
5639.932617
5799.645020
5786.603027
6089.228516
5805.863770
6024.648926
5651.828613
5937.430176
5912.678223
5610.914062
5448.649414
5711.831543
5573.434082
5894.212891
6556.256348
6408.569824
6235.729004
6633.074219
6357.278320
6097.949219
6290.019531
5826.945312
5734.903320
5474.458496
5755.737305
6392.742676
5918.644531
5941.993164
5688.141113
5611.678223
5315.452637
5593.912598
5368.209961
5206.124512
5472.968750
5562.855957
5852.218262
5930.121582
6172.404785
6096.980957
5860.569336
5865.319824
7752.727051
7830.301758
7863.176270
7919.572266
7654.414551
7687.386719
7414.448730
7292.796387
7470.460449
7542.205078
7769.063477
7604.468262
7635.813965
7503.457031
7370.219238
7236.481445
7362.595703
7310.681641
6965.687988
6453.532227
6564.723633
5892.933105
5783.076172
5451.941406
5934.118164
6589.455078
6244.223633
5925.218750
5576.184082
5601.734863
5667.858398
5630.701172
5547.745605
5798.321777
6057.279785
6046.091309
6081.087402
5896.023926
6435.058105
6575.717285
6600.632324
6533.501465
7279.301758
6656.286621
6206.836914
5788.296387
5724.148926
5844.912598
5959.443359
5880.939941
6631.459473
5828.743652
5716.286133
5943.421875
5766.998047
5406.749512
5182.293457
5096.910645
5468.232422
5751.463867
5877.260742
5799.161621
6151.683594
5854.995605
7852.309082
7980.829590
7927.387695
7853.338867
7670.292969
7591.276367
7622.068848
7707.520508
7731.041992
7836.280273
7734.568848
7644.558105
7651.651367
7545.106445
7665.867188
7448.329102
7430.842285
7082.047363
6885.188477
6813.295410
6686.843750
6428.944824
5852.987793
6020.708496
6327.881836
6200.882324
6425.346680
6410.570801
5717.343750
5886.569336
5546.468750
5743.711426
5800.192871
6104.302246
6028.316895
6333.013184
6257.088379
5980.248047
6637.847168
6919.616211
7462.167969
6839.409668
6909.521484
6991.023926
6733.702148
6733.702148
6093.112305
6195.385742
6152.659180
6077.285645
6263.459961
5678.281250
5756.404297
5870.119141
6212.777832
5507.443848
5307.667969
5341.268555
5429.676758
5581.359375
6078.226074
5664.524902
5768.128418
6377.002930
7732.183594
7997.389160
8056.845215
8159.753418
8237.220703
8323.925781
8088.871094
8066.165039
7984.455566
7955.341309
7923.169922
7752.876465
7833.173340
7960.444824
7971.583984
7874.368164
7726.967285
7601.104980
7405.177246
7313.395020
7233.565430
7198.116211
6604.615234
6319.209473
6305.018066
6131.478027
6426.897461
6850.630371
6121.079590
6033.633301
5808.016113
6111.646484
5960.728027
6643.030762
6212.371582
6311.793457
6143.010254
6270.651855
7085.384277
7025.291992
7088.563965
6913.367188
6813.246582
6806.008301
6706.790527
7208.183105
7366.846680
7056.842285
6239.077148
6102.328613
6165.052734
6008.918457
5979.547363
6267.206543
6193.961914
6023.333496
6111.416992
5771.301758
5703.205566
5457.380371
5471.710449
5603.876465
5401.562012
5564.130371
8087.559570
8062.188965
8203.056641
8278.685547
8216.620117
8238.069336
8259.547852
8196.962891
8056.729980
8010.864746
7755.067871
7777.703125
7912.998535
7978.854004
7949.453125
8052.031738
8121.603516
8082.588867
8063.056152
8007.868652
7979.047363
8060.785156
7765.946777
7482.554199
6686.130859
6660.174805
6678.142090
6301.491699
5927.339844
5891.657715
5974.443359
6075.594238
5977.872559
6213.265625
6502.091309
6555.619629
6584.913574
6733.702148
6978.904297
7124.299316
7098.658203
6873.137695
7119.977051
7048.627930
6803.312988
7128.281250
7223.124023
7109.391113
7138.710449
6582.011230
6459.131836
6635.165039
6470.371582
6627.772949
7147.606445
7089.609863
6955.041016
7032.835449
6335.881836
5762.514160
5419.177246
5190.965820
5684.055664
5565.132812
8061.086914
8114.678223
7983.606445
8045.707031
8099.004395
8231.792969
8107.435059
8257.149414
8225.566406
8232.649414
8258.548828
8144.957031
8289.692383
8367.421875
8519.664062
8518.823242
8554.402344
8517.006836
8529.511719
8471.988281
8457.955078
8321.781250
8201.523438
8245.872070
8158.654297
7894.749512
7309.244629
6676.458984
6489.618164
6455.295410
6396.061523
6452.353027
6457.320801
6618.070801
7131.837891
7119.946289
7368.137207
7668.907227
7421.484375
7293.858398
7321.889648
7343.909180
7338.432617
7338.087402
7382.418457
7414.648926
7308.665039
7320.801758
7380.025391
7425.740234
7282.622070
7303.316895
7244.972168
7049.940918
7066.520508
7037.197266
6733.702148
6733.702148
6733.702148
6816.435547
6116.015137
5745.318359
5602.747559
5785.111816
8304.239258
8307.989258
8161.924316
8268.244141
8137.578613
8243.987305
8186.155762
8309.430664
8239.701172
8062.148926
8287.719727
8364.026367
8613.801758
8763.008789
8805.436523
8814.696289
8814.678711
8777.241211
8763.022461
8662.951172
8647.483398
8631.006836
8543.941406
8596.048828
8409.991211
8250.578125
7985.434570
7432.091309
7305.915527
7271.998535
7298.417480
7415.081543
7634.287598
7609.916992
7689.114258
7742.859863
7942.763184
8090.160645
8147.973145
8092.516602
8040.140137
8068.375000
7911.666504
7825.475098
7663.674316
7748.214844
7695.523926
7782.082520
7851.509766
7840.136230
7685.488770
7927.986816
7901.567871
7571.328613
7400.427734
7376.270508
7197.354980
6940.686035
7095.934570
7127.814453
7069.045410
6585.349121
6423.777832
6305.470703
8322.366211
8311.917969
8377.528320
8217.490234
8067.741699
8045.062988
8015.250488
8135.097656
8273.636719
8420.500000
8527.109375
8512.072266
8690.159180
8815.890625
8942.727539
8855.346680
8853.492188
8628.701172
8630.705078
8680.944336
8719.640625
8653.901367
8692.277344
8570.411133
8352.806641
8169.948242
8139.723633
7843.242188
7677.909180
7601.646973
7807.684082
7882.749023
7993.229004
8118.863770
8217.408203
8289.968750
8251.747070
8241.494141
8149.874512
8000.562012
8001.885254
7902.168457
7929.660645
7805.319824
7727.057617
7518.443359
7698.540039
7834.976562
7808.200684
7775.750000
7920.019043
7804.877930
7726.458496
7736.591797
7677.636719
7565.839844
7506.563965
7359.651855
7414.666016
7222.443359
7104.488770
7206.755859
7286.024902
7331.134766
8277.808594
8191.750977
8065.045898
8012.841797
7892.934082
7938.146484
7826.757812
7961.886719
8039.687988
8146.769043
8428.515625
8541.999023
8687.208008
8473.298828
8678.168945
8702.353516
8693.780273
8689.887695
8524.211914
8436.853516
8417.248047
8494.874023
8476.175781
8474.864258
8420.938477
8342.976562
8252.310547
8114.025879
8092.870117
8120.405273
8162.268066
8273.879883
8269.892578
8279.176758
8345.707031
8368.314453
8491.777344
8686.494141
8682.046875
8583.525391
8209.390625
8281.464844
8184.334961
8083.138672
8011.667969
7928.117676
8010.816895
7823.377930
7770.017090
7870.114258
7687.325684
7546.835938
7510.456055
7628.155762
7707.136230
7862.764160
7808.005859
7559.633789
7790.895020
7728.383301
7520.977539
7434.083008
7439.979980
7408.919922
8293.228516
8307.476562
8285.517578
8303.885742
8231.336914
8144.730957
8219.199219
8235.305664
8092.604980
8030.952148
8231.892578
8414.584961
8508.232422
8646.675781
8699.335938
8625.138672
8735.201172
8558.153320
8466.357422
8641.043945
8727.956055
8664.014648
8591.794922
8367.099609
8438.620117
8519.719727
8634.665039
8464.913086
8382.471680
8423.445312
8548.576172
8388.613281
8297.259766
8308.041992
8431.606445
8352.353516
8505.015625
8534.614258
8454.164062
8604.085938
8473.740234
8354.416992
8163.891602
8279.886719
8152.593750
8142.665527
8100.095703
7912.404785
7808.289551
7565.585938
7597.227539
7504.172852
7484.584473
7598.740723
7677.749023
7987.906738
8054.438965
7952.530273
7952.256348
7711.312988
7620.606445
7480.536133
7560.910645
7380.740234
8321.793945
8342.033203
8334.340820
8304.666992
8333.672852
8289.204102
8332.166016
8088.768066
8179.988281
8292.703125
8230.265625
8168.311523
8221.033203
8343.805664
8246.202148
8327.764648
8357.150391
8454.898438
8410.083984
8649.625000
8401.814453
8452.925781
8662.055664
8529.910156
8320.458984
8406.927734
8309.729492
8289.458008
8303.766602
8331.927734
8249.778320
8337.716797
8319.293945
8396.174805
8329.664062
8299.331055
8307.392578
8315.648438
8303.717773
8164.286133
8265.166992
8260.193359
8141.366699
8176.818848
8010.272461
8054.187012
8037.937500
7912.749023
8014.039551
7955.674805
7780.603516
7757.747559
7813.454102
7888.753906
7922.406250
7813.823730
7975.283691
7911.860840
8005.646973
8005.811035
7910.663086
7997.634277
7731.695312
7464.020508
