/Real_seismic_DSS0
1
Seis
0.000000
0.000000
0.000000
0.000000
0.000000
0.000000
0.000000
0.000000
0.000000
0.000000
0.115076
0.176350
0.237773
0.237773
0.264592
1.194910
0.796629
0.823463
0.428843
0.434821
0.428843
0.313020
0.307042
-0.357863
-0.384681
-0.047824
-0.109098
-0.224173
0.000000
0.000000
0.000000
0.000000
0.010245
0.017112
0.012031
0.012031
0.012031
0.012031
0.012031
0.012031
0.012031
0.012031
0.012031
0.012031
0.012031
0.012031
0.012031
0.006867
0.006867
0.003654
-0.011067
-0.022440
-0.031414
0.091605
0.345144
0.404558
0.589874
0.594956
0.661393
0.532120
0.532120
0.417044
0.431765
0.431765
0.000000
0.000000
0.000000
0.000000
0.000000
0.000000
0.000000
0.000000
0.000000
0.000000
0.115823
0.230898
0.292172
0.292172
0.353596
1.526021
1.301848
1.328667
0.957219
0.963197
0.957219
0.823463
0.796629
0.353596
0.292172
0.455071
0.339996
0.224173
0.000000
0.000000
0.000000
0.000000
0.003363
0.008526
0.017112
0.017112
0.017112
0.017112
0.017112
0.017112
0.017112
0.017112
0.017112
0.017112
0.017112
0.017112
0.017112
0.012031
0.012031
0.018009
0.011508
0.000075
-0.011298
0.105287
0.303306
0.182626
0.366448
0.364730
0.484887
0.476667
0.476667
0.360844
0.367345
0.367345
0.000000
0.000000
0.000000
0.000000
0.000000
0.000000
0.000000
0.000000
0.000000
0.000000
0.133757
0.249579
0.364655
0.364655
0.432796
1.381796
1.605969
1.660525
1.463171
1.490004
1.463171
1.328667
1.301848
1.048383
0.987109
0.647860
0.532038
0.398281
0.000000
0.000000
0.000000
0.000000
-0.003512
0.001569
0.008526
0.015393
0.015393
0.015393
0.015393
0.015393
0.015393
0.015393
0.015393
0.015393
0.015393
0.015393
0.015393
0.017112
0.017112
0.023090
0.025855
0.022567
0.011134
0.061027
0.250685
0.121651
0.148552
0.146759
0.260863
0.254885
0.254885
0.121128
0.118363
0.118363
0.000000
0.000000
0.000000
0.000000
0.000000
0.000000
0.000000
0.000000
0.000000
0.000000
0.134504
0.268261
0.384083
0.384083
0.511190
0.997645
1.389059
1.445170
1.730766
1.757585
1.730766
1.660525
1.599102
1.298037
1.182962
0.668858
0.535101
0.400597
0.000000
0.000000
0.000000
0.000000
-0.010738
-0.012457
0.001569
0.006733
0.013600
0.013600
0.013600
0.013600
0.013600
0.013600
0.013600
0.013600
0.013600
0.013600
0.013600
0.015393
0.015393
0.042227
0.054183
0.050970
0.040814
0.086008
0.017396
-0.290102
-0.265443
-0.274388
-0.142425
0.018980
0.018980
-0.115524
-0.127480
-0.127480
0.000000
0.000000
0.000000
0.000000
0.000000
0.000000
0.000000
0.000000
0.000000
0.000000
0.070241
0.204745
0.338501
0.338501
0.464569
0.548186
0.943620
1.053614
1.513169
1.574592
1.513169
1.445170
1.383896
1.157623
1.041800
0.507446
0.372942
0.302701
0.006867
0.006867
0.006867
0.006867
-0.011052
-0.012845
-0.005589
-0.000508
0.004655
0.004655
0.004655
0.004655
0.004655
0.004655
0.004655
0.004655
0.004655
0.004655
0.004655
0.013600
0.013600
0.040418
0.073230
0.079208
0.070831
-0.050745
-0.124491
-0.428186
-0.659973
-0.668948
-0.543388
-0.382058
-0.382058
-0.452299
-0.485111
-0.485111
0.000000
0.000000
0.000000
0.000000
0.000000
0.000000
0.000000
0.000000
0.000000
0.000000
0.067999
0.138240
0.272744
0.272744
0.409863
0.022791
0.320411
0.437952
0.953625
1.014899
0.953625
1.060481
0.945405
1.009526
0.875770
0.445432
0.375191
0.307192
0.012031
0.012031
0.012031
0.012031
-0.008317
-0.017261
-0.007682
-0.009400
-0.004319
-0.004319
-0.004319
-0.004319
-0.004319
-0.004319
-0.004319
-0.004319
-0.004319
-0.004319
-0.004319
0.004655
0.004655
0.066079
0.119731
0.125709
0.126606
0.010260
-0.451462
-0.852755
-1.085753
-1.103993
-1.042726
-0.712370
-0.712370
-0.780369
-0.834021
-0.834021
0.000000
0.000000
0.000000
0.000000
0.000000
0.000000
0.000000
0.000000
0.000000
0.000000
-0.106856
-0.038857
0.031384
0.031384
0.162376
-0.522847
-0.220803
-0.085253
0.326404
0.448346
0.333271
0.443116
0.327293
0.588006
0.453502
0.088100
0.020101
0.126957
0.017112
0.017112
0.017112
0.017112
-0.005694
-0.014668
-0.012180
-0.013973
-0.015692
-0.015692
-0.015692
-0.015692
-0.015692
-0.015692
-0.015692
-0.015692
-0.015692
-0.015692
-0.015692
-0.004319
-0.004319
0.056955
0.145197
0.172030
0.179727
-0.112669
-0.577829
-0.961479
-1.474013
-1.497477
-1.440850
-1.110569
-1.110569
-1.003713
-1.091955
-1.091955
0.000000
0.000000
0.000000
0.000000
0.000000
0.000000
0.000000
0.000000
0.000000
0.000000
-0.109845
-0.216701
-0.148702
-0.148702
-0.089198
-1.069582
-0.952863
-0.809415
-0.380497
-0.259510
-0.368466
-0.073305
-0.207061
0.153633
0.083392
-0.094452
0.012404
0.122249
0.015393
0.015393
0.015393
0.015393
0.000673
-0.010701
-0.016387
-0.025332
-0.027125
-0.027125
-0.027125
-0.027125
-0.027125
-0.027125
-0.027125
-0.027125
-0.027125
-0.027125
-0.027125
-0.015692
-0.015692
0.099383
0.222081
0.248899
0.277526
-0.006352
-0.808241
-1.015280
-1.528554
-1.542087
-1.660376
-1.329347
-1.329347
-1.219502
-1.342199
-1.342199
0.000000
0.000000
0.000000
0.000000
0.000000
0.000000
0.000000
0.000000
0.000000
0.000000
-0.295161
-0.405006
-0.511862
-0.511862
-0.461782
-1.549694
-1.435612
-1.356397
-1.112048
-0.973210
-1.101804
-0.799103
-0.933606
-0.391406
-0.459406
-0.459406
-0.349561
-0.054399
0.013600
0.013600
0.013600
0.013600
0.007099
-0.004334
-0.012494
-0.021468
-0.030413
-0.030413
-0.030413
-0.030413
-0.030413
-0.030413
-0.030413
-0.030413
-0.030413
-0.030413
-0.030413
-0.027125
-0.027125
0.088698
0.265047
0.326471
0.362234
-0.005552
-0.813382
-0.560425
-1.083130
-1.089706
-1.202838
-1.317167
-1.317167
-1.022005
-1.198355
-1.198355
0.000000
0.000000
0.000000
0.000000
0.000000
0.000000
0.000000
0.000000
0.000000
0.000000
-0.295834
-0.590995
-0.700840
-0.700840
-0.828043
-1.952720
-2.013538
-1.934166
-1.757069
-1.624284
-1.753707
-1.347946
-1.411319
-0.941281
-0.834425
-0.656581
-0.361419
-0.065586
0.004655
0.004655
0.004655
0.004655
0.007420
0.004132
-0.013279
-0.024652
-0.033626
-0.033626
-0.033626
-0.033626
-0.033626
-0.033626
-0.033626
-0.033626
-0.033626
-0.033626
-0.033626
-0.030413
-0.030413
0.103344
0.334242
0.395516
0.465914
0.114418
-0.637900
-0.218920
-0.286717
-0.277227
-0.575602
-0.678722
-0.678722
-0.382888
-0.613786
-0.613786
0.000000
0.000000
0.000000
0.000000
0.000000
0.000000
0.000000
0.000000
0.000000
0.000000
-0.400597
-0.696431
-0.991593
-0.991593
-1.124243
-2.176363
-2.244175
-2.339598
-2.339598
-2.271150
-2.343110
-1.939748
-2.002584
-1.317368
-1.200656
-0.835254
-0.539420
-0.138823
-0.004319
-0.004319
-0.004319
-0.004319
0.007637
0.004424
-0.004842
-0.016275
-0.027648
-0.027648
-0.027648
-0.027648
-0.027648
-0.027648
-0.034515
-0.034515
-0.034515
-0.034515
-0.027648
-0.033626
-0.033626
0.100878
0.350457
0.465533
0.531313
0.390218
0.087958
0.521890
0.530267
0.546982
0.257127
0.152363
0.152363
0.552960
0.303381
0.303381
0.000000
0.000000
0.000000
0.000000
0.000000
0.000000
0.006867
0.006867
0.000000
0.000000
-0.398281
-0.798878
-1.094712
-1.094712
-1.404594
-2.148102
-2.280147
-2.386704
-2.563801
-2.504746
-2.567672
-2.345217
-2.233280
-1.678990
-1.378665
-0.948327
-0.547730
-0.149449
-0.015692
-0.015692
-0.015692
-0.015692
0.017119
0.023097
-0.006949
-0.010237
-0.021670
-0.021670
-0.021670
-0.028537
-0.028537
-0.028537
-0.033701
-0.033701
-0.033701
-0.033701
-0.028537
-0.034515
-0.027648
0.042593
0.303986
0.419809
0.541154
0.882943
0.991817
1.311704
1.327187
1.371940
0.977320
1.082084
1.082084
1.480365
1.212104
1.212104
0.000000
0.000000
0.000000
0.000000
0.000000
0.000000
0.005163
0.005163
0.006867
0.006867
-0.217306
-0.615587
-1.016184
-1.016184
-1.318519
-1.486791
-1.628633
-1.920581
-2.164930
-2.280760
-2.177685
-2.396785
-2.288658
-1.600671
-1.299756
-0.765402
-0.367121
-0.142948
-0.027125
-0.027125
-0.027125
-0.027125
0.026527
0.032505
0.011664
0.008451
-0.001704
-0.001704
-0.001704
-0.006867
-0.006867
-0.006867
-0.011948
-0.011948
-0.011948
-0.011948
-0.006867
-0.033701
-0.028537
0.039462
0.239043
0.372800
0.486829
1.063179
1.624956
1.969585
2.061623
2.108789
1.737342
1.840462
1.840462
2.064635
1.859890
1.859890
0.000000
0.000000
0.000000
0.000000
0.000000
0.000000
0.005081
0.005081
0.012031
0.012031
0.236204
0.012031
-0.386250
-0.386250
-0.784083
-0.660720
-0.784763
-1.086575
-1.515493
-1.636711
-1.530759
-1.932821
-1.639453
-1.058471
-0.659592
-0.145488
0.078685
-0.145488
-0.030413
-0.030413
-0.030413
-0.030413
0.057829
0.084663
0.022350
0.028328
0.019951
0.019951
0.019951
0.014870
0.014870
0.014870
0.016589
0.016589
0.016589
0.016589
0.014870
-0.011948
-0.006867
-0.113723
0.019436
0.153940
0.292628
0.925917
1.729855
1.868162
2.399759
2.483988
2.286633
2.400962
2.400962
2.176789
2.038548
2.038548
0.000000
0.000000
0.000000
0.000000
0.000000
0.000000
-0.001719
-0.001719
0.010245
0.017112
0.415393
0.639566
0.415393
0.415393
0.029068
0.269904
0.145563
-0.261012
-0.672669
-0.979263
-0.697193
-1.101684
-0.814795
-0.208182
0.188305
0.527554
0.303381
-0.094900
-0.033626
-0.033626
-0.033626
-0.033626
0.089071
0.109023
0.069419
0.075397
0.076294
0.076294
0.076294
0.078012
0.078012
0.078012
0.079806
0.079806
0.079806
0.079806
0.078012
0.016589
0.014870
-0.094975
-0.132113
-0.061872
0.068448
0.622805
1.431405
1.599685
2.122397
2.198391
2.483988
2.152959
2.152959
1.754678
1.793535
1.793535
0.000000
0.000000
0.000000
0.000000
0.000000
0.000000
-0.001793
-0.001793
0.003363
0.008526
0.415991
0.814272
1.038445
1.038445
0.847083
1.051230
0.980765
0.555651
0.039978
-0.259144
0.023463
-0.285462
0.106161
0.657477
0.872706
0.709807
0.311526
-0.089071
-0.027648
-0.027648
-0.027648
-0.027648
0.141834
0.198094
0.104756
0.131590
0.139286
0.139286
0.139286
0.141080
0.141080
0.141080
0.150024
0.150024
0.150024
0.150024
0.141080
0.079806
0.078012
-0.217149
-0.432056
-0.364057
-0.290850
0.281547
0.966926
0.926508
1.439416
1.560992
2.020547
1.690266
1.690266
1.289668
1.506369
1.506369
0.000000
0.000000
0.000000
0.000000
0.000000
0.006867
-0.002077
-0.002077
0.003355
0.001569
0.302566
0.710031
1.108312
1.108312
1.386137
1.651110
1.568831
1.317839
0.858284
0.454474
0.842839
0.534451
0.921359
1.217948
0.984800
0.647943
0.247345
-0.048489
-0.021670
-0.021670
-0.021670
-0.028537
0.197198
0.253390
0.200710
0.227528
0.256155
0.256155
0.256155
0.265100
0.265100
0.265100
0.274074
0.274074
0.274074
0.274074
0.265100
0.150024
0.141080
-0.154754
-0.550816
-0.657672
-0.607532
-0.281569
0.400896
0.341715
0.566859
0.679917
1.195590
0.865234
0.865234
0.569400
0.974406
0.974406
0.000000
0.000000
0.000000
0.000000
0.000000
0.012031
0.003056
0.003056
-0.005574
-0.012457
0.287786
0.595650
0.996248
0.996248
1.482771
1.596397
1.548738
1.711487
1.425891
1.033588
1.419681
1.297604
1.510344
1.352758
0.943104
0.569325
0.273491
-0.021670
0.005163
0.005163
-0.001704
-0.006867
0.237631
0.354425
0.283736
0.345159
0.380922
0.380922
0.380922
0.389897
0.389897
0.389897
0.401270
0.401270
0.401270
0.401270
0.389897
0.274074
0.265100
-0.135498
-0.717518
-0.827363
-0.949665
-0.693136
-0.308828
-0.485178
-0.283878
-0.162077
0.249579
0.088249
0.088249
-0.206912
0.384083
0.384083
0.000000
0.006867
0.000000
0.000000
0.000000
0.010245
-0.001128
-0.001128
-0.012838
-0.019712
0.088414
0.393820
0.689654
0.696521
1.219816
1.357316
1.295893
1.632900
1.830254
1.612059
1.830837
1.711794
1.484333
1.112041
0.700011
0.431010
0.135849
0.026004
0.025115
0.025115
0.019951
0.014870
0.284849
0.402466
0.391982
0.453256
0.523654
0.523654
0.523654
0.535027
0.535027
0.535027
0.546459
0.546459
0.546459
0.546459
0.535027
0.401270
0.389897
-0.008384
-0.693442
-0.988604
-1.148439
-1.252007
-0.875172
-1.169586
-1.227042
-1.125349
-0.696431
-0.857836
-0.857836
-0.967681
-0.271250
-0.271250
0.000000
0.005163
0.000000
0.000000
0.000000
0.003363
-0.008070
-0.008070
-0.022066
-0.029292
0.075771
0.188978
0.484139
0.489303
0.961486
0.932508
0.898942
1.184464
1.555911
1.806918
1.577290
1.639894
1.238400
0.892433
0.593312
0.304128
0.187416
0.080560
0.081375
0.081375
0.076294
0.078012
0.284550
0.427252
0.481808
0.596883
0.669530
0.669530
0.669530
0.680963
0.680963
0.680963
0.684251
0.684251
0.684251
0.684251
0.680963
0.546459
0.535027
0.310853
-0.476592
-0.772426
-1.125573
-1.409302
-1.508685
-1.806088
-1.900390
-1.883802
-1.639453
-1.633475
-1.633475
-1.740331
-0.941452
-0.941452
0.000000
0.005081
0.000000
0.000000
0.000000
-0.003512
-0.006800
-0.006800
-0.024599
-0.031780
-0.108724
-0.005380
0.104465
0.109546
0.635606
0.610423
0.555957
0.735968
1.130587
1.555687
1.180952
1.245738
0.851118
0.592123
0.293749
0.189882
0.077863
0.145862
0.137568
0.137568
0.139286
0.141080
0.288264
0.431743
0.508873
0.624696
0.751204
0.751204
0.751204
0.754492
0.754492
0.754492
0.757705
0.757705
0.757705
0.757705
0.754492
0.684251
0.680963
0.905136
0.285970
-0.114627
-0.522323
-1.067811
-1.617783
-2.107975
-2.379904
-2.400147
-2.223050
-2.214831
-2.214831
-2.146832
-1.524377
-1.524377
0.000000
-0.001719
0.000000
0.000000
0.000000
-0.010738
-0.013951
-0.013951
-0.023665
-0.026094
-0.105309
-0.184046
-0.077190
-0.078909
0.280515
0.179712
0.133458
0.294862
0.584718
1.046739
0.669747
0.827797
0.537941
0.336708
0.232841
0.122772
0.185690
0.255931
0.254362
0.254362
0.256155
0.265100
0.235217
0.316831
0.569624
0.703381
0.822491
0.822491
0.822491
0.825704
0.825704
0.825704
0.819726
0.819726
0.819726
0.819726
0.825704
0.757705
0.754492
1.152773
1.155986
0.757705
0.235307
-0.495423
-1.304620
-1.680484
-2.007695
-2.237248
-2.237248
-2.107975
-2.107975
-2.037734
-2.037734
-2.037734
0.000000
-0.001793
0.000000
0.000000
0.000000
-0.017919
-0.011941
-0.011941
-0.015475
-0.017934
-0.163811
-0.251971
-0.319970
-0.321763
0.053353
-0.050065
-0.067177
-0.091836
0.206538
0.563646
0.335214
0.492576
0.224248
0.211321
0.110443
0.175154
0.247114
0.381617
0.371978
0.371978
0.380922
0.389897
0.184569
0.264001
0.447375
0.581879
0.718849
0.718849
0.718849
0.712871
0.712871
0.712871
0.706893
0.706893
0.706893
0.706893
0.712871
0.819726
0.825704
1.226302
1.842778
1.618605
1.080589
0.241502
-0.569250
-1.064075
-1.437099
-1.723294
-1.900390
-1.768726
-1.768726
-1.634222
-2.256676
-2.256676
0.000000
-0.008945
0.000000
0.000000
0.000000
-0.020347
-0.014369
-0.014369
-0.008608
-0.000523
-0.145713
-0.300564
-0.370805
-0.379749
-0.243004
-0.349112
-0.358154
-0.321539
-0.208406
0.201831
-0.026079
0.157145
0.074119
0.093413
0.188246
0.247054
0.383351
0.517108
0.514679
0.514679
0.523654
0.535027
0.141453
0.037885
0.404259
0.474500
0.603026
0.603026
0.603026
0.597048
0.597048
0.597048
0.570214
0.570214
0.570214
0.570214
0.597048
0.706893
0.712871
1.008704
1.801605
2.025778
1.640267
0.699495
0.094900
-0.188896
-0.579106
-1.105166
-1.349515
-1.188192
-1.188192
-1.054436
-1.853314
-1.853314
0.000000
-0.008974
0.000000
0.000000
0.000000
-0.022806
0.004028
0.004028
0.000523
0.008743
-0.110368
-0.266930
-0.401434
-0.410409
-0.342410
-0.459144
-0.393200
-0.529198
-0.410909
-0.185242
-0.153178
0.029150
-0.016282
0.179443
0.276503
0.399633
0.542335
0.658157
0.658157
0.658157
0.669530
0.680963
0.093256
-0.013376
0.169624
0.237624
0.301887
0.301887
0.301887
0.275053
0.275053
0.275053
0.248234
0.248234
0.248234
0.248234
0.275053
0.570214
0.597048
0.892209
1.561807
1.960088
2.087201
1.342050
0.741116
0.530386
0.138165
-0.407248
-0.836166
-0.675576
-0.675576
-0.559753
-1.256184
-1.256184
0.000000
-0.011373
0.000000
0.000000
0.000000
-0.014721
0.012098
0.012098
0.029524
0.038789
-0.079499
-0.210043
-0.343799
-0.355172
-0.528533
-0.621296
-0.554791
-0.518176
-0.574802
-0.334190
-0.298404
-0.095221
0.034052
0.176761
0.372688
0.497470
0.622267
0.737343
0.739771
0.739771
0.751204
0.754492
0.061274
-0.239865
0.044909
-0.061947
-0.020781
-0.020781
-0.020781
-0.047599
-0.047599
-0.047599
-0.109023
-0.109023
-0.109023
-0.109023
-0.047599
0.248234
0.275053
0.384898
0.949074
1.349672
1.618530
1.495833
1.289676
1.290423
0.962450
0.293592
-0.118065
0.003736
0.003736
0.118812
-0.472183
-0.472183
0.000000
-0.011433
0.000000
0.000000
0.000000
-0.006501
0.054922
0.054922
0.050439
0.059630
0.004334
-0.117243
-0.233065
-0.244498
-0.594956
-0.696797
-0.522129
-0.546788
-0.608055
-0.541550
-0.278371
-0.074306
0.111011
0.319932
0.514963
0.621841
0.748290
0.809564
0.819203
0.819203
0.822491
0.825704
0.020848
-0.280964
-0.204678
-0.314522
-0.448197
-0.448197
-0.448197
-0.509620
-0.509620
-0.509620
-0.570894
-0.570894
-0.570894
-0.570894
-0.509620
-0.109023
-0.047599
0.059256
0.402839
0.698673
1.144852
1.625412
1.424321
1.785165
1.516158
0.913132
0.397459
0.518512
0.518512
0.579786
0.174780
0.174780
0.000000
-0.003288
0.000000
0.000000
0.000000
0.002765
0.064039
0.064039
0.094220
0.115076
0.059630
0.001121
-0.113955
-0.117243
-0.638072
-0.741707
-0.573502
-0.412097
-0.537657
-0.537657
-0.271638
-0.049639
0.200687
0.235755
0.466654
0.579936
0.652643
0.714066
0.715635
0.715635
0.718849
0.712871
0.084439
-0.342992
-0.441472
-0.736633
-0.907901
-0.907901
-0.907901
-0.969175
-0.969175
-0.969175
-1.084251
-1.084251
-1.084251
-1.084251
-0.969175
-0.570894
-0.509620
-0.577619
-0.422193
-0.127031
0.163572
0.819794
1.016401
1.940219
1.845169
1.482756
1.023201
1.081262
1.081262
1.142685
0.925985
0.925985
0.000000
-0.003213
0.000000
0.000000
0.000000
0.011956
0.127031
0.127031
0.128675
0.149516
0.149531
0.100063
0.038789
0.035576
-0.670494
-0.775714
-0.588978
-0.408967
-0.540930
-0.607435
-0.287614
-0.065003
0.202511
0.218726
0.449624
0.509179
0.573891
0.600709
0.609004
0.609004
0.603026
0.597048
0.570214
0.145115
-0.541079
-0.836913
-1.193348
-1.193348
-1.193348
-1.308424
-1.308424
-1.308424
-1.424247
-1.424247
-1.424247
-1.424247
-1.308424
-1.084251
-0.969175
-1.039416
-1.115635
-1.005790
-0.531290
0.025406
0.224166
1.424613
1.440611
1.703641
1.418045
1.476180
1.476180
1.502999
1.464142
1.464142
0.000000
0.005978
0.000000
0.000000
0.000000
0.032811
0.148634
0.148634
0.203183
0.237773
0.237758
0.243751
0.182327
0.188305
-0.569400
-0.702484
-0.524789
-0.239267
-0.353372
-0.593984
-0.276405
-0.085111
0.165216
-0.009722
0.185309
0.251814
0.281845
0.308679
0.307864
0.307864
0.301887
0.275053
0.870689
0.585092
-0.272744
-0.673341
-1.084251
-1.084251
-1.084251
-1.200074
-1.200074
-1.200074
-1.333830
-1.333830
-1.333830
-1.333830
-1.200074
-1.424247
-1.308424
-1.442928
-1.696991
-1.590135
-1.318213
-0.867700
-0.405604
0.628880
0.832497
1.447479
1.644833
1.660219
1.660219
1.687052
1.825292
1.825292
0.000000
0.005978
0.000000
0.000000
0.000000
0.053652
0.187409
0.187409
0.257717
0.292172
0.347618
0.374436
0.347618
0.353596
-0.506706
-0.635374
-0.529123
-0.192116
-0.312273
-0.537941
-0.395217
-0.205417
-0.020101
-0.249579
-0.053652
-0.021670
-0.000814
0.005163
0.006053
0.006053
-0.020781
-0.047599
0.689855
0.852755
0.112909
-0.285372
-0.801793
-0.801793
-0.801793
-0.935549
-0.935549
-0.935549
-1.070053
-1.070053
-1.070053
-1.070053
-0.935549
-1.333830
-1.200074
-1.333830
-1.672332
-1.740331
-1.367381
-1.029403
-0.568055
-0.260848
0.147297
0.959767
1.331215
1.346675
1.346675
1.352653
1.557398
1.557398
0.000000
0.026834
0.000000
0.000000
0.000000
0.088242
0.222746
0.222746
0.311003
0.364655
0.419951
0.502215
0.475382
0.502215
-0.147058
-0.277601
-0.176043
-0.013293
-0.079731
-0.489968
-0.350233
-0.326546
-0.197272
-0.531283
-0.434223
-0.400523
-0.400523
-0.394545
-0.421378
-0.421378
-0.448197
-0.509620
0.125537
0.408742
0.221259
-0.002914
-0.534952
-0.534952
-0.534952
-0.669456
-0.669456
-0.669456
-0.739697
-0.739697
-0.739697
-0.739697
-0.669456
-1.070053
-0.935549
-1.051372
-1.454136
-1.524377
-1.264337
-1.112347
-0.650849
-0.969168
-0.453330
0.438662
0.840149
0.837152
0.837152
0.843130
1.111391
1.111391
0.000000
0.026819
0.000000
0.000000
0.000000
0.122697
0.192938
0.192938
0.329535
0.384083
0.502372
0.619092
0.613114
0.639932
0.613099
0.481883
0.332292
0.081300
0.013010
-0.344098
-0.507745
-0.486374
-0.531806
-0.896401
-0.801568
-0.795590
-0.816446
-0.819659
-0.846478
-0.846478
-0.907901
-0.969175
-0.493256
-0.208481
-0.239118
-0.014945
-0.373622
-0.373622
-0.373622
-0.443863
-0.443863
-0.443863
-0.511862
-0.511862
-0.511862
-0.511862
-0.443863
-0.739697
-0.669456
-0.784531
-1.104352
-1.238856
-1.152922
-0.995777
-0.980369
-1.660458
-0.954828
0.041846
0.336865
0.340766
0.340766
0.337552
0.587132
0.587132
0.000000
0.061423
0.000000
0.000000
0.000000
0.176350
0.244349
0.244349
0.319820
0.338501
0.457612
0.637175
0.631197
0.692620
1.309096
1.250288
0.654653
0.229538
0.202720
-0.259301
-0.425712
-0.662066
-0.745092
-0.942431
-1.043309
-1.037331
-1.067363
-1.070651
-1.132074
-1.132074
-1.193348
-1.308424
-1.019241
-0.857163
-0.700915
-0.302634
-0.148702
-0.148702
-0.148702
-0.216701
-0.216701
-0.216701
-0.109845
-0.109845
-0.109845
-0.109845
-0.216701
-0.511862
-0.443863
-0.505137
-0.804034
-0.937791
-1.189612
-1.206634
-1.228073
-1.815855
-1.283615
-0.376611
-0.073155
-0.072998
-0.066131
-0.069419
0.161479
0.161479
0.000000
0.061274
0.000000
0.000000
0.000000
0.230898
0.124042
0.124042
0.254063
0.272744
0.417933
0.652120
0.655333
0.716607
1.509507
1.452881
0.891850
0.485275
0.458442
0.033342
-0.447293
-0.686500
-0.954828
-0.724677
-0.828544
-0.831757
-0.896468
-0.907901
-0.969175
-0.969175
-1.084251
-1.200074
-1.117130
-0.956472
-0.837735
-0.437138
-0.106856
-0.106856
-0.106856
0.000000
0.000000
0.000000
0.109845
0.109845
0.109845
0.109845
0.000000
-0.109845
-0.216701
-0.278124
-0.347618
-0.463441
-0.885633
-0.786242
-0.809265
-1.466541
-1.276890
-0.549374
-0.437960
-0.437885
-0.425854
-0.437287
-0.260938
-0.260938
0.000000
0.115076
0.000000
0.000000
0.000000
0.249579
0.139735
0.139735
0.094900
0.031384
0.177261
0.438273
0.441561
0.556637
1.256281
1.372112
1.256961
0.955149
0.949172
0.698165
0.216873
-0.299555
-0.589411
-0.185152
-0.483527
-0.486814
-0.559521
-0.570894
-0.685970
-0.685970
-0.801793
-0.935549
-1.031196
-0.991593
-0.696431
-0.400597
0.106856
0.106856
0.106856
0.216701
0.216701
0.216701
0.511862
0.511862
0.511862
0.511862
0.216701
0.109845
0.000000
-0.026819
-0.039671
-0.154747
-0.376006
-0.339488
-0.197138
-0.677466
-0.664374
-0.741318
-0.624823
-0.632893
-0.615781
-0.627154
-0.504457
-0.504457
0.000000
0.115823
0.000000
0.000000
0.000000
0.268261
-0.026901
-0.026901
-0.082197
-0.148702
-0.069486
0.210147
0.221580
0.337403
0.931686
1.050475
1.267998
0.976050
0.970072
1.188267
0.674911
0.157840
-0.236779
0.160605
-0.138517
-0.149949
-0.276398
-0.285372
-0.401195
-0.401195
-0.534952
-0.669456
-0.877937
-0.839080
-0.552138
-0.256977
0.148702
0.148702
0.148702
0.443863
0.443863
0.443863
0.739697
0.739697
0.739697
0.739697
0.443863
0.511862
0.216701
0.189867
0.396786
0.335512
0.220437
0.373248
0.513865
0.157497
-0.015035
-0.716704
-0.782275
-0.790278
-0.774884
-0.783859
-0.695617
-0.695617
0.000000
0.133757
0.000000
0.000000
0.000000
0.204745
-0.091089
-0.091089
-0.334765
-0.511862
-0.434918
-0.221199
-0.209826
-0.076069
0.340370
0.637324
0.858583
0.752026
0.755239
1.147542
1.081860
0.560732
0.159238
0.451784
0.039753
0.028380
-0.096417
-0.105361
-0.239118
-0.239118
-0.373622
-0.443863
-0.716607
-0.677750
-0.326546
-0.216701
0.373622
0.373622
0.373622
0.669456
0.669456
0.669456
1.070053
1.070053
1.070053
1.070053
0.669456
0.739697
0.443863
0.437885
0.680067
0.618643
0.662805
0.831907
0.948925
0.769444
0.253219
-0.691537
-0.761778
-0.772829
-0.759230
-0.768174
-0.714522
-0.714522
0.000000
0.134504
0.000000
0.000000
0.000000
0.138240
-0.262357
-0.262357
-0.522996
-0.700840
-0.805902
-0.658718
-0.649743
-0.515240
-0.287166
0.010387
0.330132
0.234709
0.237997
0.641808
0.636278
0.562899
0.335438
0.619166
0.209512
0.200538
0.057837
0.056043
-0.078461
-0.078461
-0.148702
-0.216701
-0.378105
-0.338501
0.022417
0.129273
0.534952
0.534952
0.534952
0.935549
0.935549
0.935549
1.333830
1.333830
1.333830
1.333830
0.935549
1.070053
0.669456
0.663478
1.031264
1.004445
1.231458
1.274200
0.945704
0.968122
0.269606
-0.572015
-0.708948
-0.726866
-0.722211
-0.724005
-0.691193
-0.691193
0.000000
0.070241
0.000000
0.000000
0.000000
-0.038857
-0.437138
-0.437138
-0.803287
-0.991593
-1.099719
-1.136782
-1.127838
-1.057597
-1.009766
-0.614249
-0.291440
-0.212068
-0.200635
0.098487
0.097515
0.100280
0.313020
0.411492
0.178345
0.169400
0.033103
0.031384
-0.038857
-0.038857
-0.106856
0.000000
-0.139735
0.020923
0.362339
0.294339
0.801793
0.801793
0.801793
1.200074
1.200074
1.200074
1.424247
1.424247
1.424247
1.424247
1.200074
1.333830
0.935549
0.938762
1.325087
1.298254
1.388753
1.036719
0.691275
0.780945
0.272221
-0.437885
-0.581281
-0.594447
-0.598766
-0.600485
-0.588529
-0.588529
0.000000
0.067999
0.000000
0.000000
0.000000
-0.216701
-0.440874
-0.440874
-0.908723
-1.094712
-1.394955
-1.609937
-1.608143
-1.540144
-1.669440
-1.276322
-1.028237
-0.949022
-0.937649
-0.631055
-0.570827
-0.563347
-0.176439
-0.078558
0.136671
0.134878
0.062918
0.067999
0.000000
0.000000
0.106856
0.216701
0.280964
0.443041
0.824210
0.753969
1.084251
1.084251
1.084251
1.308424
1.308424
1.308424
1.084251
1.084251
1.084251
1.084251
1.308424
1.424247
1.200074
1.203361
1.424770
1.418792
1.235784
0.742394
0.403586
0.610573
0.202802
-0.320493
-0.437885
-0.451036
-0.466728
-0.461647
-0.458882
-0.458882
0.000000
-0.106856
0.000000
0.000000
0.000000
-0.405006
-0.180833
-0.180833
-0.917615
-1.023052
-1.324049
-1.734136
-1.732418
-1.839273
-2.042225
-1.824919
-1.579823
-1.436374
-1.427400
-1.306182
-0.798221
-0.719693
-0.328070
-0.405014
-0.008526
-0.010245
-0.073163
-0.067999
0.038857
0.038857
0.148702
0.443863
0.563347
0.848122
1.173920
1.039416
1.193348
1.193348
1.193348
0.969175
0.969175
0.969175
0.570894
0.570894
0.570894
0.570894
0.969175
1.084251
1.308424
1.319857
1.102185
1.096207
0.762189
0.307939
0.128309
0.316465
0.084140
-0.187857
-0.311227
-0.309434
-0.336559
-0.331395
-0.337896
-0.337896
0.000000
-0.109845
0.000000
0.000000
0.000000
-0.590995
-0.192714
-0.192714
-0.295834
-0.398281
-0.805746
-1.401904
-1.406985
-1.516830
-1.783372
-2.007545
-2.047896
-1.912346
-1.903402
-1.787572
-1.288420
-0.769086
-0.482196
-0.554231
-0.155352
-0.150271
-0.038251
-0.031384
0.078461
0.078461
0.373622
0.669456
0.947356
1.230561
1.400335
1.266578
0.907901
0.907901
0.907901
0.509620
0.509620
0.509620
0.109023
0.109023
0.109023
0.109023
0.509620
0.570894
0.969175
0.980548
0.596988
0.600201
0.328130
-0.000516
-0.173293
0.030786
-0.015685
-0.109987
-0.170446
-0.168496
-0.198909
-0.192042
-0.206762
-0.206762
0.000000
-0.295161
0.000000
0.000000
0.000000
-0.696431
-0.295834
-0.295834
0.221857
0.398281
-0.000000
-0.703298
-0.708462
-1.003623
-1.258284
-1.656565
-1.702894
-1.585352
-1.583559
-1.642614
-1.144105
-0.635979
-0.342611
-0.478834
-0.177919
-0.172755
-0.056043
-0.056043
0.239118
0.239118
0.534952
0.935549
1.245588
1.408487
1.096057
0.980234
0.448197
0.448197
0.448197
0.047599
0.047599
0.047599
-0.248234
-0.248234
-0.248234
-0.248234
0.047599
0.109023
0.509620
0.518595
0.140803
0.144091
-0.014773
-0.321890
-0.324887
-0.175371
-0.147723
-0.009468
-0.071780
-0.058935
-0.092561
-0.092561
-0.115367
-0.115367
0.000000
-0.295834
0.000000
0.000000
0.000000
-0.798878
-0.503045
-0.503045
0.400597
1.023052
0.798878
0.000000
-0.006867
-0.302701
-0.538763
-0.939360
-1.253203
-1.143208
-1.141490
-1.209937
-0.983896
-0.476443
-0.368316
-0.496992
-0.196667
-0.189800
0.105361
0.105361
0.401195
0.401195
0.801793
1.200074
1.370595
1.084998
0.652277
0.537201
0.020781
0.020781
0.020781
-0.275053
-0.275053
-0.275053
-0.570214
-0.570214
-0.570214
-0.570214
-0.275053
-0.248234
0.047599
0.056544
-0.218942
-0.207510
-0.383560
-0.496170
-0.496895
-0.380175
-0.178419
0.026310
0.026325
0.032303
0.004655
0.004655
-0.015692
-0.015692
0.000000
-0.400597
0.000000
0.000000
0.000000
-0.622454
-0.327293
-0.327293
0.472258
1.094712
1.318885
0.696431
0.696431
0.295834
0.112617
-0.183217
-0.497732
-0.441621
-0.446702
-0.579488
-0.356286
-0.128451
-0.016514
-0.127173
-0.010461
-0.010461
0.285372
0.285372
0.685970
0.685970
1.084251
1.308424
1.051439
0.626340
0.170297
0.109023
-0.301887
-0.301887
-0.301887
-0.597048
-0.597048
-0.597048
-0.706893
-0.706893
-0.706893
-0.706893
-0.597048
-0.570214
-0.275053
-0.273260
-0.550502
-0.539129
-0.522465
-0.622820
-0.495340
-0.413076
-0.227013
0.096693
0.096678
0.123512
0.101842
0.101842
0.083923
0.083923
0.000000
-0.398281
0.000000
0.000000
0.000000
-0.000000
0.109845
0.109845
0.815168
0.991593
1.389874
1.389874
1.389874
0.991593
0.868895
0.573734
0.118588
0.173144
0.167980
0.029143
0.009565
0.234485
0.171649
0.063441
0.170297
0.170297
0.570894
0.570894
0.969175
0.969175
1.193348
0.969175
0.558938
0.131507
-0.185167
-0.246590
-0.603026
-0.603026
-0.603026
-0.712871
-0.712871
-0.712871
-0.819726
-0.819726
-0.819726
-0.819726
-0.712871
-0.706893
-0.597048
-0.595329
-0.694436
-0.685462
-0.719671
-0.636951
-0.507005
-0.450140
-0.200560
0.104315
0.159761
0.186579
0.191743
0.191743
0.181005
0.181005
0.000000
-0.224173
0.000000
0.000000
0.000000
0.622454
0.729310
0.729310
0.803287
0.700840
1.101437
1.723892
1.723892
1.499718
1.411476
1.301631
0.849698
0.876517
0.869650
0.748664
0.726926
0.702267
0.638893
0.577619
0.509620
0.509620
0.907901
0.907901
1.132074
1.132074
0.907901
0.509620
0.106258
-0.195554
-0.520762
-0.547580
-0.718849
-0.718849
-0.718849
-0.825704
-0.825704
-0.825704
-0.757705
-0.757705
-0.757705
-0.757705
-0.825704
-0.819726
-0.712871
-0.717952
-0.821296
-0.812351
-0.673954
-0.580907
-0.414504
-0.378404
-0.183374
0.165813
0.221109
0.282533
0.314515
0.314515
0.311003
0.311003
0.000000
0.224173
0.000000
0.000000
0.000000
0.798878
0.730879
0.730879
0.617298
0.511862
0.807696
1.606574
1.606574
1.830747
1.777095
1.670239
1.411611
1.438444
1.438444
1.316502
1.139547
1.112646
0.978142
0.916719
0.846478
0.846478
1.070651
1.070651
0.846478
0.846478
0.448197
0.047599
-0.241733
-0.542873
-0.661983
-0.688817
-0.822491
-0.822491
-0.822491
-0.754492
-0.754492
-0.754492
-0.684251
-0.684251
-0.684251
-0.684251
-0.754492
-0.757705
-0.825704
-0.830868
-0.766231
-0.764438
-0.658434
-0.503583
-0.337829
-0.314440
-0.137194
0.158266
0.276555
0.337829
0.431234
0.431234
0.434597
0.434597
0.000000
0.398281
0.000000
0.000000
0.000000
0.696431
0.626190
0.626190
0.334691
0.148702
0.443863
1.140294
1.140294
1.538575
1.505764
1.573763
1.763346
1.769324
1.769324
1.708050
1.522733
1.338911
1.205155
1.178336
1.043832
1.043832
0.819659
0.819659
0.421378
0.421378
0.020781
-0.275053
-0.555494
-0.662125
-0.786392
-0.792370
-0.751204
-0.751204
-0.751204
-0.680963
-0.680963
-0.680963
-0.546459
-0.546459
-0.546459
-0.546459
-0.680963
-0.684251
-0.754492
-0.761359
-0.701363
-0.699644
-0.536514
-0.384838
-0.256170
-0.242032
-0.100138
0.167749
0.286859
0.401935
0.556614
0.556614
0.566859
0.566859
0.000000
0.400597
0.000000
0.000000
0.000000
0.590995
0.456491
0.456491
0.156921
-0.031384
0.078461
0.669456
0.669456
1.070053
1.058097
1.128338
1.505779
1.511756
1.511756
1.450333
1.254555
1.069239
0.953416
0.926582
0.792826
0.792826
0.394545
0.394545
-0.006053
-0.006053
-0.301887
-0.597048
-0.684087
-0.787655
-0.727815
-0.733793
-0.669530
-0.669530
-0.669530
-0.535027
-0.535027
-0.535027
-0.401270
-0.401270
-0.401270
-0.401270
-0.535027
-0.546459
-0.680963
-0.680963
-0.558490
-0.563571
-0.422118
-0.295557
-0.174504
-0.172030
-0.083923
0.150196
0.295385
0.411208
0.680963
0.680963
0.692994
0.692994
0.000000
0.295834
0.000000
0.000000
0.000000
0.405006
0.271250
0.271250
-0.094900
-0.272744
-0.165888
0.239118
0.239118
0.534952
0.532187
0.666691
1.046433
1.043220
1.043220
1.016401
0.821221
0.625443
0.510368
0.504390
0.388567
0.388567
-0.012031
-0.012031
-0.307864
-0.307864
-0.603026
-0.712871
-0.799379
-0.719947
-0.655393
-0.652179
-0.523654
-0.523654
-0.523654
-0.389897
-0.389897
-0.389897
-0.274074
-0.274074
-0.274074
-0.274074
-0.389897
-0.401270
-0.535027
-0.535027
-0.408137
-0.413301
-0.296581
-0.177993
-0.119933
-0.125709
-0.058307
0.074560
0.220437
0.354194
0.739771
0.739771
0.746639
0.746639
0.000000
0.295161
0.000000
0.000000
0.000000
0.216701
0.100878
0.100878
-0.161405
-0.338501
-0.406501
-0.189800
-0.189800
0.105361
0.111862
0.245619
0.532262
0.528974
0.528974
0.502140
0.359499
0.164319
0.103045
0.097067
-0.018009
-0.018009
-0.313842
-0.313842
-0.609004
-0.609004
-0.718849
-0.825704
-0.739786
-0.658172
-0.521180
-0.517892
-0.380922
-0.380922
-0.380922
-0.265100
-0.265100
-0.265100
-0.150024
-0.150024
-0.150024
-0.150024
-0.265100
-0.274074
-0.389897
-0.389897
-0.274074
-0.280941
-0.174242
-0.116331
-0.058195
-0.079208
-0.046411
0.063344
0.142559
0.277063
0.796398
0.796398
0.796398
0.796398
0.000000
0.109845
0.000000
0.000000
0.000000
0.038857
-0.076219
-0.076219
-0.317579
-0.384083
-0.454324
-0.415468
-0.415468
-0.305623
-0.290902
-0.175079
0.110816
0.099383
0.099383
0.093405
-0.048504
-0.191145
-0.252568
-0.249355
-0.310629
-0.310629
-0.605791
-0.605791
-0.715635
-0.715635
-0.822491
-0.754492
-0.673513
-0.530035
-0.386699
-0.375266
-0.256155
-0.256155
-0.256155
-0.141080
-0.141080
-0.141080
-0.079806
-0.079806
-0.079806
-0.079806
-0.141080
-0.150024
-0.265100
-0.265100
-0.150024
-0.150024
-0.098905
-0.047726
-0.032341
-0.050970
-0.027349
-0.120456
-0.043512
0.026729
0.680567
0.680567
0.680567
0.680567
0.000000
0.106856
0.000000
0.000000
0.000000
-0.138240
-0.199514
-0.199514
-0.301139
-0.364655
-0.499159
-0.637399
-0.637399
-0.530543
-0.507737
-0.392662
-0.291037
-0.302410
-0.302410
-0.308388
-0.375639
-0.517549
-0.544367
-0.541079
-0.602503
-0.602503
-0.712348
-0.712348
-0.819203
-0.819203
-0.751204
-0.680963
-0.542947
-0.400246
-0.277168
-0.265795
-0.139286
-0.139286
-0.139286
-0.078012
-0.078012
-0.078012
-0.016589
-0.016589
-0.016589
-0.016589
-0.078012
-0.079806
-0.141080
-0.141080
-0.079806
-0.079806
-0.029815
-0.015027
0.000433
-0.022567
-0.019877
-0.125238
-0.230301
-0.162301
0.561778
0.561778
0.561778
0.561778
0.000000
-0.067999
0.000000
0.000000
0.000000
-0.204745
-0.266168
-0.266168
-0.310853
-0.292172
-0.425929
-0.630674
-0.630674
-0.698673
-0.678326
-0.617052
-0.518281
-0.527255
-0.527255
-0.524042
-0.591443
-0.658695
-0.685529
-0.674096
-0.700915
-0.700915
-0.807771
-0.807771
-0.739771
-0.739771
-0.669530
-0.535027
-0.404633
-0.287016
-0.157915
-0.148941
-0.076294
-0.076294
-0.076294
-0.014870
-0.014870
-0.014870
0.011948
0.011948
0.011948
0.011948
-0.014870
-0.016589
-0.078012
-0.078012
-0.016589
-0.016589
-0.001143
0.018823
0.015827
-0.000075
-0.005530
-0.312273
-0.420399
-0.527255
0.264823
0.264823
0.264823
0.264823
0.000000
-0.070241
0.000000
0.000000
0.000000
-0.268261
-0.295079
-0.295079
-0.256454
-0.237773
-0.353596
-0.621856
-0.621856
-0.692097
-0.674178
-0.612755
-0.678296
-0.687240
-0.687240
-0.683952
-0.707558
-0.774959
-0.780937
-0.769564
-0.796398
-0.796398
-0.728398
-0.728398
-0.658157
-0.658157
-0.523654
-0.389897
-0.284319
-0.167525
-0.099294
-0.090349
-0.019951
-0.019951
-0.019951
0.006867
0.006867
0.006867
0.033701
0.033701
0.033701
0.033701
0.006867
0.011948
-0.014870
-0.014870
0.011948
0.011948
0.029808
0.035786
0.032819
0.022440
0.007854
-0.307864
-0.608107
-0.717952
-0.032729
-0.032729
-0.032729
-0.032729
0.000000
-0.134504
0.000000
0.000000
0.000000
-0.249579
-0.276413
-0.276413
-0.204065
-0.149516
-0.264592
-0.514171
-0.514171
-0.648675
-0.637937
-0.611118
-0.678931
-0.680724
-0.680724
-0.669291
-0.692837
-0.716442
-0.722420
-0.713446
-0.719424
-0.719424
-0.649183
-0.649183
-0.514679
-0.514679
-0.380922
-0.265100
-0.162055
-0.105862
-0.035853
-0.034059
0.001704
0.001704
0.001704
0.028537
0.028537
0.028537
0.034515
0.034515
0.034515
0.034515
0.028537
0.033701
0.006867
0.006867
0.033701
0.033701
0.030734
0.036712
0.031706
0.035068
0.022806
-0.407465
-0.708462
-1.003623
-0.428245
-0.428245
-0.428245
-0.428245
0.000000
-0.133757
0.000000
0.000000
0.000000
-0.230898
-0.236876
-0.236876
-0.168728
-0.115076
-0.176350
-0.407248
-0.407248
-0.541005
-0.537492
-0.510659
-0.637982
-0.639700
-0.639700
-0.628327
-0.622873
-0.646418
-0.643205
-0.634261
-0.640239
-0.640239
-0.505735
-0.505735
-0.371978
-0.371978
-0.256155
-0.141080
-0.086673
-0.030413
-0.008676
-0.006957
0.021670
0.021670
0.021670
0.027648
0.027648
0.027648
0.033626
0.033626
0.033626
0.033626
0.027648
0.034515
0.028537
0.028537
0.034515
0.034515
0.038700
0.035487
0.030480
0.040725
0.020347
-0.398281
-0.805746
-1.101579
-0.821363
-0.821363
-0.821363
-0.821363
0.000000
-0.115823
0.000000
0.000000
0.000000
-0.176350
-0.182327
-0.182327
-0.094085
-0.059630
-0.121053
-0.297403
-0.297403
-0.413226
-0.416588
-0.410610
-0.537141
-0.532060
-0.532060
-0.523086
-0.517691
-0.512236
-0.508948
-0.507154
-0.503941
-0.503941
-0.370185
-0.370185
-0.254362
-0.254362
-0.139286
-0.078012
-0.016589
0.003363
0.025033
0.019951
0.027648
0.027648
0.027648
0.033626
0.033626
0.033626
0.030413
0.030413
0.030413
0.030413
0.033626
0.033626
0.027648
0.027648
0.033626
0.033626
0.028694
0.025406
0.019055
0.031085
0.017919
-0.224173
-0.622454
-1.023052
-1.038669
-1.038669
-1.038669
-1.038669
0.000000
-0.115076
0.000000
0.000000
0.000000
-0.122697
-0.119484
-0.119484
-0.073379
-0.038789
-0.065608
-0.188305
-0.188305
-0.303381
-0.313626
-0.307648
-0.416596
-0.411432
-0.411432
-0.402488
-0.390300
-0.384905
-0.373472
-0.371754
-0.368466
-0.368466
-0.252643
-0.252643
-0.137568
-0.137568
-0.076294
-0.014870
0.011948
0.038782
0.037893
0.032729
0.033626
0.033626
0.033626
0.030413
0.030413
0.030413
0.027125
0.027125
0.027125
0.027125
0.030413
0.030413
0.033626
0.033626
0.030413
0.030413
0.032206
0.020773
0.014564
0.021431
0.010738
0.224173
-0.000000
-0.398281
-0.814496
-0.814496
-0.814496
-0.814496
0.000000
-0.061274
0.000000
0.000000
0.000000
-0.088242
-0.084954
-0.084954
-0.029583
-0.008743
-0.035576
-0.123818
-0.123818
-0.185092
-0.197123
-0.200336
-0.308530
-0.301662
-0.301662
-0.299869
-0.287637
-0.275449
-0.264076
-0.269157
-0.257724
-0.257724
-0.142649
-0.142649
-0.081375
-0.081375
-0.019951
0.006867
0.033701
0.039679
0.045657
0.038789
0.030413
0.030413
0.030413
0.027125
0.027125
0.027125
0.015692
0.015692
0.015692
0.015692
0.027125
0.027125
0.030413
0.030413
0.027125
0.027125
0.020856
0.009483
0.007375
0.007375
0.003512
0.398281
0.622454
0.398281
-0.416215
-0.416215
-0.416215
-0.416215
0.000000
-0.061423
0.000000
0.000000
0.000000
-0.053652
-0.042219
-0.042219
-0.020333
0.000523
-0.005455
-0.059107
-0.059107
-0.120530
-0.127398
-0.130685
-0.190174
-0.190174
-0.190174
-0.188455
-0.175229
-0.162996
-0.154022
-0.159185
-0.147812
-0.147812
-0.086538
-0.086538
-0.025115
-0.025115
0.001704
0.028537
0.034515
0.040493
0.037280
0.037280
0.027125
0.027125
0.027125
0.015692
0.015692
0.015692
0.004319
0.004319
0.004319
0.004319
0.015692
0.015692
0.027125
0.027125
0.015692
0.015692
0.011186
0.002212
-0.006733
-0.006733
-0.003363
0.400597
0.798878
1.023052
-0.015617
-0.015617
-0.015617
-0.015617
0.000000
-0.026819
0.000000
0.000000
0.000000
-0.032811
-0.021438
-0.021438
0.008743
0.017934
0.011956
-0.020856
-0.020856
-0.047674
-0.047674
-0.059107
-0.125694
-0.125694
-0.125694
-0.130775
-0.117683
-0.104457
-0.095513
-0.102380
-0.093405
-0.093405
-0.031982
-0.031982
-0.005163
-0.005163
0.021670
0.027648
0.033626
0.030413
0.027125
0.027125
0.015692
0.015692
0.015692
0.004319
0.004319
0.004319
-0.004655
-0.004655
-0.004655
-0.004655
0.004319
0.004319
0.015692
0.015692
0.004319
0.004319
-0.004655
-0.013600
-0.015393
-0.015393
-0.010245
0.295834
0.696431
1.094712
0.280216
0.280216
0.280216
0.280216
