/Real_seismic_DSS0
1
Seis
366.482574
379.450623
340.814178
396.760498
440.315216
504.638672
541.748779
573.645203
477.022858
483.362793
577.164917
489.202972
531.724243
549.679626
823.700073
934.266418
1162.179688
1185.054321
1389.010620
1275.240845
1067.763672
1233.254028
988.849915
414.324554
577.405457
432.418854
572.224792
550.425720
363.690155
246.278091
226.654785
33.321697
65.161865
98.943558
-23.671684
-53.321602
-150.378189
-143.427856
-222.932251
-194.025604
-258.095917
-379.522156
-410.583984
-485.497162
-487.284546
-407.424805
-342.438812
-218.858047
-202.208496
-156.161392
-148.534195
-126.329697
81.909828
100.106071
137.361877
236.214645
273.804840
457.955597
670.917908
723.514343
682.317993
644.070496
567.980103
552.448059
463.596893
481.666321
469.908234
531.144470
603.333496
656.908325
683.620850
704.938660
619.207092
618.075745
748.988525
682.169189
732.851746
756.926025
1044.843262
1187.403687
1437.839600
1495.604370
1720.683105
1623.127808
1502.505859
1589.317871
1418.361206
759.050415
893.154907
729.071777
832.476746
785.988586
541.632019
380.848328
322.596252
83.921066
64.210220
67.853874
-56.839561
-74.350029
-166.055145
-173.620270
-234.436600
-217.265610
-248.686127
-399.669922
-473.100464
-546.653381
-557.640442
-497.066132
-484.424408
-373.550079
-397.874573
-375.274078
-383.733856
-396.240112
-206.716766
-210.241959
-116.096596
-61.248325
-90.790611
89.504448
309.651367
374.254303
385.800781
398.224762
290.194275
277.901855
491.004028
518.602722
542.617737
594.965271
688.378723
721.367065
737.568787
753.762329
691.343689
687.198669
837.301819
810.061768
858.520264
887.164978
1148.167358
1281.131714
1530.602417
1619.832886
1849.966919
1812.579712
1800.289307
1819.870605
1727.558105
1075.778931
1129.931763
945.476379
983.354553
914.468201
637.935852
470.662415
386.143921
134.280518
70.125687
41.165394
-86.212532
-80.323822
-150.341064
-172.890854
-203.523193
-210.673019
-204.882095
-363.693298
-465.813232
-530.467896
-561.613403
-533.248779
-583.925537
-490.394867
-557.021667
-563.080994
-606.731628
-655.383911
-520.635193
-551.008850
-421.241486
-414.906311
-521.907532
-406.918427
-222.312881
-161.162399
-89.561691
-1.746008
-128.941208
-143.833588
447.910156
480.852539
542.453125
576.447205
684.237976
689.002258
701.294922
708.329651
661.275696
652.815552
803.186768
810.406250
853.779724
885.330444
1079.027832
1164.641724
1377.643799
1491.379639
1749.488281
1769.934692
1850.079102
1829.336792
1807.958252
1230.960449
1198.706787
1021.555298
989.140259
905.375549
634.833313
489.794189
396.013580
164.078674
73.566185
24.201242
-99.884674
-69.793854
-101.068222
-132.166733
-134.833694
-170.221359
-135.962296
-270.130280
-379.983887
-427.986969
-479.957306
-489.347260
-596.855591
-526.161255
-625.298279
-668.154175
-744.434204
-828.382507
-785.009094
-851.081360
-722.371521
-770.133057
-957.557861
-965.708435
-848.311890
-800.627319
-678.177246
-528.253174
-654.183838
-677.063721
341.284454
376.653656
459.993500
487.371796
599.952332
574.427307
588.895386
583.086060
545.983521
520.224792
637.482422
659.415039
697.564941
728.622620
814.172363
844.207703
985.421387
1102.714233
1359.246094
1440.859619
1584.363525
1524.191895
1593.869873
1144.842773
1063.624512
940.399841
859.323486
783.953308
557.519043
454.686615
355.255310
172.582138
78.799889
13.439311
-91.738731
-34.312149
-32.981686
-68.402077
-45.597565
-110.688606
-52.511337
-142.066666
-231.221481
-256.559662
-316.844360
-358.907959
-512.254028
-471.894226
-585.619141
-667.920349
-764.222412
-878.738586
-945.416504
-1060.593628
-971.558472
-1097.707642
-1367.744385
-1513.796387
-1478.898804
-1454.064941
-1292.668579
-1086.253174
-1220.458984
-1247.015869
188.862671
227.270782
319.690765
344.276367
444.564941
403.510071
414.173615
401.532410
366.087006
326.518738
364.930511
380.627319
410.796783
433.163818
392.675171
357.993866
416.254364
511.972778
720.324646
867.470398
1036.104492
957.008362
1106.762329
842.937439
735.264954
681.113953
590.920288
547.098389
398.839203
356.586334
278.212891
164.386230
97.947189
23.887447
-62.403484
13.030202
43.073765
0.619548
31.547556
-57.436573
48.566784
23.650568
-30.255358
-32.088490
-98.800217
-168.826370
-343.549561
-338.189056
-454.454803
-561.415955
-677.641663
-796.391052
-948.446472
-1110.008545
-1096.397949
-1306.600098
-1639.273926
-1932.180420
-2001.795776
-1997.663574
-1811.439697
-1559.949707
-1725.918823
-1743.454224
28.242798
55.693073
144.063599
164.596008
235.998993
195.893250
205.493393
175.117386
132.616409
88.693756
30.543097
16.299770
33.027882
37.131592
-142.080612
-236.692184
-243.181900
-188.684708
-53.421421
141.676895
307.015442
230.124008
440.231171
389.738739
275.309204
289.304352
212.432480
222.099167
176.683685
208.158325
169.221359
131.893158
104.106232
24.959421
-27.327137
55.148933
101.069527
52.960911
82.322464
-18.418688
120.311371
174.770462
162.647034
190.232040
117.774452
47.989262
-115.022270
-141.069534
-252.348633
-371.242889
-475.876160
-566.453918
-762.894897
-944.338623
-1027.940430
-1308.843994
-1662.568115
-2088.721436
-2273.819580
-2281.204590
-2098.742188
-1828.167480
-2032.713867
-2055.860596
-123.140091
-111.245506
-36.140888
-25.356064
10.637032
-26.079145
-21.110720
-69.861938
-105.825272
-162.495285
-314.222504
-374.880402
-383.184540
-402.724701
-703.343445
-841.772217
-892.076660
-903.429993
-845.466064
-637.781616
-492.968079
-546.446594
-296.103088
-159.251266
-244.229950
-173.742020
-225.838348
-155.033783
-90.616722
4.066696
5.060340
48.811005
61.103279
-10.105798
-12.028135
57.260994
113.377495
67.072540
93.975075
-9.096157
136.602036
249.189987
291.855042
357.069550
295.858887
246.453445
120.220673
66.857948
-5.860473
-109.549553
-171.473358
-208.088730
-408.407684
-588.871704
-769.186462
-1079.150146
-1397.264160
-1905.034546
-2184.521484
-2192.645996
-2036.770020
-1789.544312
-2041.946777
-2099.153809
-231.978561
-238.901855
-181.461441
-186.840591
-182.201431
-221.538574
-235.472855
-294.345215
-312.126770
-369.932037
-593.444702
-711.475769
-772.221069
-811.413696
-1190.808105
-1359.058228
-1429.829102
-1523.710327
-1540.987183
-1365.919678
-1266.433105
-1278.550781
-1023.906250
-728.612427
-766.719666
-648.679138
-663.214600
-542.834290
-364.655609
-221.690018
-189.233032
-74.894508
-15.914889
-76.119263
-41.007000
14.048006
59.157825
24.203236
43.691021
-48.043327
83.531517
240.630066
341.354980
440.782898
419.639099
392.026031
311.774658
237.760788
231.910873
165.585220
167.009888
198.362427
47.919060
-103.404221
-360.900635
-645.353333
-841.484741
-1355.953003
-1696.736938
-1676.639160
-1567.698608
-1382.176392
-1692.861938
-1793.880493
-267.173431
-295.001556
-276.698395
-298.152191
-322.241669
-363.102417
-399.955017
-461.893616
-469.612885
-512.794617
-770.153564
-942.715210
-1063.235352
-1119.442993
-1533.178833
-1711.167969
-1771.949219
-1944.489258
-2040.628906
-1934.716553
-1893.724243
-1864.491577
-1634.424194
-1233.125366
-1215.479980
-1060.034302
-1031.461792
-884.012878
-608.672607
-443.492035
-388.181183
-219.703430
-116.843193
-168.041916
-91.077515
-57.789768
-45.518463
-60.464211
-54.373322
-135.927505
-31.284706
161.707657
300.506714
435.606567
468.621216
456.461761
436.685791
347.898987
407.457550
387.225891
467.282227
564.738586
479.965393
393.299957
128.655304
-85.609001
-79.055458
-510.548035
-881.613525
-788.711182
-738.929871
-626.917603
-967.200745
-1093.059570
-227.163055
-263.058319
-295.070251
-332.720612
-381.103607
-414.809692
-473.473450
-536.425293
-539.839722
-579.382202
-828.009277
-1045.190796
-1205.856812
-1273.739746
-1665.817261
-1837.942871
-1873.328369
-2111.159668
-2271.573486
-2253.823242
-2259.637451
-2195.721436
-2009.777100
-1577.332031
-1491.208252
-1320.044922
-1255.535767
-1106.093506
-788.078857
-637.144226
-557.344604
-362.524048
-236.043076
-261.793579
-152.416763
-160.011627
-179.684937
-160.125931
-182.425430
-241.592468
-181.642807
30.679077
184.392776
340.304810
418.364258
425.812561
466.082977
391.574463
498.789764
536.608765
669.382751
815.386536
798.137878
821.668518
649.224731
561.679626
753.966064
478.300110
138.055954
300.129761
295.181580
321.605591
30.374121
-103.443047
-124.674614
-159.678726
-222.559402
-284.277496
-347.327209
-371.553589
-449.299255
-514.331543
-508.632629
-546.698669
-760.796448
-995.972839
-1169.901611
-1243.634521
-1560.586914
-1674.504761
-1683.993042
-1956.929565
-2152.508057
-2246.602783
-2280.092529
-2210.897217
-2081.166504
-1673.476562
-1537.694946
-1370.353027
-1278.160645
-1160.973633
-863.198608
-743.680237
-652.368469
-450.628967
-323.608673
-312.472198
-205.224228
-253.678909
-302.213135
-255.666183
-301.420563
-330.158905
-319.719238
-122.348145
18.887005
184.210251
289.616852
321.326447
400.888916
342.012848
470.190094
566.404236
723.388855
881.613525
951.425964
1099.539673
1072.538696
1171.141846
1478.997925
1393.919067
1175.401733
1369.169678
1323.487915
1282.161987
1110.030396
1002.803406
11.459842
-22.303127
-92.475731
-174.344482
-236.468536
-254.573898
-341.051575
-402.554291
-379.843292
-409.886292
-538.713989
-758.388611
-915.952881
-993.618225
-1199.792358
-1228.892334
-1199.764648
-1477.088257
-1679.990112
-1897.066406
-1946.442139
-1895.034058
-1811.268311
-1476.748169
-1315.760010
-1173.354980
-1065.276001
-1020.588074
-791.470703
-731.910522
-631.696960
-447.905273
-340.263916
-285.403107
-197.158310
-272.216888
-349.214630
-299.370178
-359.252686
-356.930084
-396.828644
-239.999527
-147.931885
-4.387202
111.375130
150.193542
248.909592
191.057129
307.636230
436.251068
593.439941
734.700684
884.012390
1120.528687
1258.752075
1535.774536
1913.027222
2044.076050
1994.613892
2170.475830
2115.339111
1992.735718
2003.772949
1974.016235
142.753250
115.019165
48.567974
-43.142357
-89.180557
-85.993469
-171.360596
-220.849701
-177.548019
-198.358841
-167.867065
-333.832703
-462.181915
-545.602539
-614.812012
-580.799561
-531.007812
-763.463074
-959.209534
-1283.415405
-1294.739746
-1273.881348
-1236.622314
-1005.174988
-837.289856
-746.770325
-660.767639
-702.031921
-579.412170
-600.869202
-503.643158
-364.456482
-275.694977
-183.410355
-111.281593
-206.719315
-291.662720
-269.500031
-331.459595
-292.215118
-385.528961
-293.935425
-262.947021
-184.063736
-81.708038
-46.133423
40.260624
-22.528206
49.258484
189.688126
292.952576
379.982544
567.260193
830.014587
1132.588623
1515.816895
1933.437134
2269.664062
2412.711426
2499.093506
2458.412109
2259.985596
2489.080078
2552.025635
237.642822
225.921906
172.838455
82.646423
64.029793
86.561157
17.362698
-16.706060
58.014740
54.745705
219.179749
174.485275
99.054382
17.388079
84.836227
166.932068
196.412338
47.264545
-116.888832
-507.532684
-446.802948
-466.848267
-486.438507
-377.355804
-215.751755
-199.541931
-183.438416
-278.166901
-268.822906
-367.221527
-292.095154
-213.259720
-138.355301
-7.070278
45.770115
-62.381062
-152.663284
-167.799942
-216.419601
-132.053101
-268.337006
-263.653381
-309.608856
-318.755432
-255.044083
-228.773834
-171.407623
-241.936569
-247.279831
-116.440056
-102.146690
-121.706200
36.945175
258.307190
677.721375
1089.184082
1491.935669
1953.245972
2294.951660
2263.727783
2267.352783
2056.035156
2523.646240
2683.563721
278.263550
282.934296
247.901520
188.669632
194.946472
216.382828
191.688202
175.142471
275.430298
295.449799
532.377563
632.728699
658.939697
605.158325
782.724487
895.415894
894.755920
832.376709
743.035706
332.879822
444.460114
374.693604
306.898041
266.922638
410.352020
359.247742
305.461578
184.782242
89.874893
-63.903694
-13.559281
0.654088
47.942631
209.435623
247.401566
142.303375
55.707035
1.838861
-17.525480
89.480583
-71.492584
-142.674973
-259.901520
-366.965302
-360.186310
-353.386078
-333.520691
-405.897522
-485.791718
-380.449890
-479.686188
-624.747559
-561.798401
-456.083282
12.911077
379.170502
679.749939
1185.387573
1665.453613
1530.723755
1592.647705
1414.034424
2117.780273
2371.173096
244.878357
256.049377
255.464005
239.960983
261.180603
277.985199
317.689484
326.262756
434.849426
468.842224
738.033936
947.548584
1078.389160
1083.877686
1352.355103
1479.957642
1449.365112
1501.470703
1472.885864
1106.759033
1221.003906
1123.278931
1009.387207
859.859131
952.793701
861.210693
767.533813
621.415161
426.543884
243.548355
266.835754
213.717621
233.758041
405.909210
431.838287
347.149353
272.562866
194.892563
207.495682
326.542877
155.301910
43.289028
-113.146645
-314.907990
-362.409058
-373.890533
-394.892975
-460.321381
-595.035339
-520.733154
-743.479187
-1009.362793
-1074.705566
-1128.213989
-702.469543
-455.524017
-325.095337
151.735123
694.689697
451.334412
551.693359
414.835907
1313.264526
1639.120483
141.603210
153.736557
196.065247
227.179443
256.027832
269.786987
388.269135
418.735046
515.895508
556.910583
818.454468
1110.175537
1314.286743
1386.339722
1709.092407
1838.200928
1785.234497
1961.494385
1975.574951
1716.682617
1793.002319
1684.356445
1532.880127
1325.531128
1349.491333
1224.450562
1105.846558
941.476135
669.776611
475.069794
474.271515
367.180756
358.387390
520.301636
546.416504
502.408234
453.940674
351.180969
392.613190
528.502197
384.166718
258.814850
109.279144
-173.900375
-273.259155
-296.227783
-346.455597
-406.459717
-564.121277
-540.216003
-865.511108
-1226.316528
-1416.846191
-1637.176270
-1353.088379
-1284.484741
-1354.556763
-968.595520
-448.772644
-790.972717
-682.903870
-784.343567
233.443283
628.642578
-10.909910
-5.798271
73.318863
156.681290
179.764862
197.444427
372.560333
426.975128
506.701141
556.909058
784.179199
1131.563599
1380.958740
1511.891113
1857.681763
1965.041138
1884.051392
2124.706543
2196.782227
2115.995850
2136.437744
2028.862793
1844.028198
1611.379150
1550.907227
1405.985107
1269.082153
1104.094727
800.488220
626.057190
570.633179
435.991089
410.062134
538.245850
571.804260
569.797913
565.953613
442.818512
514.481384
658.918274
563.385132
444.695099
357.468170
41.246025
-108.849495
-153.470428
-219.756439
-264.382446
-418.295563
-456.855438
-829.317871
-1243.453003
-1564.630615
-1949.302246
-1845.653442
-1981.426636
-2244.282471
-1984.124634
-1575.455688
-1975.698853
-1887.466797
-1948.962280
-921.862000
-491.810699
-176.938599
-187.089096
-79.831238
42.393154
38.945759
61.363834
259.965637
339.513245
398.632843
472.696075
652.762451
1009.127930
1274.431152
1434.468506
1776.270386
1855.589478
1746.596069
1986.677124
2088.120361
2224.461426
2185.778320
2088.181396
1878.176025
1661.532349
1527.660400
1390.185669
1238.714600
1097.276611
814.975708
675.265747
559.821106
412.316010
369.366852
455.420135
487.236664
533.991516
575.873718
454.689148
538.342896
685.066406
644.719482
542.931030
548.761536
293.503235
113.545837
47.409866
-32.859116
-49.086960
-160.711044
-258.217957
-603.302917
-1019.276367
-1450.251343
-1977.352783
-2098.105225
-2430.365479
-2853.125244
-2723.761475
-2495.794434
-2915.672363
-2872.054688
-2882.841553
-1964.964722
-1556.504517
-319.158539
-342.106537
-238.041672
-105.308464
-132.622238
-102.393410
84.148468
185.008438
222.430176
320.043365
438.944763
758.460632
1001.419250
1173.840820
1470.999634
1528.374756
1413.719849
1634.288452
1728.969727
1997.263672
1916.440674
1845.453857
1646.471680
1474.803467
1294.531982
1185.509766
1054.087646
934.974121
717.554077
617.169373
450.772858
293.739410
239.996582
262.271149
289.777191
392.239258
477.622070
383.088654
457.901855
588.727417
608.451538
528.213745
623.080017
492.166504
309.186340
233.703278
162.898346
203.466599
166.926834
29.841408
-207.006302
-539.128418
-1025.333496
-1629.123901
-2011.831299
-2489.450684
-3013.475342
-3021.488037
-3014.921875
-3388.506592
-3446.991943
-3411.389160
-2749.507080
-2428.740967
-416.265869
-465.953918
-390.289948
-269.099762
-300.386078
-261.084320
-115.818344
-7.040260
6.014592
106.408379
152.112091
409.804840
600.494019
766.462280
1001.962585
1053.893555
956.430237
1138.415649
1226.204346
1554.519409
1450.203735
1415.595703
1251.883789
1137.141235
940.566345
865.882874
769.363037
672.347656
549.307861
484.731293
270.962006
119.119888
62.785980
4.592135
28.085705
175.903091
305.395203
251.553848
305.906982
388.778625
468.770020
404.436005
536.405029
558.242615
403.063171
344.972137
318.508514
428.837189
471.699585
307.333221
268.602264
87.287445
-369.206146
-974.080627
-1513.226074
-2030.680542
-2594.335449
-2738.044434
-2962.409668
-3204.895264
-3401.296631
-3381.507568
-3159.043945
-2974.363037
-476.881104
-537.042297
-502.438354
-407.893097
-440.558594
-395.953735
-307.198975
-205.579529
-213.287262
-123.248268
-144.261871
30.311104
141.300552
277.756409
439.016113
498.249451
446.465088
589.777527
669.004333
1025.192139
915.616455
925.699097
796.572205
738.415039
544.366943
498.739075
450.317780
382.168610
362.283966
314.961884
81.669365
-59.281494
-121.029137
-263.995483
-253.712601
-73.401131
87.918938
81.634659
93.258324
108.572845
237.140366
186.063721
304.838623
467.163818
362.948608
346.717010
396.389557
566.048584
692.400452
510.088776
679.091125
687.158020
336.307007
-157.543243
-729.763672
-1189.640503
-1682.796021
-1927.758057
-2373.541748
-2470.090576
-2767.010986
-2783.686279
-3076.679443
-3051.383545
-505.815247
-551.651001
-549.171143
-499.541687
-529.921204
-489.997253
-459.323944
-369.367676
-395.907532
-323.706573
-397.066193
-321.776337
-308.468689
-215.920517
-139.748413
-62.494350
-59.066196
57.688915
135.737137
488.559479
395.469452
440.989777
359.053314
352.315948
169.759293
138.109558
144.684402
110.968552
180.723160
153.892624
-79.633827
-203.282318
-272.261597
-499.045624
-503.760223
-327.567261
-161.123627
-122.747307
-167.007446
-228.906189
-79.633629
-116.166916
-49.027348
212.078094
176.752945
216.932632
362.274109
577.823364
765.843445
631.505493
925.828857
1109.961670
937.030579
662.447815
137.261765
-185.640472
-508.233917
-809.184937
-1430.299561
-1383.780884
-1740.858032
-1736.702759
-2448.241699
-2613.416016
-475.855347
-496.021790
-521.192078
-530.746033
-553.775940
-518.034302
-550.948486
-480.069305
-525.951233
-474.777405
-592.500916
-608.761169
-691.444214
-654.340210
-660.326233
-574.902893
-506.143799
-423.833557
-343.535431
-5.004901
-55.916702
15.889299
-6.243033
24.512585
-125.475548
-160.941360
-103.887932
-100.265083
31.072569
25.617100
-187.538177
-274.214478
-358.318970
-655.836914
-684.022034
-551.476318
-406.538696
-331.428406
-414.753479
-557.294556
-427.663727
-482.388214
-503.963257
-198.760345
-145.758560
-45.546917
204.722885
443.735107
663.925171
615.805359
983.234680
1277.182983
1312.209961
1313.970581
933.337341
832.362366
706.234863
392.705627
-318.818726
-139.019043
-492.746460
-471.122772
-1465.067383
-1772.958130
-380.492493
-368.857880
-437.650299
-486.854095
-498.571167
-458.230011
-548.236389
-510.669647
-578.314270
-554.816284
-696.384644
-785.536072
-942.394531
-973.761414
-1055.800903
-986.723450
-866.123657
-813.067871
-729.674255
-432.815430
-420.381836
-332.111664
-287.768433
-235.808640
-327.683716
-364.883484
-271.789459
-222.310699
-64.360153
-60.802879
-215.868378
-255.693375
-377.584686
-714.387390
-760.327576
-700.877319
-610.626465
-496.286530
-610.296387
-841.797485
-768.653259
-871.723206
-997.481262
-711.552856
-587.831970
-441.462799
-104.054520
119.013687
364.888855
421.256714
820.206482
1180.806396
1349.745239
1670.939331
1504.282593
1651.181763
1742.314453
1463.164185
785.225220
1041.381836
765.367004
790.610413
-349.016113
-734.760315
-234.829163
-196.999863
-303.805725
-373.904724
-358.077850
-315.881775
-428.233948
-430.241913
-515.970398
-534.274353
-678.824707
-818.119446
-1025.325562
-1131.758179
-1279.709106
-1254.808716
-1123.780273
-1089.133911
-1008.315247
-795.511292
-704.624146
-608.136047
-490.149261
-429.364838
-455.541077
-488.677917
-384.585083
-271.211365
-127.454514
-117.148857
-173.524521
-180.171249
-329.676239
-679.160950
-724.669800
-772.238098
-771.326355
-633.533203
-759.978577
-1077.333252
-1082.026855
-1213.161621
-1456.175781
-1230.026367
-1059.870361
-901.161621
-517.021545
-351.856659
-115.636307
75.528465
444.383942
817.213501
1093.378540
1682.085938
1743.822144
2124.020752
2430.923096
2196.156738
1687.329712
1981.765015
1801.717285
1880.243652
737.295837
326.197174
-52.976299
8.867395
-105.498672
-181.729721
-140.332458
-108.916748
-202.706573
-234.486588
-314.772949
-378.679108
-511.307343
-690.260437
-922.029846
-1108.859253
-1311.937134
-1355.839111
-1244.771729
-1225.481445
-1158.544434
-1048.668091
-896.078491
-788.051880
-622.671021
-564.459900
-536.028442
-545.816101
-449.169495
-269.699829
-166.023621
-142.914673
-80.791130
-66.961784
-222.234344
-561.545044
-610.369324
-781.220215
-903.103271
-758.585022
-864.733337
-1250.478760
-1333.996094
-1479.926392
-1806.862915
-1678.462036
-1469.921265
-1336.376587
-964.758057
-883.081787
-708.681580
-394.221832
-90.928680
245.733444
629.447510
1356.209839
1598.385010
2171.617920
2670.894287
2508.883789
2264.473145
2559.779785
2503.047119
2603.894531
1623.217041
1247.466675
152.848083
238.651520
126.670067
70.740479
123.110558
143.533829
87.325363
44.142147
-10.671636
-107.927719
-218.358093
-420.209686
-648.334717
-907.977051
-1156.435425
-1277.792114
-1202.311401
-1193.194580
-1154.126709
-1149.647705
-981.319092
-875.670654
-696.316528
-658.468933
-578.637268
-565.926453
-483.371979
-256.144592
-207.701157
-159.139694
29.043562
65.572128
-81.127205
-382.149689
-454.733215
-740.079468
-998.102661
-853.075012
-932.238831
-1340.533325
-1471.412231
-1610.629761
-1959.715332
-1975.914429
-1766.235107
-1673.409058
-1369.629883
-1402.748169
-1325.149170
-931.564880
-725.945496
-436.660583
8.437551
784.736389
1156.898315
1820.245239
2447.108398
2443.844482
2508.794922
2793.899414
2869.036621
2908.157959
2218.879639
1897.636719
361.579224
451.057495
349.229126
340.625305
405.902649
414.753815
391.701050
344.639191
320.497162
202.663666
124.081200
-80.165123
-274.768250
-567.364807
-835.115723
-1020.380737
-986.939941
-992.241333
-988.148926
-1100.784302
-959.588013
-891.152466
-720.270447
-705.920532
-582.645996
-566.089050
-526.498413
-272.321075
-280.002625
-196.183105
98.354744
151.021576
28.192135
-200.583115
-302.762085
-682.464478
-1039.912842
-908.546509
-950.045837
-1286.274170
-1434.346191
-1531.748169
-1868.705688
-2049.034180
-1854.159180
-1809.963623
-1648.244507
-1813.282349
-1841.692993
-1425.191284
-1326.146606
-1090.786621
-609.434448
144.546021
597.779846
1235.522705
1887.470093
2042.608276
2402.985107
2670.586670
2839.158447
2832.342041
2465.783447
2204.500977
513.869568
600.148743
536.521057
585.554138
653.689453
658.069946
650.990601
604.153748
624.644287
514.706787
480.489349
292.934692
157.547195
-117.178871
-381.949677
-601.509277
-618.840027
-642.720215
-685.892944
-899.041321
-835.227478
-817.819336
-700.925964
-718.155090
-590.013123
-576.244873
-593.796021
-365.173920
-437.459595
-304.167236
59.989670
129.168610
24.590055
-109.485909
-226.836426
-653.320251
-1054.514404
-944.287109
-928.958618
-1125.874756
-1257.387817
-1306.563965
-1569.966064
-1887.315674
-1707.785889
-1707.550415
-1744.670166
-2013.628662
-2127.246826
-1744.581055
-1737.812744
-1584.183228
-1077.965088
-426.091949
35.340691
534.000183
1153.933105
1431.864136
1983.246948
2195.958984
2422.531982
2423.441406
2361.866699
2173.410889
586.287476
675.869629
667.719177
756.171082
812.928345
829.188354
829.398071
785.188171
846.807495
775.902527
802.442505
647.647034
594.072205
384.744904
152.935593
-74.178818
-136.993591
-187.021484
-276.008148
-575.288147
-651.768677
-697.443359
-667.633728
-730.181641
-647.719727
-617.909241
-682.696167
-549.768738
-681.555725
-491.714752
-111.734215
-35.858753
-124.033417
-152.856491
-283.763580
-689.140808
-1075.487915
-1006.437622
-911.715515
-940.773254
-1042.462280
-1016.302979
-1110.990234
-1479.109863
-1353.275757
-1393.550903
-1622.713501
-1959.413696
-2123.532471
-1841.022949
-1900.294189
-1842.264282
-1336.997192
-863.406982
-461.354462
-149.497833
400.349396
760.144653
1390.930908
1561.883301
1814.243774
1813.312500
2010.817261
1926.175781
598.041504
684.131775
720.199707
813.865356
846.061707
882.415588
877.577576
849.215332
941.856995
908.063232
1004.565674
901.582886
938.789856
844.021240
686.805664
494.914246
368.510132
262.972473
134.810059
-227.584625
-463.209503
-591.741333
-655.840332
-758.184265
-752.592407
-685.781982
-792.709656
-791.475342
-961.351013
-732.121399
-410.087494
-352.073975
-397.158417
-314.311676
-459.511169
-786.358459
-1086.742554
-1063.113525
-889.969971
-752.025024
-820.995911
-718.145325
-581.692261
-873.589722
-820.768127
-927.367676
-1320.194946
-1688.706909
-1865.132202
-1740.574707
-1805.838989
-1825.943848
-1421.086914
-1155.642822
-841.617310
-694.185059
-247.118393
149.837585
787.919250
929.433472
1178.423218
1162.702515
1539.379883
1554.891846
550.916443
624.031311
689.166565
752.127686
748.327087
798.620483
751.236206
750.983765
861.810730
859.061035
1002.961060
969.526367
1090.072876
1125.527222
1060.819580
934.965576
744.594116
589.232605
441.164978
53.231365
-310.435638
-523.893799
-667.784851
-772.594543
-848.074951
-744.712769
-887.308838
-1025.592529
-1224.782959
-989.588379
-748.222229
-711.740723
-686.950745
-489.057343
-648.600098
-877.052002
-1034.425171
-1007.768921
-836.143127
-540.459534
-532.953003
-399.393951
-48.216381
-173.722336
-189.491608
-377.799011
-918.324097
-1247.379639
-1423.817505
-1488.571899
-1529.375122
-1572.905518
-1307.345581
-1230.942017
-1009.359375
-1016.067444
-706.559753
-294.351898
266.730225
376.745392
589.569031
559.984192
1031.952026
1108.911377
442.244812
497.369415
570.191956
573.058105
538.305725
596.968689
479.265778
492.358521
584.740540
616.009705
773.576477
802.289978
983.266418
1131.894043
1138.628296
1121.830566
970.465515
790.143860
637.295471
257.254944
-178.751801
-467.312500
-650.346191
-727.841492
-878.832397
-748.194763
-903.445984
-1190.212646
-1389.304077
-1174.344727
-1037.770020
-995.740112
-905.591675
-594.124207
-763.159729
-856.688904
-862.351501
-826.162170
-704.634277
-280.935608
-197.729019
-28.649307
450.213501
516.758240
421.377533
193.610367
-448.487793
-646.444641
-851.445801
-1091.250244
-1135.781006
-1125.627686
-896.811340
-998.650879
-881.839539
-1021.290649
-886.824341
-522.271301
-109.545929
-29.545614
122.467514
75.296288
549.811707
666.085144
260.619965
299.706512
365.987091
295.142944
229.062134
289.613678
107.929359
125.669395
170.020386
216.296188
350.756104
424.468445
637.368774
877.662659
954.901367
1086.470093
1045.382202
871.672302
736.401062
401.658203
-54.328300
-381.236908
-573.162598
-640.886719
-849.025879
-729.046326
-838.735840
-1251.989502
-1409.967285
-1258.594971
-1237.028320
-1152.596191
-1016.751404
-618.053528
-774.288330
-693.183472
-536.852539
-545.422546
-503.111298
8.150458
136.096756
356.814240
862.034912
1100.444214
919.068176
720.697021
96.230721
68.914032
-170.978867
-573.824158
-593.218872
-528.294983
-317.534058
-532.813843
-515.287964
-741.331970
-778.666565
-546.759094
-316.618378
-288.361725
-205.275955
-248.229599
142.598282
265.132599
22.514111
45.903706
105.040283
-34.459801
-129.594971
-86.936485
-311.805756
-296.387207
-317.386841
-276.169983
-201.413895
-98.195534
117.578201
424.871185
565.875610
799.492065
843.447693
717.967834
636.991394
406.887146
10.044653
-296.520905
-483.379822
-536.786987
-788.845032
-698.240662
-735.029846
-1217.233398
-1282.672729
-1213.529175
-1289.951782
-1152.497192
-978.792358
-536.881653
-679.760559
-421.541870
-101.688522
-193.596603
-264.576050
298.924927
488.875519
713.401917
1185.979126
1545.292114
1279.998169
1180.301147
683.359924
791.157532
560.245728
17.689253
47.851616
141.800400
268.353851
20.402170
-20.133472
-296.596191
-496.067017
-438.022614
-392.124939
-412.955231
-393.885498
-425.054443
-148.822617
-46.553596
-227.398956
-245.472443
-186.408508
-365.091980
-474.041199
-473.658386
-709.789307
-708.649719
-798.705627
-777.890991
-790.759155
-686.212646
-501.039490
-167.138123
9.355889
278.764435
375.774994
307.664429
304.449280
214.582764
-30.059702
-272.191345
-428.070007
-469.991302
-718.758667
-647.796692
-615.445801
-1092.871582
-1029.280640
-1034.502686
-1199.670410
-1030.812744
-803.314270
-337.200348
-427.544586
-58.639645
369.268188
219.052414
94.696594
612.080261
853.593079
1036.221680
1431.066406
1810.345459
1520.894531
1515.973999
1223.455811
1418.472778
1253.902588
666.989990
707.336975
810.449463
807.668030
553.462463
463.312164
177.015289
-160.287521
-252.877716
-376.964233
-438.089294
-465.205872
-471.436523
-310.650970
-231.848251
-440.483063
-519.931274
-463.721954
-649.684875
-749.740356
-808.198364
-1008.619446
-1035.526855
-1189.569580
-1198.040283
-1319.232422
-1240.217285
-1119.760864
-806.178223
-605.158081
-351.072418
-232.892654
-241.443298
-180.734192
-125.606125
-200.942123
-338.469116
-437.065765
-465.029633
-625.785767
-595.347534
-510.536255
-866.179016
-693.002686
-773.291870
-985.674072
-818.209900
-531.408386
-78.440224
-29.590851
369.061035
854.738708
703.822327
589.982666
972.254089
1183.156250
1325.205688
1578.493408
1860.372192
1630.176147
1697.617310
1657.099121
1895.042358
1822.281738
1294.310913
1328.099365
1368.899902
1235.541382
987.629761
847.191467
582.579163
164.638397
-43.712555
-308.574615
-407.883698
-448.079651
-436.280670
-372.150116
-313.377930
-584.347534
-727.943481
-678.082581
-847.433289
-928.117493
-1050.205566
-1183.517578
-1239.338013
-1438.233765
-1474.636475
-1706.223145
-1660.460327
-1623.280396
-1373.126343
-1169.798340
-992.687988
-882.536011
-820.339966
-732.305481
-549.910095
-467.490326
-489.009766
-512.981384
-488.947723
-531.077393
-559.392395
-425.763458
-551.553711
-333.860779
-444.469177
-658.363831
-471.065277
-168.755768
206.051941
424.086578
830.158325
1301.490967
1178.339722
1102.520264
1317.459473
1433.961914
1535.106934
1610.798096
1752.476807
1608.556885
1745.118042
1937.458740
2166.354004
2172.142090
1809.794922
1820.735840
1748.220337
1495.621826
1259.413452
1086.022461
849.716858
405.262054
113.840805
-224.724472
-354.775452
-385.570587
-368.799377
-363.833557
-324.765076
-656.000854
-864.745239
-809.295837
-938.294006
-994.729187
-1183.972290
-1195.698853
-1265.053589
-1503.458130
-1563.412109
-1888.292969
-1881.373535
-1922.236816
-1763.552368
-1591.708740
-1527.119019
-1451.760376
-1331.801880
-1249.998535
-975.515564
-728.665894
-636.187622
-589.034424
-528.109009
-453.019073
-529.902649
-322.434052
-195.400848
31.959061
-86.287445
-230.211456
-11.288139
236.314789
519.342957
878.569275
1262.950439
1631.586792
1563.148193
1521.863159
1542.755859
1560.746582
1616.234009
1523.370483
1530.506226
1470.356689
1631.026245
2011.088013
2198.797852
2279.697510
2135.477783
2085.756348
1929.664062
1583.511475
1369.148560
1156.456909
955.223816
518.838318
190.793732
-157.482437
-301.916901
-315.758179
-300.267578
-315.762360
-282.874329
-649.007874
-903.592712
-845.809998
-900.711365
-924.294128
-1169.678833
-1025.322754
-1093.144287
-1358.663940
-1430.208496
-1797.681763
-1831.954834
-1935.669800
-1884.774658
-1768.572632
-1845.284058
-1832.790405
-1681.776978
-1645.528931
-1311.314941
-915.812988
-690.071167
-587.828064
-501.815918
-333.900299
-427.685333
-170.890396
154.964417
417.049469
271.161713
244.185974
469.456299
627.622925
809.704834
1261.952759
1576.367554
1803.433838
1767.751465
1760.509766
1595.850098
1542.180298
1561.138550
1355.868286
1238.781372
1248.793213
1400.778320
1871.674194
1997.623047
2170.153320
2212.469727
2089.509033
1908.428711
1541.526123
1347.672485
1087.439697
929.230042
528.904602
214.599014
-116.361794
-253.931396
-266.459839
-252.915649
-271.518555
-241.963242
-554.987610
-825.987549
-771.566833
-739.037781
-730.450012
-1012.562378
-770.910400
-817.879578
-1016.299255
-1077.267578
-1435.735474
-1492.937866
-1636.252441
-1708.274292
-1648.737305
-1891.161865
-1942.073120
-1795.968750
-1829.361572
-1472.187500
-976.476624
-638.228394
-499.160278
-383.196381
-133.657425
-224.826523
-5.405163
480.035492
797.339722
645.064453
690.655212
891.824951
969.053589
1046.444580
1480.970337
1692.038452
1771.400513
1750.404541
1790.091431
1511.603149
1423.672119
1417.622559
1143.764282
925.475891
996.005981
1122.654419
1592.133057
1646.148682
1871.024536
2061.033203
1900.869385
1711.926025
1377.917725
1191.074219
898.364624
784.889099
437.696686
174.283096
-104.537636
-211.734711
-235.414429
-227.288010
-240.102417
-216.823975
-394.778778
-655.641663
-608.800903
-498.460083
-466.015259
-758.394531
-472.555664
-490.724091
-544.880005
-573.059692
-861.583801
-922.978333
-1088.236572
-1291.221313
-1261.846558
-1630.851562
-1737.701172
-1614.411621
-1693.389526
-1372.658813
-846.688171
-462.126526
-288.599060
-190.289856
138.281723
49.893723
177.650177
794.096619
1132.618896
1015.174194
1075.009644
1200.665527
1201.402588
1163.471436
1484.234375
1585.724854
1553.561279
1562.729004
1657.164673
1341.724365
1245.559204
1210.326416
911.352661
632.368896
753.950012
832.360535
1252.494995
1243.178223
1459.044678
1739.458252
1588.053955
1392.309570
1104.256836
929.501709
643.955078
569.960571
282.433807
99.786453
-108.010330
-180.356461
-212.679703
-214.995834
-214.719971
-197.053009
-183.759979
-422.651367
-387.836823
-221.025101
-177.524719
-456.440308
-142.649277
-140.137344
-56.090199
-39.641041
-183.042694
-235.987061
-409.712280
-710.571350
-701.008789
-1088.175903
-1241.219238
-1139.328979
-1217.095947
-994.881592
-539.773743
-150.741745
22.225098
116.785301
473.759430
414.610352
455.268433
1081.573975
1370.608643
1325.845703
1360.870728
1367.309937
1295.517822
1139.362671
1326.973511
1327.873169
1212.054932
1261.703003
1397.828613
1097.579346
1006.251404
931.710510
653.105286
376.400726
547.877319
560.375122
884.268250
817.414368
997.081299
1314.824829
1191.329834
1008.301575
766.798462
620.255493
379.865875
351.899200
130.903763
43.841408
-90.458862
-127.541107
-163.355164
-183.189438
-169.846664
-156.918213
54.758892
-131.760330
-120.227890
67.785606
106.094490
-103.521164
179.229095
196.841919
375.729034
435.843872
473.857880
448.571198
290.559021
-21.285513
-59.656799
-377.210785
-527.069397
-444.850281
-503.437897
-390.218109
-71.060867
272.320465
390.881683
499.379333
821.488831
824.763855
811.003601
1305.338867
1489.736084
1513.658813
1524.366211
1399.751343
1246.126953
1012.071411
1073.084595
1005.062561
825.033997
906.292908
1046.371582
790.059265
708.447693
619.135254
389.971741
154.182404
357.888275
311.690125
502.074524
408.964630
540.593506
840.754272
737.906067
583.474121
413.072906
318.286133
152.127182
178.251999
41.650745
36.534325
-25.105560
-16.106714
-56.921013
-89.914207
-60.152916
-56.502266
270.617035
163.368195
153.290833
327.731720
352.537872
289.150513
468.887604
496.310547
716.283997
814.314880
994.208862
1023.437683
914.527954
669.347351
602.439209
396.806305
276.890350
334.821320
307.587006
341.906342
498.729706
731.684326
829.781494
914.083313
1126.564087
1202.370483
1145.825684
1436.149170
1514.026001
1571.877563
1535.179932
1287.912720
1072.305420
798.958862
744.600464
633.589050
440.504974
531.101562
657.458496
463.019867
390.209442
303.114502
144.470856
-9.993679
182.599960
90.242142
142.820847
70.628860
141.493713
371.076447
264.977020
165.689575
81.440796
56.683270
-7.454950
69.263672
25.815348
95.824631
105.976578
159.296127
107.335197
81.025566
119.216545
98.545959
408.201782
427.405182
374.912445
500.296417
518.458496
589.725708
668.416077
690.441223
914.053528
1041.198608
1317.968506
1401.322876
1382.468750
1228.886353
1155.473755
1102.907104
1039.128540
1042.373047
1064.698242
1065.000854
1038.402832
1128.373047
1250.220947
1300.250366
1389.912964
1480.884033
1385.822266
1456.981445
1418.085693
1478.260010
1392.457520
1062.040649
833.216980
554.683899
400.844147
263.566284
92.102615
172.951370
270.584564
148.001724
90.004601
-3.325014
-75.970444
-110.787315
37.269413
-80.644989
-149.329697
-189.371948
-185.031860
-40.546211
-147.246796
-178.884766
-189.123260
-147.274719
-111.672676
9.850319
66.044121
205.081528
294.406952
372.607452
311.712341
298.951111
334.009705
278.581207
450.603485
643.245728
514.571838
556.622070
571.923645
720.170471
711.771912
732.414368
948.051941
1087.910278
1436.309692
1540.048706
1612.241699
1559.102661
1479.422607
1615.490601
1645.517334
1591.751587
1665.316528
1630.453125
1473.429932
1442.410767
1540.919556
1581.097900
1561.903320
1609.539185
1498.647095
1351.403198
1193.645264
1237.988525
1140.835693
784.399658
585.936157
323.323242
108.612885
-34.342087
-164.248734
-111.096283
-66.402229
-130.547745
-167.204880
-265.520996
-244.189819
-174.701080
-79.670311
-195.249146
-361.882294
-362.293549
-409.572632
-350.741638
-425.969238
-399.113617
-370.859131
-283.342712
-180.440887
-32.764977
119.870384
303.400421
461.033875
545.100708
487.436462
509.422821
537.610107
453.702301
436.986572
725.914795
556.540161
525.530640
538.696533
732.142273
641.004639
671.384033
865.997803
983.592834
1368.070557
1466.324219
1599.078125
1618.797119
1560.768555
1864.149536
1982.459839
1884.497192
1988.303223
1923.092773
1705.793457
1591.293213
1652.040161
1687.387939
1563.875732
1574.725708
1449.870850
1121.323975
908.020752
918.745667
831.547974
499.582275
364.435242
137.438934
-92.807625
-226.506348
-309.186340
-302.970551
-314.641663
-334.721375
-354.851227
-445.182495
-362.359955
-215.187729
-161.438049
-256.000916
-481.982391
-444.433563
-525.014954
-532.210388
-556.747620
-491.764679
-465.154999
-354.797211
-189.443573
-49.437195
164.551910
359.333862
571.840515
648.412964
616.010132
669.816772
689.926392
575.170044
380.360016
696.657959
528.215332
452.572205
480.466797
697.793274
534.569336
565.057007
716.674561
790.046814
1153.000000
1216.519409
1385.411987
1449.845581
1419.926147
1820.475830
1989.214355
1863.770996
1991.402344
1907.361450
1681.134277
1521.225220
1553.089600
1561.992432
1365.385620
1358.898560
1241.650024
816.343933
593.712341
558.549683
491.591583
240.428116
192.703613
17.056038
-196.948227
-314.395721
-360.496674
-398.411224
-448.816254
-444.703644
-451.073273
-520.715576
-410.073273
-222.440536
-206.858322
-277.374969
-514.769836
-457.687622
-541.415466
-588.152710
-573.002075
-500.798035
-491.666809
-378.519409
-166.669830
-59.502968
183.875000
352.167816
611.650879
657.106506
673.986206
741.244568
742.488342
604.930115
281.017090
599.996765
451.574066
361.679352
410.456757
616.533875
416.476685
433.680328
528.387024
556.915894
842.856934
844.473877
1010.327332
1114.025635
1096.106323
1528.216797
1698.470093
1571.425293
1721.722046
1631.518799
1442.443970
1273.536133
1266.435181
1242.368286
1009.572083
996.713867
908.427856
467.493958
257.625916
194.186142
138.782455
6.457019
49.853531
-70.308777
-227.286682
-326.232544
-343.388611
-395.923889
-469.023956
-465.788879
-461.527954
-508.709900
-391.212128
-203.607361
-227.285095
-266.367279
-492.794708
-423.799133
-485.033234
-541.865967
-514.778931
-451.214783
-471.064087
-378.841949
-159.582703
-116.013550
148.452225
252.366608
549.195923
547.622009
618.966125
700.815002
671.399414
525.743835
155.301071
432.536774
323.748932
244.733276
307.945190
477.398224
295.679535
292.112488
340.554840
326.717529
488.769958
417.204895
542.620300
671.012085
657.795410
1058.100098
1201.513062
1094.558350
1233.902588
1147.954712
1022.432190
870.418945
837.256409
798.682251
570.502136
550.353516
490.164062
98.422714
-75.820572
-149.857452
-190.003143
-195.490143
-69.559158
-133.812134
-210.882156
-290.226105
-286.623474
-339.919067
-419.893402
-422.561676
-417.534454
-448.141235
-333.619812
-187.020538
-215.649948
-211.476486
-417.425354
-344.194458
-377.951569
-426.357452
-395.969330
-356.829285
-402.895142
-349.910126
-160.979614
-195.497955
55.306164
91.929306
394.803284
341.277252
448.279572
536.003845
467.903809
344.538849
16.142376
227.048904
162.298782
105.547028
182.994934
316.031219
172.935257
155.150650
167.153702
135.061310
144.706741
4.986869
77.229706
205.673218
182.682404
502.430603
593.259583
528.879089
624.351440
548.323975
495.318878
384.293091
326.389496
287.811157
99.658257
72.777809
46.719139
-246.094223
-378.868042
-461.183990
-466.385406
-354.757843
-167.872055
-181.634827
-183.588425
-233.160583
-233.842621
-280.329590
-346.022491
-353.382660
-347.393188
-359.914154
-254.033127
-186.597290
-202.012711
-151.708725
-315.831482
-259.043091
-263.311401
-290.055634
-257.867371
-245.473511
-316.718262
-307.363892
-184.033875
-276.697205
-72.940331
-96.650589
168.270660
69.253250
199.597992
264.109314
143.055328
79.567017
-102.321686
12.274734
0.913608
-40.696644
45.808414
130.194519
43.899200
32.845512
3.778722
-25.761131
-153.354477
-325.574127
-309.772034
-207.111359
-246.873199
-31.886299
-13.547414
-37.896221
2.649671
-65.655823
-47.981762
-109.404984
-187.066574
-220.282822
-339.539246
-369.256836
-373.178925
-532.034119
-623.369873
-691.663269
-666.692322
-456.693268
-249.185913
-224.314178
-168.275635
-177.728470
-205.451202
-239.646927
-274.307037
-288.105530
-286.000854
-264.957672
-191.672806
-201.092224
-208.906357
-124.816650
-234.912735
-197.441971
-165.360931
-165.183182
-136.669678
-145.843185
-237.674469
-270.391327
-226.553452
-353.106171
-228.317673
-298.111481
-112.944107
-246.843307
-116.803932
-74.912033
-264.770569
-250.859787
-187.614105
-171.460449
-132.853775
-178.878571
-93.252106
-61.513538
-82.600586
-77.802574
-130.936050
-169.446503
-379.950623
-550.023254
-581.826294
-512.331055
-559.486816
-469.297211
-515.783508
-513.588196
-529.771851
-598.573914
-534.437805
-539.374817
-629.459900
-648.118286
-686.907410
-705.950073
-700.889221
-708.272339
-757.813110
-794.681702
-763.138428
-508.119873
-306.628143
-254.518402
-177.603180
-159.155060
-204.537796
-223.792206
-229.011749
-238.768753
-243.971222
-195.648331
-162.608124
-224.735229
-229.864456
-131.071442
-191.255615
-166.186874
-108.735352
-94.763489
-57.102081
-82.704247
-175.155487
-247.040802
-274.804291
-412.252472
-378.265594
-498.497711
-414.273224
-581.707031
-482.755249
-472.112579
-702.295715
-603.588562
-239.513092
-293.521637
-216.449158
-269.740997
-196.487823
-205.340820
-174.980591
-164.418488
-225.251846
-269.250854
-508.981140
-645.375061
-709.521057
-671.365906
-723.453735
-764.191650
-859.017151
-831.107117
-882.440063
-958.089600
-873.501526
-835.709412
-929.741638
-934.108337
-894.963135
-883.191956
-869.863892
-746.459473
-765.006714
-775.850647
-748.243896
-505.523865
-346.443024
-289.621460
-231.421631
-192.275970
-247.504761
-247.881699
-240.664993
-233.044815
-233.821365
-166.969162
-158.429428
-257.840668
-271.669830
-179.361435
-183.176727
-167.355118
-103.793564
-97.245522
-53.051975
-81.520493
-148.611893
-239.035080
-323.039764
-447.414185
-504.475555
-651.090759
-690.306335
-886.157654
-846.137390
-883.869873
-1110.129028
-933.668213
-239.519089
-346.804199
-240.018890
-295.972107
-250.543488
-279.262634
-213.002808
-196.418015
-274.525208
-321.964905
-554.489563
-626.102478
-708.403992
-696.768799
-743.099670
-894.606628
-1010.514832
-965.227661
-1024.677612
-1096.808838
-1018.676453
-959.189575
-1038.868042
-1046.730713
-933.796143
-893.301819
-874.303406
-665.837219
-657.849060
-652.434448
-644.812317
-457.796234
-383.548859
-332.371918
-324.613220
-274.291809
-327.465546
-309.499023
-313.287628
-269.148010
-261.583252
-178.612045
-189.209747
-309.061737
-336.946167
-265.613892
-198.947540
-195.720795
-141.715576
-151.533905
-114.079941
-122.017700
-141.069000
-223.839569
-358.796173
-441.052124
-574.956543
-740.378296
-909.541138
-1116.264282
-1152.710449
-1238.854614
-1444.302246
-1198.502930
-189.548920
-330.381592
-220.122086
-269.112671
-279.871857
-292.726868
-215.581619
-191.967529
-291.567993
-354.429810
-536.801147
-528.599487
-614.306030
-621.616272
-644.499268
-861.922119
-966.639954
-917.977478
-976.143799
-1019.235840
-983.401794
-913.763611
-970.965881
-983.617188
-816.897156
-768.638489
-740.601257
-493.098724
-469.832947
-452.785614
-461.560577
-361.693787
-404.499084
-364.943665
-420.788422
-364.723083
-411.128387
-381.389740
-407.102051
-331.843658
-320.001099
-230.010986
-251.867035
-382.451050
-419.159760
-364.923340
-227.690948
-241.017502
-210.123169
-236.484283
-202.852859
-177.578613
-139.272995
-188.893234
-350.918762
-389.144135
-582.469360
-755.513062
-1047.578125
-1237.450195
-1370.557495
-1493.015015
-1659.348999
-1369.679321
-125.971542
-263.091339
-177.871124
-205.409271
-287.844849
-276.034973
-204.948669
-188.960648
-313.553009
-381.767487
-479.709412
-391.739288
-466.651062
-484.686554
-477.633667
-726.424011
-773.683594
-706.322205
-759.392639
-779.389343
-802.344727
-748.964294
-781.970642
-789.929871
-593.129700
-549.504700
-499.668945
-263.271576
-242.040558
-207.259949
-213.708282
-224.301529
-393.390106
-374.022858
-486.329956
-440.357452
-463.431854
-431.554321
-478.653687
-396.371094
-379.183350
-293.537323
-315.222900
-440.281128
-489.136108
-457.713135
-244.469101
-282.652100
-293.529999
-343.096252
-302.108582
-247.587036
-134.077271
-137.116013
-284.734253
-281.629272
-511.894257
-669.496277
-1062.053833
-1196.675659
-1431.368896
-1595.370972
-1685.123657
-1391.294800
-77.617882
-185.585892
-127.352432
-140.771652
-272.730530
-246.720291
-197.231781
-192.222122
-333.782471
-398.390106
-393.948425
-254.669739
-295.630676
-325.011688
-290.903625
-535.354431
-500.074280
-414.726318
-453.274109
-443.788757
-527.728943
-504.814545
-513.219604
-513.950928
-317.992767
-280.147064
-220.407242
-32.702690
-19.910990
28.427000
14.175906
-103.635948
-381.024506
-381.106384
-507.194763
-482.268799
-480.255157
-462.673462
-517.595703
-438.188263
-422.371765
-353.186554
-361.748871
-463.651459
-519.780884
-520.409668
-244.688690
-308.268341
-362.376343
-429.196686
-372.655212
-303.116211
-121.911354
-77.018578
-183.058029
-138.496231
-363.149109
-476.316437
-926.488586
-997.631409
-1309.703369
-1517.627441
-1504.453247
-1236.928955
-38.780964
-116.583549
-87.242043
-96.527809
-251.193054
-214.801270
-185.336975
-186.524139
-327.394226
-410.371674
-292.635193
-128.590332
-121.618759
-171.051651
-104.993645
-318.102417
-208.579041
-129.083313
-139.298340
-76.602493
-216.385529
-228.250183
-213.380630
-219.650986
-57.602257
-38.999344
25.639286
148.476013
144.336777
180.897842
174.927475
-12.640981
-351.906372
-364.217407
-463.958099
-461.191315
-441.727356
-447.020355
-503.790833
-437.199768
-413.551941
-376.019867
-369.224487
-434.622711
-504.265167
-541.452698
-227.266342
-316.501282
-398.327118
-466.878693
-404.132568
-335.985382
-120.136429
-29.879671
-82.010429
-21.040878
-205.939026
-261.855621
-722.266479
-700.304626
-1061.065308
-1278.752563
-1162.661621
-947.534241
-3.093862
-49.004730
-51.925140
-51.538158
-201.431961
-165.863663
-144.171707
-158.499756
-289.179749
-402.183350
-200.262772
-26.224895
16.658068
-41.122276
47.844955
-128.283524
42.324638
99.210060
114.075172
220.374878
51.482941
11.603715
43.366295
29.132296
139.406128
132.578186
203.147659
257.137573
245.281036
260.807648
279.862030
68.166733
-276.769165
-287.929596
-360.093414
-375.451355
-342.551208
-363.432343
-418.581726
-380.832153
-349.592163
-341.410553
-322.237823
-349.814362
-442.752472
-507.169281
-196.524216
-293.441681
-389.767670
-442.942963
-394.577667
-333.150177
-101.793068
11.874296
9.076420
60.258381
-72.258820
-76.362473
-504.169586
-373.410583
-736.912354
-933.751587
-723.024170
-594.209900
23.255262
9.223347
-16.718517
-4.487711
-133.156143
-106.418762
-95.606255
-117.661095
-225.409286
-342.269958
-111.429184
44.573864
108.156364
52.624565
148.707001
26.291706
220.679977
251.494629
275.030670
391.831970
231.155273
177.612320
215.913681
194.959259
255.822281
227.207809
295.217712
292.036224
280.814575
279.052216
315.947479
118.543663
-185.681549
-192.297226
-228.793961
-260.504272
-218.153732
-246.655960
-290.817963
-287.391296
-258.175385
-271.632874
-245.858719
-238.689499
-331.090851
-410.322052
-144.332809
-236.382690
-328.839691
-355.636047
-324.017059
-275.727661
-60.224072
48.723579
80.177177
118.606468
49.530922
85.534592
-258.429901
-70.612091
-381.191528
-537.045776
-287.014374
-241.663010
