/Real_Ip1_1
1
Ip
7799.704102
7724.833008
7757.744629
7674.522949
7476.792480
7381.753418
7380.350098
7201.033203
6997.313965
6733.702148
7006.159180
6943.705078
6974.917969
6952.240234
6958.747070
7005.651855
6968.570312
6836.922852
6999.180664
6772.852539
6733.702148
6733.702148
6628.236328
6371.147949
6206.023438
5950.493164
5767.003906
6130.185059
6193.930664
6314.561523
6604.724121
6949.472656
6930.766602
6963.442871
7652.351562
7831.699219
7960.852539
8023.000000
7998.614258
8042.825684
8182.428711
8240.927734
8351.326172
8389.255859
8390.592773
8380.469727
8242.212891
8279.513672
8403.020508
8440.103516
8412.543945
8467.230469
8467.840820
8590.716797
8573.700195
8339.572266
8257.013672
8328.626953
8294.511719
8142.759277
8070.285156
7910.075195
8067.143066
8095.439941
7783.062012
7797.771973
7668.504883
7662.794922
7479.232422
7537.699707
7373.044922
7364.089355
7302.524902
7208.764648
7192.861816
7217.785156
7120.392578
7039.253906
7028.027344
6998.966309
6943.494141
6978.783691
6892.914062
6873.632812
6958.756348
6863.771484
6928.925781
6733.702148
6335.626465
5832.523926
5631.157227
5905.946777
6136.535645
6436.735840
6667.697754
6939.875977
6961.901855
7296.056152
7500.840332
7819.921387
7998.474609
8250.959961
8326.947266
8428.794922
8548.204102
8505.886719
8654.485352
8478.434570
8543.480469
8458.732422
8334.454102
8430.366211
8428.379883
8503.411133
8689.252930
8653.302734
8510.913086
8531.036133
8546.245117
8530.135742
8478.671875
8542.407227
8432.583984
8357.617188
8328.750977
8308.587891
8359.191406
8403.760742
7341.660645
7271.989258
7237.381836
7238.609863
7177.281738
7312.800781
7176.004883
7108.294434
7196.308105
6893.449219
6733.702148
6733.702148
6502.676270
6485.593262
6494.995117
6402.090332
6315.630859
6320.222656
6527.547363
6467.001953
6551.051758
6733.702148
6739.826172
6766.434082
6733.702148
5706.248535
5767.215820
5957.001953
6135.733398
6742.664062
6938.733398
7472.549805
8008.832520
8042.644531
8070.399902
8220.920898
8263.968750
8360.520508
8401.023438
8618.654297
8557.776367
8712.883789
8690.091797
8670.908203
8455.849609
8474.685547
8559.527344
8507.301758
8532.155273
8694.921875
8802.094727
8825.307617
8801.988281
8755.713867
8682.153320
8692.217773
8645.409180
8497.581055
8454.153320
8515.757812
8675.363281
8772.281250
8652.875977
8635.710938
6742.472168
6727.525391
6663.401367
6518.259766
6509.056641
6563.187012
6504.247559
6203.873535
6281.353516
6074.926270
5886.450195
5986.745605
6066.416016
6185.250977
5963.004883
5967.528809
5834.663574
5777.032715
6029.173828
6197.355957
6256.764648
6253.197754
5985.682129
5842.640137
6013.692871
5747.158203
5851.207520
5979.314941
6325.210938
6778.890625
7177.222656
7386.066895
7510.913086
7714.724121
7893.460938
8076.782227
8122.210449
8248.337891
8338.632812
8333.992188
8450.787109
8551.441406
8726.727539
8842.958984
8718.335938
8686.485352
8697.699219
8761.064453
8813.030273
8905.496094
8862.399414
8757.254883
8744.208008
8750.559570
8773.950195
8677.545898
8762.943359
8831.276367
8790.554688
8711.536133
8699.459961
8743.925781
8739.781250
8721.979492
6645.295410
6485.898438
6426.256348
6333.675781
6167.972656
6104.021484
6025.015625
5945.202148
5787.343262
5680.650879
5588.440918
5632.547852
5689.016113
5797.108887
5598.843262
5517.585449
5448.819336
5541.139160
5929.782227
6091.900391
5977.945801
6018.890137
5830.969238
5801.577637
5821.424805
5905.339355
6258.332520
6313.252930
7125.760742
7138.973633
7270.541016
7338.248535
7383.647461
7526.099609
7758.762695
7921.070312
8068.771973
8139.372559
8370.859375
8466.901367
8463.149414
8694.695312
8733.359375
8732.782227
8688.720703
8724.572266
8778.297852
8718.959961
8817.543945
8809.524414
8787.858398
8799.338867
8755.725586
8744.540039
8664.969727
8726.963867
8776.970703
8783.745117
8770.372070
8799.742188
8827.208008
8705.532227
8824.100586
8807.815430
6518.465332
6419.350586
6329.100098
6333.053223
6106.872559
5839.360352
5816.111816
5745.249023
5527.001465
5753.412598
5462.512207
5396.612305
5532.724609
5453.198730
5472.561523
5441.785645
5548.558594
5609.775879
5771.604492
6052.673828
5939.382812
6001.551270
5903.930664
6097.270508
6152.673340
6491.763672
6617.070312
6994.876953
7060.539062
7050.623535
7233.959473
7430.460938
7595.480957
7843.576172
7775.224609
7803.918945
8039.223145
8214.531250
8327.652344
8532.335938
8663.238281
8699.535156
8709.625977
8755.848633
8804.650391
8816.378906
8788.156250
8803.955078
8846.766602
8818.526367
8780.879883
8612.715820
8573.558594
8691.774414
8774.278320
8815.761719
8828.373047
8740.814453
8820.045898
8751.646484
8813.285156
8803.093750
8804.575195
8824.752930
6733.702148
6913.952148
6476.783203
6322.825195
6072.681152
5880.832031
5686.395508
5645.866211
5533.712402
5464.328125
5399.299316
5461.908691
5409.691895
5616.338867
5630.019043
5513.560059
5786.545410
5721.138672
6038.629883
6089.099609
6111.171387
6077.733887
6153.686523
6361.248535
6523.299316
6726.044434
7144.060059
7108.301758
7306.722168
7340.375977
7354.721680
7489.570312
7575.684570
7519.484375
7623.732910
7618.772461
7795.886719
7947.008789
8112.049805
8276.673828
8396.759766
8385.912109
8427.501953
8618.415039
8459.234375
8485.326172
8514.234375
8521.854492
8674.515625
8694.081055
8703.472656
8541.075195
8605.843750
8447.947266
8550.278320
8609.516602
8494.512695
8546.505859
8685.457031
8662.907227
8677.593750
8695.676758
8624.851562
8694.729492
6986.801758
6943.556152
6733.702148
6733.702148
6384.336426
6172.279297
5824.909180
5873.943848
5635.989746
5704.634277
5538.257812
5515.507812
5664.395020
5522.212891
5914.639160
5783.324219
5649.606934
5807.821289
5982.461426
6226.302246
6279.167969
6578.722656
6594.352051
6888.026855
6861.887207
7038.252441
7080.096680
7176.622559
7324.018066
7364.264160
7569.253418
7814.382324
7723.906738
7741.788086
7799.511230
7821.446777
7923.619629
8065.343262
8077.956543
8240.668945
8217.937500
8106.172363
8215.261719
8473.539062
8443.233398
8458.294922
8628.463867
8693.241211
8753.464844
8743.144531
8732.403320
8770.842773
8772.445312
8659.931641
8677.310547
8661.918945
8622.156250
8641.615234
8671.377930
8627.833008
8695.504883
8684.351562
8666.152344
8538.035156
7340.565430
7323.041504
7317.729004
7110.045898
6805.620117
6292.781250
6009.695312
5863.961914
5759.091309
5866.062012
6009.784668
5610.644043
5578.780273
5654.145996
5678.896484
5820.784180
6067.142090
5870.390625
6134.463867
6417.837891
6605.312012
6695.131836
6769.120605
7356.002930
7361.305176
7307.502930
7328.092285
7284.753906
7297.903320
7347.010254
7383.047852
7313.150879
7478.221680
7753.966797
7771.262695
7877.979980
7907.243652
7923.599121
7919.353027
7938.120117
8089.068359
8133.600586
8183.922852
8188.648926
8245.361328
8332.147461
8405.650391
8352.829102
8425.783203
8621.802734
8653.066406
8731.001953
8803.047852
8824.728516
8716.498047
8770.671875
8723.987305
8749.060547
8679.896484
8684.224609
8649.917969
8507.870117
8479.264648
8593.387695
7369.289062
7273.614746
6816.446777
6994.289062
6987.555176
6768.065918
6470.699707
6200.089844
6150.150391
6124.836914
6139.800781
5890.683105
5767.717773
5767.819824
5989.574707
6043.962891
6114.496094
6267.685547
6790.536621
6976.218750
7029.153809
7328.593750
7379.350098
7370.490234
7376.819336
7381.319336
7403.599121
7373.008789
7298.472656
7413.417480
7481.627441
7493.792480
7443.185547
7519.899414
7561.025879
7731.731934
7812.440430
7657.569824
7713.322754
7699.133789
7473.928711
7494.904297
7619.165039
7827.329590
7966.058594
8230.921875
8360.573242
8343.384766
8319.349609
8452.291992
8542.483398
8698.060547
8538.679688
8522.586914
8489.118164
8667.998047
8687.820312
8683.398438
8821.904297
8755.421875
8756.035156
8738.418945
8741.180664
8663.661133
7341.695801
7414.296387
7300.090820
7133.685059
7236.139160
7171.420898
7111.498535
6885.441406
6905.750000
6885.067871
6774.088867
6733.702148
6733.702148
6733.702148
6733.702148
6459.826172
6472.698730
6733.702148
6815.206055
7034.720215
7113.265625
7269.624023
7383.911133
7338.563965
7293.314453
7397.372070
7511.841797
7411.893555
7439.618652
7508.157227
7672.791992
7813.954590
7773.519531
7836.058594
7776.497559
7828.399414
7817.485840
7803.644043
7905.450684
7825.764648
7812.900879
7763.538086
7837.950195
7961.298828
8190.124512
8119.289062
8158.979980
8202.905273
8368.924805
8439.473633
8462.498047
8500.242188
8442.059570
8478.061523
8462.731445
8585.683594
8672.616211
8625.708984
8471.949219
8498.661133
8648.086914
8590.365234
8594.012695
8664.732422
7361.396973
7236.314453
7144.591797
7033.421387
7024.902344
7073.343750
7217.942871
7050.990723
7128.491211
7069.041504
7002.062012
6733.702148
6900.475098
6799.653320
6957.007812
7080.066406
6867.802246
7076.347168
7104.252930
7334.047363
7332.153320
7301.188965
7318.247070
7372.179688
7305.321777
7309.008789
7342.432129
7412.914551
7413.873047
7455.060547
7447.712891
7792.378418
7773.811523
7728.826660
7732.404785
7758.667480
7804.972168
7960.210449
8054.255371
8034.522949
8199.944336
8103.543457
8143.093262
8136.230957
8168.480957
8093.474609
8224.921875
8221.042969
8355.433594
8380.601562
8541.841797
8371.581055
8383.315430
8313.724609
8340.486328
8289.823242
8336.565430
8345.682617
8301.264648
8409.749023
8435.023438
8504.541016
8475.111328
8678.911133
7310.827637
7258.428223
7134.066895
7002.270020
7069.283203
7007.356934
7058.892090
7062.556152
6932.094727
6887.756836
6941.109863
6860.220215
6896.640625
6985.708496
7070.475098
7123.820801
7084.565918
7226.386230
7236.277832
7313.110352
7316.500977
7370.795898
7318.877930
7307.936035
7308.759766
7267.616699
7286.703613
7402.579102
7501.313965
7656.310547
7578.231445
7700.356445
7749.567871
7686.312012
7724.267578
7836.326660
8028.328125
7983.930664
8044.213379
8029.065918
8033.661133
8017.361328
8107.408691
8206.853516
8038.243652
8018.098145
7882.079102
8048.983887
8176.742676
8280.672852
8238.955078
8290.152344
8455.982422
8645.764648
8503.033203
8444.080078
8366.240234
8491.653320
8375.894531
8359.741211
8376.259766
8475.385742
8326.593750
8368.898438
7418.091797
7326.422363
7218.901855
7032.707031
7057.929688
6808.859863
6733.702148
6761.228027
6924.107910
6860.613281
6987.584473
7090.642578
7028.255859
7055.827637
7023.346191
7040.356445
7081.125488
7184.683105
7155.669922
7336.583496
7333.305176
7316.873047
7299.433105
7400.844238
7313.711914
7286.867676
7376.713867
7392.533203
7461.365723
7511.912598
7614.053711
7736.179688
7765.411621
7723.541504
7739.113281
7825.022949
7979.037109
7954.217773
8070.045410
8042.255859
8218.398438
8387.429688
8304.967773
8251.518555
8225.210938
8245.504883
8118.686523
8166.898926
8166.863281
8317.442383
8300.468750
8351.005859
8335.066406
8358.439453
8296.707031
8378.164062
8466.177734
8662.322266
8397.869141
8356.596680
8363.538086
8370.231445
8393.783203
8326.748047
7349.841797
7363.145020
7308.219727
7294.966797
7307.610840
7174.880371
7022.636719
6934.176270
6852.848145
6733.702148
6854.205078
7042.966797
7188.070801
7109.810547
7127.874023
7255.288086
7079.062988
7161.895508
7045.170898
7179.353516
7200.408691
7206.868164
7124.355469
7093.271973
7173.620605
7067.947754
7177.643555
7285.442383
7302.604980
7383.657227
7513.828613
7585.564453
7653.155273
7760.587402
7818.909180
7723.273926
7836.817871
7865.682617
8021.744629
8052.865234
8119.054688
8279.370117
8351.446289
8501.423828
8389.125000
8325.206055
8260.975586
8356.421875
8291.720703
8109.553711
8236.974609
8371.039062
8453.541016
8458.440430
8347.782227
8461.124023
8349.665039
8437.730469
8550.168945
8533.226562
8566.588867
8643.000977
8444.320312
8465.140625
7249.193848
7128.349609
7118.933105
7011.946289
6902.396973
6733.702148
6733.702148
7020.555664
6811.801270
6733.702148
6733.702148
7030.113281
6901.695801
6898.095703
6882.774414
6733.702148
6894.463379
6800.820312
6796.664062
6778.160645
6805.770996
6955.576172
6853.951172
7067.821777
7182.528809
7236.113770
7317.155273
7315.268555
7283.517578
7130.529297
7488.280762
7704.884277
7701.561523
7855.766113
7854.747559
7942.611816
7968.852539
7936.702148
7985.911133
8006.424805
8199.804688
8260.451172
8274.525391
8288.890625
8350.855469
8417.314453
8362.876953
8360.193359
8368.985352
8316.222656
8286.615234
8270.630859
8396.058594
8390.407227
8365.047852
8330.714844
8287.172852
8241.246094
8301.197266
8423.194336
8525.697266
8529.016602
8614.722656
8630.326172
6490.695801
6427.991699
6403.276367
6246.332031
6290.268555
6346.102539
6733.702148
6864.132324
6733.702148
6242.009277
6127.928223
6121.702148
6133.701172
6182.998047
6138.115234
6119.470215
6199.303711
6458.087402
6497.135742
6952.263184
6733.702148
6733.702148
6976.177246
6733.702148
6733.702148
6880.889160
6988.386719
6850.558594
6786.133789
6934.129883
7085.892578
7284.662598
7441.119141
7495.006348
7561.954590
7644.616699
7858.256836
7943.944336
7933.803711
7968.419434
8025.864746
8124.207520
8130.473633
8226.458984
8279.050781
8262.649414
8307.084961
8305.602539
8283.638672
8266.059570
8198.042969
8286.516602
8236.050781
8233.949219
8225.002930
8241.292969
8254.815430
8436.356445
8463.352539
8469.374023
8433.507812
8639.949219
8509.122070
8615.531250
6271.864258
6125.772461
5686.869141
5622.163574
5797.210449
5972.769043
6112.812500
6261.307129
6023.721680
5789.877441
5618.622559
5862.404297
5658.737305
5654.048828
5867.792480
5732.500977
5882.481445
6051.348145
6045.119141
6079.708008
5836.623535
5614.813477
5621.668945
5644.449707
5474.533691
5660.291992
6733.702148
6876.842773
7081.565918
6956.407227
6764.090332
6953.137207
7058.526367
7203.359863
7155.587891
7316.334961
7375.270020
7505.082520
7514.154785
7558.213379
7802.126953
7759.235840
7806.205566
7936.402344
8021.230957
8026.776367
8046.879395
8114.335449
8105.215332
8163.481445
8063.036621
8037.759766
8020.018066
7874.723145
7971.359863
7990.552734
8168.385742
8273.416992
8387.858398
8472.524414
8423.631836
8421.670898
8418.411133
8621.160156
5826.099121
5633.675781
5347.988281
5221.867188
5324.023926
5491.188965
5531.016602
6173.758789
5889.427246
5452.888184
5220.098145
5418.040527
5247.039062
5302.848633
5350.842773
5318.656738
5473.714844
5878.284668
5666.389648
5520.751953
5339.866699
5181.659180
5181.494629
5147.768066
5539.022461
6733.702148
7015.972168
7043.870117
6602.705566
6226.656738
6400.000000
6455.181641
6426.628906
6535.818848
6704.805176
6937.890625
7040.722656
6925.445801
6963.284180
6965.687988
7409.666016
7456.602051
7533.376953
7783.673340
7944.441895
7988.454590
8120.375000
8076.333496
8250.062500
8115.190430
8232.859375
8084.272461
8029.875000
8096.986816
8066.422852
8255.248047
8338.171875
8247.310547
8331.046875
8316.265625
8331.450195
8280.391602
8142.693848
8275.635742
5771.485352
5519.529785
5451.973145
5144.395508
5243.166504
5088.765625
5172.701172
5404.665039
5347.770996
5202.810059
5017.023926
5009.123535
4982.682617
5092.493164
5054.397461
5114.462891
5148.913574
5254.374512
5190.106445
5192.842285
5021.836426
4851.910645
4802.219727
5113.744141
5233.310547
5563.633789
5967.163574
6060.403809
6016.300781
5997.418457
6014.644531
6128.261719
6172.438965
6160.099121
6248.608887
6439.306641
6584.030762
6717.354492
6915.611328
7187.255371
7411.082520
7530.583984
7649.933594
7957.110840
8032.582520
8127.859863
8125.520020
8220.201172
8146.979004
8089.439453
8098.221680
8038.257812
8061.216309
8166.422852
8308.171875
8348.604492
8349.554688
8222.105469
8216.119141
8232.501953
8226.084961
8170.870605
8110.489258
8193.108398
5795.247559
5442.933594
5272.480469
5197.415039
4907.174805
4762.651367
4839.878418
5050.570801
5145.623535
4998.719238
5071.912598
4722.578125
4892.331055
4747.942871
4971.842285
5094.517090
5076.432129
4827.821777
5013.367676
4837.313965
4789.839355
4710.976074
4839.375488
4896.412598
4946.317871
5221.404297
5622.750000
5810.687012
5674.937012
6013.844727
5913.591309
5989.531250
5934.936035
6049.974121
6054.803711
6273.767090
6740.497070
6788.356934
6965.687988
7270.912598
7542.495605
7721.179199
7978.641113
8124.876953
8256.795898
8358.425781
8315.108398
8277.794922
8318.238281
8275.513672
8245.741211
8266.675781
8147.056641
8156.199219
8253.114258
8239.208984
8262.958008
8318.190430
8321.454102
8245.517578
8134.918945
8004.922852
8058.619141
8120.255859
5992.249512
5617.754395
5255.529297
5126.391113
4946.330078
4882.507812
4719.117676
4756.711914
4962.006836
4687.523438
4556.327148
4493.223633
4604.437500
4645.657227
4638.726562
4785.249023
4866.249023
5147.809082
5279.584961
5205.416992
4859.932129
4753.131348
4868.955566
4877.568359
5182.959473
5474.015625
5638.282227
5957.552246
5900.365234
5948.256348
5954.838867
6042.822266
5858.617676
5963.423828
6134.359375
6414.047852
6895.291992
7071.729004
7524.099121
7822.948242
7931.489746
8039.044434
8180.574707
8325.684570
8437.625977
8488.172852
8442.939453
8485.042969
8441.063477
8471.556641
8472.428711
8377.076172
8320.420898
8287.046875
8290.466797
8382.625977
8293.365234
8331.431641
8373.117188
8437.643555
8225.373047
8075.151367
8135.901855
8242.503906
6103.703613
5787.448242
5357.134277
5174.074219
5235.375488
4686.648926
4559.008789
4594.762207
4559.075195
4585.875977
4492.487793
4492.487793
4492.487793
4514.375000
4738.251953
4654.158691
4868.827148
5682.616699
6138.611328
5778.175293
5168.504395
5154.718750
5094.159180
5369.834473
5342.386719
5615.863281
5972.530762
6056.388672
6230.395996
6093.834961
6193.831055
6055.804199
6095.464355
6148.261230
6388.779297
6881.341797
7290.295410
7691.123047
7960.741699
8138.060547
8245.613281
8290.778320
8410.107422
8436.437500
8555.204102
8589.598633
8637.793945
8580.777344
8697.506836
8723.758789
8623.258789
8355.658203
8240.046875
8261.295898
8266.238281
8233.882812
8305.229492
8362.673828
8350.845703
8282.274414
8255.479492
8205.184570
8296.149414
8367.118164
6400.139648
6195.656738
5640.860840
5182.748535
4958.805176
4591.077637
4492.487793
4492.487793
4611.506836
4717.110840
4498.941895
4558.205566
4492.487793
4522.862305
4492.487793
4588.886719
5011.920410
6733.702148
6878.276367
6733.702148
5249.012207
5132.414062
5168.971191
5467.926270
5804.602539
6092.727051
6197.508789
6453.605957
6402.921875
6449.459961
6374.554688
6438.469238
6437.354004
6589.618652
6825.814941
7295.411621
7634.377441
7860.843750
8077.013672
8217.869141
8320.272461
8331.708008
8402.644531
8405.835938
8558.231445
8494.622070
8476.592773
8430.178711
8406.318359
8346.652344
8301.958984
8321.154297
8460.412109
8447.123047
8509.614258
8420.976562
8474.192383
8372.161133
8496.046875
8343.648438
8237.868164
8428.550781
8381.878906
8411.961914
6829.586426
6733.702148
5813.425781
5071.907715
4764.359375
4532.073730
4528.007324
4599.208008
4492.487793
4609.631348
4492.487793
4625.484375
4492.487793
4514.796387
4492.487793
4492.487793
4673.675781
5508.885254
5842.531250
5954.434570
5653.140625
5344.534180
5510.317871
5840.674805
6144.022949
6277.910156
6620.101074
6847.045410
6668.495117
6640.568848
6796.998535
6949.603516
6853.339355
7286.897461
7416.881836
7605.394043
7800.367188
7925.782715
7876.333984
7897.278809
7972.696289
8221.306641
8181.031250
8282.932617
8416.859375
8391.845703
8381.003906
8480.850586
8546.690430
8515.447266
8547.144531
8435.110352
8360.761719
8461.235352
8553.520508
8383.730469
8392.774414
8362.413086
8472.548828
8577.012695
8466.489258
8467.535156
8448.358398
8462.598633
6378.483398
6067.454102
5533.884277
5058.326172
4631.094238
4539.586914
4526.816406
4492.487793
4530.444824
4492.487793
4492.487793
4606.753418
4492.487793
4597.719727
4536.595703
4492.487793
4652.539551
4748.172363
5178.152344
5387.743164
5499.296875
5470.012207
5637.626465
6175.534180
6733.702148
6843.168945
7076.766602
6740.130371
7002.296875
7078.739258
7333.238281
7472.778809
7462.381836
7549.646973
7678.468750
7764.364746
7945.560547
7875.474121
7849.741211
8031.853516
8084.610352
8047.082031
8207.750977
8305.638672
8329.104492
8446.625977
8378.580078
8339.911133
8268.681641
8269.159180
8397.956055
8334.745117
8275.074219
8246.024414
8266.530273
8332.574219
8355.882812
8427.095703
8320.586914
8273.230469
8315.379883
8244.775391
8086.604492
8120.005859
6117.147949
5672.303223
5275.650391
4975.671387
4606.429688
4496.281738
4500.523926
4600.734375
4537.468262
4492.487793
4546.429199
4494.991211
4492.487793
4492.487793
4625.978516
4492.561523
4633.323730
4774.556641
5110.357422
5223.097168
5451.414551
5617.781738
6005.859375
6789.434082
6733.702148
6937.695312
7194.647461
7333.071777
7504.118652
7674.797363
7794.368652
7815.411621
7881.256836
7835.044434
7899.707520
7907.251465
7953.768555
8069.822754
8086.628418
8090.721680
8074.693848
8112.814941
8128.539551
8260.328125
8192.013672
8193.935547
8153.256836
8168.680664
8089.858398
8151.195801
8244.237305
8238.818359
8042.540527
8256.391602
8372.951172
8248.871094
8155.416504
8036.466797
8031.829102
7964.208984
7895.129395
7979.421387
7961.891602
8053.851562
5850.694824
5454.132812
5196.781738
4892.456543
4577.535645
4525.770996
4492.487793
4525.980469
4585.696777
4603.614258
4574.911621
4492.487793
4551.877441
4492.487793
4517.926270
4492.487793
4704.130859
4943.252441
5328.484863
5239.653320
5471.660645
5833.441895
6122.854492
6815.966309
7125.807617
7033.096680
7102.048828
7391.450195
7631.020020
7817.519531
7983.017578
7881.414062
8015.178711
7834.010254
7782.229492
7582.051758
7583.868164
7633.519531
7771.162598
7686.747559
7802.604492
7846.951172
7863.991211
7912.138672
7764.181152
7714.665039
7727.370605
7644.401855
7771.887695
7943.982422
8085.231934
7950.750977
7774.618652
7781.658691
7641.651855
7501.726074
7538.892578
7646.241699
7738.238770
7645.396973
7528.177734
7630.914062
7770.452148
7789.384766
5817.792480
5354.003906
5035.263184
4670.086426
4504.178223
4545.420898
4492.487793
4494.491211
4536.809082
4573.158203
4492.487793
4510.949707
4492.487793
4494.964355
4502.104004
4725.367676
5131.778809
5139.680664
5309.732910
5581.870605
5928.443848
6019.868164
6733.702148
6733.702148
6806.531738
7003.001465
7158.974121
7481.175781
7801.991699
7816.852051
7955.957031
8034.174316
8047.891113
7953.699219
7751.921875
6965.687988
6965.687988
6899.962891
6965.687988
6961.333008
6810.192871
6965.687988
7336.200684
7277.069336
7205.543457
7124.533203
6965.687988
6965.687988
6958.776855
7058.891602
7100.534180
7232.469727
6965.687988
6898.490234
6876.344727
6855.560547
6922.316895
6839.830566
6965.687988
6952.927734
7042.258301
7274.628906
7155.854004
7251.245605
5560.545410
5412.898438
4970.110352
4844.660645
4633.452148
4562.509277
4533.408691
4492.487793
4492.487793
4521.096191
4492.487793
4545.691895
4492.487793
4586.232910
4980.620605
5053.363770
5101.692871
5200.899902
5526.092285
5916.954590
6864.999023
6733.702148
7017.521484
7202.253906
7406.132324
7504.960449
7618.608398
7755.811523
7792.511230
7817.172363
7992.645996
8156.935059
8096.512695
6965.687988
6817.597656
6807.624023
6965.687988
6813.572754
6965.687988
6922.241699
6707.219238
6707.324219
6758.645996
6854.206543
7007.249023
6905.079102
6782.233887
6850.560547
6695.270508
6706.931152
6961.062988
6716.125977
6808.137207
6869.781738
6927.831543
6876.523926
6925.499512
6965.687988
6636.057617
6650.665039
6829.684570
6942.624512
6911.153809
6702.595215
5446.422363
5189.572754
5058.018555
5059.267578
4881.523926
4666.829102
4510.957031
4492.487793
4643.911133
4514.361816
4540.688477
4737.414062
4601.466309
4787.063965
5041.917480
5451.983887
5468.258789
5638.686523
6041.015625
6733.702148
6900.667480
6948.357422
6995.622070
7138.838867
7343.438477
7410.347168
7450.338379
7565.555664
7721.166992
7747.947754
7777.632324
7825.571777
7555.495117
7303.922852
6965.687988
6871.082031
6714.635254
6642.104980
6635.330078
6568.708496
6609.043945
6651.257812
6865.134277
6686.429688
6720.686035
6736.213379
6965.120117
6737.618652
6610.818359
6724.029785
6639.786621
6507.864258
6715.430176
6965.687988
6680.339844
6502.088379
6558.107422
6668.435059
6609.148926
6486.441406
6580.687988
6707.572754
6944.630859
6631.814941
5276.172852
5322.090820
5112.829102
5132.273438
5149.190430
4903.632324
4731.126953
4781.608398
5009.834961
4748.126953
4843.681152
4903.591309
5070.153809
5077.827148
5309.381348
5557.747559
5725.569336
6018.154785
6733.702148
6733.702148
7012.815430
6862.604980
7025.450195
7195.942871
7068.681152
7247.473145
7355.838379
7494.076660
7671.636719
7688.207520
7617.678223
7666.165039
7608.325684
7468.535645
7468.947266
6965.687988
6748.802246
6760.992188
6484.708496
6514.696289
6729.354492
6695.707520
6753.745605
6723.229980
6793.838867
6776.131836
6904.862793
6825.679199
6703.814941
6965.687988
6586.578613
6382.873047
6579.578125
6573.569824
6471.351562
6516.990234
6339.740723
6315.262207
6403.511230
6434.398438
6422.864746
6632.450195
6608.104980
6510.609375
5366.586426
5563.126465
5433.890137
5213.280273
5119.382812
4994.133301
5025.863770
5104.667969
4953.229004
5111.345703
5115.949707
5229.043457
5307.437988
5541.688477
5635.044434
6035.038086
6251.329590
6733.702148
6733.702148
6864.530762
6903.656250
6854.366699
6954.988770
7228.784668
7283.113281
7264.989746
7369.188965
7446.683594
7452.746582
7507.395508
7439.722656
7580.549316
7716.240723
7488.885254
7436.272949
7244.484863
6947.971191
6638.019043
6452.589844
6446.187988
6527.196289
6620.997559
6957.033203
6910.775879
6666.684570
6704.763184
6965.687988
6721.908691
6602.955078
6647.485352
6401.583984
6276.532227
6409.264648
6402.704590
6447.130859
6363.332520
6562.529297
6196.403320
6369.013672
6640.166992
6570.669922
6665.317871
6553.576660
6490.979492
5537.125488
5518.474121
5711.169922
5372.149902
5194.323730
5169.634277
5170.296387
5217.562988
5159.622559
5326.539551
5701.327637
5638.125000
5633.333984
5903.301270
6207.759277
6733.702148
7000.054688
7044.809082
7039.255859
7026.859375
7037.061523
7090.149902
7270.093262
7320.144531
7291.567871
7299.539062
7368.709473
7336.875000
7305.159668
7377.675293
7341.655273
7353.413086
7407.909668
7263.707520
7079.044434
6972.831543
6759.310059
6716.660156
6541.769531
6479.480469
6742.566406
6595.373535
6697.988770
6700.714844
6597.988770
6719.386719
6704.662598
6602.539062
6575.627930
6342.784668
6435.212891
6307.599121
6357.871582
6486.851074
6674.151855
6481.005371
6283.245605
6443.708496
6544.399414
6965.297852
6595.621582
6462.552246
6499.727539
6523.901367
5850.507324
5859.494629
5708.881348
5585.431152
5631.917969
5426.420410
5510.000488
5406.625000
5489.918457
5680.118652
5841.575684
5983.033691
6209.054199
6473.145020
6962.135254
6989.881836
7242.625000
7318.868652
7344.247559
7327.897461
7271.440430
7312.376465
7261.825195
7352.569824
7355.956543
7416.162598
7365.725098
7323.720215
7309.093262
7277.697754
7310.755371
7392.744629
7307.710938
7199.963379
7103.956055
7048.962891
6917.546387
6733.702148
6566.577148
6600.053223
6481.107910
6615.361328
6547.743652
6510.925293
6596.973145
6687.413086
6757.115234
6454.551758
6369.919922
6514.754395
6224.334961
6275.338867
6223.045898
6317.866699
6571.599609
6519.023926
6323.353027
6324.794434
6514.917969
6610.174316
6645.968750
6461.894531
6432.257812
6662.954102
6073.012695
5978.620605
5940.821289
5767.486328
5615.710938
5573.365234
5616.026855
5808.885254
6108.068359
5948.851562
6158.849121
6305.976562
6733.702148
7054.966309
7155.653320
7284.046387
7213.455566
7346.651367
7420.001953
7335.577148
7372.596680
7319.917480
7371.929199
7397.549316
7443.049316
7517.348633
7317.744629
7218.729004
7082.838379
7144.320312
7114.095703
7270.167969
7240.242676
6983.870117
7098.441895
7252.580566
7075.299316
6845.284668
6704.691406
6572.074707
6627.102539
6426.480469
6470.010742
6481.689941
6638.128418
6933.818848
6785.500977
6463.059082
6336.772461
6241.679688
6326.057617
6241.427246
6400.630859
6447.770020
6638.456543
6965.687988
6535.583984
6696.137695
6494.588867
6502.807129
6435.908203
6424.954590
6307.625488
6433.655273
6386.805664
6500.708008
6189.694336
6148.719238
5981.264648
5840.768555
5899.339355
5968.346680
6210.081543
6229.895996
6500.165039
6733.702148
6960.202637
7017.172363
7197.250977
7326.313965
7340.685059
7456.428711
7445.421387
7376.942871
7388.717285
7407.869629
7333.939941
7337.885254
7312.466309
7220.030762
7258.169922
7312.104492
7141.986816
7243.482422
7298.881348
7355.174805
7356.035645
7298.523926
7073.803711
7155.269043
7154.054199
7147.987305
7055.999023
6815.360840
6752.643066
6629.325195
6540.795410
6641.806152
6765.027832
6793.139648
6777.507812
6505.316895
6598.937500
6344.169434
6497.345703
6437.144531
6691.672852
6526.773438
6629.373047
6710.864258
6718.004883
6587.570312
6487.488770
6697.176270
6520.801758
6445.502441
6409.837891
6331.467285
6850.727539
6625.811035
6564.438477
6627.349121
6348.834961
6283.413086
6293.568848
6525.429688
6869.298828
6733.702148
6902.237305
6850.053711
7058.193359
7187.656738
7075.516113
7105.302734
7297.906738
7355.160156
7323.355957
7370.949707
7270.178223
7271.628418
7240.538574
7088.140137
7204.567871
7246.383789
7212.853516
7309.296875
7314.899414
7294.474609
7319.074707
7418.519531
7421.426270
7284.220215
7373.078125
7446.008301
7464.484375
7466.222656
7347.969238
7243.585449
6864.746094
6804.322266
6898.745605
6965.687988
6965.687988
6965.687988
6721.908691
6705.479492
6637.228516
6730.217773
6827.951660
6846.241211
6808.796387
6848.163086
6935.046875
6956.982422
6948.486816
6700.697266
6630.327148
6676.406250
6891.043457
6628.757324
6573.022461
6271.215332
6965.687988
6944.334961
6873.343750
6770.741699
6728.801270
7084.381348
6942.086426
6723.618164
6917.416992
7070.504883
7140.200195
7012.775879
7125.785156
7134.178223
7086.853027
7314.836914
7316.393555
7312.818848
7350.679688
7390.307129
7348.440430
7413.414062
7351.536621
7252.406738
7140.838867
7074.584473
7049.771484
7246.902344
7321.288574
7595.386719
7518.333008
7555.656738
7620.072754
7522.694336
7549.243652
7788.047852
7816.420410
7820.081543
7647.501465
7527.256836
7438.423340
7395.844727
7331.065430
7313.183105
7406.769043
7480.367676
7304.136719
6905.100098
6965.687988
6965.687988
7399.758789
7474.420898
7666.791016
7345.068848
6964.503418
6959.371582
6838.055664
6941.747070
6908.190430
6727.221191
6705.611816
6712.281250
6536.442383
6401.125977
7433.557129
7467.351562
7486.370117
7480.618652
7352.296875
7310.344727
7324.043457
7361.182617
7411.771484
7337.557617
7299.876465
7367.367676
7445.540039
7451.156250
7515.430664
7556.061035
7547.437012
7475.814941
7614.801270
7656.741211
7672.495605
7643.640137
7522.123047
7437.514648
7489.073242
7547.240723
7584.556152
7577.212402
7673.501465
7631.772461
7686.538574
7648.086426
7702.862793
7673.625977
7756.116211
7912.312500
7950.633789
8019.946777
7968.488281
7921.522461
7868.802734
7836.099609
7950.942871
7815.251465
7724.960449
7645.604980
7689.463379
7502.393555
7549.118164
7656.515625
7724.982910
7832.274902
7795.079102
7829.227539
7818.012695
7671.170898
7500.121094
7365.550781
7335.143066
7215.426270
6965.687988
6655.606445
6632.590820
6488.230469
7673.542969
7773.691406
7898.416504
7726.353516
7658.830566
7537.009766
7710.447754
7694.310059
7734.270996
7680.004395
7600.412598
7537.389648
7625.116699
7597.663574
7712.417480
7794.749512
7739.588867
7764.165039
7917.687500
7993.277344
7970.066406
7946.364258
7986.824219
7966.706543
7898.698730
7870.766113
7809.815430
7930.598145
7817.900391
7859.147461
7953.073242
7962.540039
7931.165527
7941.225098
8014.217285
8043.608887
8043.674316
8128.781738
8065.806641
8207.969727
8157.777832
8130.787598
8193.226562
8114.529785
8102.846680
8113.746094
8101.946289
8010.877930
8035.676270
8137.143066
8178.618652
8177.051758
8183.627930
8153.692871
7964.878418
7908.814453
7797.296387
7736.290527
7533.917969
7395.385254
7079.449219
6965.687988
6965.687988
6687.585449
8128.525391
8102.772461
8119.842285
7972.660645
8022.050781
7994.304199
7991.906250
8016.254395
7964.743164
7838.864746
7780.587891
7732.517090
7791.397461
7874.269043
7769.032715
7707.688965
7741.825684
7863.750977
7883.771973
7849.444824
8007.108398
8064.636719
8137.788574
8187.291504
8233.115234
8216.349609
8190.670898
8144.757324
8176.386230
8074.462891
8150.422363
8243.052734
8256.385742
8188.337891
8134.858398
8267.513672
8261.140625
8247.103516
8233.767578
8249.581055
8247.190430
8386.235352
8383.875977
8381.208984
8344.629883
8336.191406
8253.080078
8214.809570
8211.951172
8220.934570
8245.499023
8269.355469
8230.639648
8326.557617
8259.459961
8221.390625
8014.737305
8035.200684
7941.993164
7959.370605
7824.192871
7528.562012
6961.591797
6965.687988
8270.073242
8213.378906
8136.872070
8216.406250
8223.954102
8123.121094
8101.312500
8127.286621
8087.812500
8025.299316
7936.295898
7946.253906
7984.942383
7988.273438
7910.296387
7917.502441
7958.359375
7934.743652
7896.721191
7982.581055
8042.626465
8010.373535
8068.443848
8219.638672
8329.793945
8208.651367
8246.271484
8260.059570
8268.194336
8287.890625
8382.191406
8444.101562
8402.301758
8348.808594
8479.542969
8395.493164
8474.834961
8364.698242
8317.264648
8249.060547
8317.810547
8347.977539
8419.146484
8497.180664
8638.794922
8577.197266
8629.914062
8618.772461
8461.781250
8445.966797
8531.261719
8478.448242
8433.853516
8460.744141
8393.746094
8430.316406
8492.104492
8357.901367
8307.135742
8363.207031
8240.877930
8125.310547
8183.777832
8119.870605
8209.539062
8289.403320
8292.682617
8200.205078
8357.791016
8271.784180
8260.513672
8239.627930
8133.436523
8072.478027
7986.269531
7797.811523
7649.571289
7681.926270
7816.034668
7905.850586
7973.319336
7937.837402
7944.900391
7917.300293
7963.312988
8002.394043
8074.404785
8186.330078
8146.263184
8210.672852
8251.928711
8365.459961
8369.488281
8399.099609
8459.755859
8564.154297
8657.339844
8697.327148
8623.548828
8526.026367
8610.320312
8527.083984
8458.011719
8443.943359
8507.897461
8687.176758
8798.671875
8790.982422
8680.586914
8640.375977
8452.682617
8376.436523
8378.545898
8265.960938
8468.185547
8490.958008
8628.959961
8486.390625
8496.525391
8453.640625
8598.555664
8541.749023
8477.986328
8453.982422
8398.083008
8424.552734
8384.861328
8471.987305
8528.821289
8542.284180
8467.232422
8446.119141
8356.108398
8362.993164
8362.804688
8297.074219
8244.750977
8137.520020
8105.633301
7919.433594
7933.239746
7826.583984
7781.916992
7780.038574
7767.072266
7738.566895
7954.391113
8109.960449
8105.933594
8115.276855
8150.255859
8264.616211
8287.424805
8492.341797
8577.940430
8665.388672
8574.541016
8658.942383
8707.698242
8815.391602
8772.226562
8772.386719
8718.577148
8714.746094
8717.027344
8641.849609
8701.967773
8689.815430
8688.348633
8748.357422
8701.912109
8808.380859
8700.572266
8519.342773
8428.891602
8576.737305
8618.508789
8576.394531
8433.578125
8512.105469
8494.655273
8498.265625
8569.592773
8608.220703
8598.820312
8595.217773
8369.234375
8597.408203
8513.708008
8570.759766
8665.914062
8661.536133
8649.792969
8768.438477
8757.413086
8726.165039
8649.056641
8502.488281
8620.365234
8655.334961
8472.437500
8529.986328
8340.916992
8386.766602
8360.699219
8237.729492
8177.665039
8072.196289
8015.820801
8098.450684
8176.553223
8217.586914
8204.062500
8185.346680
8307.802734
8359.204102
8585.916016
8566.460938
8600.825195
8612.783203
8642.991211
8764.852539
8795.316406
8844.708008
8850.484375
8883.791992
8803.712891
8785.393555
8804.174805
8835.336914
8837.908203
8905.048828
8838.335938
8826.952148
8861.375000
8886.332031
8881.396484
8882.766602
8806.333984
8773.765625
8718.034180
8770.814453
8662.744141
8550.049805
8687.393555
8704.530273
8708.384766
8782.850586
8716.321289
8747.691406
8675.175781
8647.437500
8668.656250
8659.061523
8675.451172
8633.351562
8679.802734
8701.673828
8743.537109
8738.750000
8695.655273
8654.701172
8668.173828
8670.378906
8709.375000
8634.063477
8448.383789
8630.437500
8402.818359
8379.526367
8273.784180
8268.061523
8346.708008
8381.861328
8319.294922
8246.656250
8149.550293
8282.516602
8285.739258
8341.174805
8499.710938
8460.629883
8679.471680
8654.999023
8510.724609
8475.532227
8519.219727
8465.584961
8472.343750
8638.385742
8709.697266
8784.364258
8647.041992
8705.699219
8796.922852
8845.558594
8802.433594
8848.872070
8872.022461
8783.631836
8864.132812
8823.395508
8942.439453
8936.168945
8942.727539
8852.954102
8835.517578
8886.114258
8937.720703
8787.166992
8808.762695
8803.274414
8793.343750
8806.007812
8704.500000
8598.619141
8642.176758
8479.041016
8352.346680
8416.078125
8656.573242
8695.623047
8728.269531
8818.088867
8738.496094
8777.457031
8664.426758
8658.696289
8664.234375
8673.170898
8642.614258
8353.636719
8445.884766
8367.000000
8397.674805
8343.008789
8319.666992
8349.719727
8309.482422
8231.382812
8112.547852
8111.492188
8039.949707
8094.313965
8074.502930
8166.278320
8185.594727
8269.812500
8304.946289
8240.772461
8073.095703
8122.162109
8177.723145
8144.161133
8369.014648
8386.722656
8249.820312
8282.582031
8449.490234
8643.591797
8680.687500
8812.946289
8900.072266
8935.062500
8942.727539
8942.727539
8942.727539
8933.333008
8942.727539
8942.375977
8942.727539
8942.727539
8942.727539
8942.727539
8942.727539
8928.032227
8830.079102
8825.756836
8681.176758
8513.860352
8446.504883
8285.630859
8306.514648
8276.713867
8763.933594
8617.706055
8659.825195
8686.271484
8644.979492
8708.991211
8668.225586
8583.333008
8533.282227
8342.178711
8265.573242
8379.138672
8225.128906
8255.378906
8352.858398
8331.607422
8232.407227
8257.681641
8025.286133
7827.130371
7731.169922
7698.404785
7534.140137
7528.340332
7619.497559
7709.800293
7833.428711
7963.608398
7904.519531
7433.560059
6965.687988
6962.125000
6959.882812
6965.687988
6956.849609
6965.687988
6961.722656
6965.687988
7804.026367
8467.819336
8602.866211
8697.567383
8854.229492
8840.708008
8855.333008
8942.727539
8942.727539
8942.727539
8942.416992
8942.727539
8942.727539
8877.959961
8942.727539
8912.593750
8942.727539
8926.082031
8902.027344
8890.294922
8807.857422
8528.772461
8457.965820
8439.718750
8315.859375
8227.560547
8536.750000
8508.701172
8403.569336
8449.784180
8474.504883
8482.598633
8542.240234
8416.198242
8281.121094
8237.614258
8170.520996
8046.627441
8037.402344
7901.234375
7759.835938
6965.687988
6965.687988
6965.372559
6840.039551
6965.687988
6960.920410
6965.687988
6965.687988
6936.395996
6965.687988
6932.642578
6926.340820
6952.301270
6908.782227
6859.037109
6691.047363
6705.980469
6622.241699
6654.769531
6941.670410
6965.687988
6888.970215
7317.534668
7686.207031
7982.269043
8361.609375
8510.917969
8511.735352
8679.528320
8808.381836
8906.391602
8910.787109
8941.632812
8942.727539
8941.800781
8942.407227
8910.445312
8942.727539
8930.280273
8926.895508
8925.663086
8942.727539
8827.276367
8752.184570
8757.933594
8635.111328
8568.889648
8459.151367
8250.353516
8294.123047
8226.588867
8083.782715
8151.625488
8284.860352
8254.693359
8282.251953
8242.875977
8257.139648
8098.148438
8078.716309
7991.113770
7961.751953
7808.355957
7641.050293
7112.303711
6678.570312
6579.128906
6678.633301
6907.205078
6798.880859
6861.833984
6572.897461
6730.731445
6608.325684
6640.068848
6565.791504
6684.793945
6838.205566
6787.254395
6965.687988
6743.402832
6771.048828
6912.423340
7177.270020
7300.153320
7493.539062
7803.386719
8043.086914
8162.627441
8320.400391
8445.361328
8529.528320
8633.429688
8816.295898
8855.146484
8942.727539
8942.727539
8942.727539
8942.727539
8918.966797
8942.727539
8903.609375
8928.127930
8942.727539
8923.633789
8914.724609
8941.625977
8865.470703
8809.614258
8800.103516
8681.245117
8701.548828
8651.512695
7998.791992
8030.396484
8025.764648
8097.954590
7970.937500
8041.739746
7972.995605
7912.998535
7875.016113
7831.941895
7811.041504
7576.708984
7724.479492
7735.078125
7462.724121
7215.570801
6903.266113
6644.015625
6712.018066
6713.260254
6516.313965
6573.633301
6423.686035
6465.611816
6404.999023
6419.765137
6698.371582
6710.000488
6887.207031
6745.793945
6921.875977
6960.080566
6965.687988
7319.323730
7511.088867
7834.916016
8014.463379
8215.241211
8346.960938
8418.180664
8478.683594
8622.083984
8773.656250
8748.977539
8819.215820
8937.911133
8942.727539
8942.727539
8901.708008
8942.727539
8942.727539
8942.727539
8929.664062
8942.727539
8942.727539
8942.727539
8942.727539
8937.853516
8927.584961
8942.727539
8920.465820
8937.700195
8804.306641
8799.997070
7881.500000
7918.336426
7767.139648
7709.753418
7817.318359
7820.496582
7879.699707
7909.704102
7791.632324
7658.900391
7740.679199
7668.707520
7539.267578
7417.920410
7324.667480
7356.113770
7277.103516
7307.373535
7065.620117
6965.687988
6563.304688
6446.169922
6427.200684
6314.863281
6361.728516
6325.079590
6516.799316
6846.805664
6765.279785
6720.717773
6959.120605
7671.675293
7882.772461
7804.207031
7820.164551
8051.173828
8080.063965
8267.435547
8335.008789
8349.245117
8394.364258
8502.104492
8634.146484
8724.919922
8807.273438
8855.952148
8936.323242
8910.229492
8942.727539
8907.892578
8927.989258
8942.727539
8942.727539
8922.535156
8942.727539
8933.946289
8912.451172
8858.650391
8829.321289
8859.387695
8942.727539
8841.536133
8784.278320
8818.083008
7759.138672
7693.075684
7554.553711
7599.206543
7561.857422
7623.739746
7540.878906
7510.632324
7565.316406
7527.143066
7501.830566
7563.715820
7491.299805
7392.175293
7368.047363
7272.389160
7231.618652
7005.417480
6936.432617
6733.702148
6733.702148
6559.647461
6603.443848
6494.742188
6360.422852
6472.532715
6515.908203
6517.701660
6600.395508
6690.079590
6944.879883
7596.325684
7672.585938
7755.694824
7956.661621
8104.610840
8184.383789
8263.638672
8308.153320
8454.776367
8424.261719
8415.168945
8451.238281
8620.680664
8718.200195
8802.529297
8821.642578
8769.447266
8721.248047
8823.855469
8850.564453
8810.891602
8861.669922
8827.292969
8815.941406
8786.863281
8884.957031
8884.179688
8906.995117
8942.727539
8927.846680
8842.468750
8813.592773
8778.756836
7846.818848
7787.897949
7780.899414
7739.507812
7593.162598
7486.410645
7567.277344
7560.463379
7581.869629
7526.890137
7479.249512
7437.923340
7525.793945
7502.754395
7385.751953
7282.537598
7123.987793
7107.571777
7040.384766
7193.361328
7092.750000
6831.607910
6813.984375
6652.777832
6603.496582
6436.293945
6413.413574
6496.872559
6671.550293
6829.309570
7155.093262
7317.749023
7573.282715
7699.314453
7784.490234
7892.247559
7931.063477
7991.219727
8089.562988
8234.383789
8257.405273
8317.135742
8346.293945
8297.272461
8373.477539
8510.682617
8561.133789
8632.994141
8732.120117
8704.860352
8639.799805
8547.958984
8482.291016
8671.316406
8667.657227
8692.009766
8678.288086
8656.713867
8646.810547
8648.989258
8700.457031
8541.289062
8404.888672
8341.595703
7953.600098
7882.360840
7928.769531
7912.570312
7784.383301
7637.031738
7483.369629
7500.927734
7469.774902
7494.500000
7435.267090
7325.324219
7363.915039
7328.333984
7302.868164
7264.062012
7303.000000
7273.251465
7343.328125
7327.709961
7080.837891
7037.280762
7058.791016
7046.691406
6784.962891
6615.041504
6713.012695
6637.500488
6827.489746
6990.177246
7184.221191
7437.678223
7619.185059
7777.753906
7893.276367
7777.044434
7806.658691
7908.010742
7983.977051
7974.426758
7935.408203
8092.886230
8084.304199
8147.408203
8233.236328
8355.457031
8356.649414
8356.562500
8386.797852
8470.148438
8394.100586
8286.085938
8339.822266
8375.861328
8371.664062
8370.797852
8408.636719
8313.738281
8246.605469
8249.159180
8220.908203
8151.863770
8077.547363
7869.182617
7848.229004
7853.674316
7978.609863
7999.901855
7920.780273
7917.558105
7685.858887
7676.661621
7564.202148
7501.364746
7326.655762
7343.388672
7346.886230
7294.110840
7279.122559
7334.794434
7236.087891
7090.431641
7211.464844
7106.502441
6988.413574
7058.333496
7077.962891
6992.705078
7064.261230
6983.762207
6779.703613
7027.112305
6989.026367
7111.135742
7323.831055
7464.780762
7681.375488
7678.803223
7668.593262
7865.512695
7813.804199
7910.159668
7964.691895
7990.938477
8163.136230
8197.390625
8086.025879
8255.339844
8218.892578
8262.014648
8258.763672
8212.730469
8210.892578
8267.971680
8317.808594
8257.060547
8184.823242
8023.026367
8063.304199
7958.487793
7840.494629
7966.169922
7835.550293
7672.971680
7805.430664
7652.499023
7479.586914
7361.045410
8204.785156
8210.850586
8013.398438
7982.859863
7928.434082
7813.637207
7805.545898
7804.423340
7644.502930
7507.361816
7469.356445
7536.833496
7493.173828
7465.960449
7446.000977
7387.883789
7383.318848
7304.737793
7094.404297
7070.688477
7023.571777
7017.979492
7047.869629
7065.092773
7170.982422
7022.054688
7014.313477
7057.186523
7056.978027
7133.137207
7199.285645
7293.023438
7485.944336
7541.314453
7524.144531
7582.779785
7784.370605
7894.274414
7975.824707
7966.687500
8005.924316
8062.062988
8002.941895
8068.231934
8088.439453
8075.629883
8103.905273
8048.859375
7854.110352
7959.161133
7995.261719
8057.714355
7915.103027
7974.351074
7842.768555
7575.379395
7536.812012
7640.916992
7534.619629
7385.809570
7137.481445
6965.537109
6868.796875
6848.600586
8338.000000
8284.263672
8282.300781
8185.347656
8150.656250
8087.687988
7978.500977
7831.232422
7610.435547
7718.202148
7676.447754
7640.381836
7682.528809
7561.201172
7479.875000
7475.316895
7467.668945
7359.608398
7490.590332
7624.257812
7486.053223
7323.171875
7306.462402
7284.976074
7313.519531
7388.529785
7308.281250
7277.413574
7257.843750
7324.084473
7352.588379
7405.988770
7448.519531
7617.177734
7646.106445
7841.818848
7745.924316
7659.705078
7842.520508
7895.336426
7954.302246
7865.696289
7801.466797
7801.244141
6965.687988
6932.514160
6940.541016
6901.050781
6965.687988
6965.687988
7269.176758
7311.940430
7316.539062
7351.376953
7392.373535
7409.783691
6965.687988
6965.687988
6899.899414
6863.587402
6677.334473
6962.350586
6662.330566
6577.261719
8367.763672
8366.301758
8313.754883
8319.594727
8321.633789
8165.935059
7984.603516
8004.767090
7954.864258
7771.494141
7736.747559
7595.761719
7713.616699
7773.416992
7769.311523
7668.275391
7707.267090
7776.919434
7723.393066
7848.577637
7791.317383
7590.074707
7507.526855
7344.363281
7358.577148
7425.288574
7345.560547
7312.810547
7236.760742
7393.988770
7410.861816
7432.665527
7475.751953
7568.411133
7484.854980
7468.783203
7495.623535
7482.696777
7398.246094
6961.836426
6965.687988
6964.479492
6965.687988
6965.687988
6840.050293
6722.341309
6640.324707
6741.685547
6561.988770
6600.708496
6825.803223
6900.256836
6720.543457
6839.282227
6965.687988
6910.995117
6925.873047
6529.370605
6619.553223
6655.558105
6493.221680
6591.446289
6655.145020
6323.855957
8324.991211
8262.931641
8266.374023
8299.183594
8169.195312
8140.450684
8154.678711
8117.748535
8135.416504
8035.814453
7933.163086
7807.681152
7839.186035
7715.131348
7831.307617
7818.976074
7740.315430
7726.666992
7520.625488
7635.124023
7697.054688
7783.961426
7531.730469
7459.486816
7422.706055
7384.454102
7309.549316
7284.291016
7207.673828
7173.381836
7302.309570
7263.931152
7215.253418
7279.104492
7117.493652
6965.687988
6982.050293
7023.531738
7084.948242
7251.788086
7050.259766
6921.738281
6965.687988
6660.033203
6946.151855
6680.755859
6833.959473
6632.884277
6490.964844
6548.329102
6444.176758
6583.786621
6645.938965
6474.248535
6427.573730
6482.194824
6316.064941
6340.888672
6316.392090
6284.231934
6123.797363
6187.950195
6138.225098
6240.620117
8251.340820
8172.012207
8234.958008
8239.324219
8365.548828
8228.524414
8290.620117
8277.168945
8179.236328
8206.210938
8140.967773
8092.069336
7996.476562
7934.501953
7827.967285
7647.666504
7522.987793
7595.892090
7513.789551
7508.625977
7498.289062
7503.017578
7496.781250
7512.709961
7420.546387
7291.210449
7315.957031
7288.830566
7172.138672
7184.889160
7024.946777
6927.393066
6799.003418
6798.142578
6733.702148
6733.702148
6715.104492
6747.104492
6795.311035
6799.156250
6706.816895
6635.421875
6520.095703
6414.766113
6481.037109
6493.372070
6544.818359
6420.472656
6441.109863
6477.514160
6191.933105
6172.348633
6131.140137
6126.932129
6051.556641
6046.210449
6114.435059
6265.751465
6414.103027
6201.809570
5882.815430
5866.918457
5985.270996
5996.036133
8474.356445
8415.184570
8506.291992
8680.734375
8510.365234
8478.072266
8366.836914
8327.136719
8384.492188
8387.575195
8359.480469
8178.770996
8091.383789
8040.626953
8028.522461
7996.307617
7918.779785
7878.754883
6965.687988
6965.687988
6965.687988
6963.561035
6886.841797
7175.187500
7150.634277
7189.865234
7203.181641
7068.288086
7054.679688
6991.394043
6878.360840
6508.287598
6373.727539
6391.905762
6290.007324
6267.286621
6401.230957
6705.090332
6614.834473
6918.698242
6727.720703
6572.217285
6385.875000
6250.824219
6234.170898
6216.176758
6592.754395
6295.018555
6212.365723
6213.351562
5905.396973
5962.101562
5879.579102
5949.082031
6000.296875
5915.732910
6085.229980
6115.357422
6392.121582
6056.689941
5741.169922
5814.239258
5891.847656
6040.219727
8774.625000
8789.929688
8820.668945
8839.382812
8799.201172
8804.669922
8741.710938
8664.520508
8648.922852
8337.561523
8358.335938
8267.829102
8268.450195
8187.742188
8082.551758
8058.370117
7904.275391
7679.262695
7314.069824
6965.687988
6870.157715
6625.785645
6613.997559
6734.853516
6851.423828
6956.060547
6847.529297
6882.009277
6965.687988
6629.235352
6469.505371
6424.679199
6239.033691
6034.759277
5967.984863
6021.390625
6186.138184
6419.053711
6474.433594
6576.899902
6542.347656
6658.443359
6246.812500
6229.870117
6198.145996
6098.834473
6166.742676
6016.694336
6161.499023
5893.588379
6004.882812
6008.298340
5847.616211
5806.136230
5894.010254
6167.887207
5966.231445
5927.114746
6040.334961
5982.626953
5800.983398
5694.520508
5856.201660
5840.333008
