/Real_Ip0_1
1
Ip
7895.304688
7874.991699
7825.374512
7746.591309
7576.227051
7473.196777
7376.544434
7348.173340
7462.916504
7478.929688
7376.169434
7497.233887
7346.423340
7297.755371
7068.475098
6931.430664
6554.972656
6497.192383
6058.173828
6130.850098
6262.249023
6131.562012
6272.624512
7097.184570
6915.583008
7138.297363
7079.812500
7190.084961
7515.913086
7759.341309
7817.986816
8098.147461
7959.162598
7950.627930
8221.208984
8300.440430
8513.809570
8610.008789
8752.804688
8737.820312
8764.901367
8802.279297
8808.467773
8883.209961
8909.782227
8753.213867
8656.298828
8496.165039
8507.536133
8392.314453
8374.693359
8421.926758
8277.528320
8399.466797
8333.791016
8260.379883
8256.616211
8278.925781
8087.356445
8024.885254
7963.490723
7862.380371
8003.816406
7980.327637
7833.797363
7889.683105
7752.940430
7633.436035
7484.474121
7439.179688
7451.958008
7555.876953
7527.743164
7607.666504
7541.736328
7632.256836
7491.678711
7436.722656
7302.090332
6917.953613
6652.183105
6534.290527
6296.902832
6404.627441
6226.043945
6600.583984
6247.642090
6942.091797
6734.457520
6669.785156
6655.225098
6754.192871
7014.026855
7480.899902
7727.208008
7960.543457
8230.426758
8370.961914
8298.771484
8438.301758
8667.042969
8823.033203
8847.051758
8816.870117
8619.314453
8717.112305
8839.461914
8816.897461
8717.669922
8686.419922
8716.137695
8728.685547
8808.606445
8701.637695
8535.215820
8646.365234
8598.002930
8684.681641
8440.390625
8671.444336
8613.409180
8267.805664
8190.257324
8069.156738
7860.084961
7847.214844
7877.045410
7831.082031
8053.203125
8037.897949
7989.635742
8007.135742
7925.422852
7899.159668
7888.067871
7812.921387
7670.099609
7603.959961
7512.958008
7399.913086
7448.153320
7430.916016
7372.787598
7307.103516
6913.797852
6865.744141
6937.517090
6539.915527
6298.750488
6419.390625
6302.478027
6497.087891
6755.332520
7085.942871
7323.526367
7488.166992
7754.517090
7791.729980
7939.933594
8147.079102
8070.879395
8258.628906
8488.812500
8493.425781
8658.335938
8715.246094
8685.542969
8705.058594
8611.729492
8653.175781
8714.087891
8618.971680
8727.561523
8668.650391
8644.416016
8667.647461
8791.448242
8695.379883
8709.173828
8721.862305
8692.984375
8676.122070
8452.056641
8281.308594
8291.906250
8267.756836
8131.030762
7895.448242
7800.224121
7558.110840
7729.635254
7638.867188
8208.023438
8224.573242
7984.604492
8180.958496
8015.679688
8047.804199
8079.999023
8055.004395
8056.433105
8033.394531
7825.376953
7773.376953
7731.902832
7674.132812
7566.930664
7661.280762
7494.822754
7400.967285
6706.800781
6858.193848
6697.383789
6563.606934
6686.446289
6882.586914
7177.868652
7341.418945
7645.490234
7930.563477
8072.070801
8292.960938
8254.860352
8217.035156
8318.510742
8250.059570
8379.450195
8469.074219
8401.256836
8484.836914
8463.629883
8471.419922
8455.065430
8229.936523
8248.548828
8270.920898
8267.949219
8389.385742
8526.396484
8425.850586
8423.227539
8335.770508
8254.501953
8237.714844
8438.604492
8379.742188
8188.886719
7920.372559
7791.663574
7932.706543
8042.717773
8057.270020
8063.520996
8116.546387
7792.520996
7971.447754
8348.767578
8414.390625
8417.102539
8351.158203
8232.096680
8317.852539
8193.808594
8266.875977
8228.723633
8265.824219
8039.810547
8016.331055
7963.996582
7919.536133
8057.523438
7947.340820
7974.979492
7871.807129
7623.428711
7613.880371
7513.191895
7728.825195
7506.446289
7772.081055
7643.622070
7542.140625
7743.027832
7932.506348
8087.020996
8098.948730
8315.229492
8347.799805
8230.326172
8290.527344
8304.497070
8285.388672
8380.175781
8259.651367
8250.870117
8228.626953
8441.278320
8416.318359
8366.606445
8270.663086
8138.297363
8011.799805
7968.377930
8031.178223
8025.017090
8106.519043
7832.334961
8054.127441
8332.523438
8402.954102
8264.527344
8263.527344
8365.229492
8221.804688
8052.301758
7987.690918
8056.472656
8096.588867
8082.761230
8013.748535
8673.033203
8493.481445
8432.199219
8450.620117
8295.213867
8233.337891
8291.194336
8130.894531
8140.066406
8236.169922
8305.297852
8268.863281
8042.122070
8004.295410
7956.873535
7944.053223
8058.512207
8078.971191
7965.975586
8031.207031
8108.281738
8117.119629
8036.754883
8044.463379
8019.989258
7932.510254
7913.991699
8088.282227
8118.391602
8317.791992
8234.037109
8077.940430
7956.621094
7883.099121
8048.620117
8050.249023
8063.956543
8276.008789
8239.437500
8267.126953
8026.267578
7786.224609
7649.519043
7763.273926
7760.636719
7877.814453
7973.348633
7983.107910
7893.755371
7792.114746
7967.713379
7974.723145
8050.706055
8254.914062
8167.434570
8134.666016
8159.783203
8260.391602
8314.802734
8454.882812
8393.470703
8283.713867
8303.043945
8074.445312
8545.259766
8654.240234
8641.058594
8576.486328
8644.139648
8449.400391
8311.408203
8384.827148
8494.544922
8306.105469
8385.399414
8323.843750
8128.665039
8096.435059
8187.953125
8085.268555
8153.360840
8039.925781
8108.067383
8071.400391
8117.275879
8292.898438
8318.228516
8141.559570
8153.686523
8171.495605
8108.196289
8102.644531
8135.000977
8017.546387
7920.736816
7989.578613
7776.800781
7816.406250
7917.074219
7966.511719
7998.355469
8050.711914
8192.189453
8086.011230
8034.217773
7832.876953
7955.788086
7907.687500
7964.356445
7827.447266
7543.600098
7631.182617
7822.308594
7832.274902
7681.352051
7751.272949
7802.019531
7679.952637
7696.173340
7720.095215
7745.702148
7859.910156
7971.070312
8056.910645
8092.007324
8116.468262
8086.854492
7859.721191
8818.215820
8794.048828
8786.342773
8812.891602
8782.307617
8646.004883
8553.579102
8577.016602
8476.505859
8633.776367
8695.244141
8596.240234
8234.824219
8286.496094
8411.674805
8293.270508
8251.584961
8177.840820
8100.973633
8126.173340
8073.479492
8060.130859
7938.113770
7990.126953
7858.697266
7941.017090
8091.249512
8024.625488
8081.895996
8252.969727
8121.645508
7970.306152
8006.431152
7940.659180
7765.352539
7983.827148
7974.609863
8080.118652
8062.746094
8024.674805
8083.062012
8133.105957
7977.887207
7978.438477
8093.660156
7864.666016
7758.194824
7744.329102
7660.085449
7557.905762
7488.282227
7369.884277
7380.351562
7415.295898
7445.934570
7453.330566
7384.861816
7454.400879
7487.312988
7725.116211
7772.066406
7766.653320
7585.896484
7682.959961
8774.409180
8847.194336
8673.693359
8702.157227
8701.215820
8699.614258
8683.102539
8653.902344
8397.817383
8345.502930
8448.669922
8387.223633
8436.263672
8357.893555
8198.075195
8064.612793
7977.812012
8038.720703
7894.483398
7980.958984
8006.022461
8044.488281
8139.666992
8132.303223
8022.806641
8071.886719
8114.313965
8126.354004
8067.653809
8068.572754
8184.283203
8158.394531
8067.125488
7937.797363
8104.036621
8214.577148
8273.789062
8293.816406
8264.373047
8096.691895
8243.938477
8321.791016
8281.706055
8302.016602
8117.798828
8066.339355
7872.309570
7842.684570
7653.147461
7318.253418
7342.199707
7207.990234
6866.415527
6916.302246
7207.601562
6965.687988
6739.632812
6662.886719
6571.270020
6733.702148
6733.702148
7140.570801
7187.557129
7262.564453
8581.906250
8720.095703
8817.425781
8806.904297
8787.342773
8816.381836
8817.031250
8716.113281
8621.353516
8401.288086
8341.462891
8234.039062
8329.920898
8290.504883
8246.041016
8099.167480
7871.975098
7742.095703
7790.130371
7823.337402
8101.870605
8028.855957
8159.289062
8078.261230
8158.541504
8172.554199
8163.145020
8211.343750
7989.060547
8114.098633
8181.247559
8063.371582
7955.467285
8182.471191
8069.490234
8055.985840
8343.953125
8418.417969
8429.407227
8401.407227
8502.981445
8376.660156
8288.650391
8276.330078
8112.794434
8066.004395
7827.581055
7902.390137
7765.744141
7775.699707
7340.902832
7309.172852
7256.508789
7139.100586
7292.093262
7271.125000
6283.056152
6040.466309
6095.360352
5837.298340
6040.999023
6013.538086
6059.605957
6070.263672
8413.351562
8408.594727
8637.792969
8587.496094
8671.329102
8618.045898
8557.786133
8462.637695
8483.486328
8457.818359
8405.446289
8363.333008
8317.069336
8211.364258
7966.368164
8094.749512
7939.392090
7928.754883
7879.173828
7722.110352
7763.925293
7750.149902
7889.732422
8059.154785
7957.645508
7904.388672
8058.460449
8144.604004
8136.687500
8343.163086
8396.980469
8378.872070
8464.967773
8348.205078
8255.619141
8511.705078
8602.913086
8470.211914
8636.604492
8456.953125
8479.489258
8378.841797
8395.934570
8369.375977
8266.398438
8260.816406
7939.470215
7748.735352
7636.830566
7353.824707
7326.857910
7108.930664
7259.647461
7006.848633
6611.094238
6416.663086
6050.592773
5577.301758
5590.489258
5378.468262
5457.180176
5862.481445
5500.991211
5473.189941
8260.927734
8291.857422
8319.562500
8344.300781
8409.273438
8322.301758
8349.898438
8336.370117
8296.209961
8357.666016
8327.621094
8300.839844
8239.265625
8133.209473
7845.956055
7545.563965
7535.888672
7410.326172
7344.660156
7273.076172
7322.877930
7389.241211
7609.276855
7770.281250
7826.551270
7847.257812
7798.555664
7993.351074
8190.987793
8236.513672
8315.269531
8333.542969
8333.183594
8323.905273
8487.547852
8714.916016
8806.301758
8584.452148
8582.808594
8435.135742
8548.159180
8477.970703
8298.859375
8340.332031
8285.941406
8084.482910
7915.290527
7701.586426
7599.700195
7407.450195
7237.690918
7295.722656
7188.606934
6623.471680
6423.469727
5898.581543
5870.589355
5475.321777
5139.867188
5064.987305
5378.239258
5297.027832
5090.282715
5161.246094
8198.070312
8226.730469
8113.085449
8254.729492
8234.606445
8308.648438
8250.791016
8195.087891
8151.822754
8003.995605
8140.441895
8013.206543
7767.244141
7662.502441
7284.184082
6739.910645
6677.766113
6628.893066
6479.559570
6606.920898
6917.127441
7098.687988
7145.852051
7165.009766
7352.963379
7297.335449
7376.165039
7713.880371
7906.376465
8055.231934
8104.465820
8049.952637
8280.412109
8142.758789
8275.213867
8318.314453
8371.862305
8341.249023
8283.286133
8142.985352
8104.097656
8100.755859
8301.162109
8237.169922
8084.081543
8086.723633
7920.269043
8068.025879
7973.837891
7947.616211
7505.251953
7383.550293
7096.232422
6888.292969
6676.645996
6091.879883
6216.941895
5676.819824
5403.042969
5328.775879
5416.025879
5789.549805
5476.404785
5202.985840
8269.170898
8375.193359
8354.078125
8295.872070
8279.636719
8061.723145
8169.645996
8058.677734
7964.697754
7976.482422
6965.687988
6965.687988
6917.142090
6946.544922
6624.581055
6602.643555
6441.122070
6300.372070
6331.064941
6424.368164
6385.034180
6490.801270
6495.223145
6647.491211
6740.525391
6904.886719
6846.294434
7299.539551
7691.409180
7875.198242
7836.812500
7945.321777
7953.514160
8038.847656
8063.125488
8053.663086
7930.964844
8039.110840
7942.771973
7799.776855
7996.324707
7999.211914
7925.127930
8193.021484
8141.036133
8100.737305
8077.876953
8054.009277
8033.667480
7958.799316
7807.706543
7681.718750
7488.986328
7281.569336
6990.052734
6862.403320
6560.601074
5777.917969
5604.217773
5877.573242
6194.896973
6763.650391
6733.702148
6733.702148
8501.837891
8403.995117
8336.162109
8622.818359
8436.514648
8213.053711
8222.798828
8086.481934
7983.439453
7814.554688
7470.449707
6965.687988
6931.776367
6964.566895
6491.061523
6211.074219
6618.276367
6215.913086
6242.758789
6392.859375
6057.548828
6165.563965
6462.301270
6427.741211
6539.722168
6770.232910
7280.732910
7305.408203
7501.579102
7706.020020
7860.517578
7923.126953
7885.385742
7782.215332
7821.624023
7942.722656
7844.344727
7852.926758
7803.617676
7512.482422
7618.933594
7932.784668
8082.970703
8142.900879
8079.991211
8052.416016
8034.857422
8111.074707
8241.628906
8289.076172
8135.708984
8223.517578
8060.237793
7968.901367
7840.212402
7710.759766
7348.555176
7098.764648
6604.645020
6951.979004
7020.903809
7076.020996
7146.329102
7130.750000
8503.335938
8414.191406
8570.481445
8318.723633
8261.482422
8328.988281
8246.228516
8212.041016
8050.383301
7881.875000
7829.991211
7121.603027
6660.664062
6618.810547
6527.382324
6498.586914
6512.065430
6510.786621
6191.654297
6202.061523
6171.361328
6352.810547
6413.323730
6965.687988
6901.385742
7159.570312
7347.764160
7298.200195
7316.860352
7420.097168
7374.296387
7429.731934
7556.653320
7506.975098
7557.832520
7524.928223
7508.299805
7637.413086
7487.774414
7456.325684
7495.778320
7743.282227
7972.545410
8057.500488
8207.158203
8166.425781
8080.797363
7981.863281
8011.323242
8022.916992
7947.151855
7955.099609
7990.895020
8027.516602
7893.571777
7803.848145
7647.454590
7473.271973
7499.522949
7324.483398
7339.187500
7313.117676
7364.165527
7448.247070
8740.592773
8727.492188
8681.687500
8715.063477
8674.620117
8678.400391
8627.864258
8394.005859
8319.327148
8237.754883
8316.026367
8195.973633
7681.663574
7354.968262
6965.687988
6778.688965
6883.120605
6502.726562
6329.712891
6370.576660
6442.820312
6461.345215
6722.416016
6885.193359
7051.470215
6965.950684
7006.997559
7029.599121
7155.362793
7130.280762
7249.607910
7313.634766
7405.898926
7405.816406
7612.159180
7720.034668
7651.251953
7431.201660
7435.801270
7514.817383
7712.574219
7715.126953
7824.872070
7907.886230
7811.531250
7813.166992
7754.335449
7493.500488
7487.511230
7369.312988
7487.342773
7429.891602
7453.984863
7445.404297
7440.914062
7335.995605
7382.205566
7428.575684
7366.246094
7429.856934
7520.922363
7406.546387
7568.157715
7860.449707
8881.129883
8831.963867
8762.037109
8665.604492
8663.525391
8665.152344
8324.276367
8307.621094
8379.688477
8440.621094
8608.509766
8386.723633
8326.646484
8144.436035
7940.004883
7769.252441
7517.646484
6814.665039
6965.687988
6603.118164
6963.387207
6927.979980
6938.771973
7059.651855
7201.960449
7322.762695
7228.520020
7300.890625
7466.608398
7623.422852
7437.994629
7559.083496
7767.435059
7806.212891
7956.067383
7813.366211
7804.050293
7826.815918
7858.244629
7653.498535
7535.813965
7588.772949
7739.580566
7931.921387
7949.208008
7680.959961
7455.740234
7368.355957
7325.864746
7312.467773
7437.304688
7366.584961
7027.331543
6744.004883
7062.096191
7087.537598
7123.623535
7225.123047
7315.910156
7413.853516
7527.615723
7824.877441
7807.240723
7805.610840
8814.188477
8857.869141
8837.499023
8746.640625
8704.784180
8727.662109
8596.947266
8508.403320
8544.771484
8581.554688
8687.375977
8558.155273
8437.170898
8196.761719
8036.037109
7932.947266
7845.551758
7547.318359
6960.498535
6608.963867
6837.041504
6778.195801
6963.309570
6998.423340
7300.325684
7369.746582
7375.508789
7504.444336
7600.226562
7422.083984
7699.297852
7562.297363
7595.150879
7779.465820
7816.053711
7971.586914
7844.895020
7847.597168
7795.122070
7782.128418
7660.418945
7618.671387
7392.028809
7777.833008
7773.616211
7844.675781
7567.119141
7418.145996
7390.867676
7461.700684
7524.678711
7345.968750
7356.834961
7010.847656
7102.041504
7077.660645
7091.708496
7122.512695
7190.045410
7112.218262
7261.301270
7286.785156
7485.477539
7441.216797
8757.379883
8794.830078
8697.506836
8561.494141
8800.481445
8690.331055
8770.419922
8659.175781
8731.509766
8633.742188
8639.374023
8594.267578
8635.788086
8684.786133
8434.720703
8443.333984
8472.297852
8585.904297
8463.585938
6965.687988
7170.516113
7225.728027
7480.114746
7537.416992
7811.084961
7731.595215
7908.888672
7738.918457
7721.161133
7650.014160
7813.267090
7721.640137
7915.051270
7836.552734
8026.399414
8060.093262
8026.319824
7994.483887
7964.439941
7796.201660
7759.237305
7739.889648
7551.944824
7356.780762
7387.351562
7347.201172
7320.781738
7315.580078
7329.646973
7343.132812
7170.031250
7228.987305
7183.239258
7052.659668
7041.046387
7117.111328
7102.322266
6989.490234
7040.145996
7052.877930
6949.074707
7074.290527
7043.895508
7263.291504
8327.188477
8395.074219
8399.680664
8476.518555
8612.736328
8566.696289
8717.724609
8634.440430
8706.202148
8478.904297
8510.101562
8695.534180
8736.479492
8776.631836
8827.492188
8824.317383
8796.173828
8674.238281
8679.857422
8649.333008
8734.269531
8672.000000
8489.801758
8360.208984
8524.784180
8316.233398
8251.204102
8274.744141
8095.436035
7951.076172
7960.486328
8016.126953
8082.686035
8193.710938
8293.551758
8244.225586
8293.285156
8086.000488
8085.400391
7950.759766
7906.699707
7833.461914
7480.125000
7310.763672
7150.959961
7269.552246
7236.973633
7059.583008
6756.675781
6762.536621
6558.592285
6197.425293
6252.164062
5926.941406
6903.339844
7054.777344
7046.621582
6733.702148
6784.194336
6733.702148
7080.975586
6791.601074
7069.698730
7322.446777
8225.571289
8294.289062
8578.259766
8683.055664
8468.690430
8383.439453
8539.405273
8490.344727
8619.777344
8716.827148
8850.568359
8923.353516
8942.727539
8862.413086
8887.197266
8795.779297
8896.702148
8920.217773
8869.697266
8885.764648
8913.954102
8940.039062
8709.214844
8711.613281
8638.180664
8570.213867
8513.025391
8457.039062
8388.192383
8205.961914
8319.538086
8220.691406
8212.800781
8279.569336
8266.348633
8282.508789
8149.254883
7962.237793
7772.614258
7859.076660
7754.631836
7713.638184
7749.059570
7520.889648
7407.775879
7304.449707
7244.281250
7135.217773
7167.211426
7019.111328
6212.677734
5803.451172
5530.746094
5454.908691
5525.921875
5365.536621
5389.935059
5495.136719
5402.766602
4891.360840
5376.585938
5802.332031
6921.888672
7589.899414
8112.574219
8241.742188
8366.153320
8414.319336
8365.154297
8380.901367
8563.093750
8640.307617
8660.044922
8655.419922
8741.393555
8813.491211
8851.598633
8937.910156
8908.262695
8802.275391
8675.145508
8670.102539
8652.500000
8803.512695
8868.840820
8689.565430
8816.140625
8711.041016
8705.139648
8662.938477
8666.623047
8606.403320
8367.590820
8368.245117
8125.866211
8071.548340
8056.512695
8158.653320
8221.703125
8046.003906
7936.485840
7755.749512
7667.847656
7712.040527
7580.644531
7515.722656
7588.610352
7498.474609
7197.218750
7096.376465
7046.964844
7022.028320
6733.702148
7181.799805
6296.621582
5789.729492
5458.263184
5194.270508
5052.394531
4872.010742
4793.083496
4588.347168
4773.348145
4493.991699
4674.114258
5081.010254
6733.702148
6927.399902
8517.117188
8317.293945
8361.083984
8432.046875
8363.071289
8468.078125
8429.666992
8341.930664
8348.765625
8451.799805
8374.532227
8613.885742
8677.157227
8649.496094
8747.083008
8561.785156
8644.964844
8380.791016
8409.416992
8517.643555
8668.471680
8688.361328
8671.560547
8665.483398
8753.119141
8755.221680
8652.819336
8498.666992
8321.573242
8198.257812
8048.716797
8065.028809
8089.137207
8090.245117
8134.282227
8118.026367
7978.565430
7826.231445
7921.837891
7902.504883
7800.080078
7459.792480
7390.812500
7386.648438
7277.308105
7148.577637
7122.932617
7159.643555
7119.025391
6860.770996
6893.528320
6242.580078
5682.157715
5121.507812
5139.642090
5104.476074
4494.400391
4536.147949
4661.207031
4492.487793
4597.042969
4492.487793
5088.299316
5899.575195
8346.655273
8274.541992
8054.541992
8349.209961
8281.245117
8405.330078
8650.912109
8607.826172
8593.085938
8517.557617
8702.394531
8800.249023
8865.773438
8808.416016
8816.324219
8675.744141
8512.327148
8579.124023
8497.304688
8350.796875
8447.704102
8437.465820
8465.907227
8423.544922
8503.317383
8711.041016
8631.837891
8547.488281
8425.796875
8102.801270
8062.382324
7766.094238
7661.658691
7756.156250
7969.644043
8023.760742
7934.246582
7942.348145
7757.225098
7615.325684
7612.637695
7509.288086
7530.307129
7499.312500
7091.624512
6962.004395
6869.869141
6736.958496
6787.573242
6733.702148
6733.702148
6768.960938
5735.904297
5320.783203
5124.145020
4778.711426
4702.933594
4554.290039
4875.083008
4492.487793
4583.078125
4494.807617
4925.358887
5227.705078
8173.670410
8030.378418
8240.078125
8285.410156
8392.965820
8385.291992
8639.738281
8675.590820
8750.889648
8715.068359
8698.110352
8818.865234
8748.750977
8729.821289
8759.030273
8727.231445
8491.174805
8510.763672
8469.761719
8234.421875
8333.450195
8322.866211
8324.245117
8349.550781
8218.724609
8112.443848
8049.455566
8051.357910
7826.336426
7765.460449
7741.901855
7462.495605
7780.385254
7559.494629
7817.803223
7785.527344
7556.500488
7314.482422
7364.789062
7286.893555
7377.903809
7668.844727
7501.072754
7527.693848
7441.793945
7350.942871
7304.114258
7271.473145
7084.080078
7186.691406
7115.661133
6733.702148
6733.702148
5796.923828
5482.492188
5203.520020
4789.710938
4877.500000
4865.392578
4869.689941
4492.487793
4754.613281
5021.505371
5161.672852
8158.554688
8180.911133
8357.148438
8367.348633
8242.064453
8180.486328
8380.060547
8569.209961
8675.513672
8791.086914
8880.891602
8861.579102
8862.708008
8827.435547
8846.484375
8872.822266
8881.766602
8820.989258
8720.402344
8741.248047
8628.519531
8710.795898
8376.947266
8301.400391
8187.158691
8124.471680
8120.406250
7943.810059
7953.426758
7806.596191
7633.410156
7390.492188
7460.830078
7285.364258
7294.003418
7364.787109
7358.559082
7334.333496
7412.483398
7393.030273
7503.049805
7350.344238
7406.968262
7308.436035
7357.262695
7359.736816
7348.635254
7272.443848
7200.668457
7014.800293
7174.368164
7137.745117
7002.466797
6128.269043
5752.084961
5528.588867
5400.318359
5339.943848
5185.247070
5067.476074
5120.166504
4706.636719
4931.181641
5164.900879
7983.172363
8025.994629
7989.535156
8192.370117
8132.039551
8260.119141
8221.666992
8313.674805
8362.969727
8484.844727
8513.549805
8717.356445
8729.413086
8835.163086
8863.406250
8941.918945
8933.310547
8942.727539
8828.926758
8817.752930
8692.390625
8445.151367
8330.878906
8180.099121
8212.375977
7791.737305
7825.302734
7694.401855
7543.415527
7535.515625
7426.679688
7479.285156
7326.501465
7117.942871
7189.661621
7326.576172
7284.552734
7278.818848
7161.635254
7153.518066
7248.899902
7183.135254
7238.113770
7018.840820
6871.809082
7085.162109
7128.217773
7077.366699
7322.840332
7296.341309
7316.217773
7215.875977
6733.702148
6733.702148
6733.702148
6162.934082
5756.760742
6378.606445
5758.081543
5704.662109
5475.856934
5351.562012
5353.876953
5161.602539
7907.590820
7842.299805
7837.764648
7902.625488
8056.121582
8114.387207
8050.337891
8033.438477
7943.708496
8045.888672
8170.392578
8338.018555
8435.947266
8662.507812
8867.656250
8901.833984
8849.524414
8804.155273
8767.420898
8535.273438
8572.323242
8455.597656
8313.595703
8267.594727
8158.709473
7789.220215
7567.209961
7496.679688
7475.383301
7315.612793
7191.005859
6901.515625
6856.691895
6671.713379
6800.918457
6733.702148
7093.746582
7063.908203
7074.834961
7253.062500
7192.813965
7060.916016
6733.702148
6954.295410
7024.960938
7067.783691
7104.585449
7002.668945
7312.421875
7369.450684
7466.747070
7322.425781
7333.436523
7115.832520
7147.428223
7088.530273
6943.646973
6065.028809
5614.302246
5591.243652
5399.771484
6004.967773
5467.024414
5712.270508
7581.092773
7709.477539
7950.128418
8015.499512
7937.809082
8030.116211
8104.555176
8119.962402
8276.859375
8396.071289
8479.916016
8626.270508
8614.537109
8673.986328
8671.974609
8665.437500
8460.652344
8454.804688
8373.040039
8472.105469
8470.459961
8471.267578
8239.496094
8018.950195
7723.946777
7750.019043
7745.278809
7529.736328
7294.365234
7248.814453
7056.900391
7083.790527
6654.632324
6334.623535
6485.295898
6606.091309
6508.065918
6522.458496
6594.537109
6183.998047
6030.364258
5718.556641
5856.351074
6199.854980
6272.963379
6285.217773
6369.040527
6733.702148
7090.904297
7317.071289
7468.809082
7123.486328
6982.865723
6849.344727
6733.702148
6733.702148
7060.405762
6949.437500
6040.635742
5617.243652
5658.285645
6076.055664
5987.348633
6032.534180
7969.958984
8085.224121
7974.218750
7829.626465
7752.898926
7930.593750
8021.662109
8117.461426
8098.168945
8146.497070
8204.406250
8321.708984
8304.232422
8131.749512
8204.095703
8066.791992
8069.959473
8118.937012
8086.988281
8072.134766
7964.838867
7970.360840
7947.625000
7759.487305
7566.320801
7660.194336
7782.641113
7592.313965
7559.023926
7412.203613
7303.527832
6989.601074
6978.365723
6633.428711
6446.471191
6280.764160
6260.156738
6287.428223
6113.916992
5730.703613
5698.268066
5529.112305
5550.412598
6141.323730
5831.700684
5739.806641
6227.592285
6177.937012
6258.930664
6339.302246
6408.308105
6456.904297
6323.076660
6206.124023
6293.261719
6856.871582
7158.034668
6789.135742
6733.702148
7171.619629
7275.372559
6997.295410
6733.702148
7274.591309
8309.357422
8253.492188
8033.581055
8044.044434
8026.271973
8025.304199
8076.176758
8192.306641
8231.855469
7978.281738
7936.509766
7993.881348
7785.961426
7658.338379
7623.223633
7590.425781
7523.229492
7419.736328
7484.351562
7530.574707
7832.103027
7678.605957
7835.569824
7983.679199
7899.684082
7989.207520
7800.310059
7985.475098
7963.902832
7761.437500
7564.611816
7415.308594
7329.549805
7013.181641
6784.924316
6643.646973
6384.305664
6471.244629
6245.500977
5883.036133
5716.755859
5508.053711
5259.121582
5541.280273
5563.730957
5364.569824
5390.213379
5578.063477
5517.799316
5683.604492
5876.285156
6190.905273
5878.093262
6165.644531
6448.086914
7071.499512
7160.976562
7139.149414
7284.971680
7094.929199
7150.921387
7244.653809
7278.337891
6991.102051
8295.433594
8276.455078
8221.139648
8244.392578
8178.884766
8201.746094
7929.327148
7980.953613
8016.145996
8016.210938
7708.599609
7731.994629
7506.093262
7109.478027
6826.620117
6767.917480
6956.011230
7340.273926
7475.940918
7533.480957
7831.055176
7865.910156
7936.495605
7925.623535
8016.969238
7810.813477
7878.018066
7880.097168
7645.955566
7522.269531
7833.275391
7817.257324
7799.735840
7493.526367
7347.171875
6720.614258
6550.525879
6942.655762
6191.784668
6033.470703
6442.153809
5919.032715
5242.929199
5196.184082
5244.123047
5303.422852
5399.334961
5502.839844
5247.857422
5457.640137
5458.792969
5714.668457
6134.480469
6506.155762
6733.702148
6871.928711
7040.490234
7164.546387
7209.094727
7292.643555
7268.376465
7332.022949
7193.605469
7155.358887
8261.782227
8366.602539
8286.366211
8390.707031
8554.840820
8684.382812
8716.686523
8515.842773
8328.282227
8340.870117
8246.676758
7972.521973
7745.346191
7419.214355
6965.687988
6950.455566
7736.536133
7883.703125
7928.551758
7940.876465
7941.903320
7933.690430
8135.877441
8064.378906
7890.026855
7835.218750
7791.522949
7665.953125
7693.041504
7745.563965
7756.784668
7908.369629
7485.243652
7169.713867
7007.149414
7062.842285
6393.299805
6106.346680
6219.710449
6109.854004
5775.934082
6062.221191
5558.231934
5101.456055
5000.192871
5403.194824
5473.342285
5632.447754
5377.125488
5643.565430
5490.963867
5782.666992
6817.532227
6981.405762
7069.263184
7301.144043
7364.720703
7154.394531
7320.527344
7327.929688
7318.010742
7396.489746
7316.540039
7322.576660
8241.211914
8350.295898
8423.535156
8595.359375
8460.120117
8637.506836
8804.997070
8860.550781
8844.618164
8667.182617
8549.305664
8503.520508
8335.554688
8275.852539
8298.875977
8273.224609
7973.725098
8056.354980
8158.287598
7982.544434
7846.387207
7809.431641
7577.828613
6962.844238
6902.583008
6625.473633
6965.687988
6934.758789
6828.283203
6834.976074
6965.687988
6937.974121
6865.325195
6527.990723
6608.698730
6274.560547
6246.339844
5903.155762
6023.050781
5803.769043
5806.746582
5687.886230
5449.632812
5210.536621
5261.962891
5412.061035
5940.610352
5427.409668
5564.077637
5731.752930
6270.650391
5851.702637
5517.538086
5939.064453
6148.485352
6482.522949
7023.864258
7090.767090
7338.579590
7430.120605
7494.614258
7755.997559
7494.905762
7456.900391
8440.925781
8548.732422
8666.025391
8803.567383
8884.326172
8887.919922
8936.779297
8931.509766
8942.727539
8942.727539
8915.192383
8832.303711
8817.699219
8833.153320
8594.130859
7768.276367
6960.480469
6957.298340
6962.392090
6965.687988
6828.528320
6875.309570
6700.035645
6799.223145
6621.079590
6655.813965
6323.298828
6504.258789
6386.455078
6598.799316
6965.687988
6638.109375
6641.289551
6329.496094
6226.629883
5869.951660
5585.000488
5804.076172
5817.211426
5842.012207
5875.361328
5588.057129
5826.980469
5495.496094
5622.119629
5720.471680
5610.076172
5137.450195
5444.523438
5532.518066
5811.826660
5705.301758
5423.806641
5734.013672
6096.603516
6201.588867
6582.893555
7032.674316
7283.724609
7536.970215
7621.707031
7606.346191
7787.843750
7753.406250
8667.814453
8567.168945
8646.591797
8832.019531
8850.895508
8942.727539
8941.855469
8932.613281
8942.727539
8907.464844
8942.727539
8877.589844
8864.881836
8739.536133
8541.074219
8312.587891
8050.594727
7684.855469
7483.704102
6960.771973
6948.428711
6509.391602
6466.063477
6196.306152
6260.001465
6326.552734
6157.521484
6158.254883
5810.483398
6093.643555
6182.041992
6073.682129
6141.730957
6184.676270
6516.923340
5819.243164
5514.998535
5875.357910
6576.540527
5991.588379
5870.200684
5701.961426
5803.045898
5701.212891
6069.309082
5567.459473
5341.252930
5023.715332
5188.181641
5864.371094
5655.108398
5740.876953
6079.034180
5853.096191
5886.448730
6173.666504
6639.459473
7354.538574
7445.290527
7685.900879
7846.725098
7951.194336
7835.668945
7983.881348
8658.152344
8755.288086
8745.357422
8732.885742
8820.149414
8849.789062
8873.238281
8896.154297
8942.727539
8942.727539
8942.727539
8915.732422
8929.031250
8900.776367
8938.939453
8829.393555
8699.517578
8528.870117
7959.969238
7442.277832
6617.674316
6488.979980
6358.356934
6335.090332
6400.706543
6114.155762
6027.292969
6231.242676
5765.132324
5767.377930
6271.987305
6195.202148
6093.918945
5940.594238
6125.747070
5876.922363
5669.576660
6137.664062
6016.144043
6087.799805
5505.587891
5777.900391
5712.025391
5692.094238
5841.103027
5658.160156
5371.479004
5362.230469
5164.768555
5228.436035
5580.199707
5423.252930
5991.725586
6240.596680
6348.496094
6488.003906
7239.877441
7437.186035
7603.327148
7754.230469
7952.183105
7928.070801
7890.525391
7835.019043
8481.581055
8701.843750
8671.556641
8618.377930
8439.939453
8532.393555
8356.753906
8492.683594
8458.433594
8496.912109
8575.053711
8717.833984
8912.223633
8827.285156
8657.357422
8448.171875
8442.886719
8452.173828
8058.627441
7501.478516
7289.176758
6759.929199
6601.605957
6617.893555
6082.322266
6103.889648
6124.411133
5920.273926
5609.257324
5899.656738
6115.043945
6749.939941
6268.624023
6107.340332
5766.726562
5909.253418
5790.172363
5517.571289
5317.237305
5515.528320
5740.133789
5615.948242
5827.779785
6622.459473
6148.503418
6169.206543
5528.422363
5348.829102
5148.988281
5299.722168
5315.052734
5688.849121
6292.580566
6315.479492
6733.702148
6838.387695
7215.006836
7351.112793
7600.100586
7849.681152
7956.604492
8005.767090
7987.746582
7986.515137
8199.898438
8154.665039
8372.365234
8412.249023
8301.092773
8224.329102
8154.693359
8333.088867
8392.965820
8302.575195
8330.531250
8272.641602
8403.703125
8471.069336
8308.934570
8193.386719
8260.103516
8048.584473
7841.934570
7510.690430
7408.492676
7287.314941
6965.687988
6475.449707
6117.236816
6262.604004
6468.890625
5813.639648
6028.581055
5964.250977
6276.895996
6309.888672
6245.818848
6674.021973
5998.178711
5803.500000
5544.603516
5698.582031
5322.360352
5530.219727
5820.715332
5841.428223
6080.141602
6475.177734
6183.143066
5891.580078
5650.573242
5858.007812
5680.097168
5313.662598
5392.318359
5978.750000
6433.172363
6904.508301
6951.811523
7176.688965
7434.094727
7501.375488
7687.259766
7938.889648
7981.004883
8174.822754
8189.035645
8187.769043
8205.386719
8329.145508
8252.590820
8301.754883
8245.808594
8265.260742
8032.921875
7994.495605
7977.060059
8030.956055
8043.053223
8005.063965
8081.075684
8024.287109
8037.595215
8029.681152
7932.948242
7913.807129
7866.613770
7626.379883
7451.987793
7261.402832
7060.446777
6851.890137
6533.126953
6763.614258
6302.699219
5768.847656
6190.720215
6028.050781
5953.971191
6011.037109
6144.317871
6259.364258
5984.777832
5779.457031
6158.751953
5693.841309
5666.071777
5948.807129
6402.575684
6377.020020
6733.702148
6996.276855
6733.702148
6878.355469
6294.355469
6205.591309
6217.628418
5653.172852
5880.371094
6235.689941
7013.325195
7077.907715
7407.604980
7706.520508
7772.775391
7836.089355
7750.340820
7970.151367
8039.553223
8246.333008
8156.390137
8163.191406
8240.623047
8089.689453
8210.572266
8097.560547
7908.944824
7875.227539
6956.306641
6965.687988
7646.940430
7635.853516
7472.329590
7531.254395
7449.219238
7496.480469
7574.791992
7367.640137
7595.328125
7552.500977
7636.276855
7434.712402
6915.805664
6642.274902
6515.446289
6492.271484
6408.613281
6421.337402
6182.862793
6032.101074
6008.911133
6461.198730
5905.141602
5891.440430
6421.423828
6644.336914
6084.497559
6045.878906
6110.397949
6301.758789
6344.265625
7001.066406
7096.047363
7161.404785
7013.706055
7001.505371
7006.744141
7059.413574
7096.170410
7187.630859
6552.036133
6412.392090
6926.760254
6733.702148
6748.328613
7000.402344
7311.753906
7445.607910
7518.829590
7555.022461
7847.605957
8040.588867
8258.322266
8222.395508
8312.476562
8283.431641
8004.188477
7829.059082
7924.930176
7614.304199
7497.048828
7495.624512
7502.847168
7329.681152
6965.155273
6965.687988
6858.735840
6778.303223
6709.441895
6781.831543
6890.061523
7332.791016
7223.057129
7454.801758
7806.446777
7454.796875
7196.460938
6577.013184
6539.943359
6129.779297
6139.658203
6082.274414
6184.971680
6214.874023
5832.515625
6047.632812
6097.109375
6144.405762
6129.744141
6272.714844
6506.736816
6635.662598
7056.583008
7218.312988
7232.325195
7376.241699
7394.339355
7327.495117
7394.482422
7435.180664
7423.789062
7495.634766
7583.423340
7488.218750
7280.190918
7053.478027
7200.269043
7078.011230
7137.923340
7348.529785
7734.714844
7845.894043
7812.147949
7909.596191
8028.545898
7951.645996
8242.492188
8317.204102
8408.446289
8525.164062
7981.188477
7730.925781
7828.080078
7678.533203
7526.312500
7511.490234
7528.720703
7371.975586
6711.459961
6606.424805
6386.414551
6436.873047
6328.773926
6789.543945
6635.960449
6866.990234
6789.447754
6928.139160
6948.586914
6805.847168
6363.951172
6438.941406
6212.698242
6494.439941
6004.534668
6157.228027
6741.900391
6051.437012
5755.338867
5922.474609
6076.430176
6194.988770
6458.371582
6716.165039
7354.105469
7468.672363
7344.396973
7463.770020
7448.091797
7510.471680
7334.305664
7388.135254
7375.719727
7422.515137
7453.952148
7451.587402
7467.629395
7368.313965
7441.824219
7446.916016
7396.448730
7506.451660
7492.941895
7737.011719
7757.717773
7912.467285
8030.398926
8126.072266
8151.050781
8289.726562
8445.997070
8429.213867
8495.131836
8528.720703
7861.831055
7845.553223
7879.312500
7635.162109
7548.551270
7565.905762
7363.224121
7316.432617
6733.702148
6654.105957
6237.505371
6250.234375
6487.111328
6915.277832
6640.309570
6454.137207
6536.652344
6411.277832
6190.597168
6381.434570
6501.085938
6162.818359
6007.132812
5922.469238
5878.592285
5841.491211
5982.734375
5925.478027
5989.601074
5801.671875
6312.382324
6751.203125
6618.863281
7206.496094
7665.151855
7860.491211
7932.857910
7808.632324
7664.102539
7511.106934
7446.174316
7818.505859
7884.077637
7725.270508
7586.815430
7779.540039
7605.252441
7576.179688
7775.261719
7733.992676
7572.944336
7586.807129
8017.485840
8025.733398
8005.105957
8083.244141
8187.984863
8193.907227
8245.817383
8445.893555
8442.454102
8647.346680
8687.785156
8658.259766
7494.779785
7517.559082
7604.106445
7509.327637
7445.519043
7461.462891
7237.973633
7274.706543
7114.331543
7037.156250
6290.405762
6389.697754
6425.270996
6547.141113
6917.124512
6385.937012
6170.514648
6136.635742
5792.365234
5906.275391
6097.371582
6046.289062
6487.394043
6083.807129
5851.395508
5644.824707
5733.752441
6061.683594
6417.702637
6279.979980
6324.323730
6610.393066
6998.111816
7209.272461
7347.644043
7368.621582
7672.245605
7625.127441
7865.546387
7960.932617
7894.725098
7941.502441
8044.146973
8147.992676
7858.952148
7820.954102
7980.535156
8027.553223
7997.241699
7951.609863
7962.979980
8109.121582
8260.439453
8201.680664
8097.648926
8006.436035
8025.256348
8202.841797
8116.492188
8134.266113
8153.489746
8333.862305
8310.948242
8193.915039
7564.780273
7392.061523
7371.604492
7364.233887
7394.053711
6427.211426
6965.223145
6878.597656
6902.716797
6851.022949
6733.702148
6537.318848
6743.453125
6311.732910
6414.574707
6262.390625
6190.620117
5924.971191
5867.188477
5792.397949
5803.606934
5858.757812
5888.310547
5998.281738
6436.047852
5962.844727
5804.778809
6207.038574
6413.635254
6450.825195
6810.810547
7284.369629
7469.978516
7755.412598
7885.849609
7859.042480
7898.978027
7905.337891
7884.588867
7927.729492
8086.528320
7971.049316
8114.982422
8270.835938
8332.355469
8330.791992
8269.012695
7861.385742
7978.259766
8213.609375
8531.828125
8525.861328
8566.403320
8330.380859
8056.286621
8039.243164
7947.390137
8036.453125
8025.182129
8057.879883
8140.875000
8127.389160
8114.681641
8161.599609
7688.006836
7640.053223
7536.450195
7525.498047
7392.635254
6885.471191
6802.948242
6965.687988
7235.317383
7127.007324
7091.101074
6866.327637
6537.921875
6465.908691
6464.884277
6192.692383
6209.482422
6429.533691
6126.329590
5809.313965
6351.258301
6767.147949
6095.197754
6146.743652
6218.471191
6196.321289
6477.057617
6599.758789
6820.686035
6965.687988
7254.646973
7618.903809
7756.885742
7849.317871
7957.886719
8058.673828
8179.550293
8191.232910
8178.955566
8156.313965
8262.090820
8380.447266
8470.884766
8234.491211
8303.641602
8222.609375
8267.210938
8245.225586
8259.199219
8237.121094
8610.711914
8419.891602
8462.007812
8279.546875
8200.166016
8103.631348
8011.840332
7771.029785
7535.352539
7637.704590
7861.518066
8003.935547
8166.263184
8224.490234
8319.468750
6953.926270
7635.294434
8075.877441
7909.238281
7681.507812
7624.674805
7583.997559
7568.575195
7459.731934
7349.837402
7318.503418
7112.506348
6692.204102
6956.583984
6507.177246
6200.160156
6309.385742
6197.820312
6189.968262
6259.070312
6320.265625
6472.145996
6368.425781
6323.523926
6845.128418
6628.578125
6864.372070
7672.090332
7770.303223
7658.200195
7788.139648
7748.377930
8027.398438
8130.776855
8163.973633
8185.101562
8234.656250
8304.727539
8450.598633
8505.307617
8560.681641
8295.166016
8449.221680
8627.641602
8483.465820
8444.492188
8365.128906
8387.898438
8426.891602
8312.217773
8267.982422
8329.260742
8349.512695
8524.103516
8389.534180
7969.472168
7898.556152
7858.044434
8018.665527
8243.614258
8162.447266
8332.236328
8309.318359
7988.730469
7968.196289
7949.716309
8018.049805
8053.492676
8005.953125
7918.029297
7733.330078
7716.539551
7799.371582
7430.549805
7358.395996
7267.552246
7374.452148
7186.320801
6733.702148
6526.200195
6714.797363
6710.439453
6720.910156
6749.140137
6795.578125
6946.896973
6669.219238
6790.038574
6955.344727
7350.023926
7604.513672
7596.616211
7712.725098
7558.131348
7783.018066
7873.737305
8027.015137
7968.215820
8031.274414
8112.699707
8279.594727
8493.347656
8517.763672
8632.674805
8667.939453
8698.431641
8656.142578
8534.802734
8364.612305
8480.725586
8459.168945
8358.944336
8334.449219
8027.030762
7902.018066
8205.259766
8272.071289
8262.943359
8352.952148
8300.532227
8083.717773
8203.898438
8227.996094
8355.244141
8349.029297
8452.470703
8424.590820
8020.631836
7971.988281
7927.476074
7959.479980
7806.355957
7499.873535
7599.217285
7444.071777
7433.910645
7666.561035
7446.887695
7423.488281
7312.655762
7421.453125
7289.998047
7305.702637
7185.573730
7320.292969
7461.869141
7588.464355
7517.801270
7480.487793
7403.306641
7557.706055
7555.806152
7609.794434
7604.261230
7561.414551
7632.857422
7917.912109
7701.942383
7664.070801
7699.206055
7851.902344
8082.006348
8140.805664
8245.749023
8512.605469
8541.229492
8573.923828
8626.395508
8458.736328
8459.791016
8473.349609
8519.159180
8614.742188
8346.868164
8495.684570
8418.983398
8310.325195
8205.966797
8263.845703
8253.159180
8231.712891
8067.089355
8144.301758
8021.236816
8085.004395
8167.151367
8399.045898
8350.089844
8489.221680
8439.798828
8602.555664
8035.054688
7883.545410
7747.419434
7526.131836
7401.643555
7323.233398
7484.143066
7497.291504
7625.114746
7696.738770
7546.730469
7652.638672
7639.343750
7678.055664
7623.610840
7645.719238
7763.514160
7809.627930
7499.811035
7512.547363
7515.514648
7475.438965
7778.854004
7917.141602
7993.992676
7849.148438
7898.617188
7775.909180
7802.718750
7794.650391
7933.010742
7836.572754
7902.595215
8012.220703
8056.535156
8224.576172
8331.486328
8198.566406
8303.048828
8399.626953
8353.660156
8370.447266
8432.628906
8320.724609
8618.785156
8692.067383
8651.583984
8664.398438
8469.147461
8386.410156
8400.002930
8380.619141
8339.281250
8424.204102
8426.047852
8556.008789
8346.171875
8615.558594
8630.937500
8666.097656
8607.752930
8663.615234
8669.211914
8715.143555
8036.861816
8059.695801
7972.937988
7744.029297
7794.857910
7725.428223
7469.487793
7522.366699
7468.862793
7647.350098
7595.500000
7679.347656
7902.902344
7848.548340
7824.281250
7954.101562
7914.773926
7920.729004
7991.854980
7983.556152
7902.479980
7932.090332
7875.358887
7944.937988
7908.114746
7847.317871
7950.333008
7950.408691
7924.924316
7878.332520
8029.366699
7956.953613
8151.057617
8240.164062
8245.180664
8326.703125
8212.329102
8183.473633
8330.099609
8359.200195
8368.529297
8446.200195
8405.748047
8337.508789
8351.714844
8329.863281
8371.163086
8283.566406
8291.916992
8330.827148
8421.147461
8341.055664
8252.797852
8265.184570
8170.656250
8548.343750
8313.018555
8514.276367
8498.303711
8674.886719
8708.878906
8688.423828
8648.793945
8690.254883
8295.739258
8207.867188
8175.181641
7848.670898
7777.257324
7479.958496
7487.291016
7600.399902
7477.724121
7485.099121
7733.899414
7960.355957
8081.703125
8091.200684
8101.646973
8287.925781
8260.591797
7976.874512
8035.543945
7958.969238
8072.671875
8083.896484
8195.273438
8093.378906
8136.620605
8100.068848
8067.690430
8023.530762
8093.662598
8161.626465
8116.859375
8158.897461
8086.047363
8065.414551
8122.459473
8247.758789
8328.333008
8318.783203
8415.565430
8269.512695
8197.092773
8356.199219
8242.121094
8464.113281
8390.174805
8244.686523
8199.097656
8263.358398
8410.250977
8401.635742
8286.473633
8276.009766
8138.079590
8085.666504
8260.864258
8256.047852
8282.269531
8350.132812
8485.977539
8396.562500
8472.099609
8715.473633
8624.624023
8502.643555
8109.605957
8257.265625
8153.119629
8081.335449
8030.465332
7869.068359
7790.549805
7672.053223
7830.219727
7554.288574
7755.529297
7700.444336
7846.194824
7969.683594
8192.917969
8111.255371
8262.385742
8165.514160
8253.033203
8126.241699
8050.120605
8078.800781
8147.939453
8159.604980
8115.076660
8137.319336
8210.184570
8247.755859
8370.667969
8356.556641
8260.759766
8111.049316
8334.722656
8407.906250
8327.310547
8091.249023
8336.817383
8382.666992
8272.586914
8324.589844
8235.680664
8083.321777
8287.545898
8398.996094
8502.120117
8375.099609
8191.194336
8236.613281
8215.365234
8212.040039
8368.419922
8241.083008
8232.484375
8254.208008
8324.496094
8296.425781
8318.750977
8271.771484
8453.471680
8297.889648
8224.463867
8231.745117
8612.195312
8434.782227
8132.119629
8296.397461
8178.457031
8254.030273
8198.843750
8152.811035
7939.354980
7774.178711
7810.542969
7939.252441
7966.726562
7885.771973
7977.669434
8013.895508
7962.166504
8070.531250
8049.297363
8062.951172
8150.833984
8112.873535
8263.535156
8287.084961
8318.743164
8212.407227
8182.637695
8218.830078
8346.113281
8087.150879
8183.124023
7921.317383
8120.419434
8145.122070
8045.032227
7933.785645
7973.504883
8037.248047
8085.785156
8133.911621
8074.897949
7998.786133
8148.568848
8162.356445
8417.461914
8392.687500
8448.877930
8352.620117
8392.254883
8263.688477
8270.051758
8292.981445
8056.574219
8086.950195
8144.093750
8134.899414
8238.093750
8153.829102
8285.206055
8288.773438
8372.267578
8371.695312
8419.072266
8458.978516
8390.143555
8439.679688
8157.916992
8022.326660
8033.519531
8205.401367
8067.048828
7949.322754
7974.431152
8011.333008
7925.240234
7903.929199
7764.869141
7652.284180
7639.511719
7594.531738
7726.193359
7822.326660
7954.109375
7998.964844
8019.227539
8047.562988
8095.247559
8035.740234
8146.737793
8002.546875
8050.716797
7941.499023
8014.968750
7860.620117
7983.041504
8016.437988
7962.299316
8183.482422
8110.825195
8216.266602
8221.869141
8152.811523
8147.968262
8156.582031
8137.583496
8112.098145
7990.703125
7989.162109
8108.229492
8146.930176
8320.768555
8246.150391
8222.297852
8237.887695
8242.249023
8384.475586
8357.348633
8361.504883
8346.127930
8393.570312
8230.587891
8235.080078
8258.906250
8155.540039
8232.938477
8194.982422
8236.360352
8352.142578
8222.792969
8173.892578
8082.210449
8051.987305
7847.523926
7785.699219
7676.872070
7719.857422
7512.326172
7498.437500
7631.846680
7588.821289
7681.688965
7466.218750
7521.934082
7463.616211
7449.538086
7724.266602
7792.394043
7781.926270
7612.656250
7713.476074
7666.099121
7889.068359
7791.342285
7910.893555
7833.157227
7754.431641
7837.547852
7727.911621
7819.864746
7805.984863
7939.348633
8033.267090
8135.431152
8155.919922
8269.107422
8304.625977
8259.810547
8221.947266
8316.408203
8068.670410
8162.706543
8108.586426
8236.529297
8249.740234
8336.612305
8455.387695
8355.872070
8272.622070
8215.331055
8275.666016
8318.169922
8236.542969
8152.086426
8071.210938
8321.595703
8045.865234
8043.725586
7978.895020
8170.331543
8372.953125
8318.107422
8249.514648
8094.623535
8224.134766
7761.295898
7805.029297
7736.020508
7738.510742
7789.255859
7471.187500
7550.646973
7426.349121
7499.441895
7624.119629
7612.134766
7417.816406
7420.277344
7383.099609
7325.343262
7289.344727
7480.234863
7768.757812
7812.610352
7510.127441
7660.847656
7456.296387
7487.697754
7595.539551
7601.232910
7741.434082
7835.481445
7795.866699
7724.490234
7845.928223
7869.551270
8024.420410
8238.599609
8227.446289
8314.705078
8268.939453
8290.878906
8238.078125
8394.473633
8271.996094
8258.679688
8259.033203
8366.446289
8419.426758
8440.207031
8250.450195
8199.510742
8283.984375
8162.525391
8057.730957
8173.030762
8035.046875
8062.026367
8045.942871
8183.162598
8154.379883
7979.801270
8000.537109
8122.839355
8050.685547
8049.440430
7976.479004
8076.739258
7982.621094
7807.541992
7720.927734
7880.582520
7488.833008
7790.058594
7624.659180
7469.897949
7512.127441
7643.129883
7614.078613
7507.294922
7289.452148
7415.435547
7376.242188
7205.218750
7359.224609
7283.911133
7204.100098
7303.403320
7398.409668
7449.043457
7672.572754
7614.061035
7544.868652
7534.832520
7658.212402
7567.023926
7518.403320
7623.301758
7505.938965
7249.328125
7436.780762
7734.529785
7835.891602
8056.014648
8068.990234
8004.197754
7998.219727
8012.171387
8107.046875
8257.516602
8194.539062
8235.436523
8222.571289
8264.062500
8294.031250
8167.260742
8257.090820
8306.736328
8379.037109
8288.102539
8145.120117
7959.841797
7832.944824
7776.989746
7670.089844
7748.550781
7735.408691
7820.391113
7607.937012
7728.336914
7617.707031
7408.546875
7718.633301
8038.120605
7869.472168
7794.698242
7606.037109
7605.242188
7630.429688
7759.263672
7782.805664
7792.894531
7549.350098
7530.034180
7493.637207
7480.666504
7478.277832
7510.657227
7529.496094
7417.828613
7275.203125
7417.963379
7448.488281
7451.900391
7428.568359
7514.483887
7423.545898
7454.614746
7437.036621
7537.256348
7673.503906
7565.247559
7409.907715
7524.811035
7819.735352
8037.873047
8052.050781
7951.257324
8162.354980
7981.442871
7965.799805
8009.614746
8062.885742
8039.484375
8196.962891
8227.002930
8070.663574
8016.255371
8061.261230
8001.655273
8093.696289
8200.003906
8194.449219
8041.162109
8036.867676
7858.649414
7835.945312
7666.931641
7510.199219
7222.167480
6961.177734
6947.750000
6849.136719
6727.141113
6965.687988
6627.501953
6844.498535
8047.000000
8092.786621
8043.913086
7924.014648
7879.422852
7832.634277
7805.294434
7698.370605
7548.098145
7501.738770
7207.426758
7351.020508
7250.175293
7516.356445
7420.337891
7388.077637
7384.872559
7405.591797
7360.057129
7103.367676
7185.663086
7344.223145
7265.494141
7247.755371
7474.678223
7500.726562
7708.730957
7734.798828
7863.160156
7895.917480
7853.744141
7887.834961
7972.318848
8041.251465
7692.578125
7695.280762
7825.249023
7951.620117
7852.178223
7757.520508
7781.775391
7912.547852
7974.725586
7834.038574
7809.883301
7918.611816
7986.551758
8057.933594
8054.082031
8063.831543
8030.528320
8009.250000
7958.762695
7820.607910
7665.336914
7603.849121
7382.083008
7154.559570
6929.133789
6708.704590
6646.089355
6499.381836
6312.729492
6494.676758
7933.577637
7952.117188
7966.626953
7780.052734
7575.005371
7598.777344
7439.460938
7517.319824
7406.359863
7611.640625
7473.480957
7363.023438
7433.132812
7466.596191
7446.876465
7496.236816
7389.754883
7513.786621
7475.128418
7280.477539
7297.690430
7336.086426
7368.339355
7464.271973
7736.480957
7817.402344
7793.258301
7988.409668
7885.587891
7940.850098
7836.227539
7762.232422
7557.156250
7421.203613
7384.147949
7418.674805
7335.492188
7371.983398
7360.115723
7477.810547
7345.573730
7477.840820
7641.016113
7471.839844
7765.998047
7789.118164
7911.843262
7839.479492
7901.862305
7792.063477
7959.569824
8001.354004
7930.400391
7914.391602
7794.188477
7898.615723
7652.150391
7446.402344
7287.452148
6590.519531
6381.521973
6217.020020
5807.685059
6275.793945
7906.626465
7851.926758
7808.575684
7677.719238
7518.104492
7503.799316
7481.856445
7439.045410
7281.730469
7064.916992
7258.932617
7321.058105
7413.989746
7360.230957
7442.147461
7325.519043
7601.252930
7685.069336
7741.374023
7795.685059
7632.274902
7639.337402
7650.655273
7609.563965
7811.537598
7823.983887
7996.723633
8046.854980
8032.212891
7971.919922
8000.989258
7919.501465
7587.699707
7575.011230
7471.395508
7459.016113
7447.557617
7411.194824
7336.826660
7322.625488
7384.140625
7439.034668
7592.098145
7501.866211
7408.536133
7333.762695
7721.210449
7624.989746
7516.978516
7478.291016
7534.571289
7559.928223
7787.326660
7859.541504
7827.720215
7722.296875
7465.758789
7287.014160
6758.390137
6733.702148
6264.753906
6008.561035
6034.557129
6353.732422
