/Real_Ip4_1
1
Ip
8068.906738
7746.296387
7801.462402
7812.713867
7720.449219
7488.493652
7436.497070
7830.734375
7791.659668
7887.360352
7821.288574
7928.664062
7733.266602
7525.617188
7610.713867
7290.737793
7230.090332
7243.437500
7194.549805
7284.293457
7467.553223
7760.703613
7989.704102
7975.481934
8126.191895
8036.482910
8006.028809
8123.263672
8136.526367
8230.448242
8300.113281
8344.259766
8490.523438
8484.500977
8553.649414
8667.707031
8636.353516
8726.905273
8713.265625
8798.394531
8726.750977
8726.149414
8418.165039
8364.990234
8239.017578
8300.789062
8232.375000
7925.043945
8033.813477
7991.498047
8127.015625
8096.642578
8002.151367
7880.634277
7912.758301
7938.328125
8034.345703
7831.556641
7588.367676
7544.389160
7531.366699
7687.169434
7960.569824
8017.081543
7413.708984
7700.713867
7468.566895
7340.332520
7453.551270
7368.599121
7803.043457
7815.633789
7831.148438
7876.143066
7747.059082
7802.467285
7843.504395
7537.647949
7371.391113
7362.693848
7413.849609
7503.442871
7598.289062
7647.079102
7453.483887
7320.952148
7317.160645
7644.872070
7679.949707
7754.059570
7781.600098
7744.368652
7799.380859
7859.429199
7811.319336
7821.524414
8073.475586
8333.822266
8333.035156
8354.754883
8447.083008
8247.821289
8505.946289
8499.150391
8642.410156
8419.488281
8370.268555
8410.693359
8690.524414
8384.813477
8350.811523
8144.155762
7887.618164
7904.950195
7824.517578
7775.348633
7769.779785
7968.805176
8095.590820
7864.085938
8078.019043
8054.979492
7887.962891
7960.750977
7963.113281
7971.193359
7949.328125
7875.562500
7316.728516
7464.102051
7711.213379
7625.688965
7661.196777
7833.022949
7999.069824
7917.273438
7900.250000
7646.690918
7722.113770
7818.671387
7738.761230
7742.370605
7523.800293
7506.743164
7352.731445
7200.589844
7276.435059
7285.030273
7381.804688
7531.543945
7525.044922
7453.694336
7493.202637
7361.114746
7460.968262
7843.614258
7910.079102
7934.348633
8018.404297
7941.694824
7962.076660
8123.355469
8284.766602
8360.358398
8311.787109
8389.228516
8462.395508
8360.153320
8408.365234
8327.903320
8383.144531
8368.763672
8576.325195
8587.506836
8401.559570
8297.832031
8069.199219
7823.831055
7712.770020
7448.275879
7285.543945
7516.235840
7770.892578
7581.090332
7436.123535
7590.254395
7960.413574
8080.352051
8064.981934
7995.646484
7801.055176
7675.201172
7745.297852
7731.480469
7567.437012
7607.884277
7493.091797
7425.547852
7589.408691
7784.604492
7820.327148
7494.450684
7553.149902
7584.734863
7549.889160
7463.422852
7463.872070
7501.398438
7438.460938
7480.107910
7374.218750
7498.439941
7411.429688
7689.626465
7637.041016
7497.232422
7583.188477
7934.575195
7970.490234
7924.773926
7848.514160
7937.601562
8058.021484
7907.261719
8144.432129
8189.710938
8198.679688
8193.998047
8365.988281
8308.976562
8278.897461
8346.936523
8240.285156
8385.669922
8260.869141
8234.205078
8095.847168
8060.932617
7977.166016
8013.384766
7762.077637
7652.115723
7395.847656
7369.145996
7498.875488
7507.058105
7464.293945
7805.199219
7821.821289
7857.270020
7998.272461
8091.690430
8178.646484
8064.203125
8118.177246
8352.634766
7868.832520
7742.131348
7809.488281
7977.539062
7886.127930
7916.435059
7864.857422
7811.813965
7774.496582
7917.707031
7947.858887
7996.459961
7897.375977
7662.654785
7413.720703
7506.316895
7458.442383
7695.045898
7711.594238
7601.981445
7565.299316
7593.634766
7802.407715
7825.727539
7841.099121
8098.442871
7977.690918
8040.838379
8177.421387
8029.944824
8228.550781
8226.799805
8147.156250
8042.613770
8102.477539
8365.279297
8483.238281
8588.909180
8334.721680
8162.252930
8276.929688
8085.404297
7953.609863
8048.632812
8269.845703
7920.382812
7803.049316
7553.645508
7665.608398
7863.728516
7819.507812
7738.425293
7828.733887
7776.445801
7760.619141
7694.388184
7985.864258
8248.576172
8247.451172
8305.099609
8279.477539
8467.316406
8563.268555
8457.813477
7985.933594
7771.423828
7783.263184
7516.791504
7785.498047
7664.749023
7956.384766
8119.227051
8054.582031
8052.449707
8350.662109
8232.943359
8033.076660
8082.522461
7845.629883
8007.428711
8009.007812
7938.992188
7824.879883
8048.268555
8070.200684
8164.047363
7975.706543
8081.561523
8227.228516
8101.929688
8054.797363
7940.930664
7964.670410
8016.194824
8010.010254
8163.596191
8484.666016
8308.527344
8452.727539
8480.760742
8400.291992
8279.733398
8213.875000
8158.350586
8208.986328
8175.897461
8137.584961
8142.314453
8222.646484
8204.195312
7901.452148
7555.885254
7479.233398
7449.660645
7536.762695
7522.058594
7789.797852
7976.307617
7966.124023
8017.648926
8097.040039
8436.366211
8638.729492
8648.761719
8473.734375
8271.366211
8084.973633
8236.693359
7908.333008
7840.707520
7802.992188
7881.752930
7861.123535
7893.930176
8118.013672
8147.330078
8278.954102
8298.572266
8231.129883
8204.522461
8281.380859
8271.634766
8148.305176
8127.763184
8092.770996
8012.667969
8005.482910
8082.366211
8035.575684
8282.251953
8090.141602
8168.986328
8293.385742
8430.139648
8289.000000
8395.568359
8078.224609
8226.225586
8168.728516
8345.850586
8484.448242
8355.970703
8503.995117
8347.591797
8431.196289
8278.248047
8216.969727
8241.897461
8334.360352
8327.806641
8303.543945
8358.800781
8311.423828
8253.531250
8099.401367
7933.025391
7903.639160
8053.373047
7944.602051
7679.985352
7642.027344
7746.460938
7802.690918
7818.956055
7887.440430
8112.840332
8259.902344
8589.839844
8425.616211
8434.483398
8328.477539
8294.478516
8238.994141
8266.039062
8290.965820
8095.491699
8162.020020
8121.843262
8099.738770
8113.594238
8295.606445
8343.198242
8412.996094
8294.131836
8397.080078
8609.241211
8650.409180
8620.395508
8465.537109
8620.072266
8374.661133
8278.674805
8293.746094
8205.416992
8235.845703
8393.669922
8233.796875
8275.023438
8273.745117
8341.150391
8243.391602
8259.235352
8353.433594
8511.439453
8778.385742
8719.197266
8777.288086
8676.953125
8623.897461
8596.013672
8412.557617
8328.761719
8418.094727
8264.457031
8240.238281
8249.465820
7971.643555
7917.180176
7941.866211
7941.836426
8023.505371
8014.959961
7864.949219
7660.096680
7759.142090
7853.871582
7846.647949
7957.856445
7812.988770
7970.378906
8096.711914
8191.920898
8406.567383
8292.842773
8425.175781
8233.274414
8102.769043
8124.991699
8281.665039
8394.934570
8320.041992
8553.515625
8648.242188
8678.698242
8602.994141
8606.319336
8682.551758
8624.732422
8613.747070
8692.834961
8710.677734
8682.941406
8728.271484
8467.570312
8523.665039
8691.007812
8593.505859
8578.835938
8745.767578
8749.111328
8783.711914
8828.829102
8804.048828
8717.757812
8662.389648
8376.507812
8350.902344
8535.619141
8658.438477
8698.316406
8825.458984
8684.052734
8673.818359
8628.868164
8599.596680
8457.724609
8327.391602
8335.780273
8533.921875
8402.752930
8456.184570
8309.589844
8414.435547
8258.973633
8061.180176
7985.369629
7914.528320
7886.028320
7406.425293
7584.755859
7626.187988
7898.176270
7778.717773
7611.353516
7815.930664
8046.172363
8183.030762
8160.815918
8119.204590
8008.857422
8114.707031
8315.732422
8429.502930
8393.851562
8334.998047
8524.297852
8529.357422
8674.332031
8675.066406
8705.455078
8700.486328
8658.115234
8674.747070
8659.904297
8668.456055
8658.022461
8734.698242
8842.547852
8796.361328
8908.562500
8890.537109
8759.628906
8620.882812
8691.539062
8739.080078
8649.785156
8503.935547
8449.508789
8424.170898
8381.352539
8612.922852
8855.665039
8904.133789
8929.339844
8888.091797
8764.538086
8843.902344
8730.003906
8560.735352
8636.631836
8341.952148
8195.615234
8362.622070
8300.654297
8120.829590
7970.744141
8263.169922
8227.099609
8266.060547
8087.935547
8149.425781
8119.908203
8073.242676
8010.731934
7670.883789
7629.377930
7688.367676
7688.041992
7657.804688
7714.640137
7751.992676
7868.417480
7971.507812
7820.805664
8009.675293
8188.232422
8221.611328
8295.369141
8458.530273
8672.742188
8651.065430
8731.657227
8853.877930
8939.645508
8794.663086
8840.369141
8563.695312
8262.519531
8655.255859
8904.632812
8844.997070
8852.173828
8835.021484
8921.356445
8926.803711
8846.155273
8786.912109
8843.676758
8882.280273
8940.143555
8839.033203
8808.409180
8744.589844
8701.965820
8662.761719
8744.438477
8883.825195
8736.615234
8869.965820
8942.727539
8922.388672
8927.159180
8717.916016
8674.062500
8542.616211
8293.138672
8498.661133
8565.575195
8345.406250
8286.474609
8295.747070
8172.501953
8355.834961
8125.045898
8225.102539
8245.843750
8173.249512
8172.430664
7984.437988
8052.177734
7855.625977
7483.654785
7390.323242
7421.676758
7419.477539
7462.183594
7517.422363
7514.418457
7835.381348
8063.572266
8260.134766
8473.318359
8278.345703
8317.372070
8595.402344
8684.692383
8684.241211
8463.096680
8370.125000
8365.448242
8512.739258
8308.720703
8423.712891
8466.286133
8577.081055
8846.535156
8930.489258
8915.564453
8888.763672
8871.668945
8792.752930
8856.118164
8736.567383
8841.845703
8723.293945
8827.109375
8896.858398
8942.727539
8939.692383
8890.867188
8931.952148
8880.198242
8801.201172
8874.313477
8837.999023
8863.316406
8936.745117
8850.642578
8763.149414
8670.793945
8465.492188
8660.210938
8543.379883
8516.191406
8283.494141
8090.820801
7933.759766
8072.651367
8108.520020
8116.356445
7973.185547
7882.020996
7685.155273
7697.384277
7476.240234
7576.658203
7458.438965
7368.477539
7480.367188
7541.674316
7663.374512
7604.000488
7873.834473
7976.783203
8013.248047
8035.119629
8083.441895
8134.364746
8296.099609
8204.045898
8132.860840
8038.895508
8138.761719
7979.298828
8211.873047
8119.798828
8239.525391
8348.801758
8355.930664
8486.493164
8674.547852
8729.267578
8677.645508
8760.564453
8669.657227
8591.047852
8426.524414
8663.003906
8688.070312
8812.867188
8921.132812
8828.136719
8942.727539
8942.727539
8917.950195
8942.727539
8942.727539
8942.727539
8931.706055
8927.297852
8751.257812
8771.270508
8621.889648
8669.815430
8696.522461
8706.713867
8569.721680
8508.458008
8474.560547
8446.572266
8261.981445
8219.431641
8184.706055
7924.322754
7842.216797
7706.065430
7645.032715
7547.116699
7734.640137
7568.958984
7523.571777
7818.035645
7659.866699
7592.996582
7908.646484
7798.037109
7354.049316
7655.606934
7769.581543
7840.783691
8008.232910
8071.660156
8173.153809
8031.618164
8092.481934
8233.589844
8302.283203
8202.455078
8108.888672
8241.007812
8240.524414
8265.612305
8396.842773
8431.016602
8326.507812
8320.899414
8307.995117
8392.853516
8204.718750
8242.940430
8304.176758
8244.836914
8528.964844
8746.451172
8756.052734
8877.500000
8788.189453
8786.415039
8818.446289
8934.343750
8881.264648
8941.514648
8917.535156
8828.827148
8757.596680
8720.070312
8652.938477
8643.473633
8610.855469
8566.002930
8367.657227
8368.603516
8615.634766
8375.483398
8546.614258
8366.402344
8002.605957
7788.437012
7829.148926
7581.378906
7452.438965
7412.752930
7326.893066
7351.823730
7550.607422
7576.515137
7518.116211
7558.688477
7647.511230
7805.166992
7718.524414
7445.698242
7561.187988
7499.559570
7773.093750
7793.073242
8026.637695
7974.062988
8095.062012
8179.572754
8234.312500
8205.861328
8041.631836
7875.910156
7895.296875
7760.919434
8025.491211
8191.809082
8131.228516
8044.968262
8300.518555
8299.852539
8251.578125
8215.857422
8278.602539
8492.237305
8529.651367
8670.968750
8824.231445
8854.113281
8836.288086
8736.889648
8779.308594
8725.046875
8868.341797
8939.762695
8875.058594
8787.462891
8719.590820
8640.903320
8715.650391
8708.759766
8702.699219
8504.151367
8288.794922
8346.454102
8366.747070
8420.196289
8385.029297
8331.283203
8212.906250
8397.523438
8093.520996
7837.543945
7899.572266
7830.161621
7902.041016
7676.854980
7475.564453
7518.953125
7468.375488
7465.178223
7470.319824
7737.230957
7752.080078
8039.419434
7998.704102
8025.848145
7857.976562
8041.969727
8070.100098
8121.618652
7966.860352
8068.664551
8054.918457
7971.071289
7928.444824
7835.092285
7707.445801
7898.973633
7923.848145
8210.951172
8269.578125
8371.769531
8447.347656
8482.888672
8214.811523
8258.388672
8352.562500
8564.127930
8751.398438
8766.123047
8856.963867
8918.991211
8925.848633
8882.958984
8833.787109
8849.149414
8795.482422
8827.069336
8841.509766
8775.262695
8686.901367
8424.475586
8637.650391
8650.808594
8495.801758
8361.624023
8284.285156
8575.042969
8293.329102
8171.463379
8266.998047
8009.229980
8118.009277
8223.608398
8179.892578
8103.018066
8131.772949
8121.065918
8033.158691
7921.373047
7597.862305
7742.810059
7776.038086
7761.702637
7558.816895
7583.507324
7925.982910
8079.763672
7979.057129
7822.935059
7801.727539
7970.415039
7726.079590
7519.647461
7560.048828
7422.832520
7459.918945
7440.983887
7350.491699
7526.435547
7723.062012
7786.064941
7787.248047
7927.877930
7995.034180
7991.000488
8159.012207
8435.632812
8443.106445
8536.835938
8394.571289
8404.459961
8492.562500
8432.481445
8667.069336
8665.866211
8697.485352
8658.086914
8388.372070
8323.584961
8429.009766
8454.262695
8341.126953
8370.056641
8257.403320
8305.122070
8550.848633
8515.057617
8471.746094
8252.546875
8059.309570
8154.455078
8100.755859
8300.072266
8361.375977
8159.918945
8126.760254
8032.294434
7986.298828
8213.507812
8129.783203
8063.142578
8000.906250
7997.717285
7983.671387
7808.256348
8001.387207
7996.759766
8026.026367
8026.404785
8296.564453
8193.904297
7999.782227
7679.511719
7850.548340
7769.336914
7507.515137
7353.526855
7278.979980
7347.343750
7427.345215
7472.819336
7641.243164
7817.984863
7729.982422
7921.321777
7704.677246
7639.986328
7497.060547
7995.561035
8099.619629
8341.322266
8323.906250
8333.291992
8218.500000
7967.611816
7953.742676
8061.934570
7979.533691
7812.740723
7989.534180
8088.502930
8250.939453
8135.281738
8048.163086
7972.952637
8232.421875
8221.074219
8280.437500
8026.222168
8398.125977
8317.654297
8490.764648
8469.057617
8338.699219
8215.757812
8189.582031
8219.695312
8238.766602
8027.184570
7986.150879
7978.125977
8069.027832
8067.152344
8164.407227
8111.431152
7999.529297
7997.473145
8026.920898
8025.728027
7957.629395
8006.112305
8050.195801
7997.617676
7970.197754
8000.276367
8056.519043
8130.370117
8121.415039
7988.563965
7804.673828
7681.795898
7482.249023
7501.983398
7573.203125
7806.288574
7561.858398
7579.897461
7568.581543
7847.018066
7909.151367
8015.384766
8020.842773
7958.331543
8002.520508
7938.285156
8019.869141
8070.704102
8050.447754
8279.014648
8087.445801
8071.198730
8011.472656
7972.816406
7830.608398
7977.496094
8045.318359
7992.837402
7977.541504
7976.374512
8015.493652
8138.779785
8004.026855
8047.319336
8323.561523
8348.458984
8334.453125
8339.345703
8306.163086
8201.875000
8255.431641
8105.178223
7791.215332
7827.520020
7633.183105
7749.906250
7768.797852
7888.527832
7961.442383
7910.125977
8031.455566
8074.505371
8043.007812
8050.320312
7843.138184
7726.102539
7788.538574
8117.100586
7707.761230
7863.744629
8047.755859
7958.575684
7892.355469
7872.519531
7863.734863
8081.500488
8034.446777
7995.174316
7741.232422
7716.215820
7728.493652
7447.833008
7404.895996
7332.432617
7474.641113
7554.319336
7543.255859
7841.661133
8010.516602
8005.111328
8061.413574
8250.031250
8079.796875
8109.088379
8012.698242
7942.930176
7955.798828
7978.467285
8017.993652
7898.520996
7921.543457
7782.670898
7932.297852
7603.815430
7742.750000
7571.748535
7600.472168
7668.456543
7906.123047
7914.253906
7915.652344
8042.823730
7962.290039
8154.110352
8082.655273
8036.621094
7825.346191
8035.609375
7856.395508
7788.401367
7925.312012
8078.323242
8054.510254
7811.703613
7741.879883
7540.872070
7804.389160
7786.742188
7832.335449
7867.367188
8089.213379
8319.697266
7679.433105
7927.051270
8084.801758
8063.417480
7995.480469
7941.373535
7872.333008
7618.323730
7523.454590
7479.676270
7423.099121
7394.949707
7459.489746
7346.334473
7476.100586
7533.656738
7464.755859
7463.520996
7573.941895
7889.732910
7914.163574
7962.892578
7898.409668
7867.397461
7925.114746
8162.673340
8136.536133
7808.969238
7930.132812
8011.802246
7830.470703
7933.945801
7770.185059
7591.478516
7477.141602
7607.492188
7691.051758
7442.434082
7467.775879
7667.620605
7675.739746
7869.162598
7984.535156
7989.397461
7853.791016
7742.455566
7829.525879
7605.685059
7899.231934
7726.673828
7914.065430
7763.089844
7954.032227
7885.785156
7849.197266
7933.765625
7455.195312
7653.883301
7541.626953
7559.327637
7896.993164
7922.597656
7878.495605
8009.694336
7624.186523
7796.666504
7872.090332
8050.762695
8044.473633
7824.830078
7957.619629
7980.999512
7974.808594
7837.193848
7859.209473
7597.319824
7517.319336
7450.164062
7361.669434
7480.434570
7706.315430
7770.554688
7492.539551
7464.906738
7529.283691
7591.771484
7841.481934
8138.697754
8240.826172
7996.106934
7987.039551
8002.650879
8038.763184
7999.808105
7975.180176
7826.840332
8002.608398
7655.101562
7688.622070
7567.149902
7602.554199
7455.688965
7828.617188
7930.151367
7921.043457
7635.360352
7624.241699
7523.387695
7516.154785
7607.494629
7580.473633
7667.795898
7780.375488
7989.638184
7964.868164
8168.472656
8259.828125
8220.808594
8040.525879
7833.438965
7791.092285
7911.812500
7602.522949
7727.735840
7545.729004
7746.769531
8100.835938
8055.843750
7492.571777
7666.615234
7871.241699
7989.503418
8128.401855
8123.323730
8191.716797
8129.688965
7999.452637
7989.494141
7649.297363
7690.058594
7536.963379
7344.439941
7282.390137
7443.245605
7495.032227
7325.067383
7516.708496
7536.792480
7732.608398
7610.218262
7862.671387
7880.143066
7941.785156
8004.740234
7979.905762
7825.926758
7714.941895
7573.735840
7580.806641
7627.830078
7933.820801
7862.503418
7544.709473
7632.863281
7508.239746
7456.814453
7340.045898
7333.458984
7469.059082
7477.379395
7422.254883
7687.064453
7842.816406
7741.043945
7702.667969
8128.393066
8055.110352
7929.459473
7940.703125
8047.382812
8402.626953
8343.021484
8099.490234
8084.632324
7971.239258
8118.698242
8042.635742
8048.576660
8092.292480
8034.273926
8128.655273
8287.761719
7495.144043
7795.056641
7752.248047
7716.647461
8048.468262
8051.653320
7873.080566
8027.625000
7529.309570
7560.396484
7417.648438
7454.511230
7806.952637
7667.527832
7858.127441
7986.589355
7839.903320
7819.657227
7884.927246
8042.226562
8044.930176
8071.261719
8057.441895
8208.129883
7950.142578
7931.855957
7948.392090
7548.562012
7414.439453
7649.089355
7572.495605
7590.255859
7985.939453
7936.338379
7712.327148
7491.601562
7482.764160
7504.041992
7316.992188
7460.349121
7472.483398
7478.395508
7455.762695
7536.115723
7369.661621
7433.414551
7328.835938
7492.302246
7698.967773
7968.262207
8073.107422
8267.818359
8032.126953
8190.315430
8244.011719
8321.833984
8166.914551
8188.806641
8175.386230
8332.217773
8257.942383
8256.085938
8256.067383
8462.967773
7880.174805
7866.164551
7696.566895
8103.132812
7765.361816
7575.326172
7535.999023
7512.536621
7625.570801
7551.097168
7818.003418
7955.607910
7884.640625
8042.638184
7954.395508
7922.088867
7958.548828
8095.150879
8128.603516
8252.616211
8168.984375
8225.129883
8123.640137
7943.375977
7996.019531
7721.054688
7436.079102
7410.230957
7470.712402
7450.076172
7694.049316
7940.230957
8046.501953
7821.515137
7718.462891
7392.053711
7368.431152
7174.699707
7355.224121
7257.963379
7403.740234
7156.162109
7302.943848
7291.165527
7319.444824
7350.463867
7402.687988
7659.391602
7849.090332
7945.381348
8041.212402
7898.563477
7808.259277
7813.500977
7984.469238
8048.342773
8070.000000
8252.098633
8144.155762
8379.156250
8280.002930
8206.916016
8355.720703
8344.649414
7668.466309
7586.685547
7742.384277
8043.437500
7824.642090
7833.381836
7824.336914
7719.031250
7664.916504
7599.284180
7791.019043
7952.796387
8173.028320
8100.318359
8147.020020
7923.435059
7961.975586
8079.837891
7971.079102
8187.531738
8204.785156
8015.344238
8172.204102
8196.576172
8024.206055
7816.027344
7802.329102
7529.878906
7847.989746
7866.656738
7842.381836
8011.641602
8028.555664
8000.531738
7945.209473
7752.419434
7434.457520
7372.012695
7346.166504
7256.727539
7345.731934
7066.822266
7073.080078
7251.586914
7210.314453
7238.993164
7445.227051
7625.895508
7570.079102
7549.839355
7701.687012
7826.851074
7943.545898
8150.180176
8102.613281
7960.406250
7972.452637
8078.254883
8115.570801
8307.315430
8325.822266
8297.573242
8425.150391
8577.756836
7833.277832
7818.552734
7706.975586
8011.681152
8033.703125
8005.937988
8081.765137
8227.179688
8226.261719
8114.416504
8098.939453
8145.748535
8283.287109
8403.476562
8265.458008
8328.396484
8242.587891
8220.316406
8249.373047
8072.394531
7903.504395
8117.808594
8214.126953
8261.494141
8024.108887
7990.990234
7971.847656
7819.094238
8043.741699
8140.227539
8161.900391
8138.894043
8025.425781
7923.982422
7907.428223
7937.548340
7837.015625
7627.770996
7483.912598
7554.890625
7507.865234
7491.484375
7349.653809
7215.555664
7324.573242
7306.374512
7451.528809
7594.406738
7780.187500
7805.261719
7981.045410
7999.050781
7857.481934
7883.822754
8406.491211
8305.984375
8149.683105
8196.960938
8211.926758
8385.665039
8344.689453
8389.359375
8378.480469
8699.230469
7612.923828
7985.827148
7954.640137
8008.923340
8094.662109
8205.662109
8445.308594
8669.774414
8539.665039
8654.396484
8631.954102
8402.306641
8498.710938
8555.038086
8543.973633
8660.717773
8518.809570
8377.382812
8478.371094
8344.882812
8259.839844
8171.335938
8133.108398
8155.666504
7959.364258
7973.428711
8024.526855
8066.087891
8145.113281
8203.048828
8194.214844
7846.953613
7963.253906
8042.401855
8009.035156
7841.673340
7895.005859
7717.510254
7750.581543
7411.160645
7453.529785
7412.041504
7507.591309
7652.449219
7934.539551
7805.815918
8048.340332
7913.210449
7980.602051
8025.169922
8078.654785
8191.839355
8093.529785
8190.373535
7984.545410
8003.862793
8085.163086
8204.777344
8275.041016
8268.396484
8325.952148
8602.923828
8494.847656
8573.761719
7991.601074
8009.292480
8119.218262
8238.303711
8392.840820
8449.835938
8456.666992
8622.618164
8616.062500
8626.314453
8671.406250
8727.534180
8561.576172
8567.980469
8494.924805
8489.386719
8682.632812
8798.008789
8554.122070
8724.539062
8661.105469
8350.251953
8075.905273
8111.834961
8102.421875
8172.523926
8262.876953
8304.220703
8333.091797
8419.327148
8086.854492
8160.910645
8106.362793
8069.293945
8067.224609
8027.021484
8030.082031
8026.557129
8087.974609
7887.532227
7698.380371
7874.433594
7860.740723
8020.880859
8043.429199
7936.958984
8244.797852
8113.953613
8213.983398
8102.043945
8210.619141
8108.628906
8190.497070
8113.483398
8332.537109
8603.208984
8345.364258
8426.820312
8672.583008
8816.522461
8662.272461
8805.055664
8421.292969
8400.079102
8264.601562
8297.398438
8430.208984
8483.557617
8489.141602
8355.493164
8412.553711
8600.947266
8703.863281
8683.423828
8913.978516
8840.678711
8798.285156
8781.969727
8642.668945
8537.508789
8412.394531
8233.760742
8295.081055
8339.184570
8126.593750
8238.617188
8214.709961
8311.585938
8282.796875
8209.437500
8008.721191
8005.368164
7999.754395
7860.744629
7788.761230
7736.495117
7750.526855
8026.979004
8230.748047
8256.084961
8198.748047
7925.833984
8129.426270
8271.021484
8230.873047
7985.366211
7958.646484
7856.309082
7793.066406
8049.773926
8244.920898
8335.977539
8424.759766
8277.435547
8400.774414
8415.478516
8368.757812
8054.976562
8538.497070
8490.810547
8582.124023
8625.009766
8759.440430
8736.975586
8809.280273
8665.313477
8830.641602
8426.033203
8205.814453
8327.883789
8282.375000
8381.360352
8424.327148
8403.236328
8353.049805
8623.978516
8493.357422
8813.294922
8793.917969
8807.514648
8848.392578
8676.222656
8736.027344
8444.451172
8322.138672
8115.829590
8375.802734
8211.218750
7924.268555
7859.008301
7978.885254
7851.996582
8066.324707
8119.500488
8075.342773
8003.102539
7961.565918
7998.529785
8002.684570
8229.457031
8482.320312
8343.807617
8026.711426
8001.319336
7936.978516
7921.428223
8034.767090
8424.764648
8256.225586
8198.478516
7949.632324
7954.274414
8143.033203
8165.750000
8064.470703
8289.881836
8567.875000
8466.456055
8581.893555
8549.665039
8542.494141
8502.581055
8446.092773
8480.925781
8575.988281
8787.965820
8782.500977
8818.038086
8743.146484
8636.049805
8556.579102
8365.355469
8017.715332
8077.551758
8100.750977
8169.009277
8297.010742
8276.601562
8307.033203
8324.334961
8419.610352
8400.503906
8282.381836
8476.195312
8477.750000
8300.774414
8264.822266
8398.787109
8138.045410
8039.398438
7984.185547
7870.354980
8027.508789
8061.302246
8107.740234
8057.286621
8122.901855
8020.876953
7973.271973
7877.170898
7821.325195
7900.044434
7975.686523
8034.998535
7992.306641
8047.225586
7999.323242
7964.214844
7786.687988
7801.794434
8052.281738
8308.107422
8269.522461
8142.884277
8093.007324
8083.702637
8275.140625
8522.585938
8482.193359
8781.573242
8817.415039
8893.930664
8919.224609
8898.958008
8707.940430
8775.783203
8694.940430
8716.694336
8687.889648
8686.642578
8862.069336
8757.465820
8782.483398
8824.423828
8784.631836
8737.928711
8054.192871
7986.730957
7936.711426
7966.095703
7943.700684
8025.917480
7951.836426
7951.613770
7784.505371
7868.551758
7772.806152
7513.850586
7517.452637
7510.295410
7545.193848
7459.062500
7413.384766
7465.701660
7557.068848
7818.298828
7754.497559
7519.053223
7810.402832
8060.670410
8074.308105
7969.000000
7797.561523
7848.268066
7953.364258
7975.537598
8113.015625
8103.442871
8193.909180
7977.601074
8107.770996
7939.524902
7774.026855
7831.274414
7977.268066
8034.848145
8079.079590
8124.499512
8186.604980
8239.831055
8436.996094
8634.932617
8768.173828
8880.347656
8923.704102
8942.727539
8942.727539
8840.775391
8795.201172
8811.703125
8702.076172
8680.020508
8756.407227
8640.844727
8568.172852
8490.224609
8825.648438
8577.946289
8456.300781
8484.350586
7871.416504
7998.081055
8145.666016
8021.101074
8020.072266
7980.322266
7720.457520
7525.491211
7294.296875
7150.292480
6917.046875
6951.903809
6965.687988
6654.294922
6617.661621
6377.841797
6505.731934
6789.565918
6947.358398
6626.152832
6807.891602
6743.894531
6859.254395
6839.638184
7012.623047
7284.016602
7539.598145
7759.916504
8066.980957
8265.126953
8213.854492
8090.981445
8081.175781
7977.821289
8109.882812
7883.638184
8181.250977
8119.682129
8258.020508
8000.487793
8221.251953
8208.470703
8235.242188
8331.712891
8605.047852
8513.206055
8600.897461
8721.547852
8829.307617
8839.620117
8743.994141
8759.537109
8792.567383
8756.687500
8677.885742
8580.622070
8718.081055
8643.634766
8568.879883
8472.311523
8556.155273
8701.732422
8694.393555
8509.779297
7841.582031
8053.109375
8111.089355
7988.708496
7949.431641
7857.168457
7858.417480
7834.714844
7450.642578
7273.254395
6733.702148
6390.029297
6153.358887
6244.741699
6042.594727
5922.956055
6200.903809
6286.152832
6539.861328
6472.548340
6754.036133
6435.281738
6506.224121
6965.687988
6746.175293
6733.702148
7087.175781
6995.231445
7183.438477
7449.514648
7527.329102
7854.875488
7980.943848
8182.584473
8096.900879
7900.026855
8140.328613
8147.925781
8083.250977
8094.985352
8223.962891
8337.636719
8184.726562
8135.570801
8224.324219
8485.914062
8426.265625
8618.006836
8463.133789
8547.946289
8337.594727
8494.688477
8518.613281
8342.314453
8671.986328
8591.747070
8564.397461
8508.537109
8348.354492
8397.875000
8585.394531
8611.715820
8328.417969
8263.399414
7655.804688
7616.594727
7796.148926
7722.661621
7568.131836
7786.668457
7838.127930
7459.333496
6771.672852
6621.648926
6348.656738
6131.514648
5683.466309
5622.427734
5505.986328
5755.125977
5950.700195
5928.003906
6596.203125
6066.205078
6080.726562
6109.711914
6206.826172
6233.270020
6733.702148
6951.812012
6942.804199
7249.289062
7307.692871
7418.360352
7690.535645
7837.698242
7779.166504
7865.621582
7973.744141
8002.925293
8093.387695
8379.177734
8405.949219
8610.195312
8384.047852
8448.866211
8313.445312
8398.126953
8616.027344
8370.946289
8418.534180
8364.916016
8452.110352
8284.975586
8403.104492
8308.162109
8148.300293
8240.742188
8160.699707
8012.779297
8034.204102
8112.068359
8291.748047
8201.344727
8338.447266
8437.086914
8477.918945
8438.725586
7702.983398
7436.417969
7537.153809
7326.899414
7591.244629
7664.455566
7403.140625
7338.323242
6945.325684
6687.738770
6198.549316
5641.512207
5345.289062
5528.570312
5429.435059
5685.132812
5445.614258
5670.197266
5685.901367
5594.043457
5949.622070
6179.921875
7285.892090
7009.207520
7059.373535
7234.537598
7355.583984
7381.030273
7360.664551
7543.269043
7702.763184
7885.340332
7992.068359
8130.851562
8297.298828
8267.360352
8418.630859
8145.458008
8248.867188
8217.748047
8382.500977
8338.053711
8222.138672
8027.425781
8014.602051
8154.104980
8138.718262
8228.621094
8201.127930
8317.432617
8155.815430
8128.195801
8046.942383
7918.409180
8008.919434
8164.988281
8325.404297
8353.541992
8467.970703
8455.898438
8550.720703
8647.382812
8729.008789
8786.054688
7535.735352
7629.464844
7514.280762
7802.798828
7544.186035
7387.305664
7235.518555
7055.700195
7005.423828
6733.702148
5820.538574
5464.967773
5377.661621
5527.479004
5797.102051
5401.482910
5172.027832
5510.867676
5356.299805
5465.203125
5962.958496
6211.293945
6923.721680
7390.886230
7288.663574
7475.841309
7551.597168
7481.697754
7541.875488
7736.041992
7897.186035
7786.781250
7774.818359
8015.220703
8065.084473
8299.873047
8500.583008
8348.928711
8230.884766
8378.973633
8447.045898
8536.750000
8346.825195
8090.342773
7995.427246
8017.100586
8049.483887
8196.394531
8380.439453
8313.387695
8282.266602
8193.467773
8204.787109
8239.237305
8246.684570
8313.761719
8449.042969
8322.751953
8579.015625
8474.878906
8678.534180
8649.498047
8362.750977
8363.976562
7710.803711
7563.529785
7646.636230
7523.919434
7355.915527
7335.139648
7352.502441
7116.468262
7094.483398
6733.702148
6775.287109
5936.964844
5744.452637
5859.846191
5729.125000
5360.530762
5177.122559
5568.716309
5493.430176
5653.590820
6154.527344
6733.702148
7122.667969
6996.961426
7136.754395
7473.679688
7525.641113
7356.684570
7424.810547
7670.959961
7734.868164
7816.140625
7817.423340
7784.171875
7871.795410
8069.137695
8290.762695
8249.507812
8227.158203
8267.162109
8345.405273
8109.192383
8063.515137
8143.071289
8164.228027
8235.921875
8150.974121
8179.701660
8096.980957
8153.800781
8173.472656
8122.106445
8070.033691
7839.766113
7786.133301
7956.135742
8144.771973
8394.362305
8423.470703
8476.535156
8327.172852
8394.320312
8246.595703
8178.541992
7464.214355
7324.100586
7015.679199
7150.727539
7488.970215
7509.070312
7618.204590
7382.234375
7381.355957
7108.644043
6956.287598
7232.833496
6733.702148
6524.891113
6306.061035
6274.022461
5650.105957
5830.439941
5554.600098
6261.089355
6733.702148
7104.823730
6733.999023
7103.798340
7801.683594
8034.669922
7996.058105
8056.497559
8188.104492
8182.797852
7855.960938
7652.659668
7452.161133
7527.286133
7633.982422
7864.524902
7780.803711
7967.526855
7971.677246
8103.882812
8148.183105
8135.154297
8042.072266
8114.942383
8098.668945
8107.093262
8140.814453
8095.855957
8007.943848
7888.442383
7932.258301
7888.070801
8006.980957
7981.622559
8023.163086
7870.816406
7898.604492
8071.713379
8193.966797
8280.519531
8255.192383
8241.286133
8340.704102
8337.846680
7510.133301
7439.725098
7417.778809
7546.792480
7437.904785
7516.410156
7692.530762
7459.390137
7306.508789
7239.579102
7342.059082
7301.207520
7269.023438
7344.622559
7335.876953
7359.740723
6733.702148
6407.362305
7202.991699
7475.848633
7319.697266
7278.747559
7290.401855
7484.465820
7803.929199
8038.760254
7977.410156
7807.261719
8018.951660
7927.209473
7806.126465
7393.416504
7541.838379
7519.360352
7564.748535
7660.741699
7626.936523
7781.005859
7976.403320
8070.841797
8046.544434
7939.727051
7975.851074
8007.061523
8206.213867
8166.293457
7970.773926
8024.449707
8027.198730
7911.146484
7811.490723
7772.901855
7901.466309
7886.951660
7915.887207
7915.137695
7824.390625
7937.676270
8063.630371
8012.571289
8060.576172
8138.174805
7998.236816
8174.490234
7637.321289
7492.370117
7561.639160
7739.282715
7950.844238
8078.701660
8100.160156
8075.138672
7648.158691
7440.743652
7468.605469
7553.608398
7451.294434
7384.998535
7405.794922
7498.317871
7482.604980
7456.255371
7308.575195
7240.380859
7268.419434
7377.203125
7608.230469
7562.011230
7481.187012
7454.992676
7521.560059
7601.424316
7920.303711
7998.452148
7810.189453
7809.611328
7614.720703
7752.592285
7768.387207
7425.610840
7654.840820
7814.797363
8123.041504
8012.330566
7987.211914
7793.330078
7808.252441
7778.672363
7716.221680
7907.149414
7841.447754
7878.472656
7927.463867
7947.947266
8000.946777
7857.230957
7786.231445
7705.604980
7793.607910
7919.357910
7827.941406
7538.458496
7727.875977
7979.216309
7985.170410
7916.887695
7949.232910
7639.240723
8205.660156
8113.776367
8079.502930
8001.456055
8072.254395
7985.306152
7998.634766
7906.437500
7830.852539
7560.946777
7441.270508
7406.915527
7265.337891
7120.707031
7206.906250
7411.464844
7599.764648
7576.137695
7384.317871
7333.714355
7365.218262
7552.384766
7371.388184
7620.838379
7617.478516
7768.354492
7551.921387
7563.901855
7763.278809
7961.735840
7816.150391
7673.416504
7759.916016
7914.751953
8187.137695
8228.032227
8001.237305
8063.094727
8070.893555
8112.353027
7805.371094
7865.994629
7941.005859
8124.061035
8002.862793
7765.439941
7729.036621
7515.924316
7348.356445
7431.592773
7608.697266
7923.913574
7822.302246
7810.672852
7993.294922
8050.758789
8050.074707
7725.481934
7904.801758
7842.430664
7817.493164
7988.392090
8046.660645
8105.035156
8058.519531
8143.537109
8211.820312
8210.747070
8239.031250
8254.944336
8275.420898
8033.880859
8017.423340
7736.063965
7884.576660
7780.033203
7512.484863
7692.192383
7593.835938
7270.094727
7550.232422
7431.743164
7716.930664
7591.217773
7807.764648
7759.003418
7691.202148
7813.499512
7790.771973
7881.878906
7849.024902
8059.997070
7789.251953
7560.178223
7421.429688
7585.589844
7839.907227
7935.492188
7974.592285
7895.898926
8084.710449
8218.102539
8144.963379
8050.084961
7701.787109
7867.683105
8107.305176
8065.535645
8031.224121
7837.760742
7820.610352
7784.634766
7686.668457
7543.124023
7364.746582
7396.249023
7415.356445
7491.156250
7485.483887
7354.181152
7467.513672
7377.497559
7304.772949
7500.994629
7768.649414
7706.488281
7564.459473
7773.336914
7708.746582
7956.095215
7878.069336
7976.692383
7840.922852
8034.557129
8317.206055
8318.197266
8137.576172
8155.484375
8038.222656
8111.465332
8130.624512
7981.237305
8061.715820
7976.072754
8002.258301
7974.237793
7953.555176
7963.550781
7892.939453
7926.898438
7966.277832
8009.366699
7882.646973
7775.950684
7757.803223
7768.823730
8007.414551
7942.200195
7917.803223
7863.975586
7841.412109
7811.658203
7910.139160
8024.092773
7951.870605
7978.026855
8112.893555
8095.629395
8017.556641
7924.547852
7825.909668
7664.595215
7633.060547
7964.557129
7840.077148
7780.826172
7732.918457
7506.325684
7445.472168
7537.841797
7583.196289
7629.866211
7355.758789
7222.434082
7106.768066
7279.700684
7314.712891
7478.418457
7443.122070
7666.458008
7804.455078
7972.710449
7774.764160
7837.838867
7975.625000
8046.163574
8046.878418
7832.238770
8085.261719
8266.137695
8292.715820
8627.137695
8508.825195
8386.074219
8343.080078
8564.765625
8356.744141
8444.730469
8301.548828
8171.180664
8331.670898
8372.469727
8437.291992
8366.291016
8449.481445
8184.287598
8256.732422
8160.244141
8139.888184
8061.199219
7842.647949
7912.284668
8090.032715
8065.312500
7969.871582
7939.806152
7858.076660
7680.436523
7872.884766
8018.412598
8044.601074
8168.078613
8268.278320
8216.621094
8131.321777
8034.457031
7975.882812
7860.629883
7999.063477
7778.653809
7757.830078
7584.879883
7756.957520
7806.796875
7888.744141
7870.326172
7409.917480
6970.900879
7220.595215
7272.452637
7526.457520
7415.848145
7541.013184
7699.301270
7426.337891
7654.438965
7809.041016
7943.328125
8211.642578
8244.223633
8178.133301
8285.541016
8261.662109
8226.198242
8219.073242
8353.742188
8632.171875
8729.314453
8728.666992
8806.233398
8829.525391
8666.833008
8542.133789
8294.305664
8220.548828
8497.805664
8355.687500
8632.816406
8284.853516
8356.365234
8300.716797
8420.125000
8570.496094
8172.133301
7931.420898
7956.083008
7914.413086
7906.335938
7710.639160
7858.410645
7868.595703
7885.834473
8030.216797
8023.257324
8211.554688
8151.513184
8276.006836
8268.219727
8206.962891
7946.950684
7976.749023
7860.489746
8043.722656
7852.209961
7684.388672
7530.114258
7724.958496
7690.568359
7716.723145
7637.092285
7586.019531
7371.782227
7474.742188
7625.250000
7829.103027
7779.492676
7615.489258
7288.332520
7331.767090
7271.150391
7795.183105
7966.106445
8159.552734
8228.550781
8212.865234
8317.499023
8222.438477
8304.523438
8373.069336
8551.703125
8616.784180
8606.934570
8377.990234
8616.036133
8678.566406
8640.812500
8475.118164
8360.357422
8411.142578
8609.277344
8623.477539
8727.990234
8675.307617
8560.937500
8625.954102
8607.203125
8454.320312
8087.995117
7955.924316
7921.427246
7912.712891
7747.915527
7720.465332
7428.359375
7793.360352
7876.773438
8063.266602
8163.073242
8219.599609
8050.996582
8042.527832
8075.596680
8040.189453
8117.978516
8004.467773
7715.991699
7654.571289
7439.293457
7322.407715
7345.534668
7244.300293
7357.676270
7466.662598
7730.124512
7743.811035
7546.284180
7382.975098
7396.198730
7432.396484
7555.187988
7685.674316
7477.263672
7507.307129
7715.662598
7885.321289
8079.716797
8033.167969
8114.575195
8272.036133
8351.275391
8684.211914
8685.439453
8650.678711
8666.465820
8664.536133
8755.079102
8603.634766
8522.489258
8848.543945
8860.588867
8808.015625
8774.017578
8882.375000
8923.051758
8789.432617
8775.081055
8771.713867
8744.667969
8750.519531
8354.890625
8360.046875
8062.582031
7991.145996
7999.393555
8081.629883
8081.002441
8023.401367
7837.096680
7841.150879
7977.295410
7942.965332
7998.444336
7830.914551
7950.866699
8048.198730
7889.193848
7577.018555
7691.429688
7664.131836
7632.318359
7426.019043
7310.412598
7027.052734
7178.178223
7207.739746
6965.908203
7073.074707
7574.286133
7775.529297
7560.757812
7473.177734
7329.326172
7498.525879
8036.439453
7797.959473
7887.790527
8029.185059
7873.864258
8054.924316
8108.765137
8110.429688
8082.322266
8257.042969
8422.827148
8615.740234
8706.810547
8785.435547
8721.536133
8635.102539
8661.497070
8682.271484
8822.860352
8817.767578
8693.760742
8629.127930
8718.695312
8625.946289
8642.269531
8675.951172
8619.093750
8374.802734
8531.884766
8622.017578
8513.035156
8343.759766
8269.105469
8300.681641
8341.174805
8336.831055
8271.074219
7962.735840
8172.785645
8255.920898
8222.746094
8142.349609
8051.131836
7935.715820
7852.174316
7861.378418
7832.524902
7755.767090
7622.865723
7513.150391
7454.252930
7247.944336
7181.406738
7380.803223
7482.051758
7337.936523
7293.655273
7182.044434
7262.744629
7275.876465
7419.373535
7488.715820
7633.419434
7461.430664
7438.824707
7679.693359
7781.768555
7804.608887
8006.736816
7826.455566
7693.540039
7789.960449
8116.006348
8235.365234
8237.315430
8364.418945
8246.622070
8470.623047
8602.870117
8611.654297
8682.471680
8693.861328
8693.478516
8777.044922
8743.602539
8828.073242
8586.888672
8599.666016
8222.015625
8247.157227
8379.293945
8255.003906
8311.210938
8250.071289
8196.946289
8125.075684
8277.337891
7997.963379
8006.744141
7885.545898
8027.830566
8091.745117
8171.682617
8177.613770
8000.945312
7806.645020
7840.682617
7754.395508
7649.021484
7631.419434
7953.786133
7813.082031
7887.610352
7782.863770
7529.131836
7722.753418
7324.782227
7051.971680
6756.933105
6733.702148
6850.244629
6835.304199
6733.702148
6891.193848
6940.684082
7082.132812
7660.104004
7669.528320
7725.260254
7602.053223
7823.446289
7890.195801
7896.955566
8134.723145
7931.978516
7885.848145
7969.574707
8104.066406
8118.788086
8204.621094
8155.464355
8391.042969
8584.855469
8539.958008
8504.352539
8459.357422
8479.709961
8625.335938
8641.642578
8676.312500
8372.131836
8345.029297
8462.140625
8468.591797
8570.614258
8299.872070
8208.820312
8174.903320
8270.590820
8272.757812
8123.628906
8237.091797
8119.471191
8092.449707
8222.599609
8136.638184
7998.120605
7996.093750
7838.165039
8095.733398
7849.636719
7886.361328
7857.234863
7957.669434
7950.109375
7679.378418
7539.644043
7310.710449
7294.458496
7081.038574
6975.442871
6959.351562
6821.520996
6733.702148
7441.542480
7084.248047
6733.702148
6779.852539
6851.873047
7094.181152
7393.550781
7586.298828
7665.984863
7854.403320
7935.117676
7832.880371
8018.745117
8336.800781
8226.562500
8232.411133
8235.582031
8081.624023
8156.235352
8246.028320
8089.880371
8305.117188
8314.839844
8248.391602
8420.441406
8324.023438
8331.130859
8233.726562
8312.116211
8458.553711
8293.772461
8505.002930
8311.270508
8317.056641
8399.685547
8445.416016
8320.403320
8105.638184
8035.316895
8071.879395
7992.167480
7866.386719
7946.183594
8122.519043
8030.227051
8164.461426
8055.354004
7988.636230
7940.125977
7980.720703
7969.048828
7758.268066
7651.404785
7848.138672
7771.395996
7641.570801
7447.975098
7336.207520
7136.407715
7063.066406
7099.704590
7051.514160
7250.903320
7334.027344
7283.979492
7464.342285
7179.630859
6883.689941
7128.150391
7125.774414
7436.533691
7560.162109
7719.912109
7875.478516
8006.188477
7904.330078
8036.222168
8238.021484
8034.630371
7997.286621
8093.984863
8110.894531
8180.518555
8001.286621
8024.012207
8163.596191
8201.074219
8113.493652
8144.030273
7975.954102
7995.301758
8175.663086
8030.378906
8009.589844
8166.217285
8264.388672
8228.341797
8062.570801
7987.431641
8116.856934
8145.992676
8323.074219
8302.804688
8122.031250
7901.249512
7819.738281
7650.242188
7634.003906
7685.923828
7840.864258
8020.715820
7850.155762
8006.392578
8016.305176
8020.899902
7812.272461
7615.565918
7626.622559
7622.627441
7629.520508
7561.774902
7451.875977
7472.506836
7201.146484
7144.150879
6733.702148
6853.083496
7335.007324
7289.280762
6733.702148
6820.982910
7347.479004
7286.187500
7448.931641
7458.414551
7588.621582
7573.817871
7573.416992
7834.715332
8034.957520
8154.136230
7972.993164
7853.554688
7994.110840
7984.839355
8143.617676
8005.899414
7881.876465
7944.910156
8038.181641
7999.739746
7967.221191
8004.478027
8015.179688
8009.801758
8041.734375
7999.956543
8037.965820
7856.900879
8017.201660
7892.484863
7863.147949
7916.334473
7901.960938
8166.402344
8102.051758
8205.557617
7935.276367
8038.268555
8093.410645
7847.463379
7766.095703
7554.895508
7397.405273
7419.149902
7450.737793
7431.630859
7467.498047
7354.357910
7339.030762
7278.580078
7372.277832
7314.604980
7229.375488
7190.741211
7256.742188
7183.874023
7055.303223
7164.144043
7184.564453
6987.815918
7103.617188
7114.164062
6890.877441
7015.127930
7151.316895
7337.737793
7511.803223
7778.253906
7768.221680
7766.535156
7848.227051
7937.421387
7973.062500
8245.488281
7726.093262
7901.847168
7849.599609
8037.448730
7909.790527
7825.161621
7781.455078
7998.313477
8039.945801
8026.555664
8206.197266
7986.394043
7949.281738
8108.170898
7985.622070
7851.719238
7659.399414
7748.651855
7655.321289
7483.909180
7533.025879
7604.461914
7645.304199
7839.872559
7705.897461
7851.907227
7973.392090
8024.674316
7788.598633
7655.640137
7872.894043
7478.431152
7415.136230
7837.092773
7888.547363
7846.457031
7768.173828
7631.635742
7400.043945
7475.067871
7566.436035
7407.208984
7443.244629
7456.406250
7415.141602
7398.454102
7373.606445
7435.255859
7372.000000
7419.136230
7440.963867
7538.290527
7511.079590
7432.820312
7382.174316
7508.485352
7345.126953
7587.695312
7584.520996
7448.941895
7397.310547
7673.803711
7778.463867
7862.200195
7876.652344
7777.214355
7865.676758
7753.612793
7643.639160
7930.946289
8139.855957
8082.598633
8038.764160
8027.507812
8271.511719
7948.480469
7808.854492
7678.625000
7667.880371
7663.523926
7303.931641
7130.044434
7333.824219
7456.667969
7439.593750
7392.461914
7452.483887
7710.280273
8018.557129
8005.988770
7950.390137
7930.724609
7905.608398
7931.462891
7956.830078
8061.381836
8089.265137
8194.359375
7938.175293
8059.026367
8171.845703
8050.200195
7806.497559
7817.164062
7822.871094
7448.883301
7485.398438
7562.492188
7461.858398
7711.911133
7444.596680
7398.073730
7447.245605
7552.474121
7542.406738
7477.165527
7468.362305
7513.267578
7714.632324
7505.772461
7466.467773
7476.229980
7535.307617
7504.159668
7537.071777
7596.404297
7821.791016
7858.781738
7678.677246
7522.309082
7857.005859
8063.156738
7931.608398
7938.250977
7756.846680
7523.049316
7489.731445
7395.140625
7493.204102
7504.499023
7280.777832
6973.726074
7008.551270
7131.934570
7152.899902
7309.752441
7422.490234
7381.883789
7405.104492
7471.895996
7421.708008
7585.710938
7667.558105
7839.976074
7780.393066
7903.387695
8123.461426
7975.792480
7734.120117
8104.759277
8094.309082
7843.185547
7964.876953
7852.510742
7981.479492
7949.929688
7836.737305
8001.685059
7906.158203
7770.457520
7563.525391
7705.910156
7704.586426
7523.333984
7468.217285
7363.545898
7292.999512
7360.873535
7858.391602
7995.270508
7844.994141
7638.979004
7410.841309
7431.877441
7788.543457
7809.015625
7871.018555
8080.676758
7899.745117
7764.370117
7991.566406
7819.430176
7723.213867
7831.962891
7810.518066
7916.901367
8047.104004
8003.860840
8058.207520
7901.666016
7670.970215
7494.229004
7289.345703
7362.165039
7322.205078
7340.067871
7072.347168
7125.381836
6733.702148
6979.996094
7122.921875
7208.368652
7131.409180
7378.231934
7234.148438
7501.035156
7338.838867
7319.897949
7467.645508
7345.726562
7225.599609
7377.927734
7541.637695
7385.581055
7538.197266
7466.566895
7647.963867
7771.561035
7984.383301
7853.396973
7817.390625
7735.088379
7749.846680
7762.517090
7872.353516
7862.575684
8043.819336
8100.842773
8059.230957
7937.162598
7886.630371
7805.974609
7658.964844
7695.414062
7880.430176
7756.705078
7959.083984
8065.385742
8205.578125
8263.818359
8135.154297
8197.761719
8319.230469
8293.104492
8236.563477
8190.608887
8011.664062
8004.830566
8129.058594
8430.939453
8286.513672
8287.480469
8297.470703
8018.475098
7954.007812
7527.707031
7539.768555
7408.308594
7269.537598
7076.825195
7236.945312
7175.285156
7056.680176
7371.432129
7285.552246
7184.009277
7360.604980
7421.294922
7361.389648
7322.515625
7462.723145
7354.935059
7432.174316
7513.973145
7440.994141
7500.341309
7560.809082
7569.519043
7737.285156
7649.458008
7486.443359
7647.543457
7634.301758
7771.096680
7658.759766
7771.891113
7565.363770
7347.848145
7605.146973
7795.421875
7870.941406
8015.779297
7949.442383
8060.081055
7876.565430
7732.814941
7912.762207
7507.459961
7917.561035
7753.969727
7987.868164
8114.370117
8245.634766
8371.565430
8377.786133
8513.041016
8273.354492
8204.050781
8251.074219
8321.171875
8069.921387
8274.771484
8277.036133
8260.027344
8188.707031
8052.238281
7914.312012
7915.866699
7895.193848
7892.827148
7601.711426
7297.458984
7388.943359
7434.287598
7715.519531
7422.928711
7216.439453
7498.572754
7359.105957
7325.566406
7321.047852
7373.764160
7372.802246
7248.202148
7155.318359
7312.860352
7505.438477
7849.192383
7770.158691
7862.017578
8030.987305
7827.628906
7769.369629
7520.002441
7560.466309
7579.075684
7742.036621
7734.489258
7588.056152
7559.600098
7463.444336
7584.582520
7871.313965
7839.976074
7943.960449
7891.282227
7875.528320
7907.954102
7882.228516
7892.211914
7814.013184
7640.159668
7452.763184
7536.759766
7751.070312
8180.631836
8461.831055
8661.197266
8667.267578
8605.526367
8534.324219
8560.508789
8589.254883
8427.996094
8039.140137
8189.028320
8043.182129
7955.433105
7970.357910
8136.781738
8057.621582
8029.663574
7756.390625
7672.737793
7714.948242
7532.185547
7424.981445
7266.476562
7361.329590
7417.183594
7262.937500
7283.991699
7306.271973
7501.809570
7365.606934
7406.469238
7450.690918
7324.182617
7401.793945
7466.265625
7754.093750
7553.284668
7703.124512
7488.506836
7649.626953
7857.039062
7765.848633
7814.123535
7901.966797
7954.913574
7879.807617
7981.427246
7854.564941
7806.848145
7765.808594
7761.286621
7921.111816
8093.179199
7912.804199
7928.359375
7826.644043
7694.495117
7760.864258
7761.039062
7820.184082
7672.558594
7850.456543
7890.436523
8083.652344
8370.796875
8211.978516
8194.185547
8247.236328
8406.145508
8510.182617
8471.042969
8589.570312
8348.196289
7756.050781
7705.333496
7652.574219
7662.178223
7712.316895
7903.500488
8072.202148
7912.319824
7970.863770
8053.485840
7943.391602
7531.869141
7372.227539
7550.882324
7478.764160
7378.590820
7417.698730
7339.121094
7367.259766
7331.744629
7418.825195
7612.972656
7426.005859
7442.643066
7693.161621
7979.583496
7986.568848
7917.670410
7856.664551
7724.896973
7834.741699
8054.693848
7878.240723
7902.708496
7769.819824
7942.434082
7972.182617
8058.683105
8175.638672
8118.605469
8000.894043
8128.596191
8272.017578
8170.334473
8103.006836
7980.377441
8023.824219
7906.069336
8008.819824
7771.661621
7561.606445
7935.149414
7906.240234
7718.650391
7722.203613
7966.200684
7986.937500
8234.310547
8448.106445
8671.476562
8311.760742
8273.338867
8259.073242
8229.140625
8460.925781
8282.580078
7927.740723
7806.019043
7669.246582
7410.886719
7565.658203
7744.392090
7845.436523
8018.128418
8090.920898
7978.307129
7993.094238
7800.000977
7725.314941
7751.765137
7804.341797
7777.790039
7850.943359
7671.840332
7681.310547
7797.276367
7847.122070
8156.846680
8112.712402
8053.299316
8054.566406
7997.270020
8137.812012
8341.666016
7952.259766
8164.938477
8128.394043
8205.427734
7952.246094
8167.360352
8209.769531
8228.791016
8457.503906
8370.377930
8455.094727
8243.321289
8349.101562
8254.610352
8233.755859
8109.332031
7903.723145
7670.323242
7819.107910
7895.877441
7798.603027
7716.705566
7914.441406
7937.836426
7979.216797
7728.345703
7812.108398
7579.870117
7867.351562
8050.100586
8028.553223
8003.962891
8018.107422
8032.399902
