conditioning_well
5
x
y
z
Ip
Facies
43.000000 1.000000 128.000000 8971.102539 0.000000
43.000000 1.000000 127.000000 9234.430664 0.000000
43.000000 1.000000 126.000000 9028.206055 0.000000
43.000000 1.000000 125.000000 8636.755859 0.000000
43.000000 1.000000 124.000000 8300.793945 0.000000
43.000000 1.000000 123.000000 8797.607422 0.000000
43.000000 1.000000 122.000000 8361.206055 0.000000
43.000000 1.000000 121.000000 8974.750977 0.000000
43.000000 1.000000 120.000000 8895.318359 0.000000
43.000000 1.000000 119.000000 8838.716797 0.000000
43.000000 1.000000 118.000000 8566.857422 0.000000
43.000000 1.000000 117.000000 8344.179688 0.000000
43.000000 1.000000 116.000000 8669.602539 0.000000
43.000000 1.000000 115.000000 7913.585449 0.000000
43.000000 1.000000 114.000000 8286.050781 0.000000
43.000000 1.000000 113.000000 7983.173340 0.000000
43.000000 1.000000 112.000000 7203.439941 1.000000
43.000000 1.000000 111.000000 7029.466797 1.000000
43.000000 1.000000 110.000000 8369.628906 0.000000
43.000000 1.000000 109.000000 7880.041504 1.000000
43.000000 1.000000 108.000000 9088.317383 0.000000
43.000000 1.000000 107.000000 8738.710938 0.000000
43.000000 1.000000 106.000000 8574.235352 0.000000
43.000000 1.000000 105.000000 7733.315918 0.000000
43.000000 1.000000 104.000000 7306.372559 1.000000
43.000000 1.000000 103.000000 7460.781738 1.000000
43.000000 1.000000 102.000000 7687.680176 1.000000
43.000000 1.000000 101.000000 9429.972656 0.000000
43.000000 1.000000 100.000000 9047.909180 0.000000
43.000000 1.000000 99.000000 8041.786621 0.000000
43.000000 1.000000 98.000000 8754.190430 0.000000
43.000000 1.000000 97.000000 9206.810547 0.000000
43.000000 1.000000 96.000000 9024.339844 0.000000
43.000000 1.000000 95.000000 9472.313477 0.000000
43.000000 1.000000 94.000000 8704.225586 0.000000
43.000000 1.000000 93.000000 9208.854492 0.000000
43.000000 1.000000 92.000000 8026.033203 0.000000
43.000000 1.000000 91.000000 7578.379395 1.000000
43.000000 1.000000 90.000000 8271.298828 0.000000
43.000000 1.000000 89.000000 8358.020508 0.000000
43.000000 1.000000 88.000000 8114.852051 0.000000
43.000000 1.000000 87.000000 8132.849609 0.000000
43.000000 1.000000 86.000000 7663.570313 1.000000
43.000000 1.000000 85.000000 6908.320313 1.000000
43.000000 1.000000 84.000000 7080.724121 1.000000
43.000000 1.000000 83.000000 7510.947754 1.000000
43.000000 1.000000 82.000000 7558.266602 1.000000
43.000000 1.000000 81.000000 8059.488770 0.000000
43.000000 1.000000 80.000000 8126.273438 0.000000
43.000000 1.000000 79.000000 7791.373535 1.000000
43.000000 1.000000 78.000000 7796.370117 1.000000
43.000000 1.000000 77.000000 7484.633301 1.000000
43.000000 1.000000 76.000000 7466.982422 1.000000
43.000000 1.000000 75.000000 7337.869629 1.000000
43.000000 1.000000 74.000000 7311.510254 1.000000
43.000000 1.000000 73.000000 7803.166504 1.000000
43.000000 1.000000 72.000000 7245.852051 1.000000
43.000000 1.000000 71.000000 8088.576172 0.000000
43.000000 1.000000 70.000000 7553.738770 1.000000
43.000000 1.000000 69.000000 8852.626953 0.000000
43.000000 1.000000 68.000000 6848.638672 1.000000
43.000000 1.000000 67.000000 7511.670410 1.000000
43.000000 1.000000 66.000000 7243.042480 1.000000
43.000000 1.000000 65.000000 7149.594727 1.000000
43.000000 1.000000 64.000000 7186.097168 1.000000
43.000000 1.000000 63.000000 7185.343750 1.000000
43.000000 1.000000 62.000000 7155.484863 1.000000
43.000000 1.000000 61.000000 7011.660645 1.000000
43.000000 1.000000 60.000000 6987.265137 1.000000
43.000000 1.000000 59.000000 6774.493652 1.000000
43.000000 1.000000 58.000000 6434.443359 1.000000
43.000000 1.000000 57.000000 6329.900879 1.000000
43.000000 1.000000 56.000000 6331.055176 1.000000
43.000000 1.000000 55.000000 7192.815918 1.000000
43.000000 1.000000 54.000000 7303.176758 1.000000
43.000000 1.000000 53.000000 7511.993652 1.000000
43.000000 1.000000 52.000000 6962.113281 1.000000
43.000000 1.000000 51.000000 7969.596680 1.000000
43.000000 1.000000 50.000000 6869.961426 1.000000
43.000000 1.000000 49.000000 6706.205078 1.000000
43.000000 1.000000 48.000000 7313.914551 1.000000
43.000000 1.000000 47.000000 7362.649414 1.000000
43.000000 1.000000 46.000000 7216.869141 1.000000
43.000000 1.000000 45.000000 7082.872559 1.000000
43.000000 1.000000 44.000000 6604.278320 1.000000
43.000000 1.000000 43.000000 6964.466309 1.000000
43.000000 1.000000 42.000000 6903.893555 1.000000
43.000000 1.000000 41.000000 6600.829590 1.000000
43.000000 1.000000 40.000000 6870.472168 1.000000
43.000000 1.000000 39.000000 7020.595215 1.000000
43.000000 1.000000 38.000000 7320.608887 1.000000
43.000000 1.000000 37.000000 7282.132813 1.000000
43.000000 1.000000 36.000000 6976.278320 1.000000
43.000000 1.000000 35.000000 6539.316895 1.000000
43.000000 1.000000 34.000000 6538.201660 1.000000
43.000000 1.000000 33.000000 6518.593750 1.000000
43.000000 1.000000 32.000000 6265.012695 1.000000
43.000000 1.000000 31.000000 6059.787598 1.000000
43.000000 1.000000 30.000000 5957.216309 1.000000
43.000000 1.000000 29.000000 8169.123047 0.000000
43.000000 1.000000 28.000000 5412.266113 1.000000
43.000000 1.000000 27.000000 5792.355957 1.000000
43.000000 1.000000 26.000000 6792.541016 1.000000
43.000000 1.000000 25.000000 7461.320313 1.000000
43.000000 1.000000 24.000000 7641.373047 0.000000
43.000000 1.000000 23.000000 7847.063965 0.000000
43.000000 1.000000 22.000000 7753.589355 0.000000
43.000000 1.000000 21.000000 7533.459961 0.000000
43.000000 1.000000 20.000000 7097.880371 1.000000
43.000000 1.000000 19.000000 6996.401367 1.000000
43.000000 1.000000 18.000000 8669.159180 0.000000
43.000000 1.000000 17.000000 9048.200195 0.000000
43.000000 1.000000 16.000000 7478.486816 1.000000
43.000000 1.000000 15.000000 6694.624512 1.000000
